;  LST file generated by mikroListExporter - v.2.0 
; Date/Time: 13/05/2017 19:23:52
;----------------------------------------------

;Address Opcode 	ASM
0x0000	0xF002EFBB  	GOTO        1398
0x0004	0x0000      	NOP
0x0006	0x0000      	NOP
0x0008	0xF000EF00  	GOTO        0
0x000C	0x0000      	NOP
0x000E	0x0000      	NOP
0x0010	0x0000      	NOP
0x0012	0x0000      	NOP
0x0014	0x0000      	NOP
0x0016	0x0000      	NOP
0x0018	0xD7F3      	BRA         0
_FIXSIGN32:
;__Lib_MathDouble.c,117 :: 		
;__Lib_MathDouble.c,121 :: 		
0x001C	0xAE0A      	BTFSS       R10, 7, 0
;__Lib_MathDouble.c,122 :: 		
0x001E	0x9E02      	BCF         R2, 7, 0
;__Lib_MathDouble.c,123 :: 		
0x0020	0x0E00      	MOVLW       0
;__Lib_MathDouble.c,125 :: 		
L_end_FIXSIGN32:
0x0022	0x0012      	RETURN      0
; end of _FIXSIGN32
_SETFUN32:
;__Lib_MathDouble.c,144 :: 		
;__Lib_MathDouble.c,152 :: 		
0x0024	0x840B      	BSF         R11, 2, 0
;__Lib_MathDouble.c,153 :: 		
0x0026	0xAE0B      	BTFSS       R11, 7, 0
;__Lib_MathDouble.c,154 :: 		
0x0028	0xF000EF1D  	GOTO        SETFUN32EEE
;__Lib_MathDouble.c,156 :: 		
0x002C	0x0E01      	MOVLW       1
;__Lib_MathDouble.c,157 :: 		
0x002E	0x6E03      	MOVWF       R3, 0
;__Lib_MathDouble.c,158 :: 		
0x0030	0x6A02      	CLRF        R2, 0
;__Lib_MathDouble.c,159 :: 		
0x0032	0x6A01      	CLRF        R1, 0
;__Lib_MathDouble.c,160 :: 		
0x0034	0x6A00      	CLRF        R0, 0
;__Lib_MathDouble.c,161 :: 		
0x0036	0x360A      	RLCF        R10, 1, 0
;__Lib_MathDouble.c,162 :: 		
0x0038	0x3202      	RRCF        R2, 1, 0
;__Lib_MathDouble.c,163 :: 		
SETFUN32EEE:
;__Lib_MathDouble.c,164 :: 		
0x003A	0x0EFF      	MOVLW       255
;__Lib_MathDouble.c,166 :: 		
L_end_SETFUN32:
0x003C	0x0012      	RETURN      0
; end of _SETFUN32
_RES032:
;__Lib_MathDouble.c,128 :: 		
;__Lib_MathDouble.c,134 :: 		
0x003E	0x6A02      	CLRF        R2, 0
;__Lib_MathDouble.c,135 :: 		
0x0040	0x6A01      	CLRF        R1, 0
;__Lib_MathDouble.c,136 :: 		
0x0042	0x6A00      	CLRF        R0, 0
;__Lib_MathDouble.c,137 :: 		
0x0044	0x6A08      	CLRF        R8, 0
;__Lib_MathDouble.c,138 :: 		
0x0046	0x6A03      	CLRF        R3, 0
;__Lib_MathDouble.c,139 :: 		
0x0048	0x0E00      	MOVLW       0
;__Lib_MathDouble.c,141 :: 		
L_end_RES032:
0x004A	0x0012      	RETURN      0
; end of _RES032
_Mul_16X16_U:
;__Lib_Math.c,440 :: 		
;__Lib_Math.c,447 :: 		
0x004C	0x6A0B      	CLRF        R11, 0
;__Lib_Math.c,448 :: 		
0x004E	0x6A0A      	CLRF        R10, 0
;__Lib_Math.c,449 :: 		
0x0050	0x6A09      	CLRF        R9, 0
;__Lib_Math.c,450 :: 		
0x0052	0x5000      	MOVF        R0, 0, 0
;__Lib_Math.c,451 :: 		
0x0054	0x0204      	MULWF       R4, 0
;__Lib_Math.c,453 :: 		
0x0056	0xF009CFF4  	MOVFF       PRODH, R9
;__Lib_Math.c,454 :: 		
0x005A	0xF008CFF3  	MOVFF       PRODL, R8
;__Lib_Math.c,455 :: 		
0x005E	0x5001      	MOVF        R1, 0, 0
;__Lib_Math.c,456 :: 		
0x0060	0x0205      	MULWF       R5, 0
;__Lib_Math.c,458 :: 		
0x0062	0xF00BCFF4  	MOVFF       PRODH, R11
;__Lib_Math.c,459 :: 		
0x0066	0xF00ACFF3  	MOVFF       PRODL, R10
;__Lib_Math.c,460 :: 		
0x006A	0x5000      	MOVF        R0, 0, 0
;__Lib_Math.c,461 :: 		
0x006C	0x0205      	MULWF       R5, 0
;__Lib_Math.c,463 :: 		
0x006E	0x50F3      	MOVF        PRODL, 0, 0
;__Lib_Math.c,464 :: 		
0x0070	0x2609      	ADDWF       R9, 1, 0
;__Lib_Math.c,465 :: 		
0x0072	0x50F4      	MOVF        PRODH, 0, 0
;__Lib_Math.c,466 :: 		
0x0074	0x220A      	ADDWFC      R10, 1, 0
;__Lib_Math.c,467 :: 		
0x0076	0x6AE8      	CLRF        WREG, 0
;__Lib_Math.c,468 :: 		
0x0078	0x220B      	ADDWFC      R11, 1, 0
;__Lib_Math.c,469 :: 		
0x007A	0x5001      	MOVF        R1, 0, 0
;__Lib_Math.c,470 :: 		
0x007C	0x0204      	MULWF       R4, 0
;__Lib_Math.c,472 :: 		
0x007E	0x50F3      	MOVF        PRODL, 0, 0
;__Lib_Math.c,473 :: 		
0x0080	0x2609      	ADDWF       R9, 1, 0
;__Lib_Math.c,474 :: 		
0x0082	0x50F4      	MOVF        PRODH, 0, 0
;__Lib_Math.c,475 :: 		
0x0084	0x220A      	ADDWFC      R10, 1, 0
;__Lib_Math.c,476 :: 		
0x0086	0x6AE8      	CLRF        WREG, 0
;__Lib_Math.c,477 :: 		
0x0088	0x220B      	ADDWFC      R11, 1, 0
;__Lib_Math.c,479 :: 		
0x008A	0xF000C008  	MOVFF       R8, R0
;__Lib_Math.c,480 :: 		
0x008E	0xF001C009  	MOVFF       R9, R1
;__Lib_Math.c,481 :: 		
0x0092	0xF002C00A  	MOVFF       R10, R2
;__Lib_Math.c,482 :: 		
0x0096	0xF003C00B  	MOVFF       R11, R3
;__Lib_Math.c,485 :: 		
L_end_Mul_16X16_U:
0x009A	0x0012      	RETURN      0
; end of _Mul_16X16_U
_SETIOV3224:
;__Lib_MathDouble.c,530 :: 		
;__Lib_MathDouble.c,537 :: 		
0x009C	0x800B      	BSF         R11, 0, 0
;__Lib_MathDouble.c,538 :: 		
0x009E	0xAE0B      	BTFSS       R11, 7, 0
;__Lib_MathDouble.c,539 :: 		
0x00A0	0xF000EF5A  	GOTO        SETIOV3224EEE
;__Lib_MathDouble.c,541 :: 		
0x00A4	0x6A02      	CLRF        R2, 0
;__Lib_MathDouble.c,542 :: 		
0x00A6	0xAE0A      	BTFSS       R10, 7, 0
;__Lib_MathDouble.c,543 :: 		
0x00A8	0x0EFF      	MOVLW       255
;__Lib_MathDouble.c,544 :: 		
0x00AA	0x6E02      	MOVWF       R2, 0
;__Lib_MathDouble.c,545 :: 		
0x00AC	0x6E01      	MOVWF       R1, 0
;__Lib_MathDouble.c,546 :: 		
0x00AE	0x6E00      	MOVWF       R0, 0
;__Lib_MathDouble.c,547 :: 		
0x00B0	0x360A      	RLCF        R10, 1, 0
;__Lib_MathDouble.c,548 :: 		
0x00B2	0x3202      	RRCF        R2, 1, 0
;__Lib_MathDouble.c,549 :: 		
SETIOV3224EEE:
;__Lib_MathDouble.c,550 :: 		
0x00B4	0x0EFF      	MOVLW       255
;__Lib_MathDouble.c,552 :: 		
L_end_SETIOV3224:
0x00B6	0x0012      	RETURN      0
; end of _SETIOV3224
_Delay_22us:
;__Lib_Delays.c,15 :: 		void Delay_22us() {
;__Lib_Delays.c,16 :: 		Delay_us(22);
0x00B8	0x0E0E      	MOVLW       14
0x00BA	0x6E0D      	MOVWF       R13, 0
L_Delay_22us1:
0x00BC	0x2E0D      	DECFSZ      R13, 1, 0
0x00BE	0xD7FE      	BRA         L_Delay_22us1
0x00C0	0x0000      	NOP
;__Lib_Delays.c,17 :: 		}
L_end_Delay_22us:
0x00C2	0x0012      	RETURN      0
; end of _Delay_22us
_NRM3232:
;__Lib_MathDouble.c,455 :: 		
;__Lib_MathDouble.c,463 :: 		
0x00C4	0x6A0C      	CLRF        R12, 0
;__Lib_MathDouble.c,464 :: 		
0x00C6	0x6A0E      	CLRF        R14, 0
;__Lib_MathDouble.c,465 :: 		
0x00C8	0x5002      	MOVF        R2, 0, 0
;__Lib_MathDouble.c,466 :: 		
0x00CA	0xA4D8      	BTFSS       STATUS, 2, 0
;__Lib_MathDouble.c,467 :: 		
0x00CC	0xF000EF7B  	GOTO        NORM3232
;__Lib_MathDouble.c,468 :: 		
0x00D0	0xF002C001  	MOVFF       R1, R2
;__Lib_MathDouble.c,469 :: 		
0x00D4	0xF001C000  	MOVFF       R0, R1
;__Lib_MathDouble.c,470 :: 		
0x00D8	0x6A00      	CLRF        R0, 0
;__Lib_MathDouble.c,471 :: 		
0x00DA	0x860E      	BSF         R14, 3, 0
;__Lib_MathDouble.c,473 :: 		
0x00DC	0x5002      	MOVF        R2, 0, 0
;__Lib_MathDouble.c,474 :: 		
0x00DE	0xA4D8      	BTFSS       STATUS, 2, 0
;__Lib_MathDouble.c,475 :: 		
0x00E0	0xF000EF7B  	GOTO        NORM3232
;__Lib_MathDouble.c,476 :: 		
0x00E4	0xF002C001  	MOVFF       R1, R2
;__Lib_MathDouble.c,477 :: 		
0x00E8	0x6A01      	CLRF        R1, 0
;__Lib_MathDouble.c,478 :: 		
0x00EA	0x960E      	BCF         R14, 3, 0
;__Lib_MathDouble.c,479 :: 		
0x00EC	0x880E      	BSF         R14, 4, 0
;__Lib_MathDouble.c,481 :: 		
0x00EE	0x5002      	MOVF        R2, 0, 0
;__Lib_MathDouble.c,482 :: 		
0x00F0	0xB4D8      	BTFSC       STATUS, 2, 0
;__Lib_MathDouble.c,483 :: 		
0x00F2	0xF000EF8D  	GOTO        JPNRES032
;__Lib_MathDouble.c,484 :: 		
NORM3232:
;__Lib_MathDouble.c,485 :: 		
0x00F6	0x500E      	MOVF        R14, 0, 0
;__Lib_MathDouble.c,486 :: 		
0x00F8	0x5E03      	SUBWF       R3, 1, 0
;__Lib_MathDouble.c,487 :: 		
0x00FA	0xA4D8      	BTFSS       STATUS, 2, 0
;__Lib_MathDouble.c,488 :: 		
0x00FC	0xA0D8      	BTFSS       STATUS, 0, 0
;__Lib_MathDouble.c,489 :: 		
0x00FE	0xF000EF92  	GOTO        JPNSETFUN32
;__Lib_MathDouble.c,490 :: 		
0x0102	0x90D8      	BCF         STATUS, 0, 0
;__Lib_MathDouble.c,491 :: 		
NORM3232A:
;__Lib_MathDouble.c,492 :: 		
0x0104	0xBE02      	BTFSC       R2, 7, 0
;__Lib_MathDouble.c,493 :: 		
0x0106	0xF000EF97  	GOTO        JMPNFIXSIGN32
;__Lib_MathDouble.c,494 :: 		
0x010A	0x3600      	RLCF        R0, 1, 0
;__Lib_MathDouble.c,495 :: 		
0x010C	0x3601      	RLCF        R1, 1, 0
;__Lib_MathDouble.c,496 :: 		
0x010E	0x3602      	RLCF        R2, 1, 0
;__Lib_MathDouble.c,497 :: 		
0x0110	0x2E03      	DECFSZ      R3, 1, 0
;__Lib_MathDouble.c,498 :: 		
0x0112	0xF000EF82  	GOTO        NORM3232A
;__Lib_MathDouble.c,499 :: 		
0x0116	0xF000EF92  	GOTO        JPNSETFUN32
;__Lib_MathDouble.c,500 :: 		
JPNRES032:
;__Lib_MathDouble.c,501 :: 		
0x011A	0x0E01      	MOVLW       1
;__Lib_MathDouble.c,502 :: 		
0x011C	0x6E0C      	MOVWF       R12, 0
;__Lib_MathDouble.c,504 :: 		
0x011E	0xDF8F      	RCALL       _RES032
;__Lib_MathDouble.c,506 :: 		
0x0120	0xF000EF9A  	GOTO        NORM32EEE
;__Lib_MathDouble.c,507 :: 		
JPNSETFUN32:
;__Lib_MathDouble.c,508 :: 		
0x0124	0x0E02      	MOVLW       2
;__Lib_MathDouble.c,509 :: 		
0x0126	0x6E0C      	MOVWF       R12, 0
;__Lib_MathDouble.c,511 :: 		
0x0128	0xDF7D      	RCALL       _SETFUN32
;__Lib_MathDouble.c,513 :: 		
0x012A	0xF000EF9A  	GOTO        NORM32EEE
;__Lib_MathDouble.c,514 :: 		
JMPNFIXSIGN32:
;__Lib_MathDouble.c,515 :: 		
0x012E	0x0E04      	MOVLW       4
;__Lib_MathDouble.c,516 :: 		
0x0130	0x6E0C      	MOVWF       R12, 0
;__Lib_MathDouble.c,518 :: 		
0x0132	0xDF74      	RCALL       _FIXSIGN32
;__Lib_MathDouble.c,520 :: 		
NORM32EEE:
;__Lib_MathDouble.c,527 :: 		
L_end_NRM3232:
0x0134	0x0012      	RETURN      0
; end of _NRM3232
_SETFOV32:
;__Lib_MathDouble.c,82 :: 		
;__Lib_MathDouble.c,90 :: 		
0x0136	0x820B      	BSF         R11, 1, 0
;__Lib_MathDouble.c,91 :: 		
0x0138	0xAE0B      	BTFSS       R11, 7, 0
;__Lib_MathDouble.c,92 :: 		
0x013A	0xF000EFA5  	GOTO        SETFOV32EEE
;__Lib_MathDouble.c,94 :: 		
0x013E	0x6803      	SETF        R3, 0
;__Lib_MathDouble.c,95 :: 		
0x0140	0x6802      	SETF        R2, 0
;__Lib_MathDouble.c,96 :: 		
0x0142	0x6801      	SETF        R1, 0
;__Lib_MathDouble.c,97 :: 		
0x0144	0x6800      	SETF        R0, 0
;__Lib_MathDouble.c,98 :: 		
0x0146	0x360A      	RLCF        R10, 1, 0
;__Lib_MathDouble.c,99 :: 		
0x0148	0x3202      	RRCF        R2, 1, 0
;__Lib_MathDouble.c,100 :: 		
SETFOV32EEE:
;__Lib_MathDouble.c,101 :: 		
0x014A	0x0EFF      	MOVLW       255
;__Lib_MathDouble.c,103 :: 		
L_end_SETFOV32:
0x014C	0x0012      	RETURN      0
; end of _SETFOV32
_SETFDZ32:
;__Lib_MathDouble.c,106 :: 		
;__Lib_MathDouble.c,110 :: 		
0x014E	0x6A0B      	CLRF        R11, 0
;__Lib_MathDouble.c,111 :: 		
0x0150	0x860B      	BSF         R11, 3, 0
;__Lib_MathDouble.c,112 :: 		
0x0152	0x0EFF      	MOVLW       255
;__Lib_MathDouble.c,114 :: 		
L_end_SETFDZ32:
0x0154	0x0012      	RETURN      0
; end of _SETFDZ32
_Div_32x32_FP:
;__Lib_MathDouble.c,1325 :: 		
;__Lib_MathDouble.c,1339 :: 		
0x0156	0x5004      	MOVF        R4, 0 
0x0158	0x0A00      	XORLW       0
0x015A	0xE112      	BNZ         L_Div_32x32_FP11
;__Lib_MathDouble.c,1340 :: 		
0x015C	0x5005      	MOVF        R5, 0 
0x015E	0x0A00      	XORLW       0
0x0160	0xE10F      	BNZ         L_Div_32x32_FP12
;__Lib_MathDouble.c,1341 :: 		
0x0162	0x5006      	MOVF        R6, 0 
0x0164	0x0A00      	XORLW       0
0x0166	0xE10C      	BNZ         L_Div_32x32_FP13
;__Lib_MathDouble.c,1342 :: 		
0x0168	0x5007      	MOVF        R7, 0 
0x016A	0x0A00      	XORLW       0
0x016C	0xE109      	BNZ         L_Div_32x32_FP14
;__Lib_MathDouble.c,1343 :: 		
0x016E	0x0EFF      	MOVLW       255
0x0170	0x6E00      	MOVWF       R0 
;__Lib_MathDouble.c,1344 :: 		
0x0172	0x0EFF      	MOVLW       255
0x0174	0x6E01      	MOVWF       R1 
;__Lib_MathDouble.c,1345 :: 		
0x0176	0x0E7F      	MOVLW       127
0x0178	0x6E02      	MOVWF       R2 
;__Lib_MathDouble.c,1346 :: 		
0x017A	0x0EFF      	MOVLW       255
0x017C	0x6E03      	MOVWF       R3 
;__Lib_MathDouble.c,1347 :: 		
0x017E	0xD0A4      	BRA         L_end_Div_32x32_FP
;__Lib_MathDouble.c,1348 :: 		
L_Div_32x32_FP14:
L_Div_32x32_FP13:
L_Div_32x32_FP12:
L_Div_32x32_FP11:
;__Lib_MathDouble.c,1353 :: 		
0x0180	0x6A08      	CLRF        R8, 0
;__Lib_MathDouble.c,1354 :: 		
0x0182	0x6A09      	CLRF        R9, 0
;__Lib_MathDouble.c,1356 :: 		
0x0184	0x5007      	MOVF        R7, 0, 0
;__Lib_MathDouble.c,1357 :: 		
0x0186	0xB4D8      	BTFSC       STATUS, 2, 0
;__Lib_MathDouble.c,1358 :: 		
0x0188	0xF001EF56  	GOTO        JPDSETFDZ32
;__Lib_MathDouble.c,1360 :: 		
0x018C	0x5003      	MOVF        R3, 0, 0
;__Lib_MathDouble.c,1361 :: 		
0x018E	0xB4D8      	BTFSC       STATUS, 2, 0
;__Lib_MathDouble.c,1362 :: 		
0x0190	0xF001EF5A  	GOTO        JPDRES032
;__Lib_MathDouble.c,1364 :: 		
0x0194	0x5002      	MOVF        R2, 0, 0
;__Lib_MathDouble.c,1365 :: 		
0x0196	0x1806      	XORWF       R6, 0, 0
;__Lib_MathDouble.c,1366 :: 		
0x0198	0x6E0A      	MOVWF       R10, 0
;__Lib_MathDouble.c,1367 :: 		
0x019A	0x8E02      	BSF         R2, 7, 0
;__Lib_MathDouble.c,1368 :: 		
0x019C	0x8E06      	BSF         R6, 7, 0
;__Lib_MathDouble.c,1370 :: 		
0x019E	0x6A0E      	CLRF        R14, 0
;__Lib_MathDouble.c,1371 :: 		
0x01A0	0xF008C002  	MOVFF       R2, R8
;__Lib_MathDouble.c,1372 :: 		
0x01A4	0xF00CC001  	MOVFF       R1, R12
;__Lib_MathDouble.c,1373 :: 		
0x01A8	0xF00DC000  	MOVFF       R0, R13
;__Lib_MathDouble.c,1375 :: 		
0x01AC	0x5004      	MOVF        R4, 0, 0
;__Lib_MathDouble.c,1376 :: 		
0x01AE	0x5E0D      	SUBWF       R13, 1, 0
;__Lib_MathDouble.c,1377 :: 		
0x01B0	0x5005      	MOVF        R5, 0, 0
;__Lib_MathDouble.c,1378 :: 		
0x01B2	0xA0D8      	BTFSS       STATUS, 0, 0
;__Lib_MathDouble.c,1379 :: 		
0x01B4	0x3C05      	INCFSZ      R5, 0, 0
;__Lib_MathDouble.c,1381 :: 		
0x01B6	0x5E0C      	SUBWF       R12, 1, 0
;__Lib_MathDouble.c,1382 :: 		
0x01B8	0x5006      	MOVF        R6, 0, 0
;__Lib_MathDouble.c,1383 :: 		
0x01BA	0xA0D8      	BTFSS       STATUS, 0, 0
;__Lib_MathDouble.c,1384 :: 		
0x01BC	0x3C06      	INCFSZ      R6, 0, 0
;__Lib_MathDouble.c,1386 :: 		
0x01BE	0x5E08      	SUBWF       R8, 1, 0
;__Lib_MathDouble.c,1387 :: 		
0x01C0	0x6A08      	CLRF        R8, 0
;__Lib_MathDouble.c,1388 :: 		
0x01C2	0x6A0C      	CLRF        R12, 0
;__Lib_MathDouble.c,1389 :: 		
0x01C4	0x6A0D      	CLRF        R13, 0
;__Lib_MathDouble.c,1390 :: 		
0x01C6	0xA0D8      	BTFSS       STATUS, 0, 0
;__Lib_MathDouble.c,1391 :: 		
0x01C8	0xF000EFED  	GOTO        DALIGN32OK
;__Lib_MathDouble.c,1393 :: 		
0x01CC	0x90D8      	BCF         STATUS, 0, 0
;__Lib_MathDouble.c,1394 :: 		
0x01CE	0x3202      	RRCF        R2, 1, 0
;__Lib_MathDouble.c,1395 :: 		
0x01D0	0x3201      	RRCF        R1, 1, 0
;__Lib_MathDouble.c,1396 :: 		
0x01D2	0x3200      	RRCF        R0, 1, 0
;__Lib_MathDouble.c,1397 :: 		
0x01D4	0x3208      	RRCF        R8, 1, 0
;__Lib_MathDouble.c,1398 :: 		
0x01D6	0x0E01      	MOVLW       1
;__Lib_MathDouble.c,1399 :: 		
0x01D8	0x6E0E      	MOVWF       R14, 0
;__Lib_MathDouble.c,1400 :: 		
DALIGN32OK:
;__Lib_MathDouble.c,1401 :: 		
0x01DA	0x5007      	MOVF        R7, 0, 0
;__Lib_MathDouble.c,1402 :: 		
0x01DC	0x5E03      	SUBWF       R3, 1, 0
;__Lib_MathDouble.c,1403 :: 		
0x01DE	0xA0D8      	BTFSS       STATUS, 0, 0
;__Lib_MathDouble.c,1404 :: 		
0x01E0	0xF000EFFA  	GOTO        ALTB32
;__Lib_MathDouble.c,1406 :: 		
0x01E4	0x0E7E      	MOVLW       126
;__Lib_MathDouble.c,1407 :: 		
0x01E6	0x240E      	ADDWF       R14, 0, 0
;__Lib_MathDouble.c,1408 :: 		
0x01E8	0x2603      	ADDWF       R3, 1, 0
;__Lib_MathDouble.c,1409 :: 		
0x01EA	0xB0D8      	BTFSC       STATUS, 0, 0
;__Lib_MathDouble.c,1410 :: 		
0x01EC	0xF001EF5E  	GOTO        JPDSETFOV32
;__Lib_MathDouble.c,1411 :: 		
0x01F0	0xF001EF00  	GOTO        DARGOK32
;__Lib_MathDouble.c,1412 :: 		
ALTB32:
;__Lib_MathDouble.c,1413 :: 		
0x01F4	0x0E7E      	MOVLW       126
;__Lib_MathDouble.c,1414 :: 		
0x01F6	0x240E      	ADDWF       R14, 0, 0
;__Lib_MathDouble.c,1415 :: 		
0x01F8	0x2603      	ADDWF       R3, 1, 0
;__Lib_MathDouble.c,1416 :: 		
0x01FA	0xA0D8      	BTFSS       STATUS, 0, 0
;__Lib_MathDouble.c,1417 :: 		
0x01FC	0xF001EF62  	GOTO        JPDSETFUN32
;__Lib_MathDouble.c,1418 :: 		
DARGOK32:
;__Lib_MathDouble.c,1419 :: 		
0x0200	0x0E18      	MOVLW       24
;__Lib_MathDouble.c,1420 :: 		
0x0202	0x6E0B      	MOVWF       R11, 0
;__Lib_MathDouble.c,1421 :: 		
DLOOP32:
;__Lib_MathDouble.c,1422 :: 		
0x0204	0x360D      	RLCF        R13, 1, 0
;__Lib_MathDouble.c,1423 :: 		
0x0206	0x360C      	RLCF        R12, 1, 0
;__Lib_MathDouble.c,1424 :: 		
0x0208	0x3608      	RLCF        R8, 1, 0
;__Lib_MathDouble.c,1425 :: 		
0x020A	0x3600      	RLCF        R0, 1, 0
;__Lib_MathDouble.c,1426 :: 		
0x020C	0x3601      	RLCF        R1, 1, 0
;__Lib_MathDouble.c,1427 :: 		
0x020E	0x3602      	RLCF        R2, 1, 0
;__Lib_MathDouble.c,1428 :: 		
0x0210	0x360E      	RLCF        R14, 1, 0
;__Lib_MathDouble.c,1430 :: 		
0x0212	0x5004      	MOVF        R4, 0, 0
;__Lib_MathDouble.c,1431 :: 		
0x0214	0x5E00      	SUBWF       R0, 1, 0
;__Lib_MathDouble.c,1432 :: 		
0x0216	0x5005      	MOVF        R5, 0, 0
;__Lib_MathDouble.c,1433 :: 		
0x0218	0xA0D8      	BTFSS       STATUS, 0, 0
;__Lib_MathDouble.c,1434 :: 		
0x021A	0x3C05      	INCFSZ      R5, 0, 0
;__Lib_MathDouble.c,1436 :: 		
0x021C	0x5E01      	SUBWF       R1, 1, 0
;__Lib_MathDouble.c,1437 :: 		
0x021E	0x5006      	MOVF        R6, 0, 0
;__Lib_MathDouble.c,1438 :: 		
0x0220	0xA0D8      	BTFSS       STATUS, 0, 0
;__Lib_MathDouble.c,1439 :: 		
0x0222	0x3C06      	INCFSZ      R6, 0, 0
;__Lib_MathDouble.c,1441 :: 		
0x0224	0x5E02      	SUBWF       R2, 1, 0
;__Lib_MathDouble.c,1442 :: 		
0x0226	0x3406      	RLCF        R6, 0, 0
;__Lib_MathDouble.c,1443 :: 		
0x0228	0x120E      	IORWF       R14, 1, 0
;__Lib_MathDouble.c,1444 :: 		
0x022A	0xA00E      	BTFSS       R14, 0, 0
;__Lib_MathDouble.c,1445 :: 		
0x022C	0xF001EF1B  	GOTO        DREST32
;__Lib_MathDouble.c,1446 :: 		
0x0230	0x800D      	BSF         R13, 0, 0
;__Lib_MathDouble.c,1447 :: 		
0x0232	0xF001EF26  	GOTO        DOK32
;__Lib_MathDouble.c,1448 :: 		
DREST32:
;__Lib_MathDouble.c,1449 :: 		
0x0236	0x5004      	MOVF        R4, 0, 0
;__Lib_MathDouble.c,1450 :: 		
0x0238	0x2600      	ADDWF       R0, 1, 0
;__Lib_MathDouble.c,1451 :: 		
0x023A	0x5005      	MOVF        R5, 0, 0
;__Lib_MathDouble.c,1452 :: 		
0x023C	0xB0D8      	BTFSC       STATUS, 0, 0
;__Lib_MathDouble.c,1453 :: 		
0x023E	0x3C05      	INCFSZ      R5, 0, 0
;__Lib_MathDouble.c,1455 :: 		
0x0240	0x2601      	ADDWF       R1, 1, 0
;__Lib_MathDouble.c,1456 :: 		
0x0242	0x5006      	MOVF        R6, 0, 0
;__Lib_MathDouble.c,1457 :: 		
0x0244	0xB0D8      	BTFSC       STATUS, 0, 0
;__Lib_MathDouble.c,1458 :: 		
0x0246	0x2806      	INCF        R6, 0, 0
;__Lib_MathDouble.c,1459 :: 		
0x0248	0x2602      	ADDWF       R2, 1, 0
;__Lib_MathDouble.c,1460 :: 		
0x024A	0x900D      	BCF         R13, 0, 0
;__Lib_MathDouble.c,1461 :: 		
DOK32:
;__Lib_MathDouble.c,1462 :: 		
0x024C	0x2E0B      	DECFSZ      R11, 1, 0
;__Lib_MathDouble.c,1463 :: 		
0x024E	0xF001EF02  	GOTO        DLOOP32
;__Lib_MathDouble.c,1467 :: 		
0x0252	0xF001EF4C  	GOTO        DIV32OK
;__Lib_MathDouble.c,1468 :: 		
0x0256	0x90D8      	BCF         STATUS, 0, 0
;__Lib_MathDouble.c,1469 :: 		
0x0258	0x3600      	RLCF        R0, 1, 0
;__Lib_MathDouble.c,1470 :: 		
0x025A	0x3601      	RLCF        R1, 1, 0
;__Lib_MathDouble.c,1471 :: 		
0x025C	0x3602      	RLCF        R2, 1, 0
;__Lib_MathDouble.c,1472 :: 		
0x025E	0x360E      	RLCF        R14, 1, 0
;__Lib_MathDouble.c,1474 :: 		
0x0260	0x5004      	MOVF        R4, 0, 0
;__Lib_MathDouble.c,1475 :: 		
0x0262	0x5E00      	SUBWF       R0, 1, 0
;__Lib_MathDouble.c,1476 :: 		
0x0264	0x5005      	MOVF        R5, 0, 0
;__Lib_MathDouble.c,1477 :: 		
0x0266	0xA0D8      	BTFSS       STATUS, 0, 0
;__Lib_MathDouble.c,1478 :: 		
0x0268	0x3C05      	INCFSZ      R5, 0, 0
;__Lib_MathDouble.c,1479 :: 		
0x026A	0x5E01      	SUBWF       R1, 1, 0
;__Lib_MathDouble.c,1480 :: 		
0x026C	0x5006      	MOVF        R6, 0, 0
;__Lib_MathDouble.c,1481 :: 		
0x026E	0xA0D8      	BTFSS       STATUS, 0, 0
;__Lib_MathDouble.c,1482 :: 		
0x0270	0x3C06      	INCFSZ      R6, 0, 0
;__Lib_MathDouble.c,1483 :: 		
0x0272	0x5E02      	SUBWF       R2, 1, 0
;__Lib_MathDouble.c,1484 :: 		
0x0274	0x3406      	RLCF        R6, 0, 0
;__Lib_MathDouble.c,1485 :: 		
0x0276	0x100E      	IORWF       R14, 0, 0
;__Lib_MathDouble.c,1486 :: 		
0x0278	0x0B01      	ANDLW       1
;__Lib_MathDouble.c,1487 :: 		
0x027A	0x260D      	ADDWF       R13, 1, 0
;__Lib_MathDouble.c,1488 :: 		
0x027C	0xB0D8      	BTFSC       STATUS, 0, 0
;__Lib_MathDouble.c,1489 :: 		
0x027E	0x2A0C      	INCF        R12, 1, 0
;__Lib_MathDouble.c,1490 :: 		
0x0280	0xB4D8      	BTFSC       STATUS, 2, 0
;__Lib_MathDouble.c,1491 :: 		
0x0282	0x2A08      	INCF        R8, 1, 0
;__Lib_MathDouble.c,1492 :: 		
0x0284	0xA4D8      	BTFSS       STATUS, 2, 0
;__Lib_MathDouble.c,1493 :: 		
0x0286	0xF001EF4C  	GOTO        DIV32OK
;__Lib_MathDouble.c,1494 :: 		
0x028A	0x3208      	RRCF        R8, 1, 0
;__Lib_MathDouble.c,1495 :: 		
0x028C	0x320C      	RRCF        R12, 1, 0
;__Lib_MathDouble.c,1496 :: 		
0x028E	0x320D      	RRCF        R13, 1, 0
;__Lib_MathDouble.c,1497 :: 		
0x0290	0x2A03      	INCF        R3, 1, 0
;__Lib_MathDouble.c,1498 :: 		
0x0292	0xB4D8      	BTFSC       STATUS, 2, 0
;__Lib_MathDouble.c,1499 :: 		
0x0294	0xF001EF5E  	GOTO        JPDSETFOV32
;__Lib_MathDouble.c,1500 :: 		
DIV32OK:
;__Lib_MathDouble.c,1501 :: 		
0x0298	0xAE0A      	BTFSS       R10, 7, 0
;__Lib_MathDouble.c,1502 :: 		
0x029A	0x9E08      	BCF         R8, 7, 0
;__Lib_MathDouble.c,1503 :: 		
0x029C	0x5008      	MOVF        R8, 0, 0
;__Lib_MathDouble.c,1504 :: 		
0x029E	0x6E02      	MOVWF       R2, 0
;__Lib_MathDouble.c,1505 :: 		
0x02A0	0x500C      	MOVF        R12, 0, 0
;__Lib_MathDouble.c,1506 :: 		
0x02A2	0x6E01      	MOVWF       R1, 0
;__Lib_MathDouble.c,1507 :: 		
0x02A4	0x500D      	MOVF        R13, 0, 0
;__Lib_MathDouble.c,1508 :: 		
0x02A6	0x6E00      	MOVWF       R0, 0
;__Lib_MathDouble.c,1511 :: 		
0x02A8	0xF001EF64  	GOTO        DIV32EEE
;__Lib_MathDouble.c,1512 :: 		
JPDSETFDZ32:
;__Lib_MathDouble.c,1513 :: 		
0x02AC	0x0E01      	MOVLW       1
;__Lib_MathDouble.c,1516 :: 		
0x02AE	0xDF4F      	RCALL       _SETFDZ32
;__Lib_MathDouble.c,1518 :: 		
0x02B0	0xF001EF64  	GOTO        DIV32EEE
;__Lib_MathDouble.c,1519 :: 		
JPDRES032:
;__Lib_MathDouble.c,1520 :: 		
0x02B4	0x0E02      	MOVLW       2
;__Lib_MathDouble.c,1523 :: 		
0x02B6	0xDEC3      	RCALL       _RES032
;__Lib_MathDouble.c,1525 :: 		
0x02B8	0xF001EF64  	GOTO        DIV32EEE
;__Lib_MathDouble.c,1526 :: 		
JPDSETFOV32:
;__Lib_MathDouble.c,1527 :: 		
0x02BC	0x0E04      	MOVLW       4
;__Lib_MathDouble.c,1530 :: 		
0x02BE	0xDF3B      	RCALL       _SETFOV32
;__Lib_MathDouble.c,1532 :: 		
0x02C0	0xF001EF64  	GOTO        DIV32EEE
;__Lib_MathDouble.c,1533 :: 		
JPDSETFUN32:
;__Lib_MathDouble.c,1534 :: 		
0x02C4	0x0E08      	MOVLW       8
;__Lib_MathDouble.c,1537 :: 		
0x02C6	0xDEAE      	RCALL       _SETFUN32
;__Lib_MathDouble.c,1539 :: 		
DIV32EEE:
;__Lib_MathDouble.c,1547 :: 		
L_end_Div_32x32_FP:
0x02C8	0x0012      	RETURN      0
; end of _Div_32x32_FP
_PWM1_Start:
;__Lib_PWM_c21.c,54 :: 		
;__Lib_PWM_c21.c,55 :: 		
0x02CA	0x9494      	BCF         TRISC2_bit, BitPos(TRISC2_bit+0) 
;__Lib_PWM_c21.c,56 :: 		
0x02CC	0x84CA      	BSF         T2CON, 2 
;__Lib_PWM_c21.c,57 :: 		
0x02CE	0x0E0C      	MOVLW       12
0x02D0	0x12BD      	IORWF       CCP1CON, 1 
;__Lib_PWM_c21.c,58 :: 		
L_end_PWM1_Start:
0x02D2	0x0012      	RETURN      0
; end of _PWM1_Start
_ADC_Read:
;__Lib_ADC_A_C.c,42 :: 		
;__Lib_ADC_A_C.c,45 :: 		
0x02D4	0x6AC2      	CLRF        ADCON0 
;__Lib_ADC_A_C.c,46 :: 		
0x02D6	0x0EC0      	MOVLW       192
0x02D8	0x12C2      	IORWF       ADCON0, 1 
;__Lib_ADC_A_C.c,47 :: 		
0x02DA	0x8CC1      	BSF         ADCON1, 6 
;__Lib_ADC_A_C.c,49 :: 		
0x02DC	0x8EC1      	BSF         ADCON1, 7 
;__Lib_ADC_A_C.c,50 :: 		
0x02DE	0xF000C01A  	MOVFF       FARG_ADC_Read_channel, R0
0x02E2	0x3600      	RLCF        R0, 1 
0x02E4	0x9000      	BCF         R0, 0 
0x02E6	0x3600      	RLCF        R0, 1 
0x02E8	0x9000      	BCF         R0, 0 
0x02EA	0x3600      	RLCF        R0, 1 
0x02EC	0x9000      	BCF         R0, 0 
0x02EE	0x5000      	MOVF        R0, 0 
0x02F0	0x12C2      	IORWF       ADCON0, 1 
;__Lib_ADC_A_C.c,51 :: 		
0x02F2	0x80C2      	BSF         ADCON0, 0 
;__Lib_ADC_A_C.c,52 :: 		
0x02F4	0xDEE1      	RCALL       _Delay_22us
;__Lib_ADC_A_C.c,53 :: 		
0x02F6	0x84C2      	BSF         ADCON0, 2 
;__Lib_ADC_A_C.c,54 :: 		
L_ADC_Read2:
0x02F8	0xA4C2      	BTFSS       ADCON0, 2 
0x02FA	0xD001      	BRA         L_ADC_Read3
;__Lib_ADC_A_C.c,55 :: 		
0x02FC	0xD7FD      	BRA         L_ADC_Read2
L_ADC_Read3:
;__Lib_ADC_A_C.c,57 :: 		
0x02FE	0xF001CFC4  	MOVFF       ADRESH, R1
0x0302	0x6A00      	CLRF        R0 
;__Lib_ADC_A_C.c,58 :: 		
0x0304	0x50C3      	MOVF        ADRESL, 0 
0x0306	0x1200      	IORWF       R0, 1 
0x0308	0x0E00      	MOVLW       0
0x030A	0x1201      	IORWF       R1, 1 
;__Lib_ADC_A_C.c,59 :: 		
0x030C	0x90C2      	BCF         ADCON0, 0 
;__Lib_ADC_A_C.c,61 :: 		
;__Lib_ADC_A_C.c,62 :: 		
L_end_ADC_Read:
0x030E	0x0012      	RETURN      0
; end of _ADC_Read
_PWM1_Init:
;__Lib_PWM_c21.c,36 :: 		
;__Lib_PWM_c21.c,37 :: 		
;__Lib_PWM_c21.c,38 :: 		
0x0310	0x6ABE      	CLRF        CCPR1L 
;__Lib_PWM_c21.c,39 :: 		
0x0312	0x98BD      	BCF         CCP1CON, 4 
;__Lib_PWM_c21.c,40 :: 		
0x0314	0x9ABD      	BCF         CCP1CON, 5 
;__Lib_PWM_c21.c,41 :: 		
L_end_PWM1_Init:
0x0316	0x0012      	RETURN      0
; end of _PWM1_Init
___CC2DW:
;__Lib_System.c,21 :: 		
;__Lib_System.c,23 :: 		
_CC2DL_Loop1:
;__Lib_System.c,24 :: 		
0x0318	0x0009      	TBLRD*+
;__Lib_System.c,25 :: 		
0x031A	0xFFE6CFF5  	MOVFF       TABLAT, POSTINC1
;__Lib_System.c,26 :: 		
0x031E	0x0600      	DECF        R0, 1, 0
;__Lib_System.c,27 :: 		
0x0320	0xE1FB      	BNZ         _CC2DL_Loop1
;__Lib_System.c,28 :: 		
0x0322	0x0601      	DECF        R1, 1, 0
;__Lib_System.c,29 :: 		
0x0324	0xE1F9      	BNZ         _CC2DL_Loop1
;__Lib_System.c,31 :: 		
L_end___CC2DW:
0x0326	0x0012      	RETURN      0
; end of ___CC2DW
_Mul_32x32_FP:
;__Lib_MathDouble.c,1130 :: 		
;__Lib_MathDouble.c,1148 :: 		
0x0328	0x6A08      	CLRF        R8, 0
;__Lib_MathDouble.c,1149 :: 		
0x032A	0x6A09      	CLRF        R9, 0
;__Lib_MathDouble.c,1151 :: 		
0x032C	0x0E00      	MOVLW       0
;__Lib_MathDouble.c,1152 :: 		
0x032E	0x6207      	CPFSEQ      R7, 0
;__Lib_MathDouble.c,1153 :: 		
0x0330	0x6403      	CPFSGT      R3, 0
;__Lib_MathDouble.c,1154 :: 		
0x0332	0xF002EF19  	GOTO        MULJPRES032
;__Lib_MathDouble.c,1157 :: 		
0x0336	0x5002      	MOVF        R2, 0, 0
;__Lib_MathDouble.c,1158 :: 		
0x0338	0x1806      	XORWF       R6, 0, 0
;__Lib_MathDouble.c,1159 :: 		
0x033A	0x6E0A      	MOVWF       R10, 0
;__Lib_MathDouble.c,1161 :: 		
0x033C	0x5007      	MOVF        R7, 0, 0
;__Lib_MathDouble.c,1162 :: 		
0x033E	0x2603      	ADDWF       R3, 1, 0
;__Lib_MathDouble.c,1163 :: 		
0x0340	0x0E7E      	MOVLW       126
;__Lib_MathDouble.c,1164 :: 		
0x0342	0xA0D8      	BTFSS       STATUS, 0, 0
;__Lib_MathDouble.c,1165 :: 		
0x0344	0xF001EFAA  	GOTO        MTUN32
;__Lib_MathDouble.c,1167 :: 		
0x0348	0x5E03      	SUBWF       R3, 1, 0
;__Lib_MathDouble.c,1168 :: 		
0x034A	0xB0D8      	BTFSC       STATUS, 0, 0
;__Lib_MathDouble.c,1169 :: 		
0x034C	0xF002EF1D  	GOTO        MULJPSETFOV32
;__Lib_MathDouble.c,1170 :: 		
0x0350	0xF001EFAE  	GOTO        MOK32
;__Lib_MathDouble.c,1172 :: 		
MTUN32:
;__Lib_MathDouble.c,1173 :: 		
0x0354	0x5E03      	SUBWF       R3, 1, 0
;__Lib_MathDouble.c,1174 :: 		
0x0356	0xA0D8      	BTFSS       STATUS, 0, 0
;__Lib_MathDouble.c,1175 :: 		
0x0358	0xF002EF21  	GOTO        MULJPSETFUN32
;__Lib_MathDouble.c,1177 :: 		
MOK32:
;__Lib_MathDouble.c,1178 :: 		
0x035C	0x8E02      	BSF         R2, 7, 0
;__Lib_MathDouble.c,1179 :: 		
0x035E	0x8E06      	BSF         R6, 7, 0
;__Lib_MathDouble.c,1181 :: 		
0x0360	0xF00EC002  	MOVFF       R2, R14
;__Lib_MathDouble.c,1182 :: 		
0x0364	0xF00BC001  	MOVFF       R1, R11
;__Lib_MathDouble.c,1183 :: 		
0x0368	0xF00DC000  	MOVFF       R0, R13
;__Lib_MathDouble.c,1185 :: 		
0x036C	0x5000      	MOVF        R0, 0, 0
;__Lib_MathDouble.c,1186 :: 		
0x036E	0x0204      	MULWF       R4, 0
;__Lib_MathDouble.c,1187 :: 		
0x0370	0xF00CCFF4  	MOVFF       PRODH, R12
;__Lib_MathDouble.c,1189 :: 		
0x0374	0x5001      	MOVF        R1, 0, 0
;__Lib_MathDouble.c,1190 :: 		
0x0376	0x0205      	MULWF       R5, 0
;__Lib_MathDouble.c,1191 :: 		
0x0378	0xF000CFF4  	MOVFF       PRODH, R0
;__Lib_MathDouble.c,1192 :: 		
0x037C	0xF008CFF3  	MOVFF       PRODL, R8
;__Lib_MathDouble.c,1194 :: 		
0x0380	0x0204      	MULWF       R4, 0
;__Lib_MathDouble.c,1195 :: 		
0x0382	0x50F3      	MOVF        PRODL, 0, 0
;__Lib_MathDouble.c,1196 :: 		
0x0384	0x260C      	ADDWF       R12, 1, 0
;__Lib_MathDouble.c,1197 :: 		
0x0386	0x50F4      	MOVF        PRODH, 0, 0
;__Lib_MathDouble.c,1198 :: 		
0x0388	0x2208      	ADDWFC      R8, 1, 0
;__Lib_MathDouble.c,1199 :: 		
0x038A	0x0E00      	MOVLW       0
;__Lib_MathDouble.c,1200 :: 		
0x038C	0x2200      	ADDWFC      R0, 1, 0
;__Lib_MathDouble.c,1202 :: 		
0x038E	0x500D      	MOVF        R13, 0, 0
;__Lib_MathDouble.c,1203 :: 		
0x0390	0x0205      	MULWF       R5, 0
;__Lib_MathDouble.c,1204 :: 		
0x0392	0x50F3      	MOVF        PRODL, 0, 0
;__Lib_MathDouble.c,1205 :: 		
0x0394	0x260C      	ADDWF       R12, 1, 0
;__Lib_MathDouble.c,1206 :: 		
0x0396	0x50F4      	MOVF        PRODH, 0, 0
;__Lib_MathDouble.c,1207 :: 		
0x0398	0x2208      	ADDWFC      R8, 1, 0
;__Lib_MathDouble.c,1208 :: 		
0x039A	0x0E00      	MOVLW       0
;__Lib_MathDouble.c,1209 :: 		
0x039C	0x2200      	ADDWFC      R0, 1, 0
;__Lib_MathDouble.c,1211 :: 		
0x039E	0x5002      	MOVF        R2, 0, 0
;__Lib_MathDouble.c,1212 :: 		
0x03A0	0x0204      	MULWF       R4, 0
;__Lib_MathDouble.c,1213 :: 		
0x03A2	0x50F3      	MOVF        PRODL, 0, 0
;__Lib_MathDouble.c,1214 :: 		
0x03A4	0x2608      	ADDWF       R8, 1, 0
;__Lib_MathDouble.c,1215 :: 		
0x03A6	0x50F4      	MOVF        PRODH, 0, 0
;__Lib_MathDouble.c,1216 :: 		
0x03A8	0x2200      	ADDWFC      R0, 1, 0
;__Lib_MathDouble.c,1217 :: 		
0x03AA	0x5002      	MOVF        R2, 0, 0
;__Lib_MathDouble.c,1218 :: 		
0x03AC	0x0205      	MULWF       R5, 0
;__Lib_MathDouble.c,1219 :: 		
0x03AE	0x6A01      	CLRF        R1, 0
;__Lib_MathDouble.c,1220 :: 		
0x03B0	0x0E00      	MOVLW       0
;__Lib_MathDouble.c,1221 :: 		
0x03B2	0x2201      	ADDWFC      R1, 1, 0
;__Lib_MathDouble.c,1222 :: 		
0x03B4	0x50F3      	MOVF        PRODL, 0, 0
;__Lib_MathDouble.c,1223 :: 		
0x03B6	0x2600      	ADDWF       R0, 1, 0
;__Lib_MathDouble.c,1224 :: 		
0x03B8	0x50F4      	MOVF        PRODH, 0, 0
;__Lib_MathDouble.c,1225 :: 		
0x03BA	0x2201      	ADDWFC      R1, 1, 0
;__Lib_MathDouble.c,1227 :: 		
0x03BC	0x500D      	MOVF        R13, 0, 0
;__Lib_MathDouble.c,1228 :: 		
0x03BE	0x0206      	MULWF       R6, 0
;__Lib_MathDouble.c,1229 :: 		
0x03C0	0x50F3      	MOVF        PRODL, 0, 0
;__Lib_MathDouble.c,1230 :: 		
0x03C2	0x2608      	ADDWF       R8, 1, 0
;__Lib_MathDouble.c,1231 :: 		
0x03C4	0x50F4      	MOVF        PRODH, 0, 0
;__Lib_MathDouble.c,1232 :: 		
0x03C6	0x2200      	ADDWFC      R0, 1, 0
;__Lib_MathDouble.c,1233 :: 		
0x03C8	0x6A02      	CLRF        R2, 0
;__Lib_MathDouble.c,1234 :: 		
0x03CA	0x0E00      	MOVLW       0
;__Lib_MathDouble.c,1235 :: 		
0x03CC	0x2201      	ADDWFC      R1, 1, 0
;__Lib_MathDouble.c,1236 :: 		
0x03CE	0x2202      	ADDWFC      R2, 1, 0
;__Lib_MathDouble.c,1238 :: 		
0x03D0	0x500B      	MOVF        R11, 0, 0
;__Lib_MathDouble.c,1239 :: 		
0x03D2	0x0206      	MULWF       R6, 0
;__Lib_MathDouble.c,1240 :: 		
0x03D4	0x50F3      	MOVF        PRODL, 0, 0
;__Lib_MathDouble.c,1241 :: 		
0x03D6	0x2600      	ADDWF       R0, 1, 0
;__Lib_MathDouble.c,1242 :: 		
0x03D8	0x50F4      	MOVF        PRODH, 0, 0
;__Lib_MathDouble.c,1243 :: 		
0x03DA	0x2201      	ADDWFC      R1, 1, 0
;__Lib_MathDouble.c,1244 :: 		
0x03DC	0x0E00      	MOVLW       0
;__Lib_MathDouble.c,1245 :: 		
0x03DE	0x2202      	ADDWFC      R2, 1, 0
;__Lib_MathDouble.c,1247 :: 		
0x03E0	0x500E      	MOVF        R14, 0, 0
;__Lib_MathDouble.c,1248 :: 		
0x03E2	0x0206      	MULWF       R6, 0
;__Lib_MathDouble.c,1249 :: 		
0x03E4	0x50F3      	MOVF        PRODL, 0, 0
;__Lib_MathDouble.c,1250 :: 		
0x03E6	0x2601      	ADDWF       R1, 1, 0
;__Lib_MathDouble.c,1251 :: 		
0x03E8	0x50F4      	MOVF        PRODH, 0, 0
;__Lib_MathDouble.c,1252 :: 		
0x03EA	0x2202      	ADDWFC      R2, 1, 0
;__Lib_MathDouble.c,1254 :: 		
0x03EC	0xBE02      	BTFSC       R2, 7, 0
;__Lib_MathDouble.c,1255 :: 		
0x03EE	0xF002EF01  	GOTO        MROUND32
;__Lib_MathDouble.c,1256 :: 		
0x03F2	0x3608      	RLCF        R8, 1, 0
;__Lib_MathDouble.c,1257 :: 		
0x03F4	0x3600      	RLCF        R0, 1, 0
;__Lib_MathDouble.c,1258 :: 		
0x03F6	0x3601      	RLCF        R1, 1, 0
;__Lib_MathDouble.c,1259 :: 		
0x03F8	0x3602      	RLCF        R2, 1, 0
;__Lib_MathDouble.c,1260 :: 		
0x03FA	0x0603      	DECF        R3, 1, 0
;__Lib_MathDouble.c,1261 :: 		
0x03FC	0xB4D8      	BTFSC       STATUS, 2, 0
;__Lib_MathDouble.c,1262 :: 		
0x03FE	0xF002EF21  	GOTO        MULJPSETFUN32
;__Lib_MathDouble.c,1264 :: 		
MROUND32:
;__Lib_MathDouble.c,1267 :: 		
0x0402	0xF002EF14  	GOTO        MUL32OK
;__Lib_MathDouble.c,1268 :: 		
0x0406	0x80D8      	BSF         STATUS, 0, 0
;__Lib_MathDouble.c,1269 :: 		
0x0408	0x0E80      	MOVLW       128
;__Lib_MathDouble.c,1270 :: 		
0x040A	0x6408      	CPFSGT      R8, 0
;__Lib_MathDouble.c,1271 :: 		
0x040C	0x3000      	RRCF        R0, 0, 0
;__Lib_MathDouble.c,1272 :: 		
0x040E	0x0E00      	MOVLW       0
;__Lib_MathDouble.c,1273 :: 		
0x0410	0x2200      	ADDWFC      R0, 1, 0
;__Lib_MathDouble.c,1274 :: 		
0x0412	0x2201      	ADDWFC      R1, 1, 0
;__Lib_MathDouble.c,1275 :: 		
0x0414	0x2202      	ADDWFC      R2, 1, 0
;__Lib_MathDouble.c,1277 :: 		
0x0416	0xA0D8      	BTFSS       STATUS, 0, 0
;__Lib_MathDouble.c,1278 :: 		
0x0418	0xF002EF14  	GOTO        MUL32OK
;__Lib_MathDouble.c,1279 :: 		
0x041C	0x3202      	RRCF        R2, 1, 0
;__Lib_MathDouble.c,1280 :: 		
0x041E	0x3201      	RRCF        R1, 1, 0
;__Lib_MathDouble.c,1281 :: 		
0x0420	0x3200      	RRCF        R0, 1, 0
;__Lib_MathDouble.c,1282 :: 		
0x0422	0x4A03      	INFSNZ      R3, 1, 0
;__Lib_MathDouble.c,1283 :: 		
0x0424	0xF002EF1D  	GOTO        MULJPSETFOV32
;__Lib_MathDouble.c,1285 :: 		
MUL32OK:
;__Lib_MathDouble.c,1286 :: 		
0x0428	0xAE0A      	BTFSS       R10, 7, 0
;__Lib_MathDouble.c,1287 :: 		
0x042A	0x9E02      	BCF         R2, 7, 0
;__Lib_MathDouble.c,1289 :: 		
0x042C	0x0E00      	MOVLW       0
;__Lib_MathDouble.c,1290 :: 		
0x042E	0xF002EF23  	GOTO        MULEEE
;__Lib_MathDouble.c,1291 :: 		
MULJPRES032:
;__Lib_MathDouble.c,1292 :: 		
0x0432	0x0E01      	MOVLW       1
;__Lib_MathDouble.c,1295 :: 		
0x0434	0xDE04      	RCALL       _RES032
;__Lib_MathDouble.c,1297 :: 		
0x0436	0xF002EF23  	GOTO        MULEEE
;__Lib_MathDouble.c,1298 :: 		
MULJPSETFOV32:
;__Lib_MathDouble.c,1299 :: 		
0x043A	0x0E02      	MOVLW       2
;__Lib_MathDouble.c,1302 :: 		
0x043C	0xDE7C      	RCALL       _SETFOV32
;__Lib_MathDouble.c,1304 :: 		
0x043E	0xF002EF23  	GOTO        MULEEE
;__Lib_MathDouble.c,1305 :: 		
MULJPSETFUN32:
;__Lib_MathDouble.c,1306 :: 		
0x0442	0x0E04      	MOVLW       4
;__Lib_MathDouble.c,1309 :: 		
0x0444	0xDDEF      	RCALL       _SETFUN32
;__Lib_MathDouble.c,1311 :: 		
MULEEE:
;__Lib_MathDouble.c,1318 :: 		
L_end_Mul_32x32_FP:
0x0446	0x0012      	RETURN      0
; end of _Mul_32x32_FP
_PWM1_Set_Duty:
;__Lib_PWM_c21.c,43 :: 		
;__Lib_PWM_c21.c,47 :: 		
0x0448	0x50CB      	MOVF        PR2, 0 
0x044A	0x0F01      	ADDLW       1
0x044C	0x6E00      	MOVWF       R0 
0x044E	0x6A01      	CLRF        R1 
0x0450	0x0E00      	MOVLW       0
0x0452	0x2201      	ADDWFC      R1, 1 
0x0454	0xF004C01A  	MOVFF       FARG_PWM1_Set_Duty_new_duty, R4
0x0458	0x0E00      	MOVLW       0
0x045A	0x6E05      	MOVWF       R5 
0x045C	0xDDF7      	RCALL       _Mul_16X16_U
0x045E	0x0E06      	MOVLW       6
0x0460	0x6E02      	MOVWF       R2 
0x0462	0xF004C000  	MOVFF       R0, R4
0x0466	0xF005C001  	MOVFF       R1, R5
0x046A	0x5002      	MOVF        R2, 0 
L__PWM1_Set_Duty10:
0x046C	0xE005      	BZ          L__PWM1_Set_Duty11
0x046E	0x3205      	RRCF        R5, 1 
0x0470	0x3204      	RRCF        R4, 1 
0x0472	0x9E05      	BCF         R5, 7 
0x0474	0x0FFF      	ADDLW       255
0x0476	0xD7FA      	BRA         L__PWM1_Set_Duty10
L__PWM1_Set_Duty11:
;__Lib_PWM_c21.c,48 :: 		
0x0478	0x0E04      	MOVLW       4
0x047A	0x6E01      	MOVWF       R1 
0x047C	0xF000C004  	MOVFF       R4, R0
0x0480	0x5001      	MOVF        R1, 0 
L__PWM1_Set_Duty12:
0x0482	0xE004      	BZ          L__PWM1_Set_Duty13
0x0484	0x3600      	RLCF        R0, 1 
0x0486	0x9000      	BCF         R0, 0 
0x0488	0x0FFF      	ADDLW       255
0x048A	0xD7FB      	BRA         L__PWM1_Set_Duty12
L__PWM1_Set_Duty13:
0x048C	0x0E30      	MOVLW       48
0x048E	0x1400      	ANDWF       R0, 0 
0x0490	0x6E03      	MOVWF       R3 
;__Lib_PWM_c21.c,49 :: 		
0x0492	0xF000C004  	MOVFF       R4, R0
0x0496	0xF001C005  	MOVFF       R5, R1
0x049A	0x3201      	RRCF        R1, 1 
0x049C	0x3200      	RRCF        R0, 1 
0x049E	0x9E01      	BCF         R1, 7 
0x04A0	0x3201      	RRCF        R1, 1 
0x04A2	0x3200      	RRCF        R0, 1 
0x04A4	0x9E01      	BCF         R1, 7 
0x04A6	0xFFBEC000  	MOVFF       R0, CCPR1L
;__Lib_PWM_c21.c,50 :: 		
0x04AA	0x0E0F      	MOVLW       15
0x04AC	0x16BD      	ANDWF       CCP1CON, 1 
;__Lib_PWM_c21.c,51 :: 		
0x04AE	0x5003      	MOVF        R3, 0 
0x04B0	0x12BD      	IORWF       CCP1CON, 1 
;__Lib_PWM_c21.c,52 :: 		
L_end_PWM1_Set_Duty:
0x04B2	0x0012      	RETURN      0
; end of _PWM1_Set_Duty
_double2byte:
;__Lib_MathDouble.c,2154 :: 		
;__Lib_MathDouble.c,2163 :: 		
0x04B4	0x6A0B      	CLRF        R11, 0
;__Lib_MathDouble.c,2164 :: 		
0x04B6	0x6A0C      	CLRF        R12, 0
;__Lib_MathDouble.c,2165 :: 		
0x04B8	0x6A0A      	CLRF        R10, 0
;__Lib_MathDouble.c,2167 :: 		
0x04BA	0x5003      	MOVF        R3, 0, 0
;__Lib_MathDouble.c,2168 :: 		
0x04BC	0xB4D8      	BTFSC       STATUS, 2, 0
;__Lib_MathDouble.c,2169 :: 		
0x04BE	0xF002EF8F  	GOTO        IRES008
;__Lib_MathDouble.c,2171 :: 		
0x04C2	0x9E0A      	BCF         R10, 7, 0
;__Lib_MathDouble.c,2172 :: 		
0x04C4	0x8E02      	BSF         R2, 7, 0
;__Lib_MathDouble.c,2174 :: 		
0x04C6	0x0E86      	MOVLW       134
;__Lib_MathDouble.c,2175 :: 		
0x04C8	0x5E03      	SUBWF       R3, 1, 0
;__Lib_MathDouble.c,2176 :: 		
0x04CA	0xBE03      	BTFSC       R3, 7, 0
;__Lib_MathDouble.c,2177 :: 		
0x04CC	0xF002EF6D  	GOTO        SETEXP08
;__Lib_MathDouble.c,2178 :: 		
0x04D0	0xB4D8      	BTFSC       STATUS, 2, 0
;__Lib_MathDouble.c,2179 :: 		
0x04D2	0xF002EF6D  	GOTO        SETEXP08
;__Lib_MathDouble.c,2180 :: 		
0x04D6	0xF002EF92  	GOTO        SETIOV08
;__Lib_MathDouble.c,2181 :: 		
SETEXP08:
;__Lib_MathDouble.c,2182 :: 		
0x04DA	0x6C03      	NEGF        R3, 0
;__Lib_MathDouble.c,2184 :: 		
0x04DC	0x0E08      	MOVLW       8
;__Lib_MathDouble.c,2185 :: 		
0x04DE	0x5C03      	SUBWF       R3, 0, 0
;__Lib_MathDouble.c,2186 :: 		
0x04E0	0xA0D8      	BTFSS       STATUS, 0, 0
;__Lib_MathDouble.c,2187 :: 		
0x04E2	0xF002EF7B  	GOTO        TSHIFT3208
;__Lib_MathDouble.c,2188 :: 		
0x04E6	0x6E03      	MOVWF       R3, 0
;__Lib_MathDouble.c,2189 :: 		
0x04E8	0x3602      	RLCF        R2, 1, 0
;__Lib_MathDouble.c,2190 :: 		
0x04EA	0x6A02      	CLRF        R2, 0
;__Lib_MathDouble.c,2192 :: 		
0x04EC	0x5003      	MOVF        R3, 0, 0
;__Lib_MathDouble.c,2193 :: 		
0x04EE	0xA4D8      	BTFSS       STATUS, 2, 0
;__Lib_MathDouble.c,2194 :: 		
0x04F0	0x90D8      	BCF         STATUS, 0, 0
;__Lib_MathDouble.c,2195 :: 		
0x04F2	0xF002EF84  	GOTO        SHIFT3208OK
;__Lib_MathDouble.c,2196 :: 		
TSHIFT3208:
;__Lib_MathDouble.c,2197 :: 		
0x04F6	0x5003      	MOVF        R3, 0, 0
;__Lib_MathDouble.c,2198 :: 		
0x04F8	0xB4D8      	BTFSC       STATUS, 2, 0
;__Lib_MathDouble.c,2199 :: 		
0x04FA	0xF002EF84  	GOTO        SHIFT3208OK
;__Lib_MathDouble.c,2200 :: 		
SHIFT3208:
;__Lib_MathDouble.c,2201 :: 		
0x04FE	0x90D8      	BCF         STATUS, 0, 0
;__Lib_MathDouble.c,2202 :: 		
0x0500	0x3202      	RRCF        R2, 1, 0
;__Lib_MathDouble.c,2203 :: 		
0x0502	0x2E03      	DECFSZ      R3, 1, 0
;__Lib_MathDouble.c,2204 :: 		
0x0504	0xF002EF7F  	GOTO        SHIFT3208
;__Lib_MathDouble.c,2205 :: 		
SHIFT3208OK:
;__Lib_MathDouble.c,2206 :: 		
0x0508	0xBC0B      	BTFSC       R11, 6, 0
;__Lib_MathDouble.c,2207 :: 		
0x050A	0xA002      	BTFSS       R2, 0, 0
;__Lib_MathDouble.c,2208 :: 		
0x050C	0xF002EF8F  	GOTO        INT3208OK
;__Lib_MathDouble.c,2209 :: 		
0x0510	0xA0D8      	BTFSS       STATUS, 0, 0
;__Lib_MathDouble.c,2210 :: 		
0x0512	0xF002EF8F  	GOTO        INT3208OK
;__Lib_MathDouble.c,2211 :: 		
0x0516	0x2A02      	INCF        R2, 1, 0
;__Lib_MathDouble.c,2212 :: 		
0x0518	0xB4D8      	BTFSC       STATUS, 2, 0
;__Lib_MathDouble.c,2213 :: 		
0x051A	0xF002EF99  	GOTO        D2B_JPKSETIOV3224
;__Lib_MathDouble.c,2214 :: 		
INT3208OK:
;__Lib_MathDouble.c,2215 :: 		
IRES008:
;__Lib_MathDouble.c,2216 :: 		
0x051E	0x6A01      	CLRF        R1, 0
;__Lib_MathDouble.c,2217 :: 		
0x0520	0xF002EF9E  	GOTO        INT3208EOK
;__Lib_MathDouble.c,2218 :: 		
SETIOV08:
;__Lib_MathDouble.c,2219 :: 		
0x0524	0x800B      	BSF         R11, 0, 0
;__Lib_MathDouble.c,2220 :: 		
0x0526	0xAE0B      	BTFSS       R11, 7, 0
;__Lib_MathDouble.c,2221 :: 		
0x0528	0xF002EFA2  	GOTO        INT3208EER
;__Lib_MathDouble.c,2223 :: 		
0x052C	0x6A01      	CLRF        R1, 0
;__Lib_MathDouble.c,2224 :: 		
0x052E	0xF002EFA2  	GOTO        INT3208EER
;__Lib_MathDouble.c,2225 :: 		
D2B_JPKSETIOV3224:
;__Lib_MathDouble.c,2226 :: 		
0x0532	0x0E01      	MOVLW       1
;__Lib_MathDouble.c,2227 :: 		
0x0534	0x6E0C      	MOVWF       R12, 0
;__Lib_MathDouble.c,2229 :: 		
0x0536	0xDDB2      	RCALL       _SETIOV3224
;__Lib_MathDouble.c,2231 :: 		
0x0538	0xF002EFA4  	GOTO        INT3208EEE
;__Lib_MathDouble.c,2232 :: 		
INT3208EOK:
;__Lib_MathDouble.c,2233 :: 		
0x053C	0x0E00      	MOVLW       0
;__Lib_MathDouble.c,2234 :: 		
0x053E	0x6E0C      	MOVWF       R12, 0
;__Lib_MathDouble.c,2235 :: 		
0x0540	0xF002EFA4  	GOTO        INT3208EEE
;__Lib_MathDouble.c,2236 :: 		
INT3208EER:
;__Lib_MathDouble.c,2237 :: 		
0x0544	0x0EFF      	MOVLW       255
;__Lib_MathDouble.c,2238 :: 		
0x0546	0x6E0C      	MOVWF       R12, 0
;__Lib_MathDouble.c,2239 :: 		
INT3208EEE:
;__Lib_MathDouble.c,2240 :: 		
0x0548	0x5002      	MOVF        R2, 0, 0
;__Lib_MathDouble.c,2241 :: 		
0x054A	0x6E00      	MOVWF       R0, 0
;__Lib_MathDouble.c,2246 :: 		
L_end_double2byte:
0x054C	0x0012      	RETURN      0
; end of _double2byte
_word2double:
;__Lib_MathDouble.c,2335 :: 		
;__Lib_MathDouble.c,2344 :: 		
0x054E	0x5000      	MOVF        R0, 0, 0
;__Lib_MathDouble.c,2345 :: 		
0x0550	0x6E08      	MOVWF       R8, 0
;__Lib_MathDouble.c,2346 :: 		
0x0552	0x5001      	MOVF        R1, 0, 0
;__Lib_MathDouble.c,2347 :: 		
0x0554	0x6E00      	MOVWF       R0, 0
;__Lib_MathDouble.c,2348 :: 		
0x0556	0x6A01      	CLRF        R1, 0
;__Lib_MathDouble.c,2349 :: 		
0x0558	0x6A02      	CLRF        R2, 0
;__Lib_MathDouble.c,2350 :: 		
0x055A	0x6A03      	CLRF        R3, 0
;__Lib_MathDouble.c,2353 :: 		
0x055C	0x6A0B      	CLRF        R11, 0
;__Lib_MathDouble.c,2354 :: 		
0x055E	0x6A0C      	CLRF        R12, 0
;__Lib_MathDouble.c,2356 :: 		
0x0560	0x0E96      	MOVLW       150
;__Lib_MathDouble.c,2357 :: 		
0x0562	0x6E03      	MOVWF       R3, 0
;__Lib_MathDouble.c,2358 :: 		
0x0564	0x6A0A      	CLRF        R10, 0
;__Lib_MathDouble.c,2360 :: 		
0x0566	0xF001C000  	MOVFF       R0, R1
;__Lib_MathDouble.c,2361 :: 		
0x056A	0xF000C008  	MOVFF       R8, R0
;__Lib_MathDouble.c,2362 :: 		
0x056E	0x6A08      	CLRF        R8, 0
;__Lib_MathDouble.c,2363 :: 		
0x0570	0x6A02      	CLRF        R2, 0
;__Lib_MathDouble.c,2365 :: 		
0x0572	0xDDA8      	RCALL       _NRM3232
;__Lib_MathDouble.c,2366 :: 		
L_end_word2double:
0x0574	0x0012      	RETURN      0
; end of _word2double
_main:
0x0576	0x6A15      	CLRF        _duty 
0x0578	0x6A16      	CLRF        _percent 
0x057A	0x6A17      	CLRF        23 
0x057C	0x6A18      	CLRF        24 
0x057E	0x6A19      	CLRF        25 
;motor.c,4 :: 		void main(void)
;motor.c,7 :: 		adcon1 = 0x04;
0x0580	0x0E04      	MOVLW       4
0x0582	0x6EC1      	MOVWF       ADCON1 
;motor.c,10 :: 		trisa.an0 = 1;
0x0584	0x8092      	BSF         TRISA, 0 
;motor.c,13 :: 		PWM1_Init(5000);
0x0586	0x80CA      	BSF         T2CON, 0, 0
0x0588	0x92CA      	BCF         T2CON, 1, 0
0x058A	0x0E63      	MOVLW       99
0x058C	0x6ECB      	MOVWF       PR2, 0
0x058E	0xDEC0      	RCALL       _PWM1_Init
;motor.c,14 :: 		PWM1_Start();
0x0590	0xDE9C      	RCALL       _PWM1_Start
;motor.c,16 :: 		while(1)
L_main0:
;motor.c,19 :: 		percent = ADC_Read(0)/1023.0;
0x0592	0x6A1A      	CLRF        FARG_ADC_Read_channel 
0x0594	0xDE9F      	RCALL       _ADC_Read
0x0596	0xDFDB      	RCALL       _word2double
0x0598	0x0E00      	MOVLW       0
0x059A	0x6E04      	MOVWF       R4 
0x059C	0x0EC0      	MOVLW       192
0x059E	0x6E05      	MOVWF       R5 
0x05A0	0x0E7F      	MOVLW       127
0x05A2	0x6E06      	MOVWF       R6 
0x05A4	0x0E88      	MOVLW       136
0x05A6	0x6E07      	MOVWF       R7 
0x05A8	0xDDD6      	RCALL       _Div_32x32_FP
0x05AA	0xF016C000  	MOVFF       R0, _percent
0x05AE	0xF017C001  	MOVFF       R1, _percent+1
0x05B2	0xF018C002  	MOVFF       R2, _percent+2
0x05B6	0xF019C003  	MOVFF       R3, _percent+3
;motor.c,20 :: 		duty = percent*255;
0x05BA	0xF000C016  	MOVFF       _percent, R0
0x05BE	0xF001C017  	MOVFF       _percent+1, R1
0x05C2	0xF002C018  	MOVFF       _percent+2, R2
0x05C6	0xF003C019  	MOVFF       _percent+3, R3
0x05CA	0x0E00      	MOVLW       0
0x05CC	0x6E04      	MOVWF       R4 
0x05CE	0x0E00      	MOVLW       0
0x05D0	0x6E05      	MOVWF       R5 
0x05D2	0x0E7F      	MOVLW       127
0x05D4	0x6E06      	MOVWF       R6 
0x05D6	0x0E86      	MOVLW       134
0x05D8	0x6E07      	MOVWF       R7 
0x05DA	0xDEA6      	RCALL       _Mul_32x32_FP
0x05DC	0xDF6B      	RCALL       _double2byte
0x05DE	0xF015C000  	MOVFF       R0, _duty
;motor.c,21 :: 		PWM1_Set_Duty(duty);
0x05E2	0xF01AC015  	MOVFF       _duty, FARG_PWM1_Set_Duty_new_duty
0x05E6	0xDF30      	RCALL       _PWM1_Set_Duty
;motor.c,24 :: 		Delay_ms(100);
0x05E8	0x0E02      	MOVLW       2
0x05EA	0x6E0B      	MOVWF       R11, 0
0x05EC	0x0E04      	MOVLW       4
0x05EE	0x6E0C      	MOVWF       R12, 0
0x05F0	0x0EBA      	MOVLW       186
0x05F2	0x6E0D      	MOVWF       R13, 0
L_main2:
0x05F4	0x2E0D      	DECFSZ      R13, 1, 0
0x05F6	0xD7FE      	BRA         L_main2
0x05F8	0x2E0C      	DECFSZ      R12, 1, 0
0x05FA	0xD7FC      	BRA         L_main2
0x05FC	0x2E0B      	DECFSZ      R11, 1, 0
0x05FE	0xD7FA      	BRA         L_main2
0x0600	0x0000      	NOP
;motor.c,25 :: 		}
0x0602	0xD7C7      	BRA         L_main0
;motor.c,27 :: 		}
L_end_main:
0x0604	0xD7FF      	BRA         $+0
; end of _main
Symbol List:
//** Routines locations **
//ADDRESS    SIZE    PROCEDURE
//----------------------------------------------
0x001C       [8]    _FIXSIGN32
0x0024      [26]    _SETFUN32
0x003E      [14]    _RES032
0x004C      [80]    _Mul_16X16_U
0x009C      [28]    _SETIOV3224
0x00B8      [12]    _Delay_22us
0x00C4     [114]    _NRM3232
0x0136      [24]    _SETFOV32
0x014E       [8]    _SETFDZ32
0x0156     [372]    _Div_32x32_FP
0x02CA      [10]    _PWM1_Start
0x02D4      [60]    _ADC_Read
0x0310       [8]    _PWM1_Init
0x0318      [16]    ___CC2DW
0x0328     [288]    _Mul_32x32_FP
0x0448     [108]    _PWM1_Set_Duty
0x04B4     [154]    _double2byte
0x054E      [40]    _word2double
0x0576     [144]    _main
//** Variables locations ** 
//ADDRESS    SIZE    VARIABLE
//----------------------------------------------
0x0000       [1]    R0
0x0000       [1]    __Lib_SoftI2C_PutZerosToLATScl_temp_scl_L0
0x0000       [1]    UART1_Init_tmp_L0
0x0000       [1]    SPI1_Write_tmp_L0
0x0000       [1]    EEPROM_Write_SaveINTCON_L0
0x0000       [1]    __Lib_SoftI2C_PutZerosToLATSda_temp_sda_L0
0x0000       [1]    FLASH_Erase_64_SaveINTCON_L0
0x0001       [1]    R1
0x0001       [1]    UART1_Read___tmp_UART1_Read_L0
0x0001       [1]    FLASH_Write_8_i_L0
0x0001       [1]    I2C1_Rd_tmp_L0
0x0001       [1]    ispunct_rslt_L0
0x0001       [1]    __Lib_TFT_JPEG_FileRead_i_L0
0x0001       [2]    FLASH_Read_N_Bytes_i_L0
0x0001       [1]    __Lib_TFT_JPEG_FileReadBytes_Result_L0
0x0001       [1]    __Lib_PS2_Wait_Falling_nsample_L0
0x0001       [1]    __Lib_TFT_16bit_JPEG_FileRead_i_L0
0x0001       [1]    __Lib_TFT_16bit_JPEG_FileReadBytes_Result_L0
0x0001       [1]    FLASH_Erase_Write_64_i_L0
0x0002       [2]    memcpy_dd_L0
0x0002       [2]    memset_pp_L0
0x0002       [1]    FLASH_Erase_Write_64_j_L0
0x0002       [1]    R2
0x0002       [2]    memchr_s_L0
0x0002       [1]    FLASH_Write_8_SaveINTCON_L0
0x0002       [2]    strlen_cp_L0
0x0003       [1]    __Lib_Sprinti_?FLOC____Lib_Sprinti_Do_FillT29
0x0003       [2]    memmove_tt_L0
0x0003       [2]    MM_TotalFreeMemSize_Tot_L0
0x0003       [2]    Ltrim_original_L0
0x0003       [1]    FLASH_Erase_Write_64_SaveINTCON_L0
0x0003       [1]    MM_Init_i_L0
0x0003       [2]    __Lib_MmcFat16_f16_toInt_l_L0
0x0003       [1]    R3
0x0004       [1]    __Lib_Sprinti_?FLOC____Lib_Sprinti_Do_FillT40
0x0004       [2]    strcpy_cp_L0
0x0004       [2]    strncpy_cp_L0
0x0004       [2]    strncat_cp_L0
0x0004       [2]    frexp_pom_L0
0x0004       [2]    __Lib_MemManager_MM_GetMemAlign_P_L0
0x0004       [1]    R4
0x0004       [2]    memcpy_ss_L0
0x0004       [2]    strcat_cp_L0
0x0005       [2]    Ltrim_p_L0
0x0005       [1]    R5
0x0005       [2]    LongIntToHex_input_half_L0
0x0005       [2]    LongWordToHex_input_half_L0
0x0005       [2]    memmove_ff_L0
0x0005       [1]    __Lib_Sprinti_?FLOC____Lib_Sprinti_Do_FillT54
0x0005       [1]    MM_TotalFreeMemSize_i_L0
0x0006       [1]    __Lib_MemManager_MM_GetMemAlign_i_L0
0x0006       [1]    __Lib_Sprinti_?FLOC____Lib_Sprinti_Do_FillT69
0x0006       [1]    R6
0x0007       [1]    R7
0x0007       [1]    __Lib_TFT_16bit_JPEG_GenerateHuffmanTables_bLength_L0
0x0007       [1]    __Lib_TFT_JPEG_GenerateHuffmanTables_bLength_L0
0x0008       [1]    R8
0x0008       [1]    __Lib_TFT_16bit_JPEG_GenerateHuffmanTables_bTable_L0
0x0008       [1]    __Lib_TFT_JPEG_GenerateHuffmanTables_bTable_L0
0x0009       [1]    R9
0x0009       [4]    __Lib_MmcFat16_f16_toLong_l_L0
0x000A       [1]    R10
0x000B       [1]    R11
0x000C       [1]    R12
0x000D       [1]    R13
0x000E       [1]    R14
0x000F       [1]    R15
0x0010       [1]    R16
0x0011       [1]    R17
0x0012       [1]    R18
0x0013       [1]    R19
0x0014       [1]    R20
0x0015       [1]    _duty
0x0016       [4]    _percent
0x001A       [4]    FARG_PWM1_Init_PWM_Freq
0x001A       [1]    FARG_ADC_Read_channel
0x001A       [1]    FARG_PWM1_Set_Duty_new_duty
0x0F92       [1]    TRISA
0x0F94       [0]    TRISC2_bit
0x0FBD       [1]    CCP1CON
0x0FBE       [1]    CCPR1L
0x0FC1       [1]    ADCON1
0x0FC2       [1]    ADCON0
0x0FC3       [1]    ADRESL
0x0FC4       [1]    ADRESH
0x0FCA       [1]    T2CON
0x0FCB       [1]    PR2
0x0FD8       [1]    STATUS
0x0FD9       [1]    FSR2L
0x0FDA       [1]    FSR2H
0x0FDE       [1]    POSTINC2
0x0FE0       [1]    BSR
0x0FE1       [1]    FSR1L
0x0FE2       [1]    FSR1H
0x0FE4       [1]    PREINC1
0x0FE6       [1]    POSTINC1
0x0FE7       [1]    INDF1
0x0FE8       [1]    WREG
0x0FE9       [1]    FSR0L
0x0FEA       [1]    FSR0H
0x0FEE       [1]    POSTINC0
0x0FF3       [1]    PRODL
0x0FF4       [1]    PRODH
0x0FF5       [1]    TABLAT
0x0FF6       [1]    TBLPTRL
0x0FF7       [1]    TBLPTRH
0x0FF8       [1]    TBLPTRU
//** Label List: ** 
//----------------------------------------------
  L_main0
  L_main1
  L_main2
  L_end_main
  _main
  L_ADC_Get_Sample0
  L_ADC_Get_Sample1
  L_ADC_Read2
  L_ADC_Read3
  L_end_ADC_Init
  _ADC_Init
  L_end_ADC_Get_Sample
  _ADC_Get_Sample
  L_end_ADC_Read
  _ADC_Read
  L_Delay_10us0
  L_Delay_22us1
  L_Delay_50us2
  L_Delay_80us3
  L_Delay_500us4
  L_Delay_5500us5
  L_Delay_1ms6
  L_Delay_5ms7
  L_Delay_8ms8
  L_Delay_100ms9
  L_Delay_10ms10
  L_Delay_1sec11
  L____Boot_Delay4k12
  L____Boot_Delay8k13
  L____Boot_Delay12k14
  L____Boot_Delay16k15
  L____Boot_Delay24k16
  L____Boot_Delay32k17
  L____Boot_Delay48k18
  L____Boot_Delay64k19
  L____Boot_Delay128k20
  L_Delay_Cyc21
  L_Delay_Cyc22
  L_VDelay_ms23
  L_VDelay_ms24
  L_VDelay_ms25
  L_VDelay_Advanced_ms26
  L_VDelay_Advanced_ms27
  L_VDelay_Advanced_ms28
  L_end_Get_Fosc_kHz
  _Get_Fosc_kHz
  L_end_Delay_1us
  _Delay_1us
  L_end_Delay_10us
  _Delay_10us
  L_end_Delay_22us
  _Delay_22us
  L_end_Delay_50us
  _Delay_50us
  L_end_Delay_80us
  _Delay_80us
  L_end_Delay_500us
  _Delay_500us
  L_end_Delay_5500us
  _Delay_5500us
  L_end_Delay_1ms
  _Delay_1ms
  L_end_Delay_5ms
  _Delay_5ms
  L_end_Delay_8ms
  _Delay_8ms
  L_end_Delay_100ms
  _Delay_100ms
  L_end_Delay_10ms
  _Delay_10ms
  L_end_Delay_1sec
  _Delay_1sec
  L_end____Boot_Delay4k
  ____Boot_Delay4k
  L_end____Boot_Delay8k
  ____Boot_Delay8k
  L_end____Boot_Delay12k
  ____Boot_Delay12k
  L_end____Boot_Delay16k
  ____Boot_Delay16k
  L_end____Boot_Delay24k
  ____Boot_Delay24k
  L_end____Boot_Delay32k
  ____Boot_Delay32k
  L_end____Boot_Delay48k
  ____Boot_Delay48k
  L_end____Boot_Delay64k
  ____Boot_Delay64k
  L_end____Boot_Delay128k
  ____Boot_Delay128k
  L_end_Delay_Cyc
  _Delay_Cyc
  L_end_VDelay_ms
  _VDelay_ms
  L__VDelay_ms54
  L__VDelay_ms55
  L__VDelay_ms56
  L_end_VDelay_Advanced_ms
  _VDelay_Advanced_ms
  L__VDelay_Advanced_ms58
  L__VDelay_Advanced_ms59
  L__VDelay_Advanced_ms60
  L_Div_16x16_S0
  L_Div_16x16_S1
  LOOPS3232A
  SADD22LA
  SOK22LA
  SADD22L8
  SOK22L8
  LOOPS3232B
  SADD22LB
  SOK22LB
  SADD22L16
  SOK22L16
  LOOPS3232C
  SADD22LC
  SOK22LC
  SADD22L24
  SOK22L24
  LOOPS3232D
  SADD22LD
  SOK22LD
  SOK22L
  L_Div_32x32_S6
  L_Div_32x32_S7
  L_Div_32x32_S8
  L_Div_32x32_S9
  FXD3232S
  END_ALL
  CA3232S
  C3232SX
  C3232SX1
  C3232S
  C3232S2
  C3232SX4
  C3232SOK
  C3232SX3
  C3232SX2
  avoid_comfrem
  LOOPU3232A
  UADD22LA
  UOK22LA
  UADD22L8
  UOK22L8
  LOOPU3232B
  UADD22LB
  UOK22LB
  UADD22L16
  UOK22L16
  LOOPU3232C
  UADD22LC
  UOK22LC
  UADD22L24
  UOK22L24
  LOOPU3232D
  UADD22LD
  UOK22LD
  UOK22L
  _NEXT
  _EXIT2
  _LOOP
  _EXIT1
  _IF_FIRST
  _IF_SECOND
  _INVERCE_FIRST
  _MULT
  _INBERSE_SECOND
  _EXIT
  L_end_Div_8X8_U
  _Div_8X8_U
  L_end_Div_16X16_U
  _Div_16X16_U
  L_end_Div_16x16_S_L
  _Div_16x16_S_L
  L_end_Div_16x16_S
  _Div_16x16_S
  L_end_Div_8X8_S
  _Div_8X8_S
  L_end_Mul_8X8_S
  _Mul_8X8_S
  L_end_Mul_16X16_U
  _Mul_16X16_U
  L_end_Mul_16X16_S
  _Mul_16X16_S
  L_end_SDIV3232L
  _SDIV3232L
  L_end_COMFREM
  _COMFREM
  L_end_Div_32x32_S
  _Div_32x32_S
  L_end_Div_32x32_U
  _Div_32x32_U
  L_end_Mul_32x32_U
  _Mul_32x32_U
  L_end_Mul_32x32_S
  _Mul_32x32_S
  SETFOV32EEE
  SETFUN32EEE
  NRMRND4032
  NRM40JPSETFOV32
  NRM4032
  NRM4032A
  TNIB4032
  NORM4032
  TNORMUN4032
  NRM40JPSETFUN32
  NRM40JPFIXSIGN32
  NRM4032B
  TNIB4032A
  NORM4032A
  NRM4032C
  TNIB4032B
  NORM4032B
  NRM40JPRES032
  TNIB4032C
  NORM4032C
  NRM40EEE
  NORM3232
  JPNRES032
  JPNSETFUN32
  NORM3232A
  JMPNFIXSIGN32
  NORM32EEE
  SETIOV3224EEE
  FPA32
  USEA32
  USEB32
  BRETURN32
  BLIGNED32
  BNIB32
  BNIB32A
  BNIB32B
  BNIB32C
  ADDEOK
  BLOOP32C
  BLOOP32B
  BLOOP32A
  BLOOP32
  AOK32
  BNE032
  ALIGNED32
  ANIB32
  ANIB32A
  ANIB32B
  ANIB32C
  ALOOP32C
  ALOOP32B
  ALOOP32A
  ALOOP32
  ACOMP32
  ADDJPNRMRND4032
  ADDJPSETFOV32
  ADDJPNRM4032
  ADDEEE
  FPS32
  FPM32
  MULJPRES032
  M32BNE0
  MTUN32
  MULJPSETFOV32
  MOK32
  MULJPSETFUN32
  MROUND32
  MUL32OK
  MULEEE
  L_Div_32x32_FP11
  L_Div_32x32_FP12
  L_Div_32x32_FP13
  L_Div_32x32_FP14
  FPD32
  JPDSETFDZ32
  JPDRES032
  D32BNE0
  TALIGN32
  TS1ALIGN32
  TS2ALIGN32
  DALIGN32OK
  ALTB32
  AGEB32
  JPDSETFOV32
  DARGOK32
  JPDSETFUN32
  DLOOP32
  DS132
  DS232
  DREST32
  DOK32
  DAREST32
  DROUND32
  DIV32OK
  DIV32EEE
  INT3232U
  INT3232UEOK
  SETEXP32U
  SETIOV32U
  TSHIFT3232U
  SHIFT3232UOK
  SHIFT3232U
  INT3232UOK
  JPLSETIOV3224
  IRES032U
  INT3232UEER
  INT3232UEEE
  INT3232
  INT3232EOK
  SETIOV32
  TSHIFT3232
  SHIFT3232OK
  SHIFT3232
  INT3232OK
  JPISETIOV3224
  IRES032
  INT3232EER
  INT3232EEE
  INT3216
  IRES016
  SETIOV16
  TSHIFT3216
  SHIFT3216OK
  SHIFT3216
  INT3216OK
  JPJSETIOV3224
  INT3216EOK
  INT3216EER
  INT3216EEE
  INT3216U
  IRES016U
  SETEXP16U
  SETIOV16U
  TSHIFT3216U
  SHIFT3216UOK
  SHIFT3216U
  INT3216UOK
  JPKSETIOV3224
  INT3216UEOK
  INT3216UEER
  INT3216UEEE
  INT32U08
  IRES008
  SETEXP08
  SETIOV08
  TSHIFT3208
  SHIFT3208OK
  SHIFT3208
  INT3208OK
  D2B_JPKSETIOV3224
  INT3208EOK
  INT3208EER
  INT3208EEE
  FLO08U32
  FLO1632
  FLO1632EEE
  FLO16U32
  FLO3232
  FLO3232EEE
  FLO32U32
  EQU_FALSE
  COMPARE_EQU
  COMPARE_NOTZERO
  COMPARE_XNOTZERO
  COMPARE_YNOTZERO
  COMPARE_LT
  COMPARE_GT
  COMPARE_TESTALL
  COMPARE_C1
  GT_FALSE
  GT_TRUE
  COMPARE_C2
  COMPARE_C3
  L_end_SETFOV32
  _SETFOV32
  L_end_SETFDZ32
  _SETFDZ32
  L_end_FIXSIGN32
  _FIXSIGN32
  L_end_RES032
  _RES032
  L_end_SETFUN32
  _SETFUN32
  L_end_NRM4032
  _NRM4032
  L_end_NRM3232
  _NRM3232
  L_end_SETIOV3224
  _SETIOV3224
  L_end_Add_32x32_FP
  _Add_32x32_FP
  L_end_Sub_32x32_FP
  _Sub_32x32_FP
  L_end_Mul_32x32_FP
  _Mul_32x32_FP
  L_end_Div_32x32_FP
  _Div_32x32_FP
  L_end_double2longword
  _double2longword
  L_end_double2longint
  _double2longint
  L_end_double2int
  _double2int
  L_end_double2word
  _double2word
  L_end_double2byte
  _double2byte
  L_end_byte2double
  _byte2double
  L_end_int2double
  _int2double
  L_end_word2double
  _word2double
  L_end_longint2double
  _longint2double
  L_end_longword2double
  _longword2double
  L_end_Equals_Double
  _Equals_Double
  L_end_Compare_Double
  _Compare_Double
  L_end_PWM2_Init
  _PWM2_Init
  L_end_PWM2_Set_Duty
  _PWM2_Set_Duty
  L__PWM2_Set_Duty2
  L__PWM2_Set_Duty3
  L__PWM2_Set_Duty4
  L__PWM2_Set_Duty5
  L_end_PWM2_Start
  _PWM2_Start
  L_end_PWM2_Stop
  _PWM2_Stop
  L_end_PWM1_Init
  _PWM1_Init
  L_end_PWM1_Set_Duty
  _PWM1_Set_Duty
  L__PWM1_Set_Duty10
  L__PWM1_Set_Duty11
  L__PWM1_Set_Duty12
  L__PWM1_Set_Duty13
  L_end_PWM1_Start
  _PWM1_Start
  L_end_PWM1_Stop
  _PWM1_Stop
  _CC2D_Loop1
  _CC2DL_Loop1
  L_loopCA2AWs
  L_loopCCA2AWs
  L_loopCS2Ss
  L_CS2Send
  L_loopCCS2Ss
  L_CCS2Send
  L_loopFZinSWs
  L_longjmp7
  L_end___CC2D
  ___CC2D
  L_end___CC2DW
  ___CC2DW
  L_end___CA2AW
  ___CA2AW
  L_end___CCA2AW
  ___CCA2AW
  L_end___CS2S
  ___CS2S
  L_end___CCS2S
  ___CCS2S
  L_end___FZinS
  ___FZinS
  L_end_____DoIFC
  _____DoIFC
  L_end_Swap
  _Swap
  L_end_setjmp
  _setjmp
  L_end_longjmp
  _longjmp
