;  LST file generated by mikroListExporter - v.2.0 
; Date/Time: 31/03/2017 13:44:36
;----------------------------------------------

;Address Opcode 	ASM
0x0000	0xF000EF1F  	GOTO        62
_interrupt:
;Circuito4.c,8 :: 		void interrupt(void){
;Circuito4.c,9 :: 		if (INTCON.TMR0IF == 1){
0x0008	0xA4F2      	BTFSS       INTCON, 2 
0x000A	0xD010      	BRA         L_interrupt0
;Circuito4.c,10 :: 		if(PORTD.RD0==0)
0x000C	0xB083      	BTFSC       PORTD, 0 
0x000E	0xD006      	BRA         L_interrupt1
;Circuito4.c,12 :: 		TMR0H = COUNTER2 >> 8;  // RE-Load Timer 0 counter - 1st TMR0H
0x0010	0x0EC2      	MOVLW       194
0x0012	0x6ED7      	MOVWF       TMR0H 
;Circuito4.c,13 :: 		TMR0L = COUNTER2;       // RE-Load Timer 0 counter - 2nd TMR0L
0x0014	0x0EF6      	MOVLW       246
0x0016	0x6ED6      	MOVWF       TMR0L 
;Circuito4.c,14 :: 		PORTD.RD0=1;
0x0018	0x8083      	BSF         PORTD, 0 
;Circuito4.c,15 :: 		}
0x001A	0xD007      	BRA         L_interrupt2
L_interrupt1:
;Circuito4.c,16 :: 		else if(PORTD.RD0==1)
0x001C	0xA083      	BTFSS       PORTD, 0 
0x001E	0xD005      	BRA         L_interrupt3
;Circuito4.c,18 :: 		TMR0H = COUNTER1 >> 8;  // RE-Load Timer 0 counter - 1st TMR0H
0x0020	0x0E9E      	MOVLW       158
0x0022	0x6ED7      	MOVWF       TMR0H 
;Circuito4.c,19 :: 		TMR0L = COUNTER1;       // RE-Load Timer 0 counter - 2nd TMR0L
0x0024	0x0E57      	MOVLW       87
0x0026	0x6ED6      	MOVWF       TMR0L 
;Circuito4.c,20 :: 		PORTD.RD0=0;
0x0028	0x9083      	BCF         PORTD, 0 
;Circuito4.c,21 :: 		}
L_interrupt3:
L_interrupt2:
;Circuito4.c,22 :: 		INTCON.TMR0IF=0;
0x002A	0x94F2      	BCF         INTCON, 2 
;Circuito4.c,23 :: 		}
L_interrupt0:
;Circuito4.c,24 :: 		}
L_end_interrupt:
L__interrupt5:
0x002C	0x0011      	RETFIE      1
; end of _interrupt
___CC2DW:
;__Lib_System.c,21 :: 		
;__Lib_System.c,23 :: 		
_CC2DL_Loop1:
;__Lib_System.c,24 :: 		
0x002E	0x0009      	TBLRD*+
;__Lib_System.c,25 :: 		
0x0030	0xFFE6CFF5  	MOVFF       TABLAT, POSTINC1
;__Lib_System.c,26 :: 		
0x0034	0x0600      	DECF        R0, 1, 0
;__Lib_System.c,27 :: 		
0x0036	0xE1FB      	BNZ         _CC2DL_Loop1
;__Lib_System.c,28 :: 		
0x0038	0x0601      	DECF        R1, 1, 0
;__Lib_System.c,29 :: 		
0x003A	0xE1F9      	BNZ         _CC2DL_Loop1
;__Lib_System.c,31 :: 		
L_end___CC2DW:
0x003C	0x0012      	RETURN      0
; end of ___CC2DW
_main:
;Circuito4.c,26 :: 		void main() {
;Circuito4.c,28 :: 		TRISD.RD0 = 0;  // digital output
0x003E	0x9095      	BCF         TRISD, 0 
;Circuito4.c,29 :: 		PORTD.RD0 = 0;  // LED off
0x0040	0x9083      	BCF         PORTD, 0 
;Circuito4.c,32 :: 		T0CON.T08BIT = 0;       // 16 bits
0x0042	0x9CD5      	BCF         T0CON, 6 
;Circuito4.c,33 :: 		T0CON.T0CS = 0;         // Internal clock => Crystal/4
0x0044	0x9AD5      	BCF         T0CON, 5 
;Circuito4.c,34 :: 		T0CON.PSA = 0;          // Prescaler ON
0x0046	0x96D5      	BCF         T0CON, 3 
;Circuito4.c,37 :: 		T0CON.T0PS2 = 1;
0x0048	0x84D5      	BSF         T0CON, 2 
;Circuito4.c,38 :: 		T0CON.T0PS1 = 1;
0x004A	0x82D5      	BSF         T0CON, 1 
;Circuito4.c,39 :: 		T0CON.T0PS0 = 1;
0x004C	0x80D5      	BSF         T0CON, 0 
;Circuito4.c,42 :: 		TMR0H = COUNTER1 >> 8;  // Load Timer 0 counter - 1st TMR0H
0x004E	0x0E9E      	MOVLW       158
0x0050	0x6ED7      	MOVWF       TMR0H 
;Circuito4.c,43 :: 		TMR0L = COUNTER1;       // Load Timer 0 counter - 2nd TMR0L
0x0052	0x0E57      	MOVLW       87
0x0054	0x6ED6      	MOVWF       TMR0L 
;Circuito4.c,46 :: 		INTCON.TMR0IP = 1;
0x0056	0x84F2      	BSF         INTCON, 2 
;Circuito4.c,47 :: 		INTCON.TMR0IF=0;
0x0058	0x94F2      	BCF         INTCON, 2 
;Circuito4.c,48 :: 		INTCON.TMR0IE=1;
0x005A	0x8AF2      	BSF         INTCON, 5 
;Circuito4.c,49 :: 		INTCON.PEIE=0;
0x005C	0x9CF2      	BCF         INTCON, 6 
;Circuito4.c,50 :: 		INTCON.GIE=1;
0x005E	0x8EF2      	BSF         INTCON, 7 
;Circuito4.c,52 :: 		T0CON.TMR0ON=1;         // Timer ON
0x0060	0x8ED5      	BSF         T0CON, 7 
;Circuito4.c,54 :: 		}
L_end_main:
0x0062	0xD7FF      	BRA         $+0
; end of _main
Symbol List:
//** Routines locations **
//ADDRESS    SIZE    PROCEDURE
//----------------------------------------------
0x0008      [38]    _interrupt
0x002E      [16]    ___CC2DW
0x003E      [38]    _main
//** Variables locations ** 
//ADDRESS    SIZE    VARIABLE
//----------------------------------------------
0x0000       [1]    FLASH_Erase_64_SaveINTCON_L0
0x0000       [1]    R0
0x0000       [1]    EEPROM_Write_SaveINTCON_L0
0x0000       [1]    UART1_Init_tmp_L0
0x0000       [1]    SPI1_Write_tmp_L0
0x0000       [1]    __Lib_SoftI2C_PutZerosToLATScl_temp_scl_L0
0x0000       [1]    __Lib_SoftI2C_PutZerosToLATSda_temp_sda_L0
0x0001       [1]    ispunct_rslt_L0
0x0001       [1]    __Lib_TFT_16bit_JPEG_FileRead_i_L0
0x0001       [1]    FLASH_Write_8_i_L0
0x0001       [1]    __Lib_TFT_16bit_JPEG_FileReadBytes_Result_L0
0x0001       [1]    __Lib_TFT_JPEG_FileRead_i_L0
0x0001       [1]    I2C1_Rd_tmp_L0
0x0001       [2]    FLASH_Read_N_Bytes_i_L0
0x0001       [1]    R1
0x0001       [1]    __Lib_PS2_Wait_Falling_nsample_L0
0x0001       [1]    __Lib_TFT_JPEG_FileReadBytes_Result_L0
0x0001       [1]    FLASH_Erase_Write_64_i_L0
0x0001       [1]    UART1_Read___tmp_UART1_Read_L0
0x0002       [2]    memset_pp_L0
0x0002       [1]    FLASH_Write_8_SaveINTCON_L0
0x0002       [2]    strlen_cp_L0
0x0002       [2]    memcpy_dd_L0
0x0002       [2]    memchr_s_L0
0x0002       [1]    R2
0x0002       [1]    FLASH_Erase_Write_64_j_L0
0x0003       [2]    memmove_tt_L0
0x0003       [2]    MM_TotalFreeMemSize_Tot_L0
0x0003       [1]    MM_Init_i_L0
0x0003       [1]    FLASH_Erase_Write_64_SaveINTCON_L0
0x0003       [2]    Ltrim_original_L0
0x0003       [1]    R3
0x0003       [2]    __Lib_MmcFat16_f16_toInt_l_L0
0x0004       [2]    strcat_cp_L0
0x0004       [2]    strcpy_cp_L0
0x0004       [2]    strncpy_cp_L0
0x0004       [2]    memcpy_ss_L0
0x0004       [2]    __Lib_MemManager_MM_GetMemAlign_P_L0
0x0004       [2]    strncat_cp_L0
0x0004       [1]    R4
0x0004       [2]    frexp_pom_L0
0x0005       [2]    LongWordToHex_input_half_L0
0x0005       [2]    Ltrim_p_L0
0x0005       [2]    LongIntToHex_input_half_L0
0x0005       [1]    MM_TotalFreeMemSize_i_L0
0x0005       [2]    memmove_ff_L0
0x0005       [1]    R5
0x0006       [1]    R6
0x0006       [1]    __Lib_MemManager_MM_GetMemAlign_i_L0
0x0007       [1]    R7
0x0007       [1]    __Lib_TFT_16bit_JPEG_GenerateHuffmanTables_bLength_L0
0x0007       [1]    __Lib_TFT_JPEG_GenerateHuffmanTables_bLength_L0
0x0008       [1]    __Lib_TFT_JPEG_GenerateHuffmanTables_bTable_L0
0x0008       [1]    R8
0x0008       [1]    __Lib_TFT_16bit_JPEG_GenerateHuffmanTables_bTable_L0
0x0009       [1]    R9
0x0009       [4]    __Lib_MmcFat16_f16_toLong_l_L0
0x000A       [1]    R10
0x000B       [1]    R11
0x000C       [1]    R12
0x000D       [1]    R13
0x000E       [1]    R14
0x000F       [1]    R15
0x0010       [1]    R16
0x0011       [1]    R17
0x0012       [1]    R18
0x0013       [1]    R19
0x0014       [1]    R20
0x0F83       [1]    PORTD
0x0F95       [1]    TRISD
0x0FD5       [1]    T0CON
0x0FD6       [1]    TMR0L
0x0FD7       [1]    TMR0H
0x0FD8       [1]    STATUS
0x0FD9       [1]    FSR2L
0x0FDA       [1]    FSR2H
0x0FDE       [1]    POSTINC2
0x0FE0       [1]    BSR
0x0FE1       [1]    FSR1L
0x0FE2       [1]    FSR1H
0x0FE4       [1]    PREINC1
0x0FE6       [1]    POSTINC1
0x0FE7       [1]    INDF1
0x0FE8       [1]    WREG
0x0FE9       [1]    FSR0L
0x0FEA       [1]    FSR0H
0x0FEE       [1]    POSTINC0
0x0FF2       [1]    INTCON
0x0FF3       [1]    PRODL
0x0FF4       [1]    PRODH
0x0FF5       [1]    TABLAT
0x0FF6       [1]    TBLPTRL
0x0FF7       [1]    TBLPTRH
0x0FF8       [1]    TBLPTRU
//** Label List: ** 
//----------------------------------------------
  L_interrupt0
  L_interrupt1
  L_interrupt2
  L_interrupt3
  L_end_interrupt
  _interrupt
  L__interrupt5
  L_end_main
  _main
  _CC2D_Loop1
  _CC2DL_Loop1
  L_loopCA2AWs
  L_loopCCA2AWs
  L_loopCS2Ss
  L_CS2Send
  L_loopCCS2Ss
  L_CCS2Send
  L_loopFZinSWs
  L_longjmp7
  L_end___CC2D
  ___CC2D
  L_end___CC2DW
  ___CC2DW
  L_end___CA2AW
  ___CA2AW
  L_end___CCA2AW
  ___CCA2AW
  L_end___CS2S
  ___CS2S
  L_end___CCS2S
  ___CCS2S
  L_end___FZinS
  ___FZinS
  L_end_____DoIFC
  _____DoIFC
  L_end_Swap
  _Swap
  L_end_setjmp
  _setjmp
  L_end_longjmp
  _longjmp
  L_interrupt0
  L_interrupt1
  L_interrupt2
  L_interrupt3
  L_end_interrupt
  _interrupt
  L__interrupt5
  L_end_main
  _main
