;  LST file generated by mikroListExporter - v.2.0 
; Date/Time: 01/04/2017 21:44:36
;----------------------------------------------

;Address Opcode 	ASM
0x0000	0xF003EF56  	GOTO        1708
_interrupt:
;Circuito5.c,30 :: 		void interrupt(void)
;Circuito5.c,32 :: 		if (INTCON.TMR0IF)
0x0008	0xA4F2      	BTFSS       INTCON, 2 
0x000A	0xD005      	BRA         L_interrupt0
;Circuito5.c,34 :: 		PORTD.RD0 = 1;
0x000C	0x8083      	BSF         PORTD, 0 
;Circuito5.c,36 :: 		TMR2 = pulses2;
0x000E	0xFFCCC015  	MOVFF       _pulses2, TMR2
;Circuito5.c,38 :: 		INTCON.TMR2IF=0;
0x0012	0x92F2      	BCF         INTCON, 1 
;Circuito5.c,39 :: 		}
0x0014	0xD007      	BRA         L_interrupt1
L_interrupt0:
;Circuito5.c,40 :: 		else if (INTCON.TMR2IF)
0x0016	0xA2F2      	BTFSS       INTCON, 1 
0x0018	0xD005      	BRA         L_interrupt2
;Circuito5.c,42 :: 		PORTD.RD0 = 0;
0x001A	0x9083      	BCF         PORTD, 0 
;Circuito5.c,44 :: 		TMR0H = pulses1 >> 8;
0x001C	0x6AD7      	CLRF        TMR0H 
;Circuito5.c,45 :: 		TMR0L = pulses1;
0x001E	0xFFD6C016  	MOVFF       _pulses1, TMR0L
;Circuito5.c,47 :: 		INTCON.TMR0IF=0;
0x0022	0x94F2      	BCF         INTCON, 2 
;Circuito5.c,48 :: 		}
L_interrupt2:
L_interrupt1:
;Circuito5.c,49 :: 		}
L_end_interrupt:
L__interrupt9:
0x0024	0x0011      	RETFIE      1
; end of _interrupt
_SETFOV32:
;__Lib_MathDouble.c,82 :: 		
;__Lib_MathDouble.c,90 :: 		
0x0026	0x820B      	BSF         R11, 1, 0
;__Lib_MathDouble.c,91 :: 		
0x0028	0xAE0B      	BTFSS       R11, 7, 0
;__Lib_MathDouble.c,92 :: 		
0x002A	0xF000EF1D  	GOTO        SETFOV32EEE
;__Lib_MathDouble.c,94 :: 		
0x002E	0x6803      	SETF        R3, 0
;__Lib_MathDouble.c,95 :: 		
0x0030	0x6802      	SETF        R2, 0
;__Lib_MathDouble.c,96 :: 		
0x0032	0x6801      	SETF        R1, 0
;__Lib_MathDouble.c,97 :: 		
0x0034	0x6800      	SETF        R0, 0
;__Lib_MathDouble.c,98 :: 		
0x0036	0x360A      	RLCF        R10, 1, 0
;__Lib_MathDouble.c,99 :: 		
0x0038	0x3202      	RRCF        R2, 1, 0
;__Lib_MathDouble.c,100 :: 		
SETFOV32EEE:
;__Lib_MathDouble.c,101 :: 		
0x003A	0x0EFF      	MOVLW       255
;__Lib_MathDouble.c,103 :: 		
L_end_SETFOV32:
0x003C	0x0012      	RETURN      0
; end of _SETFOV32
_RES032:
;__Lib_MathDouble.c,128 :: 		
;__Lib_MathDouble.c,134 :: 		
0x003E	0x6A02      	CLRF        R2, 0
;__Lib_MathDouble.c,135 :: 		
0x0040	0x6A01      	CLRF        R1, 0
;__Lib_MathDouble.c,136 :: 		
0x0042	0x6A00      	CLRF        R0, 0
;__Lib_MathDouble.c,137 :: 		
0x0044	0x6A08      	CLRF        R8, 0
;__Lib_MathDouble.c,138 :: 		
0x0046	0x6A03      	CLRF        R3, 0
;__Lib_MathDouble.c,139 :: 		
0x0048	0x0E00      	MOVLW       0
;__Lib_MathDouble.c,141 :: 		
L_end_RES032:
0x004A	0x0012      	RETURN      0
; end of _RES032
_SETFUN32:
;__Lib_MathDouble.c,144 :: 		
;__Lib_MathDouble.c,152 :: 		
0x004C	0x840B      	BSF         R11, 2, 0
;__Lib_MathDouble.c,153 :: 		
0x004E	0xAE0B      	BTFSS       R11, 7, 0
;__Lib_MathDouble.c,154 :: 		
0x0050	0xF000EF31  	GOTO        SETFUN32EEE
;__Lib_MathDouble.c,156 :: 		
0x0054	0x0E01      	MOVLW       1
;__Lib_MathDouble.c,157 :: 		
0x0056	0x6E03      	MOVWF       R3, 0
;__Lib_MathDouble.c,158 :: 		
0x0058	0x6A02      	CLRF        R2, 0
;__Lib_MathDouble.c,159 :: 		
0x005A	0x6A01      	CLRF        R1, 0
;__Lib_MathDouble.c,160 :: 		
0x005C	0x6A00      	CLRF        R0, 0
;__Lib_MathDouble.c,161 :: 		
0x005E	0x360A      	RLCF        R10, 1, 0
;__Lib_MathDouble.c,162 :: 		
0x0060	0x3202      	RRCF        R2, 1, 0
;__Lib_MathDouble.c,163 :: 		
SETFUN32EEE:
;__Lib_MathDouble.c,164 :: 		
0x0062	0x0EFF      	MOVLW       255
;__Lib_MathDouble.c,166 :: 		
L_end_SETFUN32:
0x0064	0x0012      	RETURN      0
; end of _SETFUN32
_FIXSIGN32:
;__Lib_MathDouble.c,117 :: 		
;__Lib_MathDouble.c,121 :: 		
0x0066	0xAE0A      	BTFSS       R10, 7, 0
;__Lib_MathDouble.c,122 :: 		
0x0068	0x9E02      	BCF         R2, 7, 0
;__Lib_MathDouble.c,123 :: 		
0x006A	0x0E00      	MOVLW       0
;__Lib_MathDouble.c,125 :: 		
L_end_FIXSIGN32:
0x006C	0x0012      	RETURN      0
; end of _FIXSIGN32
_SETIOV3224:
;__Lib_MathDouble.c,530 :: 		
;__Lib_MathDouble.c,537 :: 		
0x006E	0x800B      	BSF         R11, 0, 0
;__Lib_MathDouble.c,538 :: 		
0x0070	0xAE0B      	BTFSS       R11, 7, 0
;__Lib_MathDouble.c,539 :: 		
0x0072	0xF000EF43  	GOTO        SETIOV3224EEE
;__Lib_MathDouble.c,541 :: 		
0x0076	0x6A02      	CLRF        R2, 0
;__Lib_MathDouble.c,542 :: 		
0x0078	0xAE0A      	BTFSS       R10, 7, 0
;__Lib_MathDouble.c,543 :: 		
0x007A	0x0EFF      	MOVLW       255
;__Lib_MathDouble.c,544 :: 		
0x007C	0x6E02      	MOVWF       R2, 0
;__Lib_MathDouble.c,545 :: 		
0x007E	0x6E01      	MOVWF       R1, 0
;__Lib_MathDouble.c,546 :: 		
0x0080	0x6E00      	MOVWF       R0, 0
;__Lib_MathDouble.c,547 :: 		
0x0082	0x360A      	RLCF        R10, 1, 0
;__Lib_MathDouble.c,548 :: 		
0x0084	0x3202      	RRCF        R2, 1, 0
;__Lib_MathDouble.c,549 :: 		
SETIOV3224EEE:
;__Lib_MathDouble.c,550 :: 		
0x0086	0x0EFF      	MOVLW       255
;__Lib_MathDouble.c,552 :: 		
L_end_SETIOV3224:
0x0088	0x0012      	RETURN      0
; end of _SETIOV3224
_NRM4032:
;__Lib_MathDouble.c,174 :: 		
;__Lib_MathDouble.c,183 :: 		
0x008A	0xB00C      	BTFSC       R12, 0, 0
;__Lib_MathDouble.c,184 :: 		
0x008C	0xF000EF87  	GOTO        NRMRND4032
;__Lib_MathDouble.c,185 :: 		
0x0090	0xA20C      	BTFSS       R12, 1, 0
;__Lib_MathDouble.c,186 :: 		
0x0092	0xF001EF2D  	GOTO        NRM40JPSETFOV32
;__Lib_MathDouble.c,188 :: 		
0x0096	0x6A0E      	CLRF        R14, 0
;__Lib_MathDouble.c,189 :: 		
0x0098	0x0E00      	MOVLW       0
;__Lib_MathDouble.c,190 :: 		
0x009A	0x6402      	CPFSGT      R2, 0
;__Lib_MathDouble.c,191 :: 		
0x009C	0xF000EF9E  	GOTO        NRM4032A
;__Lib_MathDouble.c,194 :: 		
0x00A0	0x0EF0      	MOVLW       240
;__Lib_MathDouble.c,195 :: 		
0x00A2	0x1402      	ANDWF       R2, 0, 0
;__Lib_MathDouble.c,196 :: 		
0x00A4	0xA4D8      	BTFSS       STATUS, 2, 0
;__Lib_MathDouble.c,197 :: 		
0x00A6	0xF000EF69  	GOTO        NORM4032
;__Lib_MathDouble.c,199 :: 		
0x00AA	0x3A02      	SWAPF       R2, 1, 0
;__Lib_MathDouble.c,200 :: 		
0x00AC	0x3801      	SWAPF       R1, 0, 0
;__Lib_MathDouble.c,201 :: 		
0x00AE	0x0B0F      	ANDLW       15
;__Lib_MathDouble.c,202 :: 		
0x00B0	0x2602      	ADDWF       R2, 1, 0
;__Lib_MathDouble.c,204 :: 		
0x00B2	0x3801      	SWAPF       R1, 0, 0
;__Lib_MathDouble.c,205 :: 		
0x00B4	0x0BF0      	ANDLW       240
;__Lib_MathDouble.c,206 :: 		
0x00B6	0x6E01      	MOVWF       R1, 0
;__Lib_MathDouble.c,207 :: 		
0x00B8	0x3800      	SWAPF       R0, 0, 0
;__Lib_MathDouble.c,208 :: 		
0x00BA	0x0B0F      	ANDLW       15
;__Lib_MathDouble.c,209 :: 		
0x00BC	0x2601      	ADDWF       R1, 1, 0
;__Lib_MathDouble.c,211 :: 		
0x00BE	0x3800      	SWAPF       R0, 0, 0
;__Lib_MathDouble.c,212 :: 		
0x00C0	0x0BF0      	ANDLW       240
;__Lib_MathDouble.c,213 :: 		
0x00C2	0x6E00      	MOVWF       R0, 0
;__Lib_MathDouble.c,214 :: 		
0x00C4	0x3808      	SWAPF       R8, 0, 0
;__Lib_MathDouble.c,215 :: 		
0x00C6	0x0B0F      	ANDLW       15
;__Lib_MathDouble.c,216 :: 		
0x00C8	0x2600      	ADDWF       R0, 1, 0
;__Lib_MathDouble.c,218 :: 		
0x00CA	0x3808      	SWAPF       R8, 0, 0
;__Lib_MathDouble.c,219 :: 		
0x00CC	0x0BF0      	ANDLW       240
;__Lib_MathDouble.c,220 :: 		
0x00CE	0x6E08      	MOVWF       R8, 0
;__Lib_MathDouble.c,222 :: 		
0x00D0	0x840E      	BSF         R14, 2, 0
;__Lib_MathDouble.c,224 :: 		
NORM4032:
;__Lib_MathDouble.c,225 :: 		
0x00D2	0x90D8      	BCF         STATUS, 0, 0
;__Lib_MathDouble.c,227 :: 		
0x00D4	0xBE02      	BTFSC       R2, 7, 0
;__Lib_MathDouble.c,228 :: 		
0x00D6	0xF000EF82  	GOTO        TNORMUN4032
;__Lib_MathDouble.c,229 :: 		
0x00DA	0x3608      	RLCF        R8, 1, 0
;__Lib_MathDouble.c,230 :: 		
0x00DC	0x3600      	RLCF        R0, 1, 0
;__Lib_MathDouble.c,231 :: 		
0x00DE	0x3601      	RLCF        R1, 1, 0
;__Lib_MathDouble.c,232 :: 		
0x00E0	0x3602      	RLCF        R2, 1, 0
;__Lib_MathDouble.c,233 :: 		
0x00E2	0x2A0E      	INCF        R14, 1, 0
;__Lib_MathDouble.c,234 :: 		
0x00E4	0xBE02      	BTFSC       R2, 7, 0
;__Lib_MathDouble.c,235 :: 		
0x00E6	0xF000EF82  	GOTO        TNORMUN4032
;__Lib_MathDouble.c,236 :: 		
0x00EA	0x3608      	RLCF        R8, 1, 0
;__Lib_MathDouble.c,237 :: 		
0x00EC	0x3600      	RLCF        R0, 1, 0
;__Lib_MathDouble.c,238 :: 		
0x00EE	0x3601      	RLCF        R1, 1, 0
;__Lib_MathDouble.c,239 :: 		
0x00F0	0x3602      	RLCF        R2, 1, 0
;__Lib_MathDouble.c,240 :: 		
0x00F2	0x2A0E      	INCF        R14, 1, 0
;__Lib_MathDouble.c,241 :: 		
0x00F4	0xBE02      	BTFSC       R2, 7, 0
;__Lib_MathDouble.c,242 :: 		
0x00F6	0xF000EF82  	GOTO        TNORMUN4032
;__Lib_MathDouble.c,243 :: 		
0x00FA	0x3608      	RLCF        R8, 1, 0
;__Lib_MathDouble.c,244 :: 		
0x00FC	0x3600      	RLCF        R0, 1, 0
;__Lib_MathDouble.c,245 :: 		
0x00FE	0x3601      	RLCF        R1, 1, 0
;__Lib_MathDouble.c,246 :: 		
0x0100	0x3602      	RLCF        R2, 1, 0
;__Lib_MathDouble.c,247 :: 		
0x0102	0x2A0E      	INCF        R14, 1, 0
;__Lib_MathDouble.c,249 :: 		
TNORMUN4032:
;__Lib_MathDouble.c,250 :: 		
0x0104	0x500E      	MOVF        R14, 0, 0
;__Lib_MathDouble.c,251 :: 		
0x0106	0x6403      	CPFSGT      R3, 0
;__Lib_MathDouble.c,252 :: 		
0x0108	0xF001EF23  	GOTO        NRM40JPSETFUN32
;__Lib_MathDouble.c,253 :: 		
0x010C	0x5E03      	SUBWF       R3, 1, 0
;__Lib_MathDouble.c,255 :: 		
NRMRND4032:
;__Lib_MathDouble.c,256 :: 		
0x010E	0xBC0B      	BTFSC       R11, 6, 0
;__Lib_MathDouble.c,257 :: 		
0x0110	0xAE08      	BTFSS       R8, 7, 0
;__Lib_MathDouble.c,258 :: 		
0x0112	0xF001EF28  	GOTO        NRM40JPFIXSIGN32
;__Lib_MathDouble.c,259 :: 		
0x0116	0x80D8      	BSF         STATUS, 0, 0
;__Lib_MathDouble.c,260 :: 		
0x0118	0x0E80      	MOVLW       128
;__Lib_MathDouble.c,261 :: 		
0x011A	0x6408      	CPFSGT      R8, 0
;__Lib_MathDouble.c,262 :: 		
0x011C	0x3000      	RRCF        R0, 0, 0
;__Lib_MathDouble.c,263 :: 		
0x011E	0x0E00      	MOVLW       0
;__Lib_MathDouble.c,264 :: 		
0x0120	0x2200      	ADDWFC      R0, 1, 0
;__Lib_MathDouble.c,265 :: 		
0x0122	0x2201      	ADDWFC      R1, 1, 0
;__Lib_MathDouble.c,266 :: 		
0x0124	0x2202      	ADDWFC      R2, 1, 0
;__Lib_MathDouble.c,268 :: 		
0x0126	0xA0D8      	BTFSS       STATUS, 0, 0
;__Lib_MathDouble.c,269 :: 		
0x0128	0xF001EF28  	GOTO        NRM40JPFIXSIGN32
;__Lib_MathDouble.c,270 :: 		
0x012C	0x3202      	RRCF        R2, 1, 0
;__Lib_MathDouble.c,271 :: 		
0x012E	0x3201      	RRCF        R1, 1, 0
;__Lib_MathDouble.c,272 :: 		
0x0130	0x3200      	RRCF        R0, 1, 0
;__Lib_MathDouble.c,273 :: 		
0x0132	0x4A03      	INFSNZ      R3, 1, 0
;__Lib_MathDouble.c,274 :: 		
0x0134	0xF001EF2D  	GOTO        NRM40JPSETFOV32
;__Lib_MathDouble.c,275 :: 		
0x0138	0xF001EF28  	GOTO        NRM40JPFIXSIGN32
;__Lib_MathDouble.c,277 :: 		
NRM4032A:
;__Lib_MathDouble.c,278 :: 		
0x013C	0xF002C001  	MOVFF       R1, R2
;__Lib_MathDouble.c,279 :: 		
0x0140	0xF001C000  	MOVFF       R0, R1
;__Lib_MathDouble.c,280 :: 		
0x0144	0xF000C008  	MOVFF       R8, R0
;__Lib_MathDouble.c,281 :: 		
0x0148	0x6A08      	CLRF        R8, 0
;__Lib_MathDouble.c,282 :: 		
0x014A	0x0E00      	MOVLW       0
;__Lib_MathDouble.c,283 :: 		
0x014C	0x860E      	BSF         R14, 3, 0
;__Lib_MathDouble.c,284 :: 		
0x014E	0x6402      	CPFSGT      R2, 0
;__Lib_MathDouble.c,285 :: 		
0x0150	0xF000EFD5  	GOTO        NRM4032B
;__Lib_MathDouble.c,288 :: 		
0x0154	0x0EF0      	MOVLW       240
;__Lib_MathDouble.c,289 :: 		
0x0156	0x1402      	ANDWF       R2, 0, 0
;__Lib_MathDouble.c,290 :: 		
0x0158	0xA4D8      	BTFSS       STATUS, 2, 0
;__Lib_MathDouble.c,291 :: 		
0x015A	0xF000EFBD  	GOTO        NORM4032A
;__Lib_MathDouble.c,292 :: 		
0x015E	0x3A02      	SWAPF       R2, 1, 0
;__Lib_MathDouble.c,293 :: 		
0x0160	0x3801      	SWAPF       R1, 0, 0
;__Lib_MathDouble.c,294 :: 		
0x0162	0x0B0F      	ANDLW       15
;__Lib_MathDouble.c,295 :: 		
0x0164	0x2602      	ADDWF       R2, 1, 0
;__Lib_MathDouble.c,297 :: 		
0x0166	0x3801      	SWAPF       R1, 0, 0
;__Lib_MathDouble.c,298 :: 		
0x0168	0x0BF0      	ANDLW       240
;__Lib_MathDouble.c,299 :: 		
0x016A	0x6E01      	MOVWF       R1, 0
;__Lib_MathDouble.c,300 :: 		
0x016C	0x3800      	SWAPF       R0, 0, 0
;__Lib_MathDouble.c,301 :: 		
0x016E	0x0B0F      	ANDLW       15
;__Lib_MathDouble.c,302 :: 		
0x0170	0x2601      	ADDWF       R1, 1, 0
;__Lib_MathDouble.c,304 :: 		
0x0172	0x3800      	SWAPF       R0, 0, 0
;__Lib_MathDouble.c,305 :: 		
0x0174	0x0BF0      	ANDLW       240
;__Lib_MathDouble.c,306 :: 		
0x0176	0x6E00      	MOVWF       R0, 0
;__Lib_MathDouble.c,308 :: 		
0x0178	0x840E      	BSF         R14, 2, 0
;__Lib_MathDouble.c,310 :: 		
NORM4032A:
;__Lib_MathDouble.c,311 :: 		
0x017A	0x90D8      	BCF         STATUS, 0, 0
;__Lib_MathDouble.c,313 :: 		
0x017C	0xBE02      	BTFSC       R2, 7, 0
;__Lib_MathDouble.c,314 :: 		
0x017E	0xF000EF82  	GOTO        TNORMUN4032
;__Lib_MathDouble.c,315 :: 		
0x0182	0x3600      	RLCF        R0, 1, 0
;__Lib_MathDouble.c,316 :: 		
0x0184	0x3601      	RLCF        R1, 1, 0
;__Lib_MathDouble.c,317 :: 		
0x0186	0x3602      	RLCF        R2, 1, 0
;__Lib_MathDouble.c,318 :: 		
0x0188	0x2A0E      	INCF        R14, 1, 0
;__Lib_MathDouble.c,319 :: 		
0x018A	0xBE02      	BTFSC       R2, 7, 0
;__Lib_MathDouble.c,320 :: 		
0x018C	0xF000EF82  	GOTO        TNORMUN4032
;__Lib_MathDouble.c,321 :: 		
0x0190	0x3600      	RLCF        R0, 1, 0
;__Lib_MathDouble.c,322 :: 		
0x0192	0x3601      	RLCF        R1, 1, 0
;__Lib_MathDouble.c,323 :: 		
0x0194	0x3602      	RLCF        R2, 1, 0
;__Lib_MathDouble.c,324 :: 		
0x0196	0x2A0E      	INCF        R14, 1, 0
;__Lib_MathDouble.c,325 :: 		
0x0198	0xBE02      	BTFSC       R2, 7, 0
;__Lib_MathDouble.c,326 :: 		
0x019A	0xF000EF82  	GOTO        TNORMUN4032
;__Lib_MathDouble.c,327 :: 		
0x019E	0x3600      	RLCF        R0, 1, 0
;__Lib_MathDouble.c,328 :: 		
0x01A0	0x3601      	RLCF        R1, 1, 0
;__Lib_MathDouble.c,329 :: 		
0x01A2	0x3602      	RLCF        R2, 1, 0
;__Lib_MathDouble.c,330 :: 		
0x01A4	0x2A0E      	INCF        R14, 1, 0
;__Lib_MathDouble.c,331 :: 		
0x01A6	0xF000EF82  	GOTO        TNORMUN4032
;__Lib_MathDouble.c,333 :: 		
NRM4032B:
;__Lib_MathDouble.c,334 :: 		
0x01AA	0xF002C001  	MOVFF       R1, R2
;__Lib_MathDouble.c,335 :: 		
0x01AE	0xF001C000  	MOVFF       R0, R1
;__Lib_MathDouble.c,336 :: 		
0x01B2	0x6A00      	CLRF        R0, 0
;__Lib_MathDouble.c,337 :: 		
0x01B4	0x0E00      	MOVLW       0
;__Lib_MathDouble.c,338 :: 		
0x01B6	0x960E      	BCF         R14, 3, 0
;__Lib_MathDouble.c,339 :: 		
0x01B8	0x880E      	BSF         R14, 4, 0
;__Lib_MathDouble.c,340 :: 		
0x01BA	0x6402      	CPFSGT      R2, 0
;__Lib_MathDouble.c,341 :: 		
0x01BC	0xF001EF02  	GOTO        NRM4032C
;__Lib_MathDouble.c,344 :: 		
0x01C0	0x0EF0      	MOVLW       240
;__Lib_MathDouble.c,345 :: 		
0x01C2	0x1402      	ANDWF       R2, 0, 0
;__Lib_MathDouble.c,346 :: 		
0x01C4	0xA4D8      	BTFSS       STATUS, 2, 0
;__Lib_MathDouble.c,347 :: 		
0x01C6	0xF000EFED  	GOTO        NORM4032B
;__Lib_MathDouble.c,349 :: 		
0x01CA	0x3A02      	SWAPF       R2, 1, 0
;__Lib_MathDouble.c,350 :: 		
0x01CC	0x3801      	SWAPF       R1, 0, 0
;__Lib_MathDouble.c,351 :: 		
0x01CE	0x0B0F      	ANDLW       15
;__Lib_MathDouble.c,352 :: 		
0x01D0	0x2602      	ADDWF       R2, 1, 0
;__Lib_MathDouble.c,354 :: 		
0x01D2	0x3801      	SWAPF       R1, 0, 0
;__Lib_MathDouble.c,355 :: 		
0x01D4	0x0BF0      	ANDLW       240
;__Lib_MathDouble.c,356 :: 		
0x01D6	0x6E01      	MOVWF       R1, 0
;__Lib_MathDouble.c,358 :: 		
0x01D8	0x840E      	BSF         R14, 2, 0
;__Lib_MathDouble.c,360 :: 		
NORM4032B:
;__Lib_MathDouble.c,361 :: 		
0x01DA	0x90D8      	BCF         STATUS, 0, 0
;__Lib_MathDouble.c,362 :: 		
0x01DC	0xBE02      	BTFSC       R2, 7, 0
;__Lib_MathDouble.c,363 :: 		
0x01DE	0xF000EF82  	GOTO        TNORMUN4032
;__Lib_MathDouble.c,364 :: 		
0x01E2	0x3601      	RLCF        R1, 1, 0
;__Lib_MathDouble.c,365 :: 		
0x01E4	0x3602      	RLCF        R2, 1, 0
;__Lib_MathDouble.c,366 :: 		
0x01E6	0x2A0E      	INCF        R14, 1, 0
;__Lib_MathDouble.c,367 :: 		
0x01E8	0xBE02      	BTFSC       R2, 7, 0
;__Lib_MathDouble.c,368 :: 		
0x01EA	0xF000EF82  	GOTO        TNORMUN4032
;__Lib_MathDouble.c,369 :: 		
0x01EE	0x3601      	RLCF        R1, 1, 0
;__Lib_MathDouble.c,370 :: 		
0x01F0	0x3602      	RLCF        R2, 1, 0
;__Lib_MathDouble.c,371 :: 		
0x01F2	0x2A0E      	INCF        R14, 1, 0
;__Lib_MathDouble.c,372 :: 		
0x01F4	0xBE02      	BTFSC       R2, 7, 0
;__Lib_MathDouble.c,373 :: 		
0x01F6	0xF000EF82  	GOTO        TNORMUN4032
;__Lib_MathDouble.c,374 :: 		
0x01FA	0x3601      	RLCF        R1, 1, 0
;__Lib_MathDouble.c,375 :: 		
0x01FC	0x3602      	RLCF        R2, 1, 0
;__Lib_MathDouble.c,376 :: 		
0x01FE	0x2A0E      	INCF        R14, 1, 0
;__Lib_MathDouble.c,377 :: 		
0x0200	0xF000EF82  	GOTO        TNORMUN4032
;__Lib_MathDouble.c,379 :: 		
NRM4032C:
;__Lib_MathDouble.c,380 :: 		
0x0204	0xF002C001  	MOVFF       R1, R2
;__Lib_MathDouble.c,381 :: 		
0x0208	0x6A01      	CLRF        R1, 0
;__Lib_MathDouble.c,382 :: 		
0x020A	0x0E00      	MOVLW       0
;__Lib_MathDouble.c,383 :: 		
0x020C	0x860E      	BSF         R14, 3, 0
;__Lib_MathDouble.c,384 :: 		
0x020E	0x6402      	CPFSGT      R2, 0
;__Lib_MathDouble.c,385 :: 		
0x0210	0xF001EF32  	GOTO        NRM40JPRES032
;__Lib_MathDouble.c,388 :: 		
0x0214	0x0EF0      	MOVLW       240
;__Lib_MathDouble.c,389 :: 		
0x0216	0x1402      	ANDWF       R2, 0, 0
;__Lib_MathDouble.c,390 :: 		
0x0218	0xA4D8      	BTFSS       STATUS, 2, 0
;__Lib_MathDouble.c,391 :: 		
0x021A	0xF001EF11  	GOTO        NORM4032C
;__Lib_MathDouble.c,392 :: 		
0x021E	0x3A02      	SWAPF       R2, 1, 0
;__Lib_MathDouble.c,394 :: 		
0x0220	0x840E      	BSF         R14, 2, 0
;__Lib_MathDouble.c,396 :: 		
NORM4032C:
;__Lib_MathDouble.c,397 :: 		
0x0222	0x90D8      	BCF         STATUS, 0, 0
;__Lib_MathDouble.c,399 :: 		
0x0224	0xBE02      	BTFSC       R2, 7, 0
;__Lib_MathDouble.c,400 :: 		
0x0226	0xF000EF82  	GOTO        TNORMUN4032
;__Lib_MathDouble.c,401 :: 		
0x022A	0x3602      	RLCF        R2, 1, 0
;__Lib_MathDouble.c,402 :: 		
0x022C	0x2A0E      	INCF        R14, 1, 0
;__Lib_MathDouble.c,403 :: 		
0x022E	0xBE02      	BTFSC       R2, 7, 0
;__Lib_MathDouble.c,404 :: 		
0x0230	0xF000EF82  	GOTO        TNORMUN4032
;__Lib_MathDouble.c,405 :: 		
0x0234	0x3602      	RLCF        R2, 1, 0
;__Lib_MathDouble.c,406 :: 		
0x0236	0x2A0E      	INCF        R14, 1, 0
;__Lib_MathDouble.c,407 :: 		
0x0238	0xBE02      	BTFSC       R2, 7, 0
;__Lib_MathDouble.c,408 :: 		
0x023A	0xF000EF82  	GOTO        TNORMUN4032
;__Lib_MathDouble.c,409 :: 		
0x023E	0x3602      	RLCF        R2, 1, 0
;__Lib_MathDouble.c,410 :: 		
0x0240	0x2A0E      	INCF        R14, 1, 0
;__Lib_MathDouble.c,411 :: 		
0x0242	0xF000EF82  	GOTO        TNORMUN4032
;__Lib_MathDouble.c,413 :: 		
NRM40JPSETFUN32:
;__Lib_MathDouble.c,414 :: 		
0x0246	0x0E01      	MOVLW       1
;__Lib_MathDouble.c,415 :: 		
0x0248	0x6E0C      	MOVWF       R12, 0
;__Lib_MathDouble.c,417 :: 		
0x024A	0xDF00      	RCALL       _SETFUN32
;__Lib_MathDouble.c,419 :: 		
0x024C	0xF001EF35  	GOTO        NRM40EEE
;__Lib_MathDouble.c,420 :: 		
NRM40JPFIXSIGN32:
;__Lib_MathDouble.c,421 :: 		
0x0250	0x0E02      	MOVLW       2
;__Lib_MathDouble.c,422 :: 		
0x0252	0x6E0C      	MOVWF       R12, 0
;__Lib_MathDouble.c,424 :: 		
0x0254	0xDF08      	RCALL       _FIXSIGN32
;__Lib_MathDouble.c,426 :: 		
0x0256	0xF001EF35  	GOTO        NRM40EEE
;__Lib_MathDouble.c,427 :: 		
NRM40JPSETFOV32:
;__Lib_MathDouble.c,428 :: 		
0x025A	0x0E04      	MOVLW       4
;__Lib_MathDouble.c,429 :: 		
0x025C	0x6E0C      	MOVWF       R12, 0
;__Lib_MathDouble.c,431 :: 		
0x025E	0xDEE3      	RCALL       _SETFOV32
;__Lib_MathDouble.c,433 :: 		
0x0260	0xF001EF35  	GOTO        NRM40EEE
;__Lib_MathDouble.c,434 :: 		
NRM40JPRES032:
;__Lib_MathDouble.c,435 :: 		
0x0264	0x0E08      	MOVLW       8
;__Lib_MathDouble.c,436 :: 		
0x0266	0x6E0C      	MOVWF       R12, 0
;__Lib_MathDouble.c,438 :: 		
0x0268	0xDEEA      	RCALL       _RES032
;__Lib_MathDouble.c,440 :: 		
NRM40EEE:
;__Lib_MathDouble.c,448 :: 		
L_end_NRM4032:
0x026A	0x0012      	RETURN      0
; end of _NRM4032
_SETFDZ32:
;__Lib_MathDouble.c,106 :: 		
;__Lib_MathDouble.c,110 :: 		
0x026C	0x6A0B      	CLRF        R11, 0
;__Lib_MathDouble.c,111 :: 		
0x026E	0x860B      	BSF         R11, 3, 0
;__Lib_MathDouble.c,112 :: 		
0x0270	0x0EFF      	MOVLW       255
;__Lib_MathDouble.c,114 :: 		
L_end_SETFDZ32:
0x0272	0x0012      	RETURN      0
; end of _SETFDZ32
_Mul_32x32_FP:
;__Lib_MathDouble.c,1130 :: 		
;__Lib_MathDouble.c,1148 :: 		
0x0274	0x6A08      	CLRF        R8, 0
;__Lib_MathDouble.c,1149 :: 		
0x0276	0x6A09      	CLRF        R9, 0
;__Lib_MathDouble.c,1151 :: 		
0x0278	0x0E00      	MOVLW       0
;__Lib_MathDouble.c,1152 :: 		
0x027A	0x6207      	CPFSEQ      R7, 0
;__Lib_MathDouble.c,1153 :: 		
0x027C	0x6403      	CPFSGT      R3, 0
;__Lib_MathDouble.c,1154 :: 		
0x027E	0xF001EFBF  	GOTO        MULJPRES032
;__Lib_MathDouble.c,1157 :: 		
0x0282	0x5002      	MOVF        R2, 0, 0
;__Lib_MathDouble.c,1158 :: 		
0x0284	0x1806      	XORWF       R6, 0, 0
;__Lib_MathDouble.c,1159 :: 		
0x0286	0x6E0A      	MOVWF       R10, 0
;__Lib_MathDouble.c,1161 :: 		
0x0288	0x5007      	MOVF        R7, 0, 0
;__Lib_MathDouble.c,1162 :: 		
0x028A	0x2603      	ADDWF       R3, 1, 0
;__Lib_MathDouble.c,1163 :: 		
0x028C	0x0E7E      	MOVLW       126
;__Lib_MathDouble.c,1164 :: 		
0x028E	0xA0D8      	BTFSS       STATUS, 0, 0
;__Lib_MathDouble.c,1165 :: 		
0x0290	0xF001EF50  	GOTO        MTUN32
;__Lib_MathDouble.c,1167 :: 		
0x0294	0x5E03      	SUBWF       R3, 1, 0
;__Lib_MathDouble.c,1168 :: 		
0x0296	0xB0D8      	BTFSC       STATUS, 0, 0
;__Lib_MathDouble.c,1169 :: 		
0x0298	0xF001EFC3  	GOTO        MULJPSETFOV32
;__Lib_MathDouble.c,1170 :: 		
0x029C	0xF001EF54  	GOTO        MOK32
;__Lib_MathDouble.c,1172 :: 		
MTUN32:
;__Lib_MathDouble.c,1173 :: 		
0x02A0	0x5E03      	SUBWF       R3, 1, 0
;__Lib_MathDouble.c,1174 :: 		
0x02A2	0xA0D8      	BTFSS       STATUS, 0, 0
;__Lib_MathDouble.c,1175 :: 		
0x02A4	0xF001EFC7  	GOTO        MULJPSETFUN32
;__Lib_MathDouble.c,1177 :: 		
MOK32:
;__Lib_MathDouble.c,1178 :: 		
0x02A8	0x8E02      	BSF         R2, 7, 0
;__Lib_MathDouble.c,1179 :: 		
0x02AA	0x8E06      	BSF         R6, 7, 0
;__Lib_MathDouble.c,1181 :: 		
0x02AC	0xF00EC002  	MOVFF       R2, R14
;__Lib_MathDouble.c,1182 :: 		
0x02B0	0xF00BC001  	MOVFF       R1, R11
;__Lib_MathDouble.c,1183 :: 		
0x02B4	0xF00DC000  	MOVFF       R0, R13
;__Lib_MathDouble.c,1185 :: 		
0x02B8	0x5000      	MOVF        R0, 0, 0
;__Lib_MathDouble.c,1186 :: 		
0x02BA	0x0204      	MULWF       R4, 0
;__Lib_MathDouble.c,1187 :: 		
0x02BC	0xF00CCFF4  	MOVFF       PRODH, R12
;__Lib_MathDouble.c,1189 :: 		
0x02C0	0x5001      	MOVF        R1, 0, 0
;__Lib_MathDouble.c,1190 :: 		
0x02C2	0x0205      	MULWF       R5, 0
;__Lib_MathDouble.c,1191 :: 		
0x02C4	0xF000CFF4  	MOVFF       PRODH, R0
;__Lib_MathDouble.c,1192 :: 		
0x02C8	0xF008CFF3  	MOVFF       PRODL, R8
;__Lib_MathDouble.c,1194 :: 		
0x02CC	0x0204      	MULWF       R4, 0
;__Lib_MathDouble.c,1195 :: 		
0x02CE	0x50F3      	MOVF        PRODL, 0, 0
;__Lib_MathDouble.c,1196 :: 		
0x02D0	0x260C      	ADDWF       R12, 1, 0
;__Lib_MathDouble.c,1197 :: 		
0x02D2	0x50F4      	MOVF        PRODH, 0, 0
;__Lib_MathDouble.c,1198 :: 		
0x02D4	0x2208      	ADDWFC      R8, 1, 0
;__Lib_MathDouble.c,1199 :: 		
0x02D6	0x0E00      	MOVLW       0
;__Lib_MathDouble.c,1200 :: 		
0x02D8	0x2200      	ADDWFC      R0, 1, 0
;__Lib_MathDouble.c,1202 :: 		
0x02DA	0x500D      	MOVF        R13, 0, 0
;__Lib_MathDouble.c,1203 :: 		
0x02DC	0x0205      	MULWF       R5, 0
;__Lib_MathDouble.c,1204 :: 		
0x02DE	0x50F3      	MOVF        PRODL, 0, 0
;__Lib_MathDouble.c,1205 :: 		
0x02E0	0x260C      	ADDWF       R12, 1, 0
;__Lib_MathDouble.c,1206 :: 		
0x02E2	0x50F4      	MOVF        PRODH, 0, 0
;__Lib_MathDouble.c,1207 :: 		
0x02E4	0x2208      	ADDWFC      R8, 1, 0
;__Lib_MathDouble.c,1208 :: 		
0x02E6	0x0E00      	MOVLW       0
;__Lib_MathDouble.c,1209 :: 		
0x02E8	0x2200      	ADDWFC      R0, 1, 0
;__Lib_MathDouble.c,1211 :: 		
0x02EA	0x5002      	MOVF        R2, 0, 0
;__Lib_MathDouble.c,1212 :: 		
0x02EC	0x0204      	MULWF       R4, 0
;__Lib_MathDouble.c,1213 :: 		
0x02EE	0x50F3      	MOVF        PRODL, 0, 0
;__Lib_MathDouble.c,1214 :: 		
0x02F0	0x2608      	ADDWF       R8, 1, 0
;__Lib_MathDouble.c,1215 :: 		
0x02F2	0x50F4      	MOVF        PRODH, 0, 0
;__Lib_MathDouble.c,1216 :: 		
0x02F4	0x2200      	ADDWFC      R0, 1, 0
;__Lib_MathDouble.c,1217 :: 		
0x02F6	0x5002      	MOVF        R2, 0, 0
;__Lib_MathDouble.c,1218 :: 		
0x02F8	0x0205      	MULWF       R5, 0
;__Lib_MathDouble.c,1219 :: 		
0x02FA	0x6A01      	CLRF        R1, 0
;__Lib_MathDouble.c,1220 :: 		
0x02FC	0x0E00      	MOVLW       0
;__Lib_MathDouble.c,1221 :: 		
0x02FE	0x2201      	ADDWFC      R1, 1, 0
;__Lib_MathDouble.c,1222 :: 		
0x0300	0x50F3      	MOVF        PRODL, 0, 0
;__Lib_MathDouble.c,1223 :: 		
0x0302	0x2600      	ADDWF       R0, 1, 0
;__Lib_MathDouble.c,1224 :: 		
0x0304	0x50F4      	MOVF        PRODH, 0, 0
;__Lib_MathDouble.c,1225 :: 		
0x0306	0x2201      	ADDWFC      R1, 1, 0
;__Lib_MathDouble.c,1227 :: 		
0x0308	0x500D      	MOVF        R13, 0, 0
;__Lib_MathDouble.c,1228 :: 		
0x030A	0x0206      	MULWF       R6, 0
;__Lib_MathDouble.c,1229 :: 		
0x030C	0x50F3      	MOVF        PRODL, 0, 0
;__Lib_MathDouble.c,1230 :: 		
0x030E	0x2608      	ADDWF       R8, 1, 0
;__Lib_MathDouble.c,1231 :: 		
0x0310	0x50F4      	MOVF        PRODH, 0, 0
;__Lib_MathDouble.c,1232 :: 		
0x0312	0x2200      	ADDWFC      R0, 1, 0
;__Lib_MathDouble.c,1233 :: 		
0x0314	0x6A02      	CLRF        R2, 0
;__Lib_MathDouble.c,1234 :: 		
0x0316	0x0E00      	MOVLW       0
;__Lib_MathDouble.c,1235 :: 		
0x0318	0x2201      	ADDWFC      R1, 1, 0
;__Lib_MathDouble.c,1236 :: 		
0x031A	0x2202      	ADDWFC      R2, 1, 0
;__Lib_MathDouble.c,1238 :: 		
0x031C	0x500B      	MOVF        R11, 0, 0
;__Lib_MathDouble.c,1239 :: 		
0x031E	0x0206      	MULWF       R6, 0
;__Lib_MathDouble.c,1240 :: 		
0x0320	0x50F3      	MOVF        PRODL, 0, 0
;__Lib_MathDouble.c,1241 :: 		
0x0322	0x2600      	ADDWF       R0, 1, 0
;__Lib_MathDouble.c,1242 :: 		
0x0324	0x50F4      	MOVF        PRODH, 0, 0
;__Lib_MathDouble.c,1243 :: 		
0x0326	0x2201      	ADDWFC      R1, 1, 0
;__Lib_MathDouble.c,1244 :: 		
0x0328	0x0E00      	MOVLW       0
;__Lib_MathDouble.c,1245 :: 		
0x032A	0x2202      	ADDWFC      R2, 1, 0
;__Lib_MathDouble.c,1247 :: 		
0x032C	0x500E      	MOVF        R14, 0, 0
;__Lib_MathDouble.c,1248 :: 		
0x032E	0x0206      	MULWF       R6, 0
;__Lib_MathDouble.c,1249 :: 		
0x0330	0x50F3      	MOVF        PRODL, 0, 0
;__Lib_MathDouble.c,1250 :: 		
0x0332	0x2601      	ADDWF       R1, 1, 0
;__Lib_MathDouble.c,1251 :: 		
0x0334	0x50F4      	MOVF        PRODH, 0, 0
;__Lib_MathDouble.c,1252 :: 		
0x0336	0x2202      	ADDWFC      R2, 1, 0
;__Lib_MathDouble.c,1254 :: 		
0x0338	0xBE02      	BTFSC       R2, 7, 0
;__Lib_MathDouble.c,1255 :: 		
0x033A	0xF001EFA7  	GOTO        MROUND32
;__Lib_MathDouble.c,1256 :: 		
0x033E	0x3608      	RLCF        R8, 1, 0
;__Lib_MathDouble.c,1257 :: 		
0x0340	0x3600      	RLCF        R0, 1, 0
;__Lib_MathDouble.c,1258 :: 		
0x0342	0x3601      	RLCF        R1, 1, 0
;__Lib_MathDouble.c,1259 :: 		
0x0344	0x3602      	RLCF        R2, 1, 0
;__Lib_MathDouble.c,1260 :: 		
0x0346	0x0603      	DECF        R3, 1, 0
;__Lib_MathDouble.c,1261 :: 		
0x0348	0xB4D8      	BTFSC       STATUS, 2, 0
;__Lib_MathDouble.c,1262 :: 		
0x034A	0xF001EFC7  	GOTO        MULJPSETFUN32
;__Lib_MathDouble.c,1264 :: 		
MROUND32:
;__Lib_MathDouble.c,1267 :: 		
0x034E	0xF001EFBA  	GOTO        MUL32OK
;__Lib_MathDouble.c,1268 :: 		
0x0352	0x80D8      	BSF         STATUS, 0, 0
;__Lib_MathDouble.c,1269 :: 		
0x0354	0x0E80      	MOVLW       128
;__Lib_MathDouble.c,1270 :: 		
0x0356	0x6408      	CPFSGT      R8, 0
;__Lib_MathDouble.c,1271 :: 		
0x0358	0x3000      	RRCF        R0, 0, 0
;__Lib_MathDouble.c,1272 :: 		
0x035A	0x0E00      	MOVLW       0
;__Lib_MathDouble.c,1273 :: 		
0x035C	0x2200      	ADDWFC      R0, 1, 0
;__Lib_MathDouble.c,1274 :: 		
0x035E	0x2201      	ADDWFC      R1, 1, 0
;__Lib_MathDouble.c,1275 :: 		
0x0360	0x2202      	ADDWFC      R2, 1, 0
;__Lib_MathDouble.c,1277 :: 		
0x0362	0xA0D8      	BTFSS       STATUS, 0, 0
;__Lib_MathDouble.c,1278 :: 		
0x0364	0xF001EFBA  	GOTO        MUL32OK
;__Lib_MathDouble.c,1279 :: 		
0x0368	0x3202      	RRCF        R2, 1, 0
;__Lib_MathDouble.c,1280 :: 		
0x036A	0x3201      	RRCF        R1, 1, 0
;__Lib_MathDouble.c,1281 :: 		
0x036C	0x3200      	RRCF        R0, 1, 0
;__Lib_MathDouble.c,1282 :: 		
0x036E	0x4A03      	INFSNZ      R3, 1, 0
;__Lib_MathDouble.c,1283 :: 		
0x0370	0xF001EFC3  	GOTO        MULJPSETFOV32
;__Lib_MathDouble.c,1285 :: 		
MUL32OK:
;__Lib_MathDouble.c,1286 :: 		
0x0374	0xAE0A      	BTFSS       R10, 7, 0
;__Lib_MathDouble.c,1287 :: 		
0x0376	0x9E02      	BCF         R2, 7, 0
;__Lib_MathDouble.c,1289 :: 		
0x0378	0x0E00      	MOVLW       0
;__Lib_MathDouble.c,1290 :: 		
0x037A	0xF001EFC9  	GOTO        MULEEE
;__Lib_MathDouble.c,1291 :: 		
MULJPRES032:
;__Lib_MathDouble.c,1292 :: 		
0x037E	0x0E01      	MOVLW       1
;__Lib_MathDouble.c,1295 :: 		
0x0380	0xDE5E      	RCALL       _RES032
;__Lib_MathDouble.c,1297 :: 		
0x0382	0xF001EFC9  	GOTO        MULEEE
;__Lib_MathDouble.c,1298 :: 		
MULJPSETFOV32:
;__Lib_MathDouble.c,1299 :: 		
0x0386	0x0E02      	MOVLW       2
;__Lib_MathDouble.c,1302 :: 		
0x0388	0xDE4E      	RCALL       _SETFOV32
;__Lib_MathDouble.c,1304 :: 		
0x038A	0xF001EFC9  	GOTO        MULEEE
;__Lib_MathDouble.c,1305 :: 		
MULJPSETFUN32:
;__Lib_MathDouble.c,1306 :: 		
0x038E	0x0E04      	MOVLW       4
;__Lib_MathDouble.c,1309 :: 		
0x0390	0xDE5D      	RCALL       _SETFUN32
;__Lib_MathDouble.c,1311 :: 		
MULEEE:
;__Lib_MathDouble.c,1318 :: 		
L_end_Mul_32x32_FP:
0x0392	0x0012      	RETURN      0
; end of _Mul_32x32_FP
_Div_32x32_FP:
;__Lib_MathDouble.c,1325 :: 		
;__Lib_MathDouble.c,1339 :: 		
0x0394	0x5004      	MOVF        R4, 0 
0x0396	0x0A00      	XORLW       0
0x0398	0xE112      	BNZ         L_Div_32x32_FP11
;__Lib_MathDouble.c,1340 :: 		
0x039A	0x5005      	MOVF        R5, 0 
0x039C	0x0A00      	XORLW       0
0x039E	0xE10F      	BNZ         L_Div_32x32_FP12
;__Lib_MathDouble.c,1341 :: 		
0x03A0	0x5006      	MOVF        R6, 0 
0x03A2	0x0A00      	XORLW       0
0x03A4	0xE10C      	BNZ         L_Div_32x32_FP13
;__Lib_MathDouble.c,1342 :: 		
0x03A6	0x5007      	MOVF        R7, 0 
0x03A8	0x0A00      	XORLW       0
0x03AA	0xE109      	BNZ         L_Div_32x32_FP14
;__Lib_MathDouble.c,1343 :: 		
0x03AC	0x0EFF      	MOVLW       255
0x03AE	0x6E00      	MOVWF       R0 
;__Lib_MathDouble.c,1344 :: 		
0x03B0	0x0EFF      	MOVLW       255
0x03B2	0x6E01      	MOVWF       R1 
;__Lib_MathDouble.c,1345 :: 		
0x03B4	0x0E7F      	MOVLW       127
0x03B6	0x6E02      	MOVWF       R2 
;__Lib_MathDouble.c,1346 :: 		
0x03B8	0x0EFF      	MOVLW       255
0x03BA	0x6E03      	MOVWF       R3 
;__Lib_MathDouble.c,1347 :: 		
0x03BC	0xD0A4      	BRA         L_end_Div_32x32_FP
;__Lib_MathDouble.c,1348 :: 		
L_Div_32x32_FP14:
L_Div_32x32_FP13:
L_Div_32x32_FP12:
L_Div_32x32_FP11:
;__Lib_MathDouble.c,1353 :: 		
0x03BE	0x6A08      	CLRF        R8, 0
;__Lib_MathDouble.c,1354 :: 		
0x03C0	0x6A09      	CLRF        R9, 0
;__Lib_MathDouble.c,1356 :: 		
0x03C2	0x5007      	MOVF        R7, 0, 0
;__Lib_MathDouble.c,1357 :: 		
0x03C4	0xB4D8      	BTFSC       STATUS, 2, 0
;__Lib_MathDouble.c,1358 :: 		
0x03C6	0xF002EF75  	GOTO        JPDSETFDZ32
;__Lib_MathDouble.c,1360 :: 		
0x03CA	0x5003      	MOVF        R3, 0, 0
;__Lib_MathDouble.c,1361 :: 		
0x03CC	0xB4D8      	BTFSC       STATUS, 2, 0
;__Lib_MathDouble.c,1362 :: 		
0x03CE	0xF002EF79  	GOTO        JPDRES032
;__Lib_MathDouble.c,1364 :: 		
0x03D2	0x5002      	MOVF        R2, 0, 0
;__Lib_MathDouble.c,1365 :: 		
0x03D4	0x1806      	XORWF       R6, 0, 0
;__Lib_MathDouble.c,1366 :: 		
0x03D6	0x6E0A      	MOVWF       R10, 0
;__Lib_MathDouble.c,1367 :: 		
0x03D8	0x8E02      	BSF         R2, 7, 0
;__Lib_MathDouble.c,1368 :: 		
0x03DA	0x8E06      	BSF         R6, 7, 0
;__Lib_MathDouble.c,1370 :: 		
0x03DC	0x6A0E      	CLRF        R14, 0
;__Lib_MathDouble.c,1371 :: 		
0x03DE	0xF008C002  	MOVFF       R2, R8
;__Lib_MathDouble.c,1372 :: 		
0x03E2	0xF00CC001  	MOVFF       R1, R12
;__Lib_MathDouble.c,1373 :: 		
0x03E6	0xF00DC000  	MOVFF       R0, R13
;__Lib_MathDouble.c,1375 :: 		
0x03EA	0x5004      	MOVF        R4, 0, 0
;__Lib_MathDouble.c,1376 :: 		
0x03EC	0x5E0D      	SUBWF       R13, 1, 0
;__Lib_MathDouble.c,1377 :: 		
0x03EE	0x5005      	MOVF        R5, 0, 0
;__Lib_MathDouble.c,1378 :: 		
0x03F0	0xA0D8      	BTFSS       STATUS, 0, 0
;__Lib_MathDouble.c,1379 :: 		
0x03F2	0x3C05      	INCFSZ      R5, 0, 0
;__Lib_MathDouble.c,1381 :: 		
0x03F4	0x5E0C      	SUBWF       R12, 1, 0
;__Lib_MathDouble.c,1382 :: 		
0x03F6	0x5006      	MOVF        R6, 0, 0
;__Lib_MathDouble.c,1383 :: 		
0x03F8	0xA0D8      	BTFSS       STATUS, 0, 0
;__Lib_MathDouble.c,1384 :: 		
0x03FA	0x3C06      	INCFSZ      R6, 0, 0
;__Lib_MathDouble.c,1386 :: 		
0x03FC	0x5E08      	SUBWF       R8, 1, 0
;__Lib_MathDouble.c,1387 :: 		
0x03FE	0x6A08      	CLRF        R8, 0
;__Lib_MathDouble.c,1388 :: 		
0x0400	0x6A0C      	CLRF        R12, 0
;__Lib_MathDouble.c,1389 :: 		
0x0402	0x6A0D      	CLRF        R13, 0
;__Lib_MathDouble.c,1390 :: 		
0x0404	0xA0D8      	BTFSS       STATUS, 0, 0
;__Lib_MathDouble.c,1391 :: 		
0x0406	0xF002EF0C  	GOTO        DALIGN32OK
;__Lib_MathDouble.c,1393 :: 		
0x040A	0x90D8      	BCF         STATUS, 0, 0
;__Lib_MathDouble.c,1394 :: 		
0x040C	0x3202      	RRCF        R2, 1, 0
;__Lib_MathDouble.c,1395 :: 		
0x040E	0x3201      	RRCF        R1, 1, 0
;__Lib_MathDouble.c,1396 :: 		
0x0410	0x3200      	RRCF        R0, 1, 0
;__Lib_MathDouble.c,1397 :: 		
0x0412	0x3208      	RRCF        R8, 1, 0
;__Lib_MathDouble.c,1398 :: 		
0x0414	0x0E01      	MOVLW       1
;__Lib_MathDouble.c,1399 :: 		
0x0416	0x6E0E      	MOVWF       R14, 0
;__Lib_MathDouble.c,1400 :: 		
DALIGN32OK:
;__Lib_MathDouble.c,1401 :: 		
0x0418	0x5007      	MOVF        R7, 0, 0
;__Lib_MathDouble.c,1402 :: 		
0x041A	0x5E03      	SUBWF       R3, 1, 0
;__Lib_MathDouble.c,1403 :: 		
0x041C	0xA0D8      	BTFSS       STATUS, 0, 0
;__Lib_MathDouble.c,1404 :: 		
0x041E	0xF002EF19  	GOTO        ALTB32
;__Lib_MathDouble.c,1406 :: 		
0x0422	0x0E7E      	MOVLW       126
;__Lib_MathDouble.c,1407 :: 		
0x0424	0x240E      	ADDWF       R14, 0, 0
;__Lib_MathDouble.c,1408 :: 		
0x0426	0x2603      	ADDWF       R3, 1, 0
;__Lib_MathDouble.c,1409 :: 		
0x0428	0xB0D8      	BTFSC       STATUS, 0, 0
;__Lib_MathDouble.c,1410 :: 		
0x042A	0xF002EF7D  	GOTO        JPDSETFOV32
;__Lib_MathDouble.c,1411 :: 		
0x042E	0xF002EF1F  	GOTO        DARGOK32
;__Lib_MathDouble.c,1412 :: 		
ALTB32:
;__Lib_MathDouble.c,1413 :: 		
0x0432	0x0E7E      	MOVLW       126
;__Lib_MathDouble.c,1414 :: 		
0x0434	0x240E      	ADDWF       R14, 0, 0
;__Lib_MathDouble.c,1415 :: 		
0x0436	0x2603      	ADDWF       R3, 1, 0
;__Lib_MathDouble.c,1416 :: 		
0x0438	0xA0D8      	BTFSS       STATUS, 0, 0
;__Lib_MathDouble.c,1417 :: 		
0x043A	0xF002EF81  	GOTO        JPDSETFUN32
;__Lib_MathDouble.c,1418 :: 		
DARGOK32:
;__Lib_MathDouble.c,1419 :: 		
0x043E	0x0E18      	MOVLW       24
;__Lib_MathDouble.c,1420 :: 		
0x0440	0x6E0B      	MOVWF       R11, 0
;__Lib_MathDouble.c,1421 :: 		
DLOOP32:
;__Lib_MathDouble.c,1422 :: 		
0x0442	0x360D      	RLCF        R13, 1, 0
;__Lib_MathDouble.c,1423 :: 		
0x0444	0x360C      	RLCF        R12, 1, 0
;__Lib_MathDouble.c,1424 :: 		
0x0446	0x3608      	RLCF        R8, 1, 0
;__Lib_MathDouble.c,1425 :: 		
0x0448	0x3600      	RLCF        R0, 1, 0
;__Lib_MathDouble.c,1426 :: 		
0x044A	0x3601      	RLCF        R1, 1, 0
;__Lib_MathDouble.c,1427 :: 		
0x044C	0x3602      	RLCF        R2, 1, 0
;__Lib_MathDouble.c,1428 :: 		
0x044E	0x360E      	RLCF        R14, 1, 0
;__Lib_MathDouble.c,1430 :: 		
0x0450	0x5004      	MOVF        R4, 0, 0
;__Lib_MathDouble.c,1431 :: 		
0x0452	0x5E00      	SUBWF       R0, 1, 0
;__Lib_MathDouble.c,1432 :: 		
0x0454	0x5005      	MOVF        R5, 0, 0
;__Lib_MathDouble.c,1433 :: 		
0x0456	0xA0D8      	BTFSS       STATUS, 0, 0
;__Lib_MathDouble.c,1434 :: 		
0x0458	0x3C05      	INCFSZ      R5, 0, 0
;__Lib_MathDouble.c,1436 :: 		
0x045A	0x5E01      	SUBWF       R1, 1, 0
;__Lib_MathDouble.c,1437 :: 		
0x045C	0x5006      	MOVF        R6, 0, 0
;__Lib_MathDouble.c,1438 :: 		
0x045E	0xA0D8      	BTFSS       STATUS, 0, 0
;__Lib_MathDouble.c,1439 :: 		
0x0460	0x3C06      	INCFSZ      R6, 0, 0
;__Lib_MathDouble.c,1441 :: 		
0x0462	0x5E02      	SUBWF       R2, 1, 0
;__Lib_MathDouble.c,1442 :: 		
0x0464	0x3406      	RLCF        R6, 0, 0
;__Lib_MathDouble.c,1443 :: 		
0x0466	0x120E      	IORWF       R14, 1, 0
;__Lib_MathDouble.c,1444 :: 		
0x0468	0xA00E      	BTFSS       R14, 0, 0
;__Lib_MathDouble.c,1445 :: 		
0x046A	0xF002EF3A  	GOTO        DREST32
;__Lib_MathDouble.c,1446 :: 		
0x046E	0x800D      	BSF         R13, 0, 0
;__Lib_MathDouble.c,1447 :: 		
0x0470	0xF002EF45  	GOTO        DOK32
;__Lib_MathDouble.c,1448 :: 		
DREST32:
;__Lib_MathDouble.c,1449 :: 		
0x0474	0x5004      	MOVF        R4, 0, 0
;__Lib_MathDouble.c,1450 :: 		
0x0476	0x2600      	ADDWF       R0, 1, 0
;__Lib_MathDouble.c,1451 :: 		
0x0478	0x5005      	MOVF        R5, 0, 0
;__Lib_MathDouble.c,1452 :: 		
0x047A	0xB0D8      	BTFSC       STATUS, 0, 0
;__Lib_MathDouble.c,1453 :: 		
0x047C	0x3C05      	INCFSZ      R5, 0, 0
;__Lib_MathDouble.c,1455 :: 		
0x047E	0x2601      	ADDWF       R1, 1, 0
;__Lib_MathDouble.c,1456 :: 		
0x0480	0x5006      	MOVF        R6, 0, 0
;__Lib_MathDouble.c,1457 :: 		
0x0482	0xB0D8      	BTFSC       STATUS, 0, 0
;__Lib_MathDouble.c,1458 :: 		
0x0484	0x2806      	INCF        R6, 0, 0
;__Lib_MathDouble.c,1459 :: 		
0x0486	0x2602      	ADDWF       R2, 1, 0
;__Lib_MathDouble.c,1460 :: 		
0x0488	0x900D      	BCF         R13, 0, 0
;__Lib_MathDouble.c,1461 :: 		
DOK32:
;__Lib_MathDouble.c,1462 :: 		
0x048A	0x2E0B      	DECFSZ      R11, 1, 0
;__Lib_MathDouble.c,1463 :: 		
0x048C	0xF002EF21  	GOTO        DLOOP32
;__Lib_MathDouble.c,1467 :: 		
0x0490	0xF002EF6B  	GOTO        DIV32OK
;__Lib_MathDouble.c,1468 :: 		
0x0494	0x90D8      	BCF         STATUS, 0, 0
;__Lib_MathDouble.c,1469 :: 		
0x0496	0x3600      	RLCF        R0, 1, 0
;__Lib_MathDouble.c,1470 :: 		
0x0498	0x3601      	RLCF        R1, 1, 0
;__Lib_MathDouble.c,1471 :: 		
0x049A	0x3602      	RLCF        R2, 1, 0
;__Lib_MathDouble.c,1472 :: 		
0x049C	0x360E      	RLCF        R14, 1, 0
;__Lib_MathDouble.c,1474 :: 		
0x049E	0x5004      	MOVF        R4, 0, 0
;__Lib_MathDouble.c,1475 :: 		
0x04A0	0x5E00      	SUBWF       R0, 1, 0
;__Lib_MathDouble.c,1476 :: 		
0x04A2	0x5005      	MOVF        R5, 0, 0
;__Lib_MathDouble.c,1477 :: 		
0x04A4	0xA0D8      	BTFSS       STATUS, 0, 0
;__Lib_MathDouble.c,1478 :: 		
0x04A6	0x3C05      	INCFSZ      R5, 0, 0
;__Lib_MathDouble.c,1479 :: 		
0x04A8	0x5E01      	SUBWF       R1, 1, 0
;__Lib_MathDouble.c,1480 :: 		
0x04AA	0x5006      	MOVF        R6, 0, 0
;__Lib_MathDouble.c,1481 :: 		
0x04AC	0xA0D8      	BTFSS       STATUS, 0, 0
;__Lib_MathDouble.c,1482 :: 		
0x04AE	0x3C06      	INCFSZ      R6, 0, 0
;__Lib_MathDouble.c,1483 :: 		
0x04B0	0x5E02      	SUBWF       R2, 1, 0
;__Lib_MathDouble.c,1484 :: 		
0x04B2	0x3406      	RLCF        R6, 0, 0
;__Lib_MathDouble.c,1485 :: 		
0x04B4	0x100E      	IORWF       R14, 0, 0
;__Lib_MathDouble.c,1486 :: 		
0x04B6	0x0B01      	ANDLW       1
;__Lib_MathDouble.c,1487 :: 		
0x04B8	0x260D      	ADDWF       R13, 1, 0
;__Lib_MathDouble.c,1488 :: 		
0x04BA	0xB0D8      	BTFSC       STATUS, 0, 0
;__Lib_MathDouble.c,1489 :: 		
0x04BC	0x2A0C      	INCF        R12, 1, 0
;__Lib_MathDouble.c,1490 :: 		
0x04BE	0xB4D8      	BTFSC       STATUS, 2, 0
;__Lib_MathDouble.c,1491 :: 		
0x04C0	0x2A08      	INCF        R8, 1, 0
;__Lib_MathDouble.c,1492 :: 		
0x04C2	0xA4D8      	BTFSS       STATUS, 2, 0
;__Lib_MathDouble.c,1493 :: 		
0x04C4	0xF002EF6B  	GOTO        DIV32OK
;__Lib_MathDouble.c,1494 :: 		
0x04C8	0x3208      	RRCF        R8, 1, 0
;__Lib_MathDouble.c,1495 :: 		
0x04CA	0x320C      	RRCF        R12, 1, 0
;__Lib_MathDouble.c,1496 :: 		
0x04CC	0x320D      	RRCF        R13, 1, 0
;__Lib_MathDouble.c,1497 :: 		
0x04CE	0x2A03      	INCF        R3, 1, 0
;__Lib_MathDouble.c,1498 :: 		
0x04D0	0xB4D8      	BTFSC       STATUS, 2, 0
;__Lib_MathDouble.c,1499 :: 		
0x04D2	0xF002EF7D  	GOTO        JPDSETFOV32
;__Lib_MathDouble.c,1500 :: 		
DIV32OK:
;__Lib_MathDouble.c,1501 :: 		
0x04D6	0xAE0A      	BTFSS       R10, 7, 0
;__Lib_MathDouble.c,1502 :: 		
0x04D8	0x9E08      	BCF         R8, 7, 0
;__Lib_MathDouble.c,1503 :: 		
0x04DA	0x5008      	MOVF        R8, 0, 0
;__Lib_MathDouble.c,1504 :: 		
0x04DC	0x6E02      	MOVWF       R2, 0
;__Lib_MathDouble.c,1505 :: 		
0x04DE	0x500C      	MOVF        R12, 0, 0
;__Lib_MathDouble.c,1506 :: 		
0x04E0	0x6E01      	MOVWF       R1, 0
;__Lib_MathDouble.c,1507 :: 		
0x04E2	0x500D      	MOVF        R13, 0, 0
;__Lib_MathDouble.c,1508 :: 		
0x04E4	0x6E00      	MOVWF       R0, 0
;__Lib_MathDouble.c,1511 :: 		
0x04E6	0xF002EF83  	GOTO        DIV32EEE
;__Lib_MathDouble.c,1512 :: 		
JPDSETFDZ32:
;__Lib_MathDouble.c,1513 :: 		
0x04EA	0x0E01      	MOVLW       1
;__Lib_MathDouble.c,1516 :: 		
0x04EC	0xDEBF      	RCALL       _SETFDZ32
;__Lib_MathDouble.c,1518 :: 		
0x04EE	0xF002EF83  	GOTO        DIV32EEE
;__Lib_MathDouble.c,1519 :: 		
JPDRES032:
;__Lib_MathDouble.c,1520 :: 		
0x04F2	0x0E02      	MOVLW       2
;__Lib_MathDouble.c,1523 :: 		
0x04F4	0xDDA4      	RCALL       _RES032
;__Lib_MathDouble.c,1525 :: 		
0x04F6	0xF002EF83  	GOTO        DIV32EEE
;__Lib_MathDouble.c,1526 :: 		
JPDSETFOV32:
;__Lib_MathDouble.c,1527 :: 		
0x04FA	0x0E04      	MOVLW       4
;__Lib_MathDouble.c,1530 :: 		
0x04FC	0xDD94      	RCALL       _SETFOV32
;__Lib_MathDouble.c,1532 :: 		
0x04FE	0xF002EF83  	GOTO        DIV32EEE
;__Lib_MathDouble.c,1533 :: 		
JPDSETFUN32:
;__Lib_MathDouble.c,1534 :: 		
0x0502	0x0E08      	MOVLW       8
;__Lib_MathDouble.c,1537 :: 		
0x0504	0xDDA3      	RCALL       _SETFUN32
;__Lib_MathDouble.c,1539 :: 		
DIV32EEE:
;__Lib_MathDouble.c,1547 :: 		
L_end_Div_32x32_FP:
0x0506	0x0012      	RETURN      0
; end of _Div_32x32_FP
_byte2double:
;__Lib_MathDouble.c,2253 :: 		
;__Lib_MathDouble.c,2262 :: 		
0x0508	0xF008C000  	MOVFF       R0, R8
;__Lib_MathDouble.c,2265 :: 		
0x050C	0x6A0B      	CLRF        R11, 0
;__Lib_MathDouble.c,2266 :: 		
0x050E	0x6A0C      	CLRF        R12, 0
;__Lib_MathDouble.c,2268 :: 		
0x0510	0x0E9E      	MOVLW       158
;__Lib_MathDouble.c,2269 :: 		
0x0512	0x6E03      	MOVWF       R3, 0
;__Lib_MathDouble.c,2270 :: 		
0x0514	0x6A0A      	CLRF        R10, 0
;__Lib_MathDouble.c,2271 :: 		
0x0516	0x6A02      	CLRF        R2, 0
;__Lib_MathDouble.c,2272 :: 		
0x0518	0x6A01      	CLRF        R1, 0
;__Lib_MathDouble.c,2273 :: 		
0x051A	0x6A00      	CLRF        R0, 0
;__Lib_MathDouble.c,2274 :: 		
0x051C	0x0E02      	MOVLW       2
;__Lib_MathDouble.c,2275 :: 		
0x051E	0x6E0C      	MOVWF       R12, 0
;__Lib_MathDouble.c,2277 :: 		
0x0520	0xDDB4      	RCALL       _NRM4032
;__Lib_MathDouble.c,2278 :: 		
L_end_byte2double:
0x0522	0x0012      	RETURN      0
; end of _byte2double
_double2byte:
;__Lib_MathDouble.c,2154 :: 		
;__Lib_MathDouble.c,2163 :: 		
0x0524	0x6A0B      	CLRF        R11, 0
;__Lib_MathDouble.c,2164 :: 		
0x0526	0x6A0C      	CLRF        R12, 0
;__Lib_MathDouble.c,2165 :: 		
0x0528	0x6A0A      	CLRF        R10, 0
;__Lib_MathDouble.c,2167 :: 		
0x052A	0x5003      	MOVF        R3, 0, 0
;__Lib_MathDouble.c,2168 :: 		
0x052C	0xB4D8      	BTFSC       STATUS, 2, 0
;__Lib_MathDouble.c,2169 :: 		
0x052E	0xF002EFC7  	GOTO        IRES008
;__Lib_MathDouble.c,2171 :: 		
0x0532	0x9E0A      	BCF         R10, 7, 0
;__Lib_MathDouble.c,2172 :: 		
0x0534	0x8E02      	BSF         R2, 7, 0
;__Lib_MathDouble.c,2174 :: 		
0x0536	0x0E86      	MOVLW       134
;__Lib_MathDouble.c,2175 :: 		
0x0538	0x5E03      	SUBWF       R3, 1, 0
;__Lib_MathDouble.c,2176 :: 		
0x053A	0xBE03      	BTFSC       R3, 7, 0
;__Lib_MathDouble.c,2177 :: 		
0x053C	0xF002EFA5  	GOTO        SETEXP08
;__Lib_MathDouble.c,2178 :: 		
0x0540	0xB4D8      	BTFSC       STATUS, 2, 0
;__Lib_MathDouble.c,2179 :: 		
0x0542	0xF002EFA5  	GOTO        SETEXP08
;__Lib_MathDouble.c,2180 :: 		
0x0546	0xF002EFCA  	GOTO        SETIOV08
;__Lib_MathDouble.c,2181 :: 		
SETEXP08:
;__Lib_MathDouble.c,2182 :: 		
0x054A	0x6C03      	NEGF        R3, 0
;__Lib_MathDouble.c,2184 :: 		
0x054C	0x0E08      	MOVLW       8
;__Lib_MathDouble.c,2185 :: 		
0x054E	0x5C03      	SUBWF       R3, 0, 0
;__Lib_MathDouble.c,2186 :: 		
0x0550	0xA0D8      	BTFSS       STATUS, 0, 0
;__Lib_MathDouble.c,2187 :: 		
0x0552	0xF002EFB3  	GOTO        TSHIFT3208
;__Lib_MathDouble.c,2188 :: 		
0x0556	0x6E03      	MOVWF       R3, 0
;__Lib_MathDouble.c,2189 :: 		
0x0558	0x3602      	RLCF        R2, 1, 0
;__Lib_MathDouble.c,2190 :: 		
0x055A	0x6A02      	CLRF        R2, 0
;__Lib_MathDouble.c,2192 :: 		
0x055C	0x5003      	MOVF        R3, 0, 0
;__Lib_MathDouble.c,2193 :: 		
0x055E	0xA4D8      	BTFSS       STATUS, 2, 0
;__Lib_MathDouble.c,2194 :: 		
0x0560	0x90D8      	BCF         STATUS, 0, 0
;__Lib_MathDouble.c,2195 :: 		
0x0562	0xF002EFBC  	GOTO        SHIFT3208OK
;__Lib_MathDouble.c,2196 :: 		
TSHIFT3208:
;__Lib_MathDouble.c,2197 :: 		
0x0566	0x5003      	MOVF        R3, 0, 0
;__Lib_MathDouble.c,2198 :: 		
0x0568	0xB4D8      	BTFSC       STATUS, 2, 0
;__Lib_MathDouble.c,2199 :: 		
0x056A	0xF002EFBC  	GOTO        SHIFT3208OK
;__Lib_MathDouble.c,2200 :: 		
SHIFT3208:
;__Lib_MathDouble.c,2201 :: 		
0x056E	0x90D8      	BCF         STATUS, 0, 0
;__Lib_MathDouble.c,2202 :: 		
0x0570	0x3202      	RRCF        R2, 1, 0
;__Lib_MathDouble.c,2203 :: 		
0x0572	0x2E03      	DECFSZ      R3, 1, 0
;__Lib_MathDouble.c,2204 :: 		
0x0574	0xF002EFB7  	GOTO        SHIFT3208
;__Lib_MathDouble.c,2205 :: 		
SHIFT3208OK:
;__Lib_MathDouble.c,2206 :: 		
0x0578	0xBC0B      	BTFSC       R11, 6, 0
;__Lib_MathDouble.c,2207 :: 		
0x057A	0xA002      	BTFSS       R2, 0, 0
;__Lib_MathDouble.c,2208 :: 		
0x057C	0xF002EFC7  	GOTO        INT3208OK
;__Lib_MathDouble.c,2209 :: 		
0x0580	0xA0D8      	BTFSS       STATUS, 0, 0
;__Lib_MathDouble.c,2210 :: 		
0x0582	0xF002EFC7  	GOTO        INT3208OK
;__Lib_MathDouble.c,2211 :: 		
0x0586	0x2A02      	INCF        R2, 1, 0
;__Lib_MathDouble.c,2212 :: 		
0x0588	0xB4D8      	BTFSC       STATUS, 2, 0
;__Lib_MathDouble.c,2213 :: 		
0x058A	0xF002EFD1  	GOTO        D2B_JPKSETIOV3224
;__Lib_MathDouble.c,2214 :: 		
INT3208OK:
;__Lib_MathDouble.c,2215 :: 		
IRES008:
;__Lib_MathDouble.c,2216 :: 		
0x058E	0x6A01      	CLRF        R1, 0
;__Lib_MathDouble.c,2217 :: 		
0x0590	0xF002EFD6  	GOTO        INT3208EOK
;__Lib_MathDouble.c,2218 :: 		
SETIOV08:
;__Lib_MathDouble.c,2219 :: 		
0x0594	0x800B      	BSF         R11, 0, 0
;__Lib_MathDouble.c,2220 :: 		
0x0596	0xAE0B      	BTFSS       R11, 7, 0
;__Lib_MathDouble.c,2221 :: 		
0x0598	0xF002EFDA  	GOTO        INT3208EER
;__Lib_MathDouble.c,2223 :: 		
0x059C	0x6A01      	CLRF        R1, 0
;__Lib_MathDouble.c,2224 :: 		
0x059E	0xF002EFDA  	GOTO        INT3208EER
;__Lib_MathDouble.c,2225 :: 		
D2B_JPKSETIOV3224:
;__Lib_MathDouble.c,2226 :: 		
0x05A2	0x0E01      	MOVLW       1
;__Lib_MathDouble.c,2227 :: 		
0x05A4	0x6E0C      	MOVWF       R12, 0
;__Lib_MathDouble.c,2229 :: 		
0x05A6	0xDD63      	RCALL       _SETIOV3224
;__Lib_MathDouble.c,2231 :: 		
0x05A8	0xF002EFDC  	GOTO        INT3208EEE
;__Lib_MathDouble.c,2232 :: 		
INT3208EOK:
;__Lib_MathDouble.c,2233 :: 		
0x05AC	0x0E00      	MOVLW       0
;__Lib_MathDouble.c,2234 :: 		
0x05AE	0x6E0C      	MOVWF       R12, 0
;__Lib_MathDouble.c,2235 :: 		
0x05B0	0xF002EFDC  	GOTO        INT3208EEE
;__Lib_MathDouble.c,2236 :: 		
INT3208EER:
;__Lib_MathDouble.c,2237 :: 		
0x05B4	0x0EFF      	MOVLW       255
;__Lib_MathDouble.c,2238 :: 		
0x05B6	0x6E0C      	MOVWF       R12, 0
;__Lib_MathDouble.c,2239 :: 		
INT3208EEE:
;__Lib_MathDouble.c,2240 :: 		
0x05B8	0x5002      	MOVF        R2, 0, 0
;__Lib_MathDouble.c,2241 :: 		
0x05BA	0x6E00      	MOVWF       R0, 0
;__Lib_MathDouble.c,2246 :: 		
L_end_double2byte:
0x05BC	0x0012      	RETURN      0
; end of _double2byte
___CC2DW:
;__Lib_System.c,21 :: 		
;__Lib_System.c,23 :: 		
_CC2DL_Loop1:
;__Lib_System.c,24 :: 		
0x05BE	0x0009      	TBLRD*+
;__Lib_System.c,25 :: 		
0x05C0	0xFFE6CFF5  	MOVFF       TABLAT, POSTINC1
;__Lib_System.c,26 :: 		
0x05C4	0x0600      	DECF        R0, 1, 0
;__Lib_System.c,27 :: 		
0x05C6	0xE1FB      	BNZ         _CC2DL_Loop1
;__Lib_System.c,28 :: 		
0x05C8	0x0601      	DECF        R1, 1, 0
;__Lib_System.c,29 :: 		
0x05CA	0xE1F9      	BNZ         _CC2DL_Loop1
;__Lib_System.c,31 :: 		
L_end___CC2DW:
0x05CC	0x0012      	RETURN      0
; end of ___CC2DW
_calcPulses:
;Circuito5.c,103 :: 		unsigned short int calcPulses(float seconds, unsigned short int scale)
;Circuito5.c,105 :: 		float pulseDuration = 1/(clockFrequency / (float)scale);
0x05CE	0xF000C01B  	MOVFF       FARG_calcPulses_scale, R0
0x05D2	0xDF9A      	RCALL       _byte2double
0x05D4	0xF004C000  	MOVFF       R0, R4
0x05D8	0xF005C001  	MOVFF       R1, R5
0x05DC	0xF006C002  	MOVFF       R2, R6
0x05E0	0xF007C003  	MOVFF       R3, R7
0x05E4	0x0E00      	MOVLW       0
0x05E6	0x6E00      	MOVWF       R0 
0x05E8	0x0E24      	MOVLW       36
0x05EA	0x6E01      	MOVWF       R1 
0x05EC	0x0E74      	MOVLW       116
0x05EE	0x6E02      	MOVWF       R2 
0x05F0	0x0E94      	MOVLW       148
0x05F2	0x6E03      	MOVWF       R3 
0x05F4	0xDECF      	RCALL       _Div_32x32_FP
0x05F6	0xF004C000  	MOVFF       R0, R4
0x05FA	0xF005C001  	MOVFF       R1, R5
0x05FE	0xF006C002  	MOVFF       R2, R6
0x0602	0xF007C003  	MOVFF       R3, R7
0x0606	0x0E00      	MOVLW       0
0x0608	0x6E00      	MOVWF       R0 
0x060A	0x0E00      	MOVLW       0
0x060C	0x6E01      	MOVWF       R1 
0x060E	0x0E00      	MOVLW       0
0x0610	0x6E02      	MOVWF       R2 
0x0612	0x0E7F      	MOVLW       127
0x0614	0x6E03      	MOVWF       R3 
0x0616	0xDEBE      	RCALL       _Div_32x32_FP
0x0618	0xF01CC000  	MOVFF       R0, FLOC__calcPulses
0x061C	0xF01DC001  	MOVFF       R1, FLOC__calcPulses+1
0x0620	0xF01EC002  	MOVFF       R2, FLOC__calcPulses+2
0x0624	0xF01FC003  	MOVFF       R3, FLOC__calcPulses+3
0x0628	0xF000C017  	MOVFF       FARG_calcPulses_seconds, R0
0x062C	0xF001C018  	MOVFF       FARG_calcPulses_seconds+1, R1
0x0630	0xF002C019  	MOVFF       FARG_calcPulses_seconds+2, R2
0x0634	0xF003C01A  	MOVFF       FARG_calcPulses_seconds+3, R3
0x0638	0x0E00      	MOVLW       0
0x063A	0x6E04      	MOVWF       R4 
0x063C	0x0E24      	MOVLW       36
0x063E	0x6E05      	MOVWF       R5 
0x0640	0x0E74      	MOVLW       116
0x0642	0x6E06      	MOVWF       R6 
0x0644	0x0E92      	MOVLW       146
0x0646	0x6E07      	MOVWF       R7 
0x0648	0xDE15      	RCALL       _Mul_32x32_FP
;Circuito5.c,106 :: 		unsigned short int pulses = (seconds*1000000) / pulseDuration;
0x064A	0xF004C01C  	MOVFF       FLOC__calcPulses, R4
0x064E	0xF005C01D  	MOVFF       FLOC__calcPulses+1, R5
0x0652	0xF006C01E  	MOVFF       FLOC__calcPulses+2, R6
0x0656	0xF007C01F  	MOVFF       FLOC__calcPulses+3, R7
0x065A	0xDE9C      	RCALL       _Div_32x32_FP
0x065C	0xDF63      	RCALL       _double2byte
;Circuito5.c,108 :: 		return (0xffff - pulses);
0x065E	0x5000      	MOVF        R0, 0 
0x0660	0x08FF      	SUBLW       255
0x0662	0x6E00      	MOVWF       R0 
;Circuito5.c,109 :: 		}
L_end_calcPulses:
0x0664	0x0012      	RETURN      0
; end of _calcPulses
_setupCounter:
;Circuito5.c,52 :: 		void setupCounter(char counterNumber, unsigned short int pulses)
;Circuito5.c,54 :: 		switch(counterNumber)
0x0666	0xD01B      	BRA         L_setupCounter3
;Circuito5.c,56 :: 		case 0:
L_setupCounter5:
;Circuito5.c,58 :: 		T0CON.T08BIT = 0;       // 16 bits
0x0668	0x9CD5      	BCF         T0CON, 6 
;Circuito5.c,59 :: 		T0CON.T0CS = 0;         // Internal clock => Crystal/4
0x066A	0x9AD5      	BCF         T0CON, 5 
;Circuito5.c,60 :: 		T0CON.PSA = 0;          // Prescaler ON
0x066C	0x96D5      	BCF         T0CON, 3 
;Circuito5.c,63 :: 		T0CON.T0PS2 = 1;
0x066E	0x84D5      	BSF         T0CON, 2 
;Circuito5.c,64 :: 		T0CON.T0PS1 = 1;
0x0670	0x82D5      	BSF         T0CON, 1 
;Circuito5.c,65 :: 		T0CON.T0PS0 = 1;
0x0672	0x80D5      	BSF         T0CON, 0 
;Circuito5.c,68 :: 		TMR0H = pulses >> 8;  // Load Timer 0 counter - 1st TMR0H
0x0674	0x6AD7      	CLRF        TMR0H 
;Circuito5.c,69 :: 		TMR0L = pulses;       // Load Timer 0 counter - 2nd TMR0L
0x0676	0xFFD6C018  	MOVFF       FARG_setupCounter_pulses, TMR0L
;Circuito5.c,72 :: 		INTCON.TMR0IP = 1;
0x067A	0x84F2      	BSF         INTCON, 2 
;Circuito5.c,73 :: 		INTCON.TMR0IF=0;
0x067C	0x94F2      	BCF         INTCON, 2 
;Circuito5.c,74 :: 		INTCON.TMR0IE=1;
0x067E	0x8AF2      	BSF         INTCON, 5 
;Circuito5.c,75 :: 		INTCON.PEIE=0;
0x0680	0x9CF2      	BCF         INTCON, 6 
;Circuito5.c,76 :: 		INTCON.GIE=1;
0x0682	0x8EF2      	BSF         INTCON, 7 
;Circuito5.c,78 :: 		T0CON.TMR0ON=1;         // Timer ON
0x0684	0x8ED5      	BSF         T0CON, 7 
;Circuito5.c,79 :: 		break;
0x0686	0xD011      	BRA         L_setupCounter4
;Circuito5.c,81 :: 		case 1:
L_setupCounter6:
;Circuito5.c,83 :: 		T2CON.T2CKPS1 = 1;
0x0688	0x82CA      	BSF         T2CON, 1 
;Circuito5.c,84 :: 		T2CON.T2CKPS0 = 1;
0x068A	0x80CA      	BSF         T2CON, 0 
;Circuito5.c,87 :: 		TMR2 = pulses;  // Load Timer 2 counter
0x068C	0xFFCCC018  	MOVFF       FARG_setupCounter_pulses, TMR2
;Circuito5.c,90 :: 		INTCON.TMR2IP = 1;
0x0690	0x82F2      	BSF         INTCON, 1 
;Circuito5.c,91 :: 		INTCON.TMR2IF=0;
0x0692	0x92F2      	BCF         INTCON, 1 
;Circuito5.c,92 :: 		INTCON.TMR2IE=1;
0x0694	0x82F2      	BSF         INTCON, 1 
;Circuito5.c,93 :: 		INTCON.PEIE=0;
0x0696	0x9CF2      	BCF         INTCON, 6 
;Circuito5.c,94 :: 		INTCON.GIE=1;
0x0698	0x8EF2      	BSF         INTCON, 7 
;Circuito5.c,97 :: 		T2CON.TMR2ON = 1;       // On
0x069A	0x84CA      	BSF         T2CON, 2 
;Circuito5.c,98 :: 		break;
0x069C	0xD006      	BRA         L_setupCounter4
;Circuito5.c,99 :: 		}
L_setupCounter3:
0x069E	0x5017      	MOVF        FARG_setupCounter_counterNumber, 0 
0x06A0	0x0A00      	XORLW       0
0x06A2	0xE0E2      	BZ          L_setupCounter5
0x06A4	0x5017      	MOVF        FARG_setupCounter_counterNumber, 0 
0x06A6	0x0A01      	XORLW       1
0x06A8	0xE0EF      	BZ          L_setupCounter6
L_setupCounter4:
;Circuito5.c,100 :: 		}
L_end_setupCounter:
0x06AA	0x0012      	RETURN      0
; end of _setupCounter
_main:
0x06AC	0x6A15      	CLRF        _pulses2 
0x06AE	0x6A16      	CLRF        _pulses1 
;Circuito5.c,13 :: 		void main()
;Circuito5.c,16 :: 		TRISD.RD0 = 0;  // digital output
0x06B0	0x9095      	BCF         TRISD, 0 
;Circuito5.c,17 :: 		PORTD.RD0 = 0;  // LED off
0x06B2	0x9083      	BCF         PORTD, 0 
;Circuito5.c,19 :: 		pulses1 = calcPulses(3.2, 256);
0x06B4	0x0ECD      	MOVLW       205
0x06B6	0x6E17      	MOVWF       FARG_calcPulses_seconds 
0x06B8	0x0ECC      	MOVLW       204
0x06BA	0x6E18      	MOVWF       FARG_calcPulses_seconds+1 
0x06BC	0x0E4C      	MOVLW       76
0x06BE	0x6E19      	MOVWF       FARG_calcPulses_seconds+2 
0x06C0	0x0E80      	MOVLW       128
0x06C2	0x6E1A      	MOVWF       FARG_calcPulses_seconds+3 
0x06C4	0x0E00      	MOVLW       0
0x06C6	0x6E1B      	MOVWF       FARG_calcPulses_scale 
0x06C8	0xDF82      	RCALL       _calcPulses
0x06CA	0xF016C000  	MOVFF       R0, _pulses1
;Circuito5.c,20 :: 		pulses2 = calcPulses(2, 16);
0x06CE	0x0E00      	MOVLW       0
0x06D0	0x6E17      	MOVWF       FARG_calcPulses_seconds 
0x06D2	0x0E00      	MOVLW       0
0x06D4	0x6E18      	MOVWF       FARG_calcPulses_seconds+1 
0x06D6	0x0E00      	MOVLW       0
0x06D8	0x6E19      	MOVWF       FARG_calcPulses_seconds+2 
0x06DA	0x0E80      	MOVLW       128
0x06DC	0x6E1A      	MOVWF       FARG_calcPulses_seconds+3 
0x06DE	0x0E10      	MOVLW       16
0x06E0	0x6E1B      	MOVWF       FARG_calcPulses_scale 
0x06E2	0xDF75      	RCALL       _calcPulses
0x06E4	0xF015C000  	MOVFF       R0, _pulses2
;Circuito5.c,23 :: 		setupCounter(0, pulses1);
0x06E8	0x6A17      	CLRF        FARG_setupCounter_counterNumber 
0x06EA	0xF018C016  	MOVFF       _pulses1, FARG_setupCounter_pulses
0x06EE	0xDFBB      	RCALL       _setupCounter
;Circuito5.c,26 :: 		setupCounter(1, pulses2);
0x06F0	0x0E01      	MOVLW       1
0x06F2	0x6E17      	MOVWF       FARG_setupCounter_counterNumber 
0x06F4	0xF018C015  	MOVFF       _pulses2, FARG_setupCounter_pulses
0x06F8	0xDFB6      	RCALL       _setupCounter
;Circuito5.c,27 :: 		}
L_end_main:
0x06FA	0xD7FF      	BRA         $+0
; end of _main
Symbol List:
//** Routines locations **
//ADDRESS    SIZE    PROCEDURE
//----------------------------------------------
0x0008      [30]    _interrupt
0x0026      [24]    _SETFOV32
0x003E      [14]    _RES032
0x004C      [26]    _SETFUN32
0x0066       [8]    _FIXSIGN32
0x006E      [28]    _SETIOV3224
0x008A     [482]    _NRM4032
0x026C       [8]    _SETFDZ32
0x0274     [288]    _Mul_32x32_FP
0x0394     [372]    _Div_32x32_FP
0x0508      [28]    _byte2double
0x0524     [154]    _double2byte
0x05BE      [16]    ___CC2DW
0x05CE     [152]    _calcPulses
0x0666      [70]    _setupCounter
0x06AC      [80]    _main
//** Variables locations ** 
//ADDRESS    SIZE    VARIABLE
//----------------------------------------------
0x0000       [1]    EEPROM_Write_SaveINTCON_L0
0x0000       [1]    __Lib_SoftI2C_PutZerosToLATScl_temp_scl_L0
0x0000       [1]    FLASH_Erase_64_SaveINTCON_L0
0x0000       [1]    R0
0x0000       [1]    SPI1_Write_tmp_L0
0x0000       [1]    UART1_Init_tmp_L0
0x0000       [1]    __Lib_SoftI2C_PutZerosToLATSda_temp_sda_L0
0x0001       [1]    __Lib_TFT_JPEG_FileRead_i_L0
0x0001       [1]    R1
0x0001       [1]    FLASH_Erase_Write_64_i_L0
0x0001       [1]    __Lib_TFT_16bit_JPEG_FileReadBytes_Result_L0
0x0001       [1]    FLASH_Write_8_i_L0
0x0001       [1]    __Lib_TFT_16bit_JPEG_FileRead_i_L0
0x0001       [1]    __Lib_PS2_Wait_Falling_nsample_L0
0x0001       [1]    __Lib_TFT_JPEG_FileReadBytes_Result_L0
0x0001       [2]    FLASH_Read_N_Bytes_i_L0
0x0001       [1]    UART1_Read___tmp_UART1_Read_L0
0x0001       [1]    ispunct_rslt_L0
0x0002       [2]    __Lib_FT800_alt_memset_pp_L0
0x0002       [2]    strlen_cp_L0
0x0002       [2]    __Lib_FT800_alt_memcpy_dd_L0
0x0002       [2]    memcpy_dd_L0
0x0002       [2]    __Lib_FT812_alt_memcpy_dd_L0
0x0002       [2]    __Lib_FT810_alt_memset_pp_L0
0x0002       [2]    memset_pp_L0
0x0002       [2]    __Lib_FT800_alt_strlen_cp_L0
0x0002       [1]    FLASH_Erase_Write_64_j_L0
0x0002       [2]    __Lib_FT810_alt_memcpy_dd_L0
0x0002       [2]    __Lib_FT812_alt_memset_pp_L0
0x0002       [2]    __Lib_FT812_alt_strlen_cp_L0
0x0002       [1]    R2
0x0002       [2]    memchr_s_L0
0x0002       [2]    __Lib_FT810_alt_strlen_cp_L0
0x0002       [1]    FLASH_Write_8_SaveINTCON_L0
0x0003       [2]    Ltrim_original_L0
0x0003       [1]    R3
0x0003       [1]    __Lib_Sprinti_?FLOC____Lib_Sprinti_Do_FillT29
0x0003       [4]    FT800_Canvas_SurrRect_minX_L0
0x0003       [2]    __Lib_MmcFat16_f16_toInt_l_L0
0x0003       [1]    FLASH_Erase_Write_64_SaveINTCON_L0
0x0003       [2]    memmove_tt_L0
0x0003       [1]    MM_Init_i_L0
0x0003       [4]    FT812_Canvas_SurrRect_minX_L0
0x0003       [4]    FT810_Canvas_SurrRect_minX_L0
0x0003       [2]    MM_TotalFreeMemSize_Tot_L0
0x0004       [3]    __Lib_FT800_alt_strlen_const_cp_L0
0x0004       [1]    __Lib_Sprinti_?FLOC____Lib_Sprinti_Do_FillT40
0x0004       [2]    __Lib_FT800_alt_memcpy_ss_L0
0x0004       [1]    R4
0x0004       [2]    memcpy_ss_L0
0x0004       [2]    __Lib_MemManager_MM_GetMemAlign_P_L0
0x0004       [2]    __Lib_FT810_alt_memcpy_ss_L0
0x0004       [3]    __Lib_FT810_alt_strlen_const_cp_L0
0x0004       [2]    __Lib_FT812_alt_memcpy_ss_L0
0x0004       [2]    strncpy_cp_L0
0x0004       [2]    strcpy_cp_L0
0x0004       [2]    strncat_cp_L0
0x0004       [2]    frexp_pom_L0
0x0004       [3]    __Lib_FT812_alt_strlen_const_cp_L0
0x0004       [2]    strcat_cp_L0
0x0005       [2]    LongIntToHex_input_half_L0
0x0005       [1]    R5
0x0005       [2]    LongWordToHex_input_half_L0
0x0005       [1]    MM_TotalFreeMemSize_i_L0
0x0005       [2]    Ltrim_p_L0
0x0005       [1]    __Lib_Sprinti_?FLOC____Lib_Sprinti_Do_FillT54
0x0005       [2]    memmove_ff_L0
0x0006       [1]    __Lib_MemManager_MM_GetMemAlign_i_L0
0x0006       [1]    R6
0x0006       [1]    __Lib_Sprinti_?FLOC____Lib_Sprinti_Do_FillT69
0x0007       [1]    R7
0x0007       [4]    FT810_Canvas_SurrRect_minY_L0
0x0007       [4]    FT812_Canvas_SurrRect_minY_L0
0x0007       [4]    FT800_Canvas_SurrRect_minY_L0
0x0007       [1]    __Lib_TFT_JPEG_GenerateHuffmanTables_bLength_L0
0x0007       [1]    __Lib_TFT_16bit_JPEG_GenerateHuffmanTables_bLength_L0
0x0008       [1]    R8
0x0008       [1]    __Lib_TFT_JPEG_GenerateHuffmanTables_bTable_L0
0x0008       [1]    __Lib_TFT_16bit_JPEG_GenerateHuffmanTables_bTable_L0
0x0009       [4]    __Lib_MmcFat16_f16_toLong_l_L0
0x0009       [1]    R9
0x000A       [1]    R10
0x000B       [4]    FT812_Canvas_SurrRect_maxX_L0
0x000B       [4]    FT810_Canvas_SurrRect_maxX_L0
0x000B       [1]    R11
0x000B       [4]    FT800_Canvas_SurrRect_maxX_L0
0x000C       [1]    R12
0x000D       [1]    R13
0x000E       [1]    R14
0x000F       [4]    FT812_Canvas_SurrRect_maxY_L0
0x000F       [1]    R15
0x000F       [4]    FT800_Canvas_SurrRect_maxY_L0
0x000F       [4]    FT810_Canvas_SurrRect_maxY_L0
0x0010       [1]    R16
0x0011       [1]    R17
0x0012       [1]    R18
0x0013       [1]    R19
0x0014       [1]    R20
0x0015       [1]    _pulses2
0x0016       [1]    _pulses1
0x0017       [1]    FARG_setupCounter_counterNumber
0x0017       [4]    FARG_calcPulses_seconds
0x0018       [1]    FARG_setupCounter_pulses
0x001B       [1]    FARG_calcPulses_scale
0x001C       [4]    FLOC__calcPulses
0x0F83       [1]    PORTD
0x0F95       [1]    TRISD
0x0FCA       [1]    T2CON
0x0FCC       [1]    TMR2
0x0FD5       [1]    T0CON
0x0FD6       [1]    TMR0L
0x0FD7       [1]    TMR0H
0x0FD8       [1]    STATUS
0x0FD9       [1]    FSR2L
0x0FDA       [1]    FSR2H
0x0FDE       [1]    POSTINC2
0x0FE0       [1]    BSR
0x0FE1       [1]    FSR1L
0x0FE2       [1]    FSR1H
0x0FE4       [1]    PREINC1
0x0FE6       [1]    POSTINC1
0x0FE7       [1]    INDF1
0x0FE8       [1]    WREG
0x0FE9       [1]    FSR0L
0x0FEA       [1]    FSR0H
0x0FEE       [1]    POSTINC0
0x0FF2       [1]    INTCON
0x0FF3       [1]    PRODL
0x0FF4       [1]    PRODH
0x0FF5       [1]    TABLAT
0x0FF6       [1]    TBLPTRL
0x0FF7       [1]    TBLPTRH
0x0FF8       [1]    TBLPTRU
