;  LST file generated by mikroListExporter - v.2.0 
; Date/Time: 30/04/2017 20:36:41
;----------------------------------------------

;Address Opcode 	ASM
0x0000	0xF004EF43  	GOTO        2182
_interrupt:
;Temporizador.c,44 :: 		void interrupt(void)
0x0008	0xF018C000  	MOVFF       R0, 24
0x000C	0xF017C001  	MOVFF       R1, 23
0x0010	0xF016C00C  	MOVFF       R12, 22
0x0014	0xF015C00D  	MOVFF       R13, 21
;Temporizador.c,46 :: 		if(INTCON3.INT1IF)
0x0018	0xA0F0      	BTFSS       INTCON3, 0 
0x001A	0xD005      	BRA         L_interrupt0
;Temporizador.c,48 :: 		keypadHandler();
0x001C	0xDB34      	RCALL       _keypadHandler
;Temporizador.c,50 :: 		loadTimer2();
0x001E	0xDB2D      	RCALL       _loadTimer2
;Temporizador.c,53 :: 		INTCON3.INT1IE = 0;
0x0020	0x96F0      	BCF         INTCON3, 3 
;Temporizador.c,54 :: 		INTCON3.INT1IF = 0;
0x0022	0x90F0      	BCF         INTCON3, 0 
;Temporizador.c,55 :: 		}
0x0024	0xD037      	BRA         L_interrupt1
L_interrupt0:
;Temporizador.c,56 :: 		else if(PIR1.TMR2IF) // Related to bouncing
0x0026	0xA29E      	BTFSS       PIR1, 1 
0x0028	0xD00A      	BRA         L_interrupt2
;Temporizador.c,59 :: 		PIR1.TMR2IF=0;
0x002A	0x929E      	BCF         PIR1, 1 
;Temporizador.c,60 :: 		PIE1.TMR2IE=0;
0x002C	0x929D      	BCF         PIE1, 1 
;Temporizador.c,61 :: 		T2CON.TMR2ON=0;
0x002E	0x94CA      	BCF         T2CON, 2 
;Temporizador.c,64 :: 		INTCON3.INT1IE = 1;
0x0030	0x86F0      	BSF         INTCON3, 3 
;Temporizador.c,65 :: 		INTCON3.INT1IF = 0;
0x0032	0x90F0      	BCF         INTCON3, 0 
;Temporizador.c,68 :: 		INTCON.INT0IE = 1;
0x0034	0x88F2      	BSF         INTCON, 4 
;Temporizador.c,69 :: 		INTCON.INT0IF = 0;
0x0036	0x92F2      	BCF         INTCON, 1 
;Temporizador.c,72 :: 		INTCON3.INT2IE = 1;
0x0038	0x88F0      	BSF         INTCON3, 4 
;Temporizador.c,73 :: 		INTCON3.INT2IF = 0;
0x003A	0x92F0      	BCF         INTCON3, 1 
;Temporizador.c,74 :: 		}
0x003C	0xD02B      	BRA         L_interrupt3
L_interrupt2:
;Temporizador.c,75 :: 		else if(INTCON.TMR0IF)
0x003E	0xA4F2      	BTFSS       INTCON, 2 
0x0040	0xD006      	BRA         L_interrupt4
;Temporizador.c,78 :: 		TMR0H = COUNTER1 >> 8;  // RE-Load Timer 0 counter - 1st TMR0H
0x0042	0x0ED8      	MOVLW       216
0x0044	0x6ED7      	MOVWF       TMR0H 
;Temporizador.c,79 :: 		TMR0L = COUNTER1;       // RE-Load Timer 0 counter - 2nd TMR0L
0x0046	0x0EEF      	MOVLW       239
0x0048	0x6ED6      	MOVWF       TMR0L 
;Temporizador.c,81 :: 		INTCON.TMR0IF = 0;
0x004A	0x94F2      	BCF         INTCON, 2 
;Temporizador.c,82 :: 		}
0x004C	0xD023      	BRA         L_interrupt5
L_interrupt4:
;Temporizador.c,83 :: 		else if(INTCON.INT0IF)
0x004E	0xA2F2      	BTFSS       INTCON, 1 
0x0050	0xD010      	BRA         L_interrupt6
;Temporizador.c,85 :: 		Lcd_Cmd(_LCD_CLEAR);
0x0052	0x0E01      	MOVLW       1
0x0054	0x6E4C      	MOVWF       FARG_Lcd_Cmd_out_char 
0x0056	0xD83A      	RCALL       _Lcd_Cmd
;Temporizador.c,86 :: 		Lcd_Out(1, 1, "Prog");
0x0058	0x0E01      	MOVLW       1
0x005A	0x6E3B      	MOVWF       FARG_Lcd_Out_row 
0x005C	0x0E01      	MOVLW       1
0x005E	0x6E3C      	MOVWF       FARG_Lcd_Out_column 
0x0060	0x0E20      	MOVLW       ?lstr1_Temporizador
0x0062	0x6E3D      	MOVWF       FARG_Lcd_Out_text 
0x0064	0x0E00      	MOVLW       hi_addr(?lstr1_Temporizador)
0x0066	0x6E3E      	MOVWF       FARG_Lcd_Out_text+1 
0x0068	0xD8D8      	RCALL       _Lcd_Out
;Temporizador.c,88 :: 		loadTimer2();
0x006A	0xDB07      	RCALL       _loadTimer2
;Temporizador.c,91 :: 		INTCON.INT0IE = 0;
0x006C	0x98F2      	BCF         INTCON, 4 
;Temporizador.c,92 :: 		INTCON.INT0IF = 0;
0x006E	0x92F2      	BCF         INTCON, 1 
;Temporizador.c,93 :: 		}
0x0070	0xD011      	BRA         L_interrupt7
L_interrupt6:
;Temporizador.c,94 :: 		else if(INTCON3.INT2IF)
0x0072	0xA2F0      	BTFSS       INTCON3, 1 
0x0074	0xD00F      	BRA         L_interrupt8
;Temporizador.c,96 :: 		Lcd_Cmd(_LCD_CLEAR);
0x0076	0x0E01      	MOVLW       1
0x0078	0x6E4C      	MOVWF       FARG_Lcd_Cmd_out_char 
0x007A	0xD828      	RCALL       _Lcd_Cmd
;Temporizador.c,97 :: 		Lcd_Out(1, 1, "Disp");
0x007C	0x0E01      	MOVLW       1
0x007E	0x6E3B      	MOVWF       FARG_Lcd_Out_row 
0x0080	0x0E01      	MOVLW       1
0x0082	0x6E3C      	MOVWF       FARG_Lcd_Out_column 
0x0084	0x0E1B      	MOVLW       ?lstr2_Temporizador
0x0086	0x6E3D      	MOVWF       FARG_Lcd_Out_text 
0x0088	0x0E00      	MOVLW       hi_addr(?lstr2_Temporizador)
0x008A	0x6E3E      	MOVWF       FARG_Lcd_Out_text+1 
0x008C	0xD8C6      	RCALL       _Lcd_Out
;Temporizador.c,99 :: 		loadTimer2();
0x008E	0xDAF5      	RCALL       _loadTimer2
;Temporizador.c,102 :: 		INTCON3.INT2IE = 0;
0x0090	0x98F0      	BCF         INTCON3, 4 
;Temporizador.c,103 :: 		INTCON3.INT2IF = 0;
0x0092	0x92F0      	BCF         INTCON3, 1 
;Temporizador.c,104 :: 		}
L_interrupt8:
L_interrupt7:
L_interrupt5:
L_interrupt3:
L_interrupt1:
;Temporizador.c,106 :: 		}
L_end_interrupt:
L__interrupt46:
0x0094	0xF000C018  	MOVFF       24, R0
0x0098	0xF001C017  	MOVFF       23, R1
0x009C	0xF00CC016  	MOVFF       22, R12
0x00A0	0xF00DC015  	MOVFF       21, R13
0x00A4	0x0011      	RETFIE      1
; end of _interrupt
_Delay_5500us:
;__Lib_Delays.c,31 :: 		void Delay_5500us() {
;__Lib_Delays.c,32 :: 		Delay_us(5500);
0x00A6	0x0E0F      	MOVLW       15
0x00A8	0x6E0C      	MOVWF       R12, 0
0x00AA	0x0E47      	MOVLW       71
0x00AC	0x6E0D      	MOVWF       R13, 0
L_Delay_5500us5:
0x00AE	0x2E0D      	DECFSZ      R13, 1, 0
0x00B0	0xD7FE      	BRA         L_Delay_5500us5
0x00B2	0x2E0C      	DECFSZ      R12, 1, 0
0x00B4	0xD7FC      	BRA         L_Delay_5500us5
0x00B6	0x0000      	NOP
0x00B8	0x0000      	NOP
;__Lib_Delays.c,33 :: 		}
L_end_Delay_5500us:
0x00BA	0x0012      	RETURN      0
; end of _Delay_5500us
_Delay_1us:
;__Lib_Delays.c,7 :: 		void Delay_1us() {
;__Lib_Delays.c,8 :: 		Delay_us(1);
0x00BC	0x0000      	NOP
0x00BE	0x0000      	NOP
;__Lib_Delays.c,9 :: 		}
L_end_Delay_1us:
0x00C0	0x0012      	RETURN      0
; end of _Delay_1us
_Delay_50us:
;__Lib_Delays.c,19 :: 		void Delay_50us() {
;__Lib_Delays.c,20 :: 		Delay_us(50);
0x00C2	0x0E21      	MOVLW       33
0x00C4	0x6E0D      	MOVWF       R13, 0
L_Delay_50us2:
0x00C6	0x2E0D      	DECFSZ      R13, 1, 0
0x00C8	0xD7FE      	BRA         L_Delay_50us2
;__Lib_Delays.c,21 :: 		}
L_end_Delay_50us:
0x00CA	0x0012      	RETURN      0
; end of _Delay_50us
_Lcd_Cmd:
;__Lib_Lcd.c,18 :: 		
;__Lib_Lcd.c,20 :: 		
0x00CC	0xBE4C      	BTFSC       FARG_Lcd_Cmd_out_char, 7 
0x00CE	0xD002      	BRA         L__Lcd_Cmd21
0x00D0	0x9E83      	BCF         LCD_D7, BitPos(LCD_D7+0) 
0x00D2	0xD001      	BRA         L__Lcd_Cmd22
L__Lcd_Cmd21:
0x00D4	0x8E83      	BSF         LCD_D7, BitPos(LCD_D7+0) 
L__Lcd_Cmd22:
;__Lib_Lcd.c,21 :: 		
0x00D6	0xBC4C      	BTFSC       FARG_Lcd_Cmd_out_char, 6 
0x00D8	0xD002      	BRA         L__Lcd_Cmd23
0x00DA	0x9C83      	BCF         LCD_D6, BitPos(LCD_D6+0) 
0x00DC	0xD001      	BRA         L__Lcd_Cmd24
L__Lcd_Cmd23:
0x00DE	0x8C83      	BSF         LCD_D6, BitPos(LCD_D6+0) 
L__Lcd_Cmd24:
;__Lib_Lcd.c,22 :: 		
0x00E0	0xBA4C      	BTFSC       FARG_Lcd_Cmd_out_char, 5 
0x00E2	0xD002      	BRA         L__Lcd_Cmd25
0x00E4	0x9A83      	BCF         LCD_D5, BitPos(LCD_D5+0) 
0x00E6	0xD001      	BRA         L__Lcd_Cmd26
L__Lcd_Cmd25:
0x00E8	0x8A83      	BSF         LCD_D5, BitPos(LCD_D5+0) 
L__Lcd_Cmd26:
;__Lib_Lcd.c,23 :: 		
0x00EA	0xB84C      	BTFSC       FARG_Lcd_Cmd_out_char, 4 
0x00EC	0xD002      	BRA         L__Lcd_Cmd27
0x00EE	0x9883      	BCF         LCD_D4, BitPos(LCD_D4+0) 
0x00F0	0xD001      	BRA         L__Lcd_Cmd28
L__Lcd_Cmd27:
0x00F2	0x8883      	BSF         LCD_D4, BitPos(LCD_D4+0) 
L__Lcd_Cmd28:
;__Lib_Lcd.c,25 :: 		
0x00F4	0xB033      	BTFSC       __Lib_Lcd_cmd_status, BitPos(__Lib_Lcd_cmd_status+0) 
0x00F6	0xD002      	BRA         L__Lcd_Cmd29
0x00F8	0x8484      	BSF         LCD_RS, BitPos(LCD_RS+0) 
0x00FA	0xD001      	BRA         L__Lcd_Cmd30
L__Lcd_Cmd29:
0x00FC	0x9484      	BCF         LCD_RS, BitPos(LCD_RS+0) 
L__Lcd_Cmd30:
;__Lib_Lcd.c,28 :: 		
0x00FE	0x8284      	BSF         LCD_EN, BitPos(LCD_EN+0) 
;__Lib_Lcd.c,29 :: 		
0x0100	0xDFDD      	RCALL       _Delay_1us
;__Lib_Lcd.c,30 :: 		
0x0102	0x9284      	BCF         LCD_EN, BitPos(LCD_EN+0) 
;__Lib_Lcd.c,33 :: 		
0x0104	0xB64C      	BTFSC       FARG_Lcd_Cmd_out_char, 3 
0x0106	0xD002      	BRA         L__Lcd_Cmd31
0x0108	0x9E83      	BCF         LCD_D7, BitPos(LCD_D7+0) 
0x010A	0xD001      	BRA         L__Lcd_Cmd32
L__Lcd_Cmd31:
0x010C	0x8E83      	BSF         LCD_D7, BitPos(LCD_D7+0) 
L__Lcd_Cmd32:
;__Lib_Lcd.c,34 :: 		
0x010E	0xB44C      	BTFSC       FARG_Lcd_Cmd_out_char, 2 
0x0110	0xD002      	BRA         L__Lcd_Cmd33
0x0112	0x9C83      	BCF         LCD_D6, BitPos(LCD_D6+0) 
0x0114	0xD001      	BRA         L__Lcd_Cmd34
L__Lcd_Cmd33:
0x0116	0x8C83      	BSF         LCD_D6, BitPos(LCD_D6+0) 
L__Lcd_Cmd34:
;__Lib_Lcd.c,35 :: 		
0x0118	0xB24C      	BTFSC       FARG_Lcd_Cmd_out_char, 1 
0x011A	0xD002      	BRA         L__Lcd_Cmd35
0x011C	0x9A83      	BCF         LCD_D5, BitPos(LCD_D5+0) 
0x011E	0xD001      	BRA         L__Lcd_Cmd36
L__Lcd_Cmd35:
0x0120	0x8A83      	BSF         LCD_D5, BitPos(LCD_D5+0) 
L__Lcd_Cmd36:
;__Lib_Lcd.c,36 :: 		
0x0122	0xB04C      	BTFSC       FARG_Lcd_Cmd_out_char, 0 
0x0124	0xD002      	BRA         L__Lcd_Cmd37
0x0126	0x9883      	BCF         LCD_D4, BitPos(LCD_D4+0) 
0x0128	0xD001      	BRA         L__Lcd_Cmd38
L__Lcd_Cmd37:
0x012A	0x8883      	BSF         LCD_D4, BitPos(LCD_D4+0) 
L__Lcd_Cmd38:
;__Lib_Lcd.c,38 :: 		
0x012C	0xB033      	BTFSC       __Lib_Lcd_cmd_status, BitPos(__Lib_Lcd_cmd_status+0) 
0x012E	0xD002      	BRA         L__Lcd_Cmd39
0x0130	0x8484      	BSF         LCD_RS, BitPos(LCD_RS+0) 
0x0132	0xD001      	BRA         L__Lcd_Cmd40
L__Lcd_Cmd39:
0x0134	0x9484      	BCF         LCD_RS, BitPos(LCD_RS+0) 
L__Lcd_Cmd40:
;__Lib_Lcd.c,40 :: 		
0x0136	0x8284      	BSF         LCD_EN, BitPos(LCD_EN+0) 
;__Lib_Lcd.c,41 :: 		
0x0138	0xDFC1      	RCALL       _Delay_1us
;__Lib_Lcd.c,42 :: 		
0x013A	0x9284      	BCF         LCD_EN, BitPos(LCD_EN+0) 
;__Lib_Lcd.c,44 :: 		
0x013C	0xA033      	BTFSS       __Lib_Lcd_cmd_status, BitPos(__Lib_Lcd_cmd_status+0) 
0x013E	0xD002      	BRA         L_Lcd_Cmd0
;__Lib_Lcd.c,45 :: 		
0x0140	0xDFB2      	RCALL       _Delay_5500us
0x0142	0xD001      	BRA         L_Lcd_Cmd1
L_Lcd_Cmd0:
;__Lib_Lcd.c,47 :: 		
0x0144	0xDFBE      	RCALL       _Delay_50us
L_Lcd_Cmd1:
;__Lib_Lcd.c,48 :: 		
L_end_Lcd_Cmd:
0x0146	0x0012      	RETURN      0
; end of _Lcd_Cmd
_Div_16X16_U:
;__Lib_Math.c,102 :: 		
;__Lib_Math.c,109 :: 		
0x0148	0x6A08      	CLRF        R8, 0
;__Lib_Math.c,110 :: 		
0x014A	0x6A09      	CLRF        R9, 0
;__Lib_Math.c,111 :: 		
0x014C	0x0E10      	MOVLW       16
;__Lib_Math.c,112 :: 		
0x014E	0x6E0C      	MOVWF       R12, 0
;__Lib_Math.c,113 :: 		
0x0150	0x3401      	RLCF        R1, 0, 0
;__Lib_Math.c,114 :: 		
0x0152	0x3608      	RLCF        R8, 1, 0
;__Lib_Math.c,115 :: 		
0x0154	0x3609      	RLCF        R9, 1, 0
;__Lib_Math.c,116 :: 		
0x0156	0x5004      	MOVF        R4, 0, 0
;__Lib_Math.c,117 :: 		
0x0158	0x5E08      	SUBWF       R8, 1, 0
;__Lib_Math.c,118 :: 		
0x015A	0x5005      	MOVF        R5, 0, 0
;__Lib_Math.c,119 :: 		
0x015C	0xA0D8      	BTFSS       STATUS, 0, 0
;__Lib_Math.c,120 :: 		
0x015E	0x3C05      	INCFSZ      R5, 0, 0
;__Lib_Math.c,121 :: 		
0x0160	0x5E09      	SUBWF       R9, 1, 0
;__Lib_Math.c,122 :: 		
0x0162	0xB0D8      	BTFSC       STATUS, 0, 0
;__Lib_Math.c,123 :: 		
0x0164	0xD007      	BRA         $+16
;__Lib_Math.c,124 :: 		
0x0166	0x5004      	MOVF        R4, 0, 0
;__Lib_Math.c,125 :: 		
0x0168	0x2608      	ADDWF       R8, 1, 0
;__Lib_Math.c,126 :: 		
0x016A	0x5005      	MOVF        R5, 0, 0
;__Lib_Math.c,127 :: 		
0x016C	0xB0D8      	BTFSC       STATUS, 0, 0
;__Lib_Math.c,128 :: 		
0x016E	0x3C05      	INCFSZ      R5, 0, 0
;__Lib_Math.c,129 :: 		
0x0170	0x2609      	ADDWF       R9, 1, 0
;__Lib_Math.c,130 :: 		
0x0172	0x90D8      	BCF         STATUS, 0, 0
;__Lib_Math.c,131 :: 		
0x0174	0x3600      	RLCF        R0, 1, 0
;__Lib_Math.c,132 :: 		
0x0176	0x3601      	RLCF        R1, 1, 0
;__Lib_Math.c,133 :: 		
0x0178	0x2E0C      	DECFSZ      R12, 1, 0
;__Lib_Math.c,134 :: 		
0x017A	0xD7EA      	BRA         $-42
;__Lib_Math.c,136 :: 		
L_end_Div_16X16_U:
0x017C	0x0012      	RETURN      0
; end of _Div_16X16_U
_WordToStr:
;__Lib_Conversions.c,84 :: 		
;__Lib_Conversions.c,89 :: 		
0x017E	0x6A49      	CLRF        WordToStr_len_L0 
L_WordToStr6:
0x0180	0x0E05      	MOVLW       5
0x0182	0x5C49      	SUBWF       WordToStr_len_L0, 0 
0x0184	0xE20A      	BC          L_WordToStr7
;__Lib_Conversions.c,90 :: 		
0x0186	0x5049      	MOVF        WordToStr_len_L0, 0 
0x0188	0x2447      	ADDWF       FARG_WordToStr_output, 0 
0x018A	0x6EE1      	MOVWF       FSR1L 
0x018C	0x0E00      	MOVLW       0
0x018E	0x2048      	ADDWFC      FARG_WordToStr_output+1, 0 
0x0190	0x6EE2      	MOVWF       FSR1H 
0x0192	0x0E20      	MOVLW       32
0x0194	0x6EE6      	MOVWF       POSTINC1 
;__Lib_Conversions.c,89 :: 		
0x0196	0x2A49      	INCF        WordToStr_len_L0, 1 
;__Lib_Conversions.c,90 :: 		
0x0198	0xD7F3      	BRA         L_WordToStr6
L_WordToStr7:
;__Lib_Conversions.c,91 :: 		
0x019A	0x5049      	MOVF        WordToStr_len_L0, 0 
0x019C	0x2447      	ADDWF       FARG_WordToStr_output, 0 
0x019E	0x6EE1      	MOVWF       FSR1L 
0x01A0	0x0E00      	MOVLW       0
0x01A2	0x2048      	ADDWFC      FARG_WordToStr_output+1, 0 
0x01A4	0x6EE2      	MOVWF       FSR1H 
0x01A6	0x6AE6      	CLRF        POSTINC1 
0x01A8	0x0649      	DECF        WordToStr_len_L0, 1 
;__Lib_Conversions.c,93 :: 		
L_WordToStr9:
;__Lib_Conversions.c,94 :: 		
0x01AA	0x5049      	MOVF        WordToStr_len_L0, 0 
0x01AC	0x2447      	ADDWF       FARG_WordToStr_output, 0 
0x01AE	0x6E4A      	MOVWF       FLOC__WordToStr 
0x01B0	0x0E00      	MOVLW       0
0x01B2	0x2048      	ADDWFC      FARG_WordToStr_output+1, 0 
0x01B4	0x6E4B      	MOVWF       FLOC__WordToStr+1 
0x01B6	0x0E0A      	MOVLW       10
0x01B8	0x6E04      	MOVWF       R4 
0x01BA	0x0E00      	MOVLW       0
0x01BC	0x6E05      	MOVWF       R5 
0x01BE	0xF000C045  	MOVFF       FARG_WordToStr_input, R0
0x01C2	0xF001C046  	MOVFF       FARG_WordToStr_input+1, R1
0x01C6	0xDFC0      	RCALL       _Div_16X16_U
0x01C8	0xF000C008  	MOVFF       R8, R0
0x01CC	0xF001C009  	MOVFF       R9, R1
0x01D0	0x0E30      	MOVLW       48
0x01D2	0x2600      	ADDWF       R0, 1 
0x01D4	0xFFE1C04A  	MOVFF       FLOC__WordToStr, FSR1L
0x01D8	0xFFE2C04B  	MOVFF       FLOC__WordToStr+1, FSR1H
0x01DC	0xFFE6C000  	MOVFF       R0, POSTINC1
;__Lib_Conversions.c,95 :: 		
0x01E0	0x0E0A      	MOVLW       10
0x01E2	0x6E04      	MOVWF       R4 
0x01E4	0x0E00      	MOVLW       0
0x01E6	0x6E05      	MOVWF       R5 
0x01E8	0xF000C045  	MOVFF       FARG_WordToStr_input, R0
0x01EC	0xF001C046  	MOVFF       FARG_WordToStr_input+1, R1
0x01F0	0xDFAB      	RCALL       _Div_16X16_U
0x01F2	0xF045C000  	MOVFF       R0, FARG_WordToStr_input
0x01F6	0xF046C001  	MOVFF       R1, FARG_WordToStr_input+1
;__Lib_Conversions.c,96 :: 		
0x01FA	0x0E00      	MOVLW       0
0x01FC	0x1801      	XORWF       R1, 0 
0x01FE	0xE102      	BNZ         L__WordToStr109
0x0200	0x0E00      	MOVLW       0
0x0202	0x1800      	XORWF       R0, 0 
L__WordToStr109:
0x0204	0xE101      	BNZ         L_WordToStr11
;__Lib_Conversions.c,97 :: 		
0x0206	0xD002      	BRA         L_WordToStr10
L_WordToStr11:
;__Lib_Conversions.c,98 :: 		
0x0208	0x0649      	DECF        WordToStr_len_L0, 1 
;__Lib_Conversions.c,99 :: 		
0x020A	0xD7CF      	BRA         L_WordToStr9
L_WordToStr10:
;__Lib_Conversions.c,100 :: 		
L_end_WordToStr:
0x020C	0x0012      	RETURN      0
; end of _WordToStr
_Lcd_Chr_CP:
;__Lib_Lcd.c,50 :: 		
;__Lib_Lcd.c,52 :: 		
0x020E	0x9033      	BCF         __Lib_Lcd_cmd_status, BitPos(__Lib_Lcd_cmd_status+0) 
;__Lib_Lcd.c,53 :: 		
0x0210	0xF04CC045  	MOVFF       FARG_Lcd_Chr_CP_out_char, FARG_Lcd_Cmd_out_char
0x0214	0xDF5B      	RCALL       _Lcd_Cmd
;__Lib_Lcd.c,54 :: 		
0x0216	0x8033      	BSF         __Lib_Lcd_cmd_status, BitPos(__Lib_Lcd_cmd_status+0) 
;__Lib_Lcd.c,55 :: 		
L_end_Lcd_Chr_CP:
0x0218	0x0012      	RETURN      0
; end of _Lcd_Chr_CP
_Lcd_Out:
;__Lib_Lcd.c,184 :: 		
;__Lib_Lcd.c,187 :: 		
0x021A	0xD00F      	BRA         L_Lcd_Out11
;__Lib_Lcd.c,188 :: 		
L_Lcd_Out13:
0x021C	0x0E80      	MOVLW       128
0x021E	0x6E3B      	MOVWF       FARG_Lcd_Out_row 
0x0220	0xD019      	BRA         L_Lcd_Out12
;__Lib_Lcd.c,189 :: 		
L_Lcd_Out14:
0x0222	0x0EC0      	MOVLW       192
0x0224	0x6E3B      	MOVWF       FARG_Lcd_Out_row 
0x0226	0xD016      	BRA         L_Lcd_Out12
;__Lib_Lcd.c,190 :: 		
L_Lcd_Out15:
0x0228	0x0E94      	MOVLW       148
0x022A	0x6E3B      	MOVWF       FARG_Lcd_Out_row 
0x022C	0xD013      	BRA         L_Lcd_Out12
;__Lib_Lcd.c,191 :: 		
L_Lcd_Out16:
0x022E	0x0ED4      	MOVLW       212
0x0230	0x6E3B      	MOVWF       FARG_Lcd_Out_row 
0x0232	0xD010      	BRA         L_Lcd_Out12
;__Lib_Lcd.c,192 :: 		
L_Lcd_Out17:
0x0234	0x0E80      	MOVLW       128
0x0236	0x6E3B      	MOVWF       FARG_Lcd_Out_row 
;__Lib_Lcd.c,193 :: 		
0x0238	0xD00D      	BRA         L_Lcd_Out12
L_Lcd_Out11:
0x023A	0x503B      	MOVF        FARG_Lcd_Out_row, 0 
0x023C	0x0A01      	XORLW       1
0x023E	0xE0EE      	BZ          L_Lcd_Out13
0x0240	0x503B      	MOVF        FARG_Lcd_Out_row, 0 
0x0242	0x0A02      	XORLW       2
0x0244	0xE0EE      	BZ          L_Lcd_Out14
0x0246	0x503B      	MOVF        FARG_Lcd_Out_row, 0 
0x0248	0x0A03      	XORLW       3
0x024A	0xE0EE      	BZ          L_Lcd_Out15
0x024C	0x503B      	MOVF        FARG_Lcd_Out_row, 0 
0x024E	0x0A04      	XORLW       4
0x0250	0xE0EE      	BZ          L_Lcd_Out16
0x0252	0xD7F0      	BRA         L_Lcd_Out17
L_Lcd_Out12:
;__Lib_Lcd.c,194 :: 		
0x0254	0x043C      	DECF        FARG_Lcd_Out_column, 0 
0x0256	0x6E00      	MOVWF       R0 
0x0258	0x503B      	MOVF        FARG_Lcd_Out_row, 0 
0x025A	0x2600      	ADDWF       R0, 1 
0x025C	0xF03BC000  	MOVFF       R0, FARG_Lcd_Out_row
;__Lib_Lcd.c,196 :: 		
0x0260	0xF04CC000  	MOVFF       R0, FARG_Lcd_Cmd_out_char
0x0264	0xDF33      	RCALL       _Lcd_Cmd
;__Lib_Lcd.c,197 :: 		
0x0266	0x9033      	BCF         __Lib_Lcd_cmd_status, BitPos(__Lib_Lcd_cmd_status+0) 
;__Lib_Lcd.c,198 :: 		
0x0268	0x6A3F      	CLRF        Lcd_Out_i_L0 
;__Lib_Lcd.c,199 :: 		
L_Lcd_Out18:
0x026A	0x503F      	MOVF        Lcd_Out_i_L0, 0 
0x026C	0x243D      	ADDWF       FARG_Lcd_Out_text, 0 
0x026E	0x6EE9      	MOVWF       FSR0L 
0x0270	0x0E00      	MOVLW       0
0x0272	0x203E      	ADDWFC      FARG_Lcd_Out_text+1, 0 
0x0274	0x6EEA      	MOVWF       FSR0H 
0x0276	0x52EE      	MOVF        POSTINC0, 1 
0x0278	0xE00B      	BZ          L_Lcd_Out19
;__Lib_Lcd.c,200 :: 		
0x027A	0x503F      	MOVF        Lcd_Out_i_L0, 0 
0x027C	0x243D      	ADDWF       FARG_Lcd_Out_text, 0 
0x027E	0x6EE9      	MOVWF       FSR0L 
0x0280	0x0E00      	MOVLW       0
0x0282	0x203E      	ADDWFC      FARG_Lcd_Out_text+1, 0 
0x0284	0x6EEA      	MOVWF       FSR0H 
0x0286	0xF045CFEE  	MOVFF       POSTINC0, FARG_Lcd_Chr_CP_out_char
0x028A	0xDFC1      	RCALL       _Lcd_Chr_CP
0x028C	0x2A3F      	INCF        Lcd_Out_i_L0, 1 
0x028E	0xD7ED      	BRA         L_Lcd_Out18
L_Lcd_Out19:
;__Lib_Lcd.c,201 :: 		
0x0290	0x8033      	BSF         __Lib_Lcd_cmd_status, BitPos(__Lib_Lcd_cmd_status+0) 
;__Lib_Lcd.c,202 :: 		
L_end_Lcd_Out:
0x0292	0x0012      	RETURN      0
; end of _Lcd_Out
_IntToStr:
;__Lib_Conversions.c,146 :: 		
;__Lib_Conversions.c,152 :: 		
0x0294	0x6A41      	CLRF        IntToStr_negative_L0 
0x0296	0x6A42      	CLRF        IntToStr_negative_L0+1 
;__Lib_Conversions.c,153 :: 		
0x0298	0xF043C03B  	MOVFF       FARG_IntToStr_input, IntToStr_inword_L0
0x029C	0xF044C03C  	MOVFF       FARG_IntToStr_input+1, IntToStr_inword_L0+1
;__Lib_Conversions.c,154 :: 		
0x02A0	0x0E80      	MOVLW       128
0x02A2	0x183C      	XORWF       FARG_IntToStr_input+1, 0 
0x02A4	0x6E00      	MOVWF       R0 
0x02A6	0x0E80      	MOVLW       128
0x02A8	0x5C00      	SUBWF       R0, 0 
0x02AA	0xE102      	BNZ         L__IntToStr115
0x02AC	0x0E00      	MOVLW       0
0x02AE	0x5C3B      	SUBWF       FARG_IntToStr_input, 0 
L__IntToStr115:
0x02B0	0xE20B      	BC          L_IntToStr23
;__Lib_Conversions.c,155 :: 		
0x02B2	0x0E01      	MOVLW       1
0x02B4	0x6E41      	MOVWF       IntToStr_negative_L0 
0x02B6	0x0E00      	MOVLW       0
0x02B8	0x6E42      	MOVWF       IntToStr_negative_L0+1 
;__Lib_Conversions.c,156 :: 		
0x02BA	0x503B      	MOVF        FARG_IntToStr_input, 0 
0x02BC	0x0800      	SUBLW       0
0x02BE	0x6E43      	MOVWF       IntToStr_inword_L0 
0x02C0	0xF044C03C  	MOVFF       FARG_IntToStr_input+1, IntToStr_inword_L0+1
0x02C4	0x0E00      	MOVLW       0
0x02C6	0x5644      	SUBFWB      IntToStr_inword_L0+1, 1 
;__Lib_Conversions.c,157 :: 		
L_IntToStr23:
;__Lib_Conversions.c,158 :: 		
0x02C8	0xF045C043  	MOVFF       IntToStr_inword_L0, FARG_WordToStr_input
0x02CC	0xF046C044  	MOVFF       IntToStr_inword_L0+1, FARG_WordToStr_input+1
0x02D0	0xF047C03D  	MOVFF       FARG_IntToStr_output, FARG_WordToStr_output
0x02D4	0xF048C03E  	MOVFF       FARG_IntToStr_output+1, FARG_WordToStr_output+1
0x02D8	0xDF52      	RCALL       _WordToStr
;__Lib_Conversions.c,160 :: 		
0x02DA	0x0E06      	MOVLW       6
0x02DC	0x6E3F      	MOVWF       IntToStr_i_L0 
0x02DE	0x0E00      	MOVLW       0
0x02E0	0x6E40      	MOVWF       IntToStr_i_L0+1 
;__Lib_Conversions.c,161 :: 		
L_IntToStr24:
0x02E2	0x0E00      	MOVLW       0
0x02E4	0x6E00      	MOVWF       R0 
0x02E6	0x5040      	MOVF        IntToStr_i_L0+1, 0 
0x02E8	0x5C00      	SUBWF       R0, 0 
0x02EA	0xE102      	BNZ         L__IntToStr116
0x02EC	0x503F      	MOVF        IntToStr_i_L0, 0 
0x02EE	0x0800      	SUBLW       0
L__IntToStr116:
0x02F0	0xE219      	BC          L_IntToStr25
;__Lib_Conversions.c,162 :: 		
0x02F2	0x503F      	MOVF        IntToStr_i_L0, 0 
0x02F4	0x243D      	ADDWF       FARG_IntToStr_output, 0 
0x02F6	0x6EE1      	MOVWF       FSR1L 
0x02F8	0x5040      	MOVF        IntToStr_i_L0+1, 0 
0x02FA	0x203E      	ADDWFC      FARG_IntToStr_output+1, 0 
0x02FC	0x6EE2      	MOVWF       FSR1H 
0x02FE	0x0E01      	MOVLW       1
0x0300	0x5C3F      	SUBWF       IntToStr_i_L0, 0 
0x0302	0x6E00      	MOVWF       R0 
0x0304	0x0E00      	MOVLW       0
0x0306	0x5840      	SUBWFB      IntToStr_i_L0+1, 0 
0x0308	0x6E01      	MOVWF       R1 
0x030A	0x5000      	MOVF        R0, 0 
0x030C	0x243D      	ADDWF       FARG_IntToStr_output, 0 
0x030E	0x6EE9      	MOVWF       FSR0L 
0x0310	0x5001      	MOVF        R1, 0 
0x0312	0x203E      	ADDWFC      FARG_IntToStr_output+1, 0 
0x0314	0x6EEA      	MOVWF       FSR0H 
0x0316	0xFFE6CFEE  	MOVFF       POSTINC0, POSTINC1
;__Lib_Conversions.c,163 :: 		
0x031A	0x0E01      	MOVLW       1
0x031C	0x5E3F      	SUBWF       IntToStr_i_L0, 1 
0x031E	0x0E00      	MOVLW       0
0x0320	0x5A40      	SUBWFB      IntToStr_i_L0+1, 1 
;__Lib_Conversions.c,164 :: 		
0x0322	0xD7DF      	BRA         L_IntToStr24
L_IntToStr25:
;__Lib_Conversions.c,165 :: 		
0x0324	0xFFE1C03D  	MOVFF       FARG_IntToStr_output, FSR1L
0x0328	0xFFE2C03E  	MOVFF       FARG_IntToStr_output+1, FSR1H
0x032C	0x0E20      	MOVLW       32
0x032E	0x6EE6      	MOVWF       POSTINC1 
;__Lib_Conversions.c,166 :: 		
0x0330	0x5041      	MOVF        IntToStr_negative_L0, 0 
0x0332	0x1042      	IORWF       IntToStr_negative_L0+1, 0 
0x0334	0xE01A      	BZ          L_IntToStr26
;__Lib_Conversions.c,167 :: 		
0x0336	0x6A3F      	CLRF        IntToStr_i_L0 
0x0338	0x6A40      	CLRF        IntToStr_i_L0+1 
;__Lib_Conversions.c,168 :: 		
L_IntToStr27:
0x033A	0x503F      	MOVF        IntToStr_i_L0, 0 
0x033C	0x243D      	ADDWF       FARG_IntToStr_output, 0 
0x033E	0x6EE9      	MOVWF       FSR0L 
0x0340	0x5040      	MOVF        IntToStr_i_L0+1, 0 
0x0342	0x203E      	ADDWFC      FARG_IntToStr_output+1, 0 
0x0344	0x6EEA      	MOVWF       FSR0H 
0x0346	0x50EE      	MOVF        POSTINC0, 0 
0x0348	0x0A20      	XORLW       32
0x034A	0xE103      	BNZ         L_IntToStr28
0x034C	0x4A3F      	INFSNZ      IntToStr_i_L0, 1 
0x034E	0x2A40      	INCF        IntToStr_i_L0+1, 1 
0x0350	0xD7F4      	BRA         L_IntToStr27
L_IntToStr28:
;__Lib_Conversions.c,169 :: 		
0x0352	0x0E01      	MOVLW       1
0x0354	0x5E3F      	SUBWF       IntToStr_i_L0, 1 
0x0356	0x0E00      	MOVLW       0
0x0358	0x5A40      	SUBWFB      IntToStr_i_L0+1, 1 
;__Lib_Conversions.c,170 :: 		
0x035A	0x503F      	MOVF        IntToStr_i_L0, 0 
0x035C	0x243D      	ADDWF       FARG_IntToStr_output, 0 
0x035E	0x6EE1      	MOVWF       FSR1L 
0x0360	0x5040      	MOVF        IntToStr_i_L0+1, 0 
0x0362	0x203E      	ADDWFC      FARG_IntToStr_output+1, 0 
0x0364	0x6EE2      	MOVWF       FSR1H 
0x0366	0x0E2D      	MOVLW       45
0x0368	0x6EE6      	MOVWF       POSTINC1 
L_IntToStr26:
;__Lib_Conversions.c,171 :: 		
L_end_IntToStr:
0x036A	0x0012      	RETURN      0
; end of _IntToStr
_keyHandler:
;Temporizador.c,267 :: 		int keyHandler (int key, KeyType* type)
;Temporizador.c,269 :: 		int result = -1;
0x036C	0x0EFF      	MOVLW       255
0x036E	0x6E3F      	MOVWF       keyHandler_result_L0 
0x0370	0x0EFF      	MOVLW       255
0x0372	0x6E40      	MOVWF       keyHandler_result_L0+1 
;Temporizador.c,270 :: 		switch(key)
0x0374	0xD095      	BRA         L_keyHandler27
;Temporizador.c,272 :: 		case 231:
L_keyHandler29:
;Temporizador.c,273 :: 		*type = ON_CLEAR;
0x0376	0xFFE1C03D  	MOVFF       FARG_keyHandler_type, FSR1L
0x037A	0xFFE2C03E  	MOVFF       FARG_keyHandler_type+1, FSR1H
0x037E	0x0E05      	MOVLW       5
0x0380	0x6EE6      	MOVWF       POSTINC1 
;Temporizador.c,274 :: 		break;
0x0382	0xD0FB      	BRA         L_keyHandler28
;Temporizador.c,276 :: 		case 215:
L_keyHandler30:
;Temporizador.c,277 :: 		*type = NUM;
0x0384	0xFFE1C03D  	MOVFF       FARG_keyHandler_type, FSR1L
0x0388	0xFFE2C03E  	MOVFF       FARG_keyHandler_type+1, FSR1H
0x038C	0x0E06      	MOVLW       6
0x038E	0x6EE6      	MOVWF       POSTINC1 
;Temporizador.c,278 :: 		result = 0;
0x0390	0x6A3F      	CLRF        keyHandler_result_L0 
0x0392	0x6A40      	CLRF        keyHandler_result_L0+1 
;Temporizador.c,279 :: 		break;
0x0394	0xD0F2      	BRA         L_keyHandler28
;Temporizador.c,281 :: 		case 183:
L_keyHandler31:
;Temporizador.c,282 :: 		*type = EQUALS;
0x0396	0xFFE1C03D  	MOVFF       FARG_keyHandler_type, FSR1L
0x039A	0xFFE2C03E  	MOVFF       FARG_keyHandler_type+1, FSR1H
0x039E	0x6AE6      	CLRF        POSTINC1 
;Temporizador.c,283 :: 		break;
0x03A0	0xD0EC      	BRA         L_keyHandler28
;Temporizador.c,285 :: 		case 119:
L_keyHandler32:
;Temporizador.c,286 :: 		*type = SUM;
0x03A2	0xFFE1C03D  	MOVFF       FARG_keyHandler_type, FSR1L
0x03A6	0xFFE2C03E  	MOVFF       FARG_keyHandler_type+1, FSR1H
0x03AA	0x0E01      	MOVLW       1
0x03AC	0x6EE6      	MOVWF       POSTINC1 
;Temporizador.c,287 :: 		break;
0x03AE	0xD0E5      	BRA         L_keyHandler28
;Temporizador.c,289 :: 		case 235:
L_keyHandler33:
;Temporizador.c,290 :: 		*type = NUM;
0x03B0	0xFFE1C03D  	MOVFF       FARG_keyHandler_type, FSR1L
0x03B4	0xFFE2C03E  	MOVFF       FARG_keyHandler_type+1, FSR1H
0x03B8	0x0E06      	MOVLW       6
0x03BA	0x6EE6      	MOVWF       POSTINC1 
;Temporizador.c,291 :: 		result = 1;
0x03BC	0x0E01      	MOVLW       1
0x03BE	0x6E3F      	MOVWF       keyHandler_result_L0 
0x03C0	0x0E00      	MOVLW       0
0x03C2	0x6E40      	MOVWF       keyHandler_result_L0+1 
;Temporizador.c,292 :: 		break;
0x03C4	0xD0DA      	BRA         L_keyHandler28
;Temporizador.c,294 :: 		case 219:
L_keyHandler34:
;Temporizador.c,295 :: 		*type = NUM;
0x03C6	0xFFE1C03D  	MOVFF       FARG_keyHandler_type, FSR1L
0x03CA	0xFFE2C03E  	MOVFF       FARG_keyHandler_type+1, FSR1H
0x03CE	0x0E06      	MOVLW       6
0x03D0	0x6EE6      	MOVWF       POSTINC1 
;Temporizador.c,296 :: 		result = 2;
0x03D2	0x0E02      	MOVLW       2
0x03D4	0x6E3F      	MOVWF       keyHandler_result_L0 
0x03D6	0x0E00      	MOVLW       0
0x03D8	0x6E40      	MOVWF       keyHandler_result_L0+1 
;Temporizador.c,297 :: 		break;
0x03DA	0xD0CF      	BRA         L_keyHandler28
;Temporizador.c,299 :: 		case 187:
L_keyHandler35:
;Temporizador.c,300 :: 		*type = NUM;
0x03DC	0xFFE1C03D  	MOVFF       FARG_keyHandler_type, FSR1L
0x03E0	0xFFE2C03E  	MOVFF       FARG_keyHandler_type+1, FSR1H
0x03E4	0x0E06      	MOVLW       6
0x03E6	0x6EE6      	MOVWF       POSTINC1 
;Temporizador.c,301 :: 		result = 3;
0x03E8	0x0E03      	MOVLW       3
0x03EA	0x6E3F      	MOVWF       keyHandler_result_L0 
0x03EC	0x0E00      	MOVLW       0
0x03EE	0x6E40      	MOVWF       keyHandler_result_L0+1 
;Temporizador.c,302 :: 		break;
0x03F0	0xD0C4      	BRA         L_keyHandler28
;Temporizador.c,304 :: 		case 123:
L_keyHandler36:
;Temporizador.c,305 :: 		*type = SUB;
0x03F2	0xFFE1C03D  	MOVFF       FARG_keyHandler_type, FSR1L
0x03F6	0xFFE2C03E  	MOVFF       FARG_keyHandler_type+1, FSR1H
0x03FA	0x0E02      	MOVLW       2
0x03FC	0x6EE6      	MOVWF       POSTINC1 
;Temporizador.c,306 :: 		break;
0x03FE	0xD0BD      	BRA         L_keyHandler28
;Temporizador.c,308 :: 		case 237:
L_keyHandler37:
;Temporizador.c,309 :: 		*type = NUM;
0x0400	0xFFE1C03D  	MOVFF       FARG_keyHandler_type, FSR1L
0x0404	0xFFE2C03E  	MOVFF       FARG_keyHandler_type+1, FSR1H
0x0408	0x0E06      	MOVLW       6
0x040A	0x6EE6      	MOVWF       POSTINC1 
;Temporizador.c,310 :: 		result = 4;
0x040C	0x0E04      	MOVLW       4
0x040E	0x6E3F      	MOVWF       keyHandler_result_L0 
0x0410	0x0E00      	MOVLW       0
0x0412	0x6E40      	MOVWF       keyHandler_result_L0+1 
;Temporizador.c,311 :: 		break;
0x0414	0xD0B2      	BRA         L_keyHandler28
;Temporizador.c,313 :: 		case 221:
L_keyHandler38:
;Temporizador.c,314 :: 		*type = NUM;
0x0416	0xFFE1C03D  	MOVFF       FARG_keyHandler_type, FSR1L
0x041A	0xFFE2C03E  	MOVFF       FARG_keyHandler_type+1, FSR1H
0x041E	0x0E06      	MOVLW       6
0x0420	0x6EE6      	MOVWF       POSTINC1 
;Temporizador.c,315 :: 		result = 5;
0x0422	0x0E05      	MOVLW       5
0x0424	0x6E3F      	MOVWF       keyHandler_result_L0 
0x0426	0x0E00      	MOVLW       0
0x0428	0x6E40      	MOVWF       keyHandler_result_L0+1 
;Temporizador.c,316 :: 		break;
0x042A	0xD0A7      	BRA         L_keyHandler28
;Temporizador.c,318 :: 		case 189:
L_keyHandler39:
;Temporizador.c,319 :: 		*type = NUM;
0x042C	0xFFE1C03D  	MOVFF       FARG_keyHandler_type, FSR1L
0x0430	0xFFE2C03E  	MOVFF       FARG_keyHandler_type+1, FSR1H
0x0434	0x0E06      	MOVLW       6
0x0436	0x6EE6      	MOVWF       POSTINC1 
;Temporizador.c,320 :: 		result = 6;
0x0438	0x0E06      	MOVLW       6
0x043A	0x6E3F      	MOVWF       keyHandler_result_L0 
0x043C	0x0E00      	MOVLW       0
0x043E	0x6E40      	MOVWF       keyHandler_result_L0+1 
;Temporizador.c,321 :: 		break;
0x0440	0xD09C      	BRA         L_keyHandler28
;Temporizador.c,323 :: 		case 125:
L_keyHandler40:
;Temporizador.c,324 :: 		*type = MULT;
0x0442	0xFFE1C03D  	MOVFF       FARG_keyHandler_type, FSR1L
0x0446	0xFFE2C03E  	MOVFF       FARG_keyHandler_type+1, FSR1H
0x044A	0x0E03      	MOVLW       3
0x044C	0x6EE6      	MOVWF       POSTINC1 
;Temporizador.c,325 :: 		break;
0x044E	0xD095      	BRA         L_keyHandler28
;Temporizador.c,327 :: 		case 238:
L_keyHandler41:
;Temporizador.c,328 :: 		*type = NUM;
0x0450	0xFFE1C03D  	MOVFF       FARG_keyHandler_type, FSR1L
0x0454	0xFFE2C03E  	MOVFF       FARG_keyHandler_type+1, FSR1H
0x0458	0x0E06      	MOVLW       6
0x045A	0x6EE6      	MOVWF       POSTINC1 
;Temporizador.c,329 :: 		result = 7;
0x045C	0x0E07      	MOVLW       7
0x045E	0x6E3F      	MOVWF       keyHandler_result_L0 
0x0460	0x0E00      	MOVLW       0
0x0462	0x6E40      	MOVWF       keyHandler_result_L0+1 
;Temporizador.c,330 :: 		break;
0x0464	0xD08A      	BRA         L_keyHandler28
;Temporizador.c,332 :: 		case 222:
L_keyHandler42:
;Temporizador.c,333 :: 		*type = NUM;
0x0466	0xFFE1C03D  	MOVFF       FARG_keyHandler_type, FSR1L
0x046A	0xFFE2C03E  	MOVFF       FARG_keyHandler_type+1, FSR1H
0x046E	0x0E06      	MOVLW       6
0x0470	0x6EE6      	MOVWF       POSTINC1 
;Temporizador.c,334 :: 		result = 8;
0x0472	0x0E08      	MOVLW       8
0x0474	0x6E3F      	MOVWF       keyHandler_result_L0 
0x0476	0x0E00      	MOVLW       0
0x0478	0x6E40      	MOVWF       keyHandler_result_L0+1 
;Temporizador.c,335 :: 		break;
0x047A	0xD07F      	BRA         L_keyHandler28
;Temporizador.c,337 :: 		case 190:
L_keyHandler43:
;Temporizador.c,338 :: 		*type = NUM;
0x047C	0xFFE1C03D  	MOVFF       FARG_keyHandler_type, FSR1L
0x0480	0xFFE2C03E  	MOVFF       FARG_keyHandler_type+1, FSR1H
0x0484	0x0E06      	MOVLW       6
0x0486	0x6EE6      	MOVWF       POSTINC1 
;Temporizador.c,339 :: 		result = 9;
0x0488	0x0E09      	MOVLW       9
0x048A	0x6E3F      	MOVWF       keyHandler_result_L0 
0x048C	0x0E00      	MOVLW       0
0x048E	0x6E40      	MOVWF       keyHandler_result_L0+1 
;Temporizador.c,340 :: 		break;
0x0490	0xD074      	BRA         L_keyHandler28
;Temporizador.c,342 :: 		case 126:
L_keyHandler44:
;Temporizador.c,343 :: 		*type = DIVI;
0x0492	0xFFE1C03D  	MOVFF       FARG_keyHandler_type, FSR1L
0x0496	0xFFE2C03E  	MOVFF       FARG_keyHandler_type+1, FSR1H
0x049A	0x0E04      	MOVLW       4
0x049C	0x6EE6      	MOVWF       POSTINC1 
;Temporizador.c,344 :: 		break;
0x049E	0xD06D      	BRA         L_keyHandler28
;Temporizador.c,345 :: 		}
L_keyHandler27:
0x04A0	0x0E00      	MOVLW       0
0x04A2	0x183C      	XORWF       FARG_keyHandler_key+1, 0 
0x04A4	0xE102      	BNZ         L__keyHandler67
0x04A6	0x0EE7      	MOVLW       231
0x04A8	0x183B      	XORWF       FARG_keyHandler_key, 0 
L__keyHandler67:
0x04AA	0xB4D8      	BTFSC       STATUS, 2 
0x04AC	0xD764      	BRA         L_keyHandler29
0x04AE	0x0E00      	MOVLW       0
0x04B0	0x183C      	XORWF       FARG_keyHandler_key+1, 0 
0x04B2	0xE102      	BNZ         L__keyHandler68
0x04B4	0x0ED7      	MOVLW       215
0x04B6	0x183B      	XORWF       FARG_keyHandler_key, 0 
L__keyHandler68:
0x04B8	0xB4D8      	BTFSC       STATUS, 2 
0x04BA	0xD764      	BRA         L_keyHandler30
0x04BC	0x0E00      	MOVLW       0
0x04BE	0x183C      	XORWF       FARG_keyHandler_key+1, 0 
0x04C0	0xE102      	BNZ         L__keyHandler69
0x04C2	0x0EB7      	MOVLW       183
0x04C4	0x183B      	XORWF       FARG_keyHandler_key, 0 
L__keyHandler69:
0x04C6	0xB4D8      	BTFSC       STATUS, 2 
0x04C8	0xD766      	BRA         L_keyHandler31
0x04CA	0x0E00      	MOVLW       0
0x04CC	0x183C      	XORWF       FARG_keyHandler_key+1, 0 
0x04CE	0xE102      	BNZ         L__keyHandler70
0x04D0	0x0E77      	MOVLW       119
0x04D2	0x183B      	XORWF       FARG_keyHandler_key, 0 
L__keyHandler70:
0x04D4	0xB4D8      	BTFSC       STATUS, 2 
0x04D6	0xD765      	BRA         L_keyHandler32
0x04D8	0x0E00      	MOVLW       0
0x04DA	0x183C      	XORWF       FARG_keyHandler_key+1, 0 
0x04DC	0xE102      	BNZ         L__keyHandler71
0x04DE	0x0EEB      	MOVLW       235
0x04E0	0x183B      	XORWF       FARG_keyHandler_key, 0 
L__keyHandler71:
0x04E2	0xB4D8      	BTFSC       STATUS, 2 
0x04E4	0xD765      	BRA         L_keyHandler33
0x04E6	0x0E00      	MOVLW       0
0x04E8	0x183C      	XORWF       FARG_keyHandler_key+1, 0 
0x04EA	0xE102      	BNZ         L__keyHandler72
0x04EC	0x0EDB      	MOVLW       219
0x04EE	0x183B      	XORWF       FARG_keyHandler_key, 0 
L__keyHandler72:
0x04F0	0xB4D8      	BTFSC       STATUS, 2 
0x04F2	0xD769      	BRA         L_keyHandler34
0x04F4	0x0E00      	MOVLW       0
0x04F6	0x183C      	XORWF       FARG_keyHandler_key+1, 0 
0x04F8	0xE102      	BNZ         L__keyHandler73
0x04FA	0x0EBB      	MOVLW       187
0x04FC	0x183B      	XORWF       FARG_keyHandler_key, 0 
L__keyHandler73:
0x04FE	0xB4D8      	BTFSC       STATUS, 2 
0x0500	0xD76D      	BRA         L_keyHandler35
0x0502	0x0E00      	MOVLW       0
0x0504	0x183C      	XORWF       FARG_keyHandler_key+1, 0 
0x0506	0xE102      	BNZ         L__keyHandler74
0x0508	0x0E7B      	MOVLW       123
0x050A	0x183B      	XORWF       FARG_keyHandler_key, 0 
L__keyHandler74:
0x050C	0xB4D8      	BTFSC       STATUS, 2 
0x050E	0xD771      	BRA         L_keyHandler36
0x0510	0x0E00      	MOVLW       0
0x0512	0x183C      	XORWF       FARG_keyHandler_key+1, 0 
0x0514	0xE102      	BNZ         L__keyHandler75
0x0516	0x0EED      	MOVLW       237
0x0518	0x183B      	XORWF       FARG_keyHandler_key, 0 
L__keyHandler75:
0x051A	0xB4D8      	BTFSC       STATUS, 2 
0x051C	0xD771      	BRA         L_keyHandler37
0x051E	0x0E00      	MOVLW       0
0x0520	0x183C      	XORWF       FARG_keyHandler_key+1, 0 
0x0522	0xE102      	BNZ         L__keyHandler76
0x0524	0x0EDD      	MOVLW       221
0x0526	0x183B      	XORWF       FARG_keyHandler_key, 0 
L__keyHandler76:
0x0528	0xB4D8      	BTFSC       STATUS, 2 
0x052A	0xD775      	BRA         L_keyHandler38
0x052C	0x0E00      	MOVLW       0
0x052E	0x183C      	XORWF       FARG_keyHandler_key+1, 0 
0x0530	0xE102      	BNZ         L__keyHandler77
0x0532	0x0EBD      	MOVLW       189
0x0534	0x183B      	XORWF       FARG_keyHandler_key, 0 
L__keyHandler77:
0x0536	0xB4D8      	BTFSC       STATUS, 2 
0x0538	0xD779      	BRA         L_keyHandler39
0x053A	0x0E00      	MOVLW       0
0x053C	0x183C      	XORWF       FARG_keyHandler_key+1, 0 
0x053E	0xE102      	BNZ         L__keyHandler78
0x0540	0x0E7D      	MOVLW       125
0x0542	0x183B      	XORWF       FARG_keyHandler_key, 0 
L__keyHandler78:
0x0544	0xB4D8      	BTFSC       STATUS, 2 
0x0546	0xD77D      	BRA         L_keyHandler40
0x0548	0x0E00      	MOVLW       0
0x054A	0x183C      	XORWF       FARG_keyHandler_key+1, 0 
0x054C	0xE102      	BNZ         L__keyHandler79
0x054E	0x0EEE      	MOVLW       238
0x0550	0x183B      	XORWF       FARG_keyHandler_key, 0 
L__keyHandler79:
0x0552	0xB4D8      	BTFSC       STATUS, 2 
0x0554	0xD77D      	BRA         L_keyHandler41
0x0556	0x0E00      	MOVLW       0
0x0558	0x183C      	XORWF       FARG_keyHandler_key+1, 0 
0x055A	0xE102      	BNZ         L__keyHandler80
0x055C	0x0EDE      	MOVLW       222
0x055E	0x183B      	XORWF       FARG_keyHandler_key, 0 
L__keyHandler80:
0x0560	0xE082      	BZ          L_keyHandler42
0x0562	0x0E00      	MOVLW       0
0x0564	0x183C      	XORWF       FARG_keyHandler_key+1, 0 
0x0566	0xE102      	BNZ         L__keyHandler81
0x0568	0x0EBE      	MOVLW       190
0x056A	0x183B      	XORWF       FARG_keyHandler_key, 0 
L__keyHandler81:
0x056C	0xE087      	BZ          L_keyHandler43
0x056E	0x0E00      	MOVLW       0
0x0570	0x183C      	XORWF       FARG_keyHandler_key+1, 0 
0x0572	0xE102      	BNZ         L__keyHandler82
0x0574	0x0E7E      	MOVLW       126
0x0576	0x183B      	XORWF       FARG_keyHandler_key, 0 
L__keyHandler82:
0x0578	0xE08C      	BZ          L_keyHandler44
L_keyHandler28:
;Temporizador.c,347 :: 		return result;
0x057A	0xF000C03F  	MOVFF       keyHandler_result_L0, R0
0x057E	0xF001C040  	MOVFF       keyHandler_result_L0+1, R1
;Temporizador.c,348 :: 		}
L_end_keyHandler:
0x0582	0x0012      	RETURN      0
; end of _keyHandler
_Mul_16X16_U:
;__Lib_Math.c,440 :: 		
;__Lib_Math.c,447 :: 		
0x0584	0x6A0B      	CLRF        R11, 0
;__Lib_Math.c,448 :: 		
0x0586	0x6A0A      	CLRF        R10, 0
;__Lib_Math.c,449 :: 		
0x0588	0x6A09      	CLRF        R9, 0
;__Lib_Math.c,450 :: 		
0x058A	0x5000      	MOVF        R0, 0, 0
;__Lib_Math.c,451 :: 		
0x058C	0x0204      	MULWF       R4, 0
;__Lib_Math.c,453 :: 		
0x058E	0xF009CFF4  	MOVFF       PRODH, R9
;__Lib_Math.c,454 :: 		
0x0592	0xF008CFF3  	MOVFF       PRODL, R8
;__Lib_Math.c,455 :: 		
0x0596	0x5001      	MOVF        R1, 0, 0
;__Lib_Math.c,456 :: 		
0x0598	0x0205      	MULWF       R5, 0
;__Lib_Math.c,458 :: 		
0x059A	0xF00BCFF4  	MOVFF       PRODH, R11
;__Lib_Math.c,459 :: 		
0x059E	0xF00ACFF3  	MOVFF       PRODL, R10
;__Lib_Math.c,460 :: 		
0x05A2	0x5000      	MOVF        R0, 0, 0
;__Lib_Math.c,461 :: 		
0x05A4	0x0205      	MULWF       R5, 0
;__Lib_Math.c,463 :: 		
0x05A6	0x50F3      	MOVF        PRODL, 0, 0
;__Lib_Math.c,464 :: 		
0x05A8	0x2609      	ADDWF       R9, 1, 0
;__Lib_Math.c,465 :: 		
0x05AA	0x50F4      	MOVF        PRODH, 0, 0
;__Lib_Math.c,466 :: 		
0x05AC	0x220A      	ADDWFC      R10, 1, 0
;__Lib_Math.c,467 :: 		
0x05AE	0x6AE8      	CLRF        WREG, 0
;__Lib_Math.c,468 :: 		
0x05B0	0x220B      	ADDWFC      R11, 1, 0
;__Lib_Math.c,469 :: 		
0x05B2	0x5001      	MOVF        R1, 0, 0
;__Lib_Math.c,470 :: 		
0x05B4	0x0204      	MULWF       R4, 0
;__Lib_Math.c,472 :: 		
0x05B6	0x50F3      	MOVF        PRODL, 0, 0
;__Lib_Math.c,473 :: 		
0x05B8	0x2609      	ADDWF       R9, 1, 0
;__Lib_Math.c,474 :: 		
0x05BA	0x50F4      	MOVF        PRODH, 0, 0
;__Lib_Math.c,475 :: 		
0x05BC	0x220A      	ADDWFC      R10, 1, 0
;__Lib_Math.c,476 :: 		
0x05BE	0x6AE8      	CLRF        WREG, 0
;__Lib_Math.c,477 :: 		
0x05C0	0x220B      	ADDWFC      R11, 1, 0
;__Lib_Math.c,479 :: 		
0x05C2	0xF000C008  	MOVFF       R8, R0
;__Lib_Math.c,480 :: 		
0x05C6	0xF001C009  	MOVFF       R9, R1
;__Lib_Math.c,481 :: 		
0x05CA	0xF002C00A  	MOVFF       R10, R2
;__Lib_Math.c,482 :: 		
0x05CE	0xF003C00B  	MOVFF       R11, R3
;__Lib_Math.c,485 :: 		
L_end_Mul_16X16_U:
0x05D2	0x0012      	RETURN      0
; end of _Mul_16X16_U
_Lcd_Init:
;__Lib_Lcd.c,84 :: 		
;__Lib_Lcd.c,86 :: 		
0x05D4	0x9296      	BCF         LCD_EN_Direction, BitPos(LCD_EN_Direction+0) 
;__Lib_Lcd.c,87 :: 		
0x05D6	0x9496      	BCF         LCD_RS_Direction, BitPos(LCD_RS_Direction+0) 
;__Lib_Lcd.c,88 :: 		
0x05D8	0x9895      	BCF         LCD_D4_Direction, BitPos(LCD_D4_Direction+0) 
;__Lib_Lcd.c,89 :: 		
0x05DA	0x9A95      	BCF         LCD_D5_Direction, BitPos(LCD_D5_Direction+0) 
;__Lib_Lcd.c,90 :: 		
0x05DC	0x9C95      	BCF         LCD_D6_Direction, BitPos(LCD_D6_Direction+0) 
;__Lib_Lcd.c,91 :: 		
0x05DE	0x9E95      	BCF         LCD_D7_Direction, BitPos(LCD_D7_Direction+0) 
;__Lib_Lcd.c,93 :: 		
0x05E0	0x9284      	BCF         LCD_EN, BitPos(LCD_EN+0) 
;__Lib_Lcd.c,94 :: 		
0x05E2	0x9484      	BCF         LCD_RS, BitPos(LCD_RS+0) 
;__Lib_Lcd.c,95 :: 		
0x05E4	0x9E83      	BCF         LCD_D7, BitPos(LCD_D7+0) 
;__Lib_Lcd.c,96 :: 		
0x05E6	0x9C83      	BCF         LCD_D6, BitPos(LCD_D6+0) 
;__Lib_Lcd.c,97 :: 		
0x05E8	0x9A83      	BCF         LCD_D5, BitPos(LCD_D5+0) 
;__Lib_Lcd.c,98 :: 		
0x05EA	0x9883      	BCF         LCD_D4, BitPos(LCD_D4+0) 
;__Lib_Lcd.c,100 :: 		
0x05EC	0xDD5C      	RCALL       _Delay_5500us
;__Lib_Lcd.c,101 :: 		
0x05EE	0xDD5B      	RCALL       _Delay_5500us
;__Lib_Lcd.c,102 :: 		
0x05F0	0xDD5A      	RCALL       _Delay_5500us
;__Lib_Lcd.c,105 :: 		
0x05F2	0x8A83      	BSF         LCD_D5, BitPos(LCD_D5+0) 
;__Lib_Lcd.c,106 :: 		
0x05F4	0x8883      	BSF         LCD_D4, BitPos(LCD_D4+0) 
;__Lib_Lcd.c,107 :: 		
0x05F6	0x8284      	BSF         LCD_EN, BitPos(LCD_EN+0) 
;__Lib_Lcd.c,108 :: 		
0x05F8	0xDD61      	RCALL       _Delay_1us
;__Lib_Lcd.c,109 :: 		
0x05FA	0x9284      	BCF         LCD_EN, BitPos(LCD_EN+0) 
;__Lib_Lcd.c,110 :: 		
0x05FC	0xDD54      	RCALL       _Delay_5500us
;__Lib_Lcd.c,112 :: 		
0x05FE	0x8284      	BSF         LCD_EN, BitPos(LCD_EN+0) 
;__Lib_Lcd.c,113 :: 		
0x0600	0xDD5D      	RCALL       _Delay_1us
;__Lib_Lcd.c,114 :: 		
0x0602	0x9284      	BCF         LCD_EN, BitPos(LCD_EN+0) 
;__Lib_Lcd.c,115 :: 		
0x0604	0xDD50      	RCALL       _Delay_5500us
;__Lib_Lcd.c,117 :: 		
0x0606	0x8284      	BSF         LCD_EN, BitPos(LCD_EN+0) 
;__Lib_Lcd.c,118 :: 		
0x0608	0xDD59      	RCALL       _Delay_1us
;__Lib_Lcd.c,119 :: 		
0x060A	0x9284      	BCF         LCD_EN, BitPos(LCD_EN+0) 
;__Lib_Lcd.c,120 :: 		
0x060C	0xDD4C      	RCALL       _Delay_5500us
;__Lib_Lcd.c,123 :: 		
0x060E	0x9883      	BCF         LCD_D4, BitPos(LCD_D4+0) 
;__Lib_Lcd.c,124 :: 		
0x0610	0x8284      	BSF         LCD_EN, BitPos(LCD_EN+0) 
;__Lib_Lcd.c,125 :: 		
0x0612	0xDD54      	RCALL       _Delay_1us
;__Lib_Lcd.c,126 :: 		
0x0614	0x9284      	BCF         LCD_EN, BitPos(LCD_EN+0) 
;__Lib_Lcd.c,127 :: 		
0x0616	0xDD47      	RCALL       _Delay_5500us
;__Lib_Lcd.c,130 :: 		
0x0618	0x8284      	BSF         LCD_EN, BitPos(LCD_EN+0) 
;__Lib_Lcd.c,131 :: 		
0x061A	0xDD50      	RCALL       _Delay_1us
;__Lib_Lcd.c,132 :: 		
0x061C	0x9284      	BCF         LCD_EN, BitPos(LCD_EN+0) 
;__Lib_Lcd.c,134 :: 		
0x061E	0x9A83      	BCF         LCD_D5, BitPos(LCD_D5+0) 
;__Lib_Lcd.c,135 :: 		
0x0620	0x8E83      	BSF         LCD_D7, BitPos(LCD_D7+0) 
;__Lib_Lcd.c,136 :: 		
0x0622	0x8284      	BSF         LCD_EN, BitPos(LCD_EN+0) 
;__Lib_Lcd.c,137 :: 		
0x0624	0xDD4B      	RCALL       _Delay_1us
;__Lib_Lcd.c,138 :: 		
0x0626	0x9284      	BCF         LCD_EN, BitPos(LCD_EN+0) 
;__Lib_Lcd.c,139 :: 		
0x0628	0xDD3E      	RCALL       _Delay_5500us
;__Lib_Lcd.c,142 :: 		
0x062A	0x9E83      	BCF         LCD_D7, BitPos(LCD_D7+0) 
;__Lib_Lcd.c,143 :: 		
0x062C	0x8883      	BSF         LCD_D4, BitPos(LCD_D4+0) 
;__Lib_Lcd.c,144 :: 		
0x062E	0x8284      	BSF         LCD_EN, BitPos(LCD_EN+0) 
;__Lib_Lcd.c,145 :: 		
0x0630	0xDD45      	RCALL       _Delay_1us
;__Lib_Lcd.c,146 :: 		
0x0632	0x9284      	BCF         LCD_EN, BitPos(LCD_EN+0) 
;__Lib_Lcd.c,148 :: 		
0x0634	0x9883      	BCF         LCD_D4, BitPos(LCD_D4+0) 
;__Lib_Lcd.c,149 :: 		
0x0636	0x8284      	BSF         LCD_EN, BitPos(LCD_EN+0) 
;__Lib_Lcd.c,150 :: 		
0x0638	0xDD41      	RCALL       _Delay_1us
;__Lib_Lcd.c,151 :: 		
0x063A	0x9284      	BCF         LCD_EN, BitPos(LCD_EN+0) 
;__Lib_Lcd.c,152 :: 		
0x063C	0xDD34      	RCALL       _Delay_5500us
;__Lib_Lcd.c,155 :: 		
0x063E	0x8284      	BSF         LCD_EN, BitPos(LCD_EN+0) 
;__Lib_Lcd.c,156 :: 		
0x0640	0xDD3D      	RCALL       _Delay_1us
;__Lib_Lcd.c,157 :: 		
0x0642	0x9284      	BCF         LCD_EN, BitPos(LCD_EN+0) 
;__Lib_Lcd.c,159 :: 		
0x0644	0x8883      	BSF         LCD_D4, BitPos(LCD_D4+0) 
;__Lib_Lcd.c,160 :: 		
0x0646	0x8284      	BSF         LCD_EN, BitPos(LCD_EN+0) 
;__Lib_Lcd.c,161 :: 		
0x0648	0xDD39      	RCALL       _Delay_1us
;__Lib_Lcd.c,162 :: 		
0x064A	0x9284      	BCF         LCD_EN, BitPos(LCD_EN+0) 
;__Lib_Lcd.c,163 :: 		
0x064C	0xDD2C      	RCALL       _Delay_5500us
;__Lib_Lcd.c,166 :: 		
0x064E	0x9883      	BCF         LCD_D4, BitPos(LCD_D4+0) 
;__Lib_Lcd.c,167 :: 		
0x0650	0x8284      	BSF         LCD_EN, BitPos(LCD_EN+0) 
;__Lib_Lcd.c,168 :: 		
0x0652	0xDD34      	RCALL       _Delay_1us
;__Lib_Lcd.c,169 :: 		
0x0654	0x9284      	BCF         LCD_EN, BitPos(LCD_EN+0) 
;__Lib_Lcd.c,171 :: 		
0x0656	0x8E83      	BSF         LCD_D7, BitPos(LCD_D7+0) 
;__Lib_Lcd.c,172 :: 		
0x0658	0x8C83      	BSF         LCD_D6, BitPos(LCD_D6+0) 
;__Lib_Lcd.c,173 :: 		
0x065A	0x8A83      	BSF         LCD_D5, BitPos(LCD_D5+0) 
;__Lib_Lcd.c,174 :: 		
0x065C	0x8883      	BSF         LCD_D4, BitPos(LCD_D4+0) 
;__Lib_Lcd.c,175 :: 		
0x065E	0x8284      	BSF         LCD_EN, BitPos(LCD_EN+0) 
;__Lib_Lcd.c,176 :: 		
0x0660	0xDD2D      	RCALL       _Delay_1us
;__Lib_Lcd.c,177 :: 		
0x0662	0x9284      	BCF         LCD_EN, BitPos(LCD_EN+0) 
;__Lib_Lcd.c,179 :: 		
0x0664	0xDD20      	RCALL       _Delay_5500us
;__Lib_Lcd.c,181 :: 		
0x0666	0x8033      	BSF         __Lib_Lcd_cmd_status, BitPos(__Lib_Lcd_cmd_status+0) 
;__Lib_Lcd.c,182 :: 		
L_end_Lcd_Init:
0x0668	0x0012      	RETURN      0
; end of _Lcd_Init
___CC2DW:
;__Lib_System.c,21 :: 		
;__Lib_System.c,23 :: 		
_CC2DL_Loop1:
;__Lib_System.c,24 :: 		
0x066A	0x0009      	TBLRD*+
;__Lib_System.c,25 :: 		
0x066C	0xFFE6CFF5  	MOVFF       TABLAT, POSTINC1
;__Lib_System.c,26 :: 		
0x0670	0x0600      	DECF        R0, 1, 0
;__Lib_System.c,27 :: 		
0x0672	0xE1FB      	BNZ         _CC2DL_Loop1
;__Lib_System.c,28 :: 		
0x0674	0x0601      	DECF        R1, 1, 0
;__Lib_System.c,29 :: 		
0x0676	0xE1F9      	BNZ         _CC2DL_Loop1
;__Lib_System.c,31 :: 		
L_end___CC2DW:
0x0678	0x0012      	RETURN      0
; end of ___CC2DW
_loadTimer2:
;Temporizador.c,108 :: 		void loadTimer2()
;Temporizador.c,111 :: 		TMR2 = COUNTER2;
0x067A	0x0E7F      	MOVLW       127
0x067C	0x6ECC      	MOVWF       TMR2 
;Temporizador.c,113 :: 		PIR1.TMR2IF=0;
0x067E	0x929E      	BCF         PIR1, 1 
;Temporizador.c,114 :: 		PIE1.TMR2IE=1;
0x0680	0x829D      	BSF         PIE1, 1 
;Temporizador.c,116 :: 		T2CON.TMR2ON = 1;
0x0682	0x84CA      	BSF         T2CON, 2 
;Temporizador.c,117 :: 		}
L_end_loadTimer2:
0x0684	0x0012      	RETURN      0
; end of _loadTimer2
_keypadHandler:
;Temporizador.c,188 :: 		void keypadHandler()
;Temporizador.c,194 :: 		char rowCode = 0;
;Temporizador.c,195 :: 		char realCode = 0;
;Temporizador.c,196 :: 		char columnCode = 0;
0x0686	0x6A3A      	CLRF        keypadHandler_columnCode_L0 
;Temporizador.c,198 :: 		for(i = 0, columnCode = 0xf; columnCode == 0xf; i++)
0x0688	0x6A34      	CLRF        keypadHandler_i_L0 
0x068A	0x0E0F      	MOVLW       15
0x068C	0x6E3A      	MOVWF       keypadHandler_columnCode_L0 
L_keypadHandler9:
0x068E	0x503A      	MOVF        keypadHandler_columnCode_L0, 0 
0x0690	0x0A0F      	XORLW       15
0x0692	0xE148      	BNZ         L_keypadHandler10
;Temporizador.c,201 :: 		PORTB = ~(1 << i) << 4;
0x0694	0xF001C034  	MOVFF       keypadHandler_i_L0, R1
0x0698	0x0E01      	MOVLW       1
0x069A	0x6E00      	MOVWF       R0 
0x069C	0x5001      	MOVF        R1, 0 
L__keypadHandler50:
0x069E	0xE004      	BZ          L__keypadHandler51
0x06A0	0x3600      	RLCF        R0, 1 
0x06A2	0x9000      	BCF         R0, 0 
0x06A4	0x0FFF      	ADDLW       255
0x06A6	0xD7FB      	BRA         L__keypadHandler50
L__keypadHandler51:
0x06A8	0x1C00      	COMF        R0, 0 
0x06AA	0x6E02      	MOVWF       R2 
0x06AC	0xF000C002  	MOVFF       R2, R0
0x06B0	0x3600      	RLCF        R0, 1 
0x06B2	0x9000      	BCF         R0, 0 
0x06B4	0x3600      	RLCF        R0, 1 
0x06B6	0x9000      	BCF         R0, 0 
0x06B8	0x3600      	RLCF        R0, 1 
0x06BA	0x9000      	BCF         R0, 0 
0x06BC	0x3600      	RLCF        R0, 1 
0x06BE	0x9000      	BCF         R0, 0 
0x06C0	0xFF81C000  	MOVFF       R0, PORTB
;Temporizador.c,202 :: 		columnCode = PORTA.RA2 | (PORTA.RA4 << 1) |
0x06C4	0x6A02      	CLRF        R2 
0x06C6	0xB880      	BTFSC       PORTA, 4 
0x06C8	0x2A02      	INCF        R2, 1 
0x06CA	0xF000C002  	MOVFF       R2, R0
0x06CE	0x3600      	RLCF        R0, 1 
0x06D0	0x9000      	BCF         R0, 0 
0x06D2	0x0E00      	MOVLW       0
0x06D4	0xB480      	BTFSC       PORTA, 2 
0x06D6	0x0E01      	MOVLW       1
0x06D8	0x6E3A      	MOVWF       keypadHandler_columnCode_L0 
0x06DA	0x5000      	MOVF        R0, 0 
0x06DC	0x123A      	IORWF       keypadHandler_columnCode_L0, 1 
;Temporizador.c,203 :: 		(PORTA.RA5 << 2) | (PORTB.RB3) << 3;
0x06DE	0x6A03      	CLRF        R3 
0x06E0	0xBA80      	BTFSC       PORTA, 5 
0x06E2	0x2A03      	INCF        R3, 1 
0x06E4	0xF000C003  	MOVFF       R3, R0
0x06E8	0x0E00      	MOVLW       0
0x06EA	0x6E01      	MOVWF       R1 
0x06EC	0x3600      	RLCF        R0, 1 
0x06EE	0x9000      	BCF         R0, 0 
0x06F0	0x3601      	RLCF        R1, 1 
0x06F2	0x3600      	RLCF        R0, 1 
0x06F4	0x9000      	BCF         R0, 0 
0x06F6	0x3601      	RLCF        R1, 1 
0x06F8	0x5000      	MOVF        R0, 0 
0x06FA	0x123A      	IORWF       keypadHandler_columnCode_L0, 1 
0x06FC	0x6A03      	CLRF        R3 
0x06FE	0xB681      	BTFSC       PORTB, 3 
0x0700	0x2A03      	INCF        R3, 1 
0x0702	0x0E03      	MOVLW       3
0x0704	0x6E02      	MOVWF       R2 
0x0706	0xF000C003  	MOVFF       R3, R0
0x070A	0x0E00      	MOVLW       0
0x070C	0x6E01      	MOVWF       R1 
0x070E	0x5002      	MOVF        R2, 0 
L__keypadHandler52:
0x0710	0xE005      	BZ          L__keypadHandler53
0x0712	0x3600      	RLCF        R0, 1 
0x0714	0x9000      	BCF         R0, 0 
0x0716	0x3601      	RLCF        R1, 1 
0x0718	0x0FFF      	ADDLW       255
0x071A	0xD7FA      	BRA         L__keypadHandler52
L__keypadHandler53:
0x071C	0x5000      	MOVF        R0, 0 
0x071E	0x123A      	IORWF       keypadHandler_columnCode_L0, 1 
;Temporizador.c,198 :: 		for(i = 0, columnCode = 0xf; columnCode == 0xf; i++)
0x0720	0x2A34      	INCF        keypadHandler_i_L0, 1 
;Temporizador.c,205 :: 		}
0x0722	0xD7B5      	BRA         L_keypadHandler9
L_keypadHandler10:
;Temporizador.c,206 :: 		rowCode = PORTB >> 4;
0x0724	0x0E04      	MOVLW       4
0x0726	0x6E00      	MOVWF       R0 
0x0728	0xF03BCF81  	MOVFF       PORTB, FARG_keyHandler_key
0x072C	0x0E00      	MOVLW       0
0x072E	0x6E3C      	MOVWF       FARG_keyHandler_key+1 
0x0730	0x5000      	MOVF        R0, 0 
L__keypadHandler54:
0x0732	0xE004      	BZ          L__keypadHandler55
0x0734	0x323B      	RRCF        FARG_keyHandler_key, 1 
0x0736	0x9E3B      	BCF         FARG_keyHandler_key, 7 
0x0738	0x0FFF      	ADDLW       255
0x073A	0xD7FB      	BRA         L__keypadHandler54
L__keypadHandler55:
;Temporizador.c,207 :: 		PORTB = 0;
0x073C	0x6A81      	CLRF        PORTB 
;Temporizador.c,209 :: 		realCode = rowCode | (columnCode << 4);
0x073E	0xF000C03A  	MOVFF       keypadHandler_columnCode_L0, R0
0x0742	0x3600      	RLCF        R0, 1 
0x0744	0x9000      	BCF         R0, 0 
0x0746	0x3600      	RLCF        R0, 1 
0x0748	0x9000      	BCF         R0, 0 
0x074A	0x3600      	RLCF        R0, 1 
0x074C	0x9000      	BCF         R0, 0 
0x074E	0x3600      	RLCF        R0, 1 
0x0750	0x9000      	BCF         R0, 0 
0x0752	0x5000      	MOVF        R0, 0 
0x0754	0x103B      	IORWF       FARG_keyHandler_key, 0 
0x0756	0x6E3B      	MOVWF       FARG_keyHandler_key 
;Temporizador.c,210 :: 		result = keyHandler(realCode, &type);
0x0758	0x0E00      	MOVLW       0
0x075A	0x6E3C      	MOVWF       FARG_keyHandler_key+1 
0x075C	0x0E35      	MOVLW       keypadHandler_type_L0
0x075E	0x6E3D      	MOVWF       FARG_keyHandler_type 
0x0760	0x0E00      	MOVLW       hi_addr(keypadHandler_type_L0)
0x0762	0x6E3E      	MOVWF       FARG_keyHandler_type+1 
0x0764	0xDE03      	RCALL       _keyHandler
0x0766	0xF036C000  	MOVFF       R0, keypadHandler_result_L0
0x076A	0xF037C001  	MOVFF       R1, keypadHandler_result_L0+1
;Temporizador.c,212 :: 		if(type == NUM)
0x076E	0x5035      	MOVF        keypadHandler_type_L0, 0 
0x0770	0x0A06      	XORLW       6
0x0772	0xE150      	BNZ         L_keypadHandler12
;Temporizador.c,214 :: 		if(result == 0)
0x0774	0x0E00      	MOVLW       0
0x0776	0x1837      	XORWF       keypadHandler_result_L0+1, 0 
0x0778	0xE102      	BNZ         L__keypadHandler56
0x077A	0x0E00      	MOVLW       0
0x077C	0x1836      	XORWF       keypadHandler_result_L0, 0 
L__keypadHandler56:
0x077E	0xE102      	BNZ         L_keypadHandler13
;Temporizador.c,215 :: 		keyPressed[0] = '0';
0x0780	0x0E30      	MOVLW       48
0x0782	0x6E38      	MOVWF       keypadHandler_keyPressed_L0 
L_keypadHandler13:
;Temporizador.c,217 :: 		if(result == 1)
0x0784	0x0E00      	MOVLW       0
0x0786	0x1837      	XORWF       keypadHandler_result_L0+1, 0 
0x0788	0xE102      	BNZ         L__keypadHandler57
0x078A	0x0E01      	MOVLW       1
0x078C	0x1836      	XORWF       keypadHandler_result_L0, 0 
L__keypadHandler57:
0x078E	0xE102      	BNZ         L_keypadHandler14
;Temporizador.c,218 :: 		keyPressed[0] = '1';
0x0790	0x0E31      	MOVLW       49
0x0792	0x6E38      	MOVWF       keypadHandler_keyPressed_L0 
L_keypadHandler14:
;Temporizador.c,220 :: 		if(result == 2)
0x0794	0x0E00      	MOVLW       0
0x0796	0x1837      	XORWF       keypadHandler_result_L0+1, 0 
0x0798	0xE102      	BNZ         L__keypadHandler58
0x079A	0x0E02      	MOVLW       2
0x079C	0x1836      	XORWF       keypadHandler_result_L0, 0 
L__keypadHandler58:
0x079E	0xE102      	BNZ         L_keypadHandler15
;Temporizador.c,221 :: 		keyPressed[0] = '2';
0x07A0	0x0E32      	MOVLW       50
0x07A2	0x6E38      	MOVWF       keypadHandler_keyPressed_L0 
L_keypadHandler15:
;Temporizador.c,223 :: 		if(result == 3)
0x07A4	0x0E00      	MOVLW       0
0x07A6	0x1837      	XORWF       keypadHandler_result_L0+1, 0 
0x07A8	0xE102      	BNZ         L__keypadHandler59
0x07AA	0x0E03      	MOVLW       3
0x07AC	0x1836      	XORWF       keypadHandler_result_L0, 0 
L__keypadHandler59:
0x07AE	0xE102      	BNZ         L_keypadHandler16
;Temporizador.c,224 :: 		keyPressed[0] = '3';
0x07B0	0x0E33      	MOVLW       51
0x07B2	0x6E38      	MOVWF       keypadHandler_keyPressed_L0 
L_keypadHandler16:
;Temporizador.c,226 :: 		if(result == 4)
0x07B4	0x0E00      	MOVLW       0
0x07B6	0x1837      	XORWF       keypadHandler_result_L0+1, 0 
0x07B8	0xE102      	BNZ         L__keypadHandler60
0x07BA	0x0E04      	MOVLW       4
0x07BC	0x1836      	XORWF       keypadHandler_result_L0, 0 
L__keypadHandler60:
0x07BE	0xE102      	BNZ         L_keypadHandler17
;Temporizador.c,227 :: 		keyPressed[0] = '4';
0x07C0	0x0E34      	MOVLW       52
0x07C2	0x6E38      	MOVWF       keypadHandler_keyPressed_L0 
L_keypadHandler17:
;Temporizador.c,229 :: 		if(result == 5)
0x07C4	0x0E00      	MOVLW       0
0x07C6	0x1837      	XORWF       keypadHandler_result_L0+1, 0 
0x07C8	0xE102      	BNZ         L__keypadHandler61
0x07CA	0x0E05      	MOVLW       5
0x07CC	0x1836      	XORWF       keypadHandler_result_L0, 0 
L__keypadHandler61:
0x07CE	0xE102      	BNZ         L_keypadHandler18
;Temporizador.c,230 :: 		keyPressed[0] = '5';
0x07D0	0x0E35      	MOVLW       53
0x07D2	0x6E38      	MOVWF       keypadHandler_keyPressed_L0 
L_keypadHandler18:
;Temporizador.c,232 :: 		if(result == 6)
0x07D4	0x0E00      	MOVLW       0
0x07D6	0x1837      	XORWF       keypadHandler_result_L0+1, 0 
0x07D8	0xE102      	BNZ         L__keypadHandler62
0x07DA	0x0E06      	MOVLW       6
0x07DC	0x1836      	XORWF       keypadHandler_result_L0, 0 
L__keypadHandler62:
0x07DE	0xE102      	BNZ         L_keypadHandler19
;Temporizador.c,233 :: 		keyPressed[0] = '6';
0x07E0	0x0E36      	MOVLW       54
0x07E2	0x6E38      	MOVWF       keypadHandler_keyPressed_L0 
L_keypadHandler19:
;Temporizador.c,235 :: 		if(result == 7)
0x07E4	0x0E00      	MOVLW       0
0x07E6	0x1837      	XORWF       keypadHandler_result_L0+1, 0 
0x07E8	0xE102      	BNZ         L__keypadHandler63
0x07EA	0x0E07      	MOVLW       7
0x07EC	0x1836      	XORWF       keypadHandler_result_L0, 0 
L__keypadHandler63:
0x07EE	0xE102      	BNZ         L_keypadHandler20
;Temporizador.c,236 :: 		keyPressed[0] = '7';
0x07F0	0x0E37      	MOVLW       55
0x07F2	0x6E38      	MOVWF       keypadHandler_keyPressed_L0 
L_keypadHandler20:
;Temporizador.c,238 :: 		if(result == 8)
0x07F4	0x0E00      	MOVLW       0
0x07F6	0x1837      	XORWF       keypadHandler_result_L0+1, 0 
0x07F8	0xE102      	BNZ         L__keypadHandler64
0x07FA	0x0E08      	MOVLW       8
0x07FC	0x1836      	XORWF       keypadHandler_result_L0, 0 
L__keypadHandler64:
0x07FE	0xE102      	BNZ         L_keypadHandler21
;Temporizador.c,239 :: 		keyPressed[0] = '8';
0x0800	0x0E38      	MOVLW       56
0x0802	0x6E38      	MOVWF       keypadHandler_keyPressed_L0 
L_keypadHandler21:
;Temporizador.c,241 :: 		if(result == 9)
0x0804	0x0E00      	MOVLW       0
0x0806	0x1837      	XORWF       keypadHandler_result_L0+1, 0 
0x0808	0xE102      	BNZ         L__keypadHandler65
0x080A	0x0E09      	MOVLW       9
0x080C	0x1836      	XORWF       keypadHandler_result_L0, 0 
L__keypadHandler65:
0x080E	0xE102      	BNZ         L_keypadHandler22
;Temporizador.c,242 :: 		keyPressed[0] = '9';
0x0810	0x0E39      	MOVLW       57
0x0812	0x6E38      	MOVWF       keypadHandler_keyPressed_L0 
L_keypadHandler22:
;Temporizador.c,243 :: 		}
L_keypadHandler12:
;Temporizador.c,245 :: 		if(type == SUM)
0x0814	0x5035      	MOVF        keypadHandler_type_L0, 0 
0x0816	0x0A01      	XORLW       1
0x0818	0xE102      	BNZ         L_keypadHandler23
;Temporizador.c,246 :: 		keyPressed[0] = '+';
0x081A	0x0E2B      	MOVLW       43
0x081C	0x6E38      	MOVWF       keypadHandler_keyPressed_L0 
L_keypadHandler23:
;Temporizador.c,248 :: 		if(type == SUB)
0x081E	0x5035      	MOVF        keypadHandler_type_L0, 0 
0x0820	0x0A02      	XORLW       2
0x0822	0xE102      	BNZ         L_keypadHandler24
;Temporizador.c,249 :: 		keyPressed[0] = '-';
0x0824	0x0E2D      	MOVLW       45
0x0826	0x6E38      	MOVWF       keypadHandler_keyPressed_L0 
L_keypadHandler24:
;Temporizador.c,251 :: 		if(type == MULT)
0x0828	0x5035      	MOVF        keypadHandler_type_L0, 0 
0x082A	0x0A03      	XORLW       3
0x082C	0xE102      	BNZ         L_keypadHandler25
;Temporizador.c,252 :: 		keyPressed[0] = '*';
0x082E	0x0E2A      	MOVLW       42
0x0830	0x6E38      	MOVWF       keypadHandler_keyPressed_L0 
L_keypadHandler25:
;Temporizador.c,254 :: 		if(type == DIVI)
0x0832	0x5035      	MOVF        keypadHandler_type_L0, 0 
0x0834	0x0A04      	XORLW       4
0x0836	0xE102      	BNZ         L_keypadHandler26
;Temporizador.c,255 :: 		keyPressed[0] = '/';
0x0838	0x0E2F      	MOVLW       47
0x083A	0x6E38      	MOVWF       keypadHandler_keyPressed_L0 
L_keypadHandler26:
;Temporizador.c,257 :: 		keyPressed[1] = '\0';
0x083C	0x6A39      	CLRF        keypadHandler_keyPressed_L0+1 
;Temporizador.c,259 :: 		time *= 10;
0x083E	0xF000C019  	MOVFF       _time, R0
0x0842	0xF001C01A  	MOVFF       _time+1, R1
0x0846	0x0E0A      	MOVLW       10
0x0848	0x6E04      	MOVWF       R4 
0x084A	0x0E00      	MOVLW       0
0x084C	0x6E05      	MOVWF       R5 
0x084E	0xDE9A      	RCALL       _Mul_16X16_U
0x0850	0xF019C000  	MOVFF       R0, _time
0x0854	0xF01AC001  	MOVFF       R1, _time+1
;Temporizador.c,260 :: 		time += result;
0x0858	0x5036      	MOVF        keypadHandler_result_L0, 0 
0x085A	0x2619      	ADDWF       _time, 1 
0x085C	0x5037      	MOVF        keypadHandler_result_L0+1, 0 
0x085E	0x221A      	ADDWFC      _time+1, 1 
;Temporizador.c,262 :: 		IntToStr(time, str);
0x0860	0xF03BC019  	MOVFF       _time, FARG_IntToStr_input
0x0864	0xF03CC01A  	MOVFF       _time+1, FARG_IntToStr_input+1
0x0868	0x0E25      	MOVLW       _str
0x086A	0x6E3D      	MOVWF       FARG_IntToStr_output 
0x086C	0x0E00      	MOVLW       hi_addr(_str)
0x086E	0x6E3E      	MOVWF       FARG_IntToStr_output+1 
0x0870	0xDD11      	RCALL       _IntToStr
;Temporizador.c,263 :: 		Lcd_Out(1, 1, str);
0x0872	0x0E01      	MOVLW       1
0x0874	0x6E3B      	MOVWF       FARG_Lcd_Out_row 
0x0876	0x0E01      	MOVLW       1
0x0878	0x6E3C      	MOVWF       FARG_Lcd_Out_column 
0x087A	0x0E25      	MOVLW       _str
0x087C	0x6E3D      	MOVWF       FARG_Lcd_Out_text 
0x087E	0x0E00      	MOVLW       hi_addr(_str)
0x0880	0x6E3E      	MOVWF       FARG_Lcd_Out_text+1 
0x0882	0xDCCB      	RCALL       _Lcd_Out
;Temporizador.c,264 :: 		}
L_end_keypadHandler:
0x0884	0x0012      	RETURN      0
; end of _keypadHandler
_main:
0x0886	0x6A19      	CLRF        _time 
0x0888	0x6A1A      	CLRF        26 
0x088A	0x0E44      	MOVLW       68
0x088C	0x6E1B      	MOVWF       ?lstr2_Temporizador 
0x088E	0x0E69      	MOVLW       105
0x0890	0x6E1C      	MOVWF       28 
0x0892	0x0E73      	MOVLW       115
0x0894	0x6E1D      	MOVWF       29 
0x0896	0x0E70      	MOVLW       112
0x0898	0x6E1E      	MOVWF       30 
0x089A	0x6A1F      	CLRF        31 
0x089C	0x0E50      	MOVLW       80
0x089E	0x6E20      	MOVWF       ?lstr1_Temporizador 
0x08A0	0x0E72      	MOVLW       114
0x08A2	0x6E21      	MOVWF       33 
0x08A4	0x0E6F      	MOVLW       111
0x08A6	0x6E22      	MOVWF       34 
0x08A8	0x0E67      	MOVLW       103
0x08AA	0x6E23      	MOVWF       35 
0x08AC	0x6A24      	CLRF        36 
;Temporizador.c,119 :: 		void main()
;Temporizador.c,122 :: 		ADCON1 = 0x04;
0x08AE	0x0E04      	MOVLW       4
0x08B0	0x6EC1      	MOVWF       ADCON1 
;Temporizador.c,125 :: 		Lcd_Init();
0x08B2	0xDE90      	RCALL       _Lcd_Init
;Temporizador.c,128 :: 		T0CON.T08BIT = 0;       // 16 bits
0x08B4	0x9CD5      	BCF         T0CON, 6 
;Temporizador.c,129 :: 		T0CON.T0CS = 0;         // Internal clock => Crystal/4
0x08B6	0x9AD5      	BCF         T0CON, 5 
;Temporizador.c,130 :: 		T0CON.PSA = 0;          // Prescaler ON
0x08B8	0x96D5      	BCF         T0CON, 3 
;Temporizador.c,132 :: 		T0CON.T0PS2 = 1;
0x08BA	0x84D5      	BSF         T0CON, 2 
;Temporizador.c,133 :: 		T0CON.T0PS1 = 1;
0x08BC	0x82D5      	BSF         T0CON, 1 
;Temporizador.c,134 :: 		T0CON.T0PS0 = 1;
0x08BE	0x80D5      	BSF         T0CON, 0 
;Temporizador.c,136 :: 		TMR0H = COUNTER1 >> 8;  // RE-Load Timer 0 counter - 1st TMR0H
0x08C0	0x0ED8      	MOVLW       216
0x08C2	0x6ED7      	MOVWF       TMR0H 
;Temporizador.c,137 :: 		TMR0L = COUNTER1;       // RE-Load Timer 0 counter - 2nd TMR0L
0x08C4	0x0EEF      	MOVLW       239
0x08C6	0x6ED6      	MOVWF       TMR0L 
;Temporizador.c,138 :: 		INTCON.TMR0IF=0;
0x08C8	0x94F2      	BCF         INTCON, 2 
;Temporizador.c,139 :: 		INTCON.TMR0IE=1;
0x08CA	0x8AF2      	BSF         INTCON, 5 
;Temporizador.c,140 :: 		T0CON.TMR0ON=1;
0x08CC	0x8ED5      	BSF         T0CON, 7 
;Temporizador.c,144 :: 		T2CON.T2CKPS1 = 1;
0x08CE	0x82CA      	BSF         T2CON, 1 
;Temporizador.c,145 :: 		T2CON.T2CKPS0 = 1;
0x08D0	0x80CA      	BSF         T2CON, 0 
;Temporizador.c,148 :: 		INTCON.GIE=1;
0x08D2	0x8EF2      	BSF         INTCON, 7 
;Temporizador.c,149 :: 		INTCON3.INT1IE = 1;
0x08D4	0x86F0      	BSF         INTCON3, 3 
;Temporizador.c,150 :: 		INTCON3.INT1IF = 0;
0x08D6	0x90F0      	BCF         INTCON3, 0 
;Temporizador.c,153 :: 		TRISB.RB1 = 1;
0x08D8	0x8293      	BSF         TRISB, 1 
;Temporizador.c,157 :: 		TRISB.RB4 = 0;
0x08DA	0x9893      	BCF         TRISB, 4 
;Temporizador.c,158 :: 		TRISB.RB5 = 0;
0x08DC	0x9A93      	BCF         TRISB, 5 
;Temporizador.c,159 :: 		TRISB.RB6 = 0;
0x08DE	0x9C93      	BCF         TRISB, 6 
;Temporizador.c,160 :: 		TRISB.RB7 = 0;
0x08E0	0x9E93      	BCF         TRISB, 7 
;Temporizador.c,162 :: 		PORTB.RB4 = 0;
0x08E2	0x9881      	BCF         PORTB, 4 
;Temporizador.c,163 :: 		PORTB.RB5 = 0;
0x08E4	0x9A81      	BCF         PORTB, 5 
;Temporizador.c,164 :: 		PORTB.RB6 = 0;
0x08E6	0x9C81      	BCF         PORTB, 6 
;Temporizador.c,165 :: 		PORTB.RB7 = 0;
0x08E8	0x9E81      	BCF         PORTB, 7 
;Temporizador.c,169 :: 		TRISA.RA2 = 1;
0x08EA	0x8492      	BSF         TRISA, 2 
;Temporizador.c,170 :: 		TRISA.RA4 = 1;
0x08EC	0x8892      	BSF         TRISA, 4 
;Temporizador.c,171 :: 		TRISA.RA5 = 1;
0x08EE	0x8A92      	BSF         TRISA, 5 
;Temporizador.c,172 :: 		TRISB.RB3 = 1;
0x08F0	0x8693      	BSF         TRISB, 3 
;Temporizador.c,175 :: 		TRISC.RC0 = 0;
0x08F2	0x9094      	BCF         TRISC, 0 
;Temporizador.c,176 :: 		PORTC.RC0 = 0;
0x08F4	0x9082      	BCF         PORTC, 0 
;Temporizador.c,179 :: 		INTCON.INT0IE = 1;
0x08F6	0x88F2      	BSF         INTCON, 4 
;Temporizador.c,180 :: 		INTCON.INT0IF = 0;
0x08F8	0x92F2      	BCF         INTCON, 1 
;Temporizador.c,181 :: 		TRISB.RB0 = 1;
0x08FA	0x8093      	BSF         TRISB, 0 
;Temporizador.c,182 :: 		INTCON3.INT2IE = 1;
0x08FC	0x88F0      	BSF         INTCON3, 4 
;Temporizador.c,183 :: 		INTCON3.INT2IF = 0;
0x08FE	0x92F0      	BCF         INTCON3, 1 
;Temporizador.c,184 :: 		TRISB.RB2 = 1;
0x0900	0x8493      	BSF         TRISB, 2 
;Temporizador.c,185 :: 		}
L_end_main:
0x0902	0xD7FF      	BRA         $+0
; end of _main
Symbol List:
//** Routines locations **
//ADDRESS    SIZE    PROCEDURE
//----------------------------------------------
0x0008     [158]    _interrupt
0x00A6      [22]    _Delay_5500us
0x00BC       [6]    _Delay_1us
0x00C2      [10]    _Delay_50us
0x00CC     [124]    _Lcd_Cmd
0x0148      [54]    _Div_16X16_U
0x017E     [144]    _WordToStr
0x020E      [12]    _Lcd_Chr_CP
0x021A     [122]    _Lcd_Out
0x0294     [216]    _IntToStr
0x036C     [536]    _keyHandler
0x0584      [80]    _Mul_16X16_U
0x05D4     [150]    _Lcd_Init
0x066A      [16]    ___CC2DW
0x067A      [12]    _loadTimer2
0x0686     [512]    _keypadHandler
0x0886     [126]    _main
//** Variables locations ** 
//ADDRESS    SIZE    VARIABLE
//----------------------------------------------
0x0000       [1]    __Lib_SoftI2C_PutZerosToLATSda_temp_sda_L0
0x0000       [1]    FLASH_Erase_64_SaveINTCON_L0
0x0000       [1]    SPI1_Write_tmp_L0
0x0000       [1]    R0
0x0000       [1]    __Lib_SoftI2C_PutZerosToLATScl_temp_scl_L0
0x0000       [1]    EEPROM_Write_SaveINTCON_L0
0x0000       [1]    UART1_Init_tmp_L0
0x0001       [1]    R1
0x0001       [2]    FLASH_Read_N_Bytes_i_L0
0x0001       [1]    __Lib_PS2_Wait_Falling_nsample_L0
0x0001       [1]    __Lib_TFT_JPEG_FileReadBytes_Result_L0
0x0001       [1]    __Lib_TFT_JPEG_FileRead_i_L0
0x0001       [1]    FLASH_Erase_Write_64_i_L0
0x0001       [1]    __Lib_TFT_16bit_JPEG_FileRead_i_L0
0x0001       [1]    ispunct_rslt_L0
0x0001       [1]    FLASH_Write_8_i_L0
0x0001       [1]    __Lib_TFT_16bit_JPEG_FileReadBytes_Result_L0
0x0001       [1]    UART1_Read___tmp_UART1_Read_L0
0x0001       [1]    I2C1_Rd_tmp_L0
0x0002       [1]    FLASH_Write_8_SaveINTCON_L0
0x0002       [1]    FLASH_Erase_Write_64_j_L0
0x0002       [2]    memset_pp_L0
0x0002       [2]    memcpy_dd_L0
0x0002       [2]    strlen_cp_L0
0x0002       [2]    memchr_s_L0
0x0002       [1]    R2
0x0003       [2]    MM_TotalFreeMemSize_Tot_L0
0x0003       [1]    FLASH_Erase_Write_64_SaveINTCON_L0
0x0003       [2]    Ltrim_original_L0
0x0003       [2]    memmove_tt_L0
0x0003       [1]    R3
0x0003       [1]    MM_Init_i_L0
0x0003       [2]    __Lib_MmcFat16_f16_toInt_l_L0
0x0003       [1]    __Lib_Sprinti_?FLOC____Lib_Sprinti_Do_FillT29
0x0004       [2]    strncpy_cp_L0
0x0004       [2]    strncat_cp_L0
0x0004       [2]    strcpy_cp_L0
0x0004       [2]    __Lib_MemManager_MM_GetMemAlign_P_L0
0x0004       [2]    memcpy_ss_L0
0x0004       [2]    strcat_cp_L0
0x0004       [1]    R4
0x0004       [2]    frexp_pom_L0
0x0004       [1]    __Lib_Sprinti_?FLOC____Lib_Sprinti_Do_FillT40
0x0005       [2]    memmove_ff_L0
0x0005       [2]    LongIntToHex_input_half_L0
0x0005       [2]    LongWordToHex_input_half_L0
0x0005       [2]    Ltrim_p_L0
0x0005       [1]    R5
0x0005       [1]    MM_TotalFreeMemSize_i_L0
0x0005       [1]    __Lib_Sprinti_?FLOC____Lib_Sprinti_Do_FillT54
0x0006       [1]    R6
0x0006       [1]    __Lib_Sprinti_?FLOC____Lib_Sprinti_Do_FillT69
0x0006       [1]    __Lib_MemManager_MM_GetMemAlign_i_L0
0x0007       [1]    __Lib_TFT_16bit_JPEG_GenerateHuffmanTables_bLength_L0
0x0007       [1]    __Lib_TFT_JPEG_GenerateHuffmanTables_bLength_L0
0x0007       [1]    R7
0x0008       [1]    R8
0x0008       [1]    __Lib_TFT_JPEG_GenerateHuffmanTables_bTable_L0
0x0008       [1]    __Lib_TFT_16bit_JPEG_GenerateHuffmanTables_bTable_L0
0x0009       [1]    R9
0x0009       [4]    __Lib_MmcFat16_f16_toLong_l_L0
0x000A       [1]    R10
0x000B       [1]    R11
0x000C       [1]    R12
0x000D       [1]    R13
0x000E       [1]    R14
0x000F       [1]    R15
0x0010       [1]    R16
0x0011       [1]    R17
0x0012       [1]    R18
0x0013       [1]    R19
0x0014       [1]    R20
0x0019       [2]    _time
0x001B       [5]    ?lstr2_Temporizador
0x0020       [5]    ?lstr1_Temporizador
0x0025      [14]    _str
0x0033       [0]    __Lib_Lcd_cmd_status
0x0034       [1]    keypadHandler_i_L0
0x0035       [1]    keypadHandler_type_L0
0x0036       [2]    keypadHandler_result_L0
0x0038       [2]    keypadHandler_keyPressed_L0
0x003A       [1]    keypadHandler_columnCode_L0
0x003B       [1]    FARG_Lcd_Out_row
0x003B       [2]    FARG_keyHandler_key
0x003B       [2]    FARG_IntToStr_input
0x003C       [1]    FARG_Lcd_Out_column
0x003D       [2]    FARG_Lcd_Out_text
0x003D       [2]    FARG_IntToStr_output
0x003D       [2]    FARG_keyHandler_type
0x003F       [2]    IntToStr_i_L0
0x003F       [2]    keyHandler_result_L0
0x003F       [1]    Lcd_Out_i_L0
0x0041       [2]    IntToStr_negative_L0
0x0043       [2]    IntToStr_inword_L0
0x0045       [1]    FARG_Lcd_Chr_CP_out_char
0x0045       [2]    FARG_WordToStr_input
0x0047       [2]    FARG_WordToStr_output
0x0049       [1]    WordToStr_len_L0
0x004A       [2]    FLOC__WordToStr
0x004C       [1]    FARG_Lcd_Cmd_out_char
0x0F80       [1]    PORTA
0x0F81       [1]    PORTB
0x0F82       [1]    PORTC
0x0F83       [0]    RD6_bit
0x0F83       [0]    RD7_bit
0x0F83       [0]    RD5_bit
0x0F83       [0]    RD4_bit
0x0F83       [0]    LCD_D6
0x0F83       [0]    LCD_D5
0x0F83       [0]    LCD_D4
0x0F83       [0]    LCD_D7
0x0F84       [0]    LCD_RS
0x0F84       [0]    LCD_EN
0x0F84       [0]    RE2_bit
0x0F84       [0]    RE1_bit
0x0F92       [1]    TRISA
0x0F93       [1]    TRISB
0x0F94       [1]    TRISC
0x0F95       [0]    TRISD6_bit
0x0F95       [0]    TRISD7_bit
0x0F95       [0]    TRISD4_bit
0x0F95       [0]    TRISD5_bit
0x0F95       [0]    LCD_D5_Direction
0x0F95       [0]    LCD_D4_Direction
0x0F95       [0]    LCD_D7_Direction
0x0F95       [0]    LCD_D6_Direction
0x0F96       [0]    TRISE2_bit
0x0F96       [0]    TRISE1_bit
0x0F96       [0]    LCD_EN_Direction
0x0F96       [0]    LCD_RS_Direction
0x0F9D       [1]    PIE1
0x0F9E       [1]    PIR1
0x0FC1       [1]    ADCON1
0x0FCA       [1]    T2CON
0x0FCC       [1]    TMR2
0x0FD5       [1]    T0CON
0x0FD6       [1]    TMR0L
0x0FD7       [1]    TMR0H
0x0FD8       [1]    STATUS
0x0FD9       [1]    FSR2L
0x0FDA       [1]    FSR2H
0x0FDE       [1]    POSTINC2
0x0FE0       [1]    BSR
0x0FE1       [1]    FSR1L
0x0FE2       [1]    FSR1H
0x0FE4       [1]    PREINC1
0x0FE6       [1]    POSTINC1
0x0FE7       [1]    INDF1
0x0FE8       [1]    WREG
0x0FE9       [1]    FSR0L
0x0FEA       [1]    FSR0H
0x0FEE       [1]    POSTINC0
0x0FF0       [1]    INTCON3
0x0FF2       [1]    INTCON
0x0FF3       [1]    PRODL
0x0FF4       [1]    PRODH
0x0FF5       [1]    TABLAT
0x0FF6       [1]    TBLPTRL
0x0FF7       [1]    TBLPTRH
0x0FF8       [1]    TBLPTRU
//** Label List: ** 
//----------------------------------------------
  L_interrupt0
  L_interrupt1
  L_interrupt2
  L_interrupt3
  L_interrupt4
  L_interrupt5
  L_interrupt6
  L_interrupt7
  L_interrupt8
  L_keypadHandler9
  L_keypadHandler10
  L_keypadHandler11
  L_keypadHandler12
  L_keypadHandler13
  L_keypadHandler14
  L_keypadHandler15
  L_keypadHandler16
  L_keypadHandler17
  L_keypadHandler18
  L_keypadHandler19
  L_keypadHandler20
  L_keypadHandler21
  L_keypadHandler22
  L_keypadHandler23
  L_keypadHandler24
  L_keypadHandler25
  L_keypadHandler26
  L_keyHandler27
  L_keyHandler28
  L_keyHandler29
  L_keyHandler30
  L_keyHandler31
  L_keyHandler32
  L_keyHandler33
  L_keyHandler34
  L_keyHandler35
  L_keyHandler36
  L_keyHandler37
  L_keyHandler38
  L_keyHandler39
  L_keyHandler40
  L_keyHandler41
  L_keyHandler42
  L_keyHandler43
  L_keyHandler44
  L_end_interrupt
  _interrupt
  L__interrupt46
  L_end_loadTimer2
  _loadTimer2
  L_end_main
  _main
  L_end_keypadHandler
  _keypadHandler
  L__keypadHandler50
  L__keypadHandler51
  L__keypadHandler52
  L__keypadHandler53
  L__keypadHandler54
  L__keypadHandler55
  L__keypadHandler56
  L__keypadHandler57
  L__keypadHandler58
  L__keypadHandler59
  L__keypadHandler60
  L__keypadHandler61
  L__keypadHandler62
  L__keypadHandler63
  L__keypadHandler64
  L__keypadHandler65
  L_end_keyHandler
  _keyHandler
  L__keyHandler67
  L__keyHandler68
  L__keyHandler69
  L__keyHandler70
  L__keyHandler71
  L__keyHandler72
  L__keyHandler73
  L__keyHandler74
  L__keyHandler75
  L__keyHandler76
  L__keyHandler77
  L__keyHandler78
  L__keyHandler79
  L__keyHandler80
  L__keyHandler81
  L__keyHandler82
  L_Delay_10us0
  L_Delay_22us1
  L_Delay_50us2
  L_Delay_80us3
  L_Delay_500us4
  L_Delay_5500us5
  L_Delay_1ms6
  L_Delay_5ms7
  L_Delay_8ms8
  L_Delay_100ms9
  L_Delay_10ms10
  L_Delay_1sec11
  L____Boot_Delay4k12
  L____Boot_Delay8k13
  L____Boot_Delay12k14
  L____Boot_Delay16k15
  L____Boot_Delay24k16
  L____Boot_Delay32k17
  L____Boot_Delay48k18
  L____Boot_Delay64k19
  L____Boot_Delay128k20
  L_Delay_Cyc21
  L_Delay_Cyc22
  L_VDelay_ms23
  L_VDelay_ms24
  L_VDelay_ms25
  L_VDelay_Advanced_ms26
  L_VDelay_Advanced_ms27
  L_VDelay_Advanced_ms28
  L_end_Get_Fosc_kHz
  _Get_Fosc_kHz
  L_end_Delay_1us
  _Delay_1us
  L_end_Delay_10us
  _Delay_10us
  L_end_Delay_22us
  _Delay_22us
  L_end_Delay_50us
  _Delay_50us
  L_end_Delay_80us
  _Delay_80us
  L_end_Delay_500us
  _Delay_500us
  L_end_Delay_5500us
  _Delay_5500us
  L_end_Delay_1ms
  _Delay_1ms
  L_end_Delay_5ms
  _Delay_5ms
  L_end_Delay_8ms
  _Delay_8ms
  L_end_Delay_100ms
  _Delay_100ms
  L_end_Delay_10ms
  _Delay_10ms
  L_end_Delay_1sec
  _Delay_1sec
  L_end____Boot_Delay4k
  ____Boot_Delay4k
  L_end____Boot_Delay8k
  ____Boot_Delay8k
  L_end____Boot_Delay12k
  ____Boot_Delay12k
  L_end____Boot_Delay16k
  ____Boot_Delay16k
  L_end____Boot_Delay24k
  ____Boot_Delay24k
  L_end____Boot_Delay32k
  ____Boot_Delay32k
  L_end____Boot_Delay48k
  ____Boot_Delay48k
  L_end____Boot_Delay64k
  ____Boot_Delay64k
  L_end____Boot_Delay128k
  ____Boot_Delay128k
  L_end_Delay_Cyc
  _Delay_Cyc
  L_end_VDelay_ms
  _VDelay_ms
  L__VDelay_ms54
  L__VDelay_ms55
  L__VDelay_ms56
  L_end_VDelay_Advanced_ms
  _VDelay_Advanced_ms
  L__VDelay_Advanced_ms58
  L__VDelay_Advanced_ms59
  L__VDelay_Advanced_ms60
  L_Lcd_Cmd0
  L_Lcd_Cmd1
  L_Lcd_Out_CP2
  L_Lcd_Out_CP3
  L_Lcd_Chr4
  L_Lcd_Chr5
  L_Lcd_Chr6
  L_Lcd_Chr7
  L_Lcd_Chr8
  L_Lcd_Chr9
  L_Lcd_Chr10
  L_Lcd_Out11
  L_Lcd_Out12
  L_Lcd_Out13
  L_Lcd_Out14
  L_Lcd_Out15
  L_Lcd_Out16
  L_Lcd_Out17
  L_Lcd_Out18
  L_Lcd_Out19
  L_end_Lcd_Cmd
  _Lcd_Cmd
  L__Lcd_Cmd21
  L__Lcd_Cmd22
  L__Lcd_Cmd23
  L__Lcd_Cmd24
  L__Lcd_Cmd25
  L__Lcd_Cmd26
  L__Lcd_Cmd27
  L__Lcd_Cmd28
  L__Lcd_Cmd29
  L__Lcd_Cmd30
  L__Lcd_Cmd31
  L__Lcd_Cmd32
  L__Lcd_Cmd33
  L__Lcd_Cmd34
  L__Lcd_Cmd35
  L__Lcd_Cmd36
  L__Lcd_Cmd37
  L__Lcd_Cmd38
  L__Lcd_Cmd39
  L__Lcd_Cmd40
  L_end_Lcd_Chr_CP
  _Lcd_Chr_CP
  L_end_Lcd_Out_CP
  _Lcd_Out_CP
  L_end_Lcd_Chr
  _Lcd_Chr
  L_end_Lcd_Init
  _Lcd_Init
  L_end_Lcd_Out
  _Lcd_Out
  _CC2D_Loop1
  _CC2DL_Loop1
  L_loopCA2AWs
  L_loopCCA2AWs
  L_loopCS2Ss
  L_CS2Send
  L_loopCCS2Ss
  L_CCS2Send
  L_loopFZinSWs
  L_longjmp7
  L_end___CC2D
  ___CC2D
  L_end___CC2DW
  ___CC2DW
  L_end___CA2AW
  ___CA2AW
  L_end___CCA2AW
  ___CCA2AW
  L_end___CS2S
  ___CS2S
  L_end___CCS2S
  ___CCS2S
  L_end___FZinS
  ___FZinS
  L_end_____DoIFC
  _____DoIFC
  L_end_Swap
  _Swap
  L_end_setjmp
  _setjmp
  L_end_longjmp
  _longjmp
  L_interrupt0
  L_interrupt1
  L_interrupt2
  L_interrupt3
  L_interrupt4
  L_interrupt5
  L_interrupt6
  L_interrupt7
  L_interrupt8
  L_keypadHandler9
  L_keypadHandler10
  L_keypadHandler11
  L_keypadHandler12
  L_keypadHandler13
  L_keypadHandler14
  L_keypadHandler15
  L_keypadHandler16
  L_keypadHandler17
  L_keypadHandler18
  L_keypadHandler19
  L_keypadHandler20
  L_keypadHandler21
  L_keypadHandler22
  L_keypadHandler23
  L_keypadHandler24
  L_keypadHandler25
  L_keypadHandler26
  L_keyHandler27
  L_keyHandler28
  L_keyHandler29
  L_keyHandler30
  L_keyHandler31
  L_keyHandler32
  L_keyHandler33
  L_keyHandler34
  L_keyHandler35
  L_keyHandler36
  L_keyHandler37
  L_keyHandler38
  L_keyHandler39
  L_keyHandler40
  L_keyHandler41
  L_keyHandler42
  L_keyHandler43
  L_keyHandler44
  L_end_interrupt
  _interrupt
  L__interrupt46
  L_end_loadTimer2
  _loadTimer2
  L_end_main
  _main
  L_end_keypadHandler
  _keypadHandler
  L__keypadHandler50
  L__keypadHandler51
  L__keypadHandler52
  L__keypadHandler53
  L__keypadHandler54
  L__keypadHandler55
  L__keypadHandler56
  L__keypadHandler57
  L__keypadHandler58
  L__keypadHandler59
  L__keypadHandler60
  L__keypadHandler61
  L__keypadHandler62
  L__keypadHandler63
  L__keypadHandler64
  L__keypadHandler65
  L_end_keyHandler
  _keyHandler
  L__keyHandler67
  L__keyHandler68
  L__keyHandler69
  L__keyHandler70
  L__keyHandler71
  L__keyHandler72
  L__keyHandler73
  L__keyHandler74
  L__keyHandler75
  L__keyHandler76
  L__keyHandler77
  L__keyHandler78
  L__keyHandler79
  L__keyHandler80
  L__keyHandler81
  L__keyHandler82
  L_ByteToStr0
  L_ByteToStr1
  L_ByteToStr2
  L_ByteToStr3
  L_ByteToStr4
  L_ByteToStr5
  L_WordToStr6
  L_WordToStr7
  L_WordToStr8
  L_WordToStr9
  L_WordToStr10
  L_WordToStr11
  L_WordToStrWithZeros12
  L_WordToStrWithZeros13
  L_WordToStrWithZeros14
  L_WordToStrWithZeros15
  L_WordToStrWithZeros16
  L_ShortToStr17
  L_ShortToStr18
  L_ShortToStr19
  L_ShortToStr20
  L_ShortToStr21
  L_ShortToStr22
  L_IntToStr23
  L_IntToStr24
  L_IntToStr25
  L_IntToStr26
  L_IntToStr27
  L_IntToStr28
  L_IntToStrWithZeros29
  L_IntToStrWithZeros30
  L_IntToStrWithZeros31
  L_IntToStrWithZeros32
  L_IntToStrWithZeros33
  L_IntToStrWithZeros34
  L_IntToStrWithZeros35
  L_IntToStrWithZeros36
  L_IntToStrWithZeros37
  L_LongWordToStr38
  L_LongWordToStr39
  L_LongWordToStr40
  L_LongWordToStr41
  L_LongWordToStr42
  L_LongWordToStr43
  L_LongWordToStrWithZeros44
  L_LongWordToStrWithZeros45
  L_LongWordToStrWithZeros46
  L_LongWordToStrWithZeros47
  L_LongWordToStrWithZeros48
  L_LongToStr49
  L_LongToStr50
  L_LongToStr51
  L_LongToStr52
  L_LongToStr53
  L_LongToStr54
  L_LongIntToStrWithZeros55
  L_LongIntToStrWithZeros56
  L_LongIntToStrWithZeros57
  L_LongIntToStrWithZeros58
  L_LongIntToStrWithZeros59
  L_LongIntToStrWithZeros60
  L_LongIntToStrWithZeros61
  L_LongIntToStrWithZeros62
  L_LongIntToStrWithZeros63
  L_Dec2Bcd64
  L_Dec2Bcd65
  L_Rtrim66
  L_Rtrim67
  L_Rtrim68
  L_Rtrim69
  L_Ltrim70
  L_Ltrim71
  L_Ltrim72
  L_Ltrim73
  L_Ltrim74
  L_Ltrim75
  L_FloatToStr76
  L_FloatToStr77
  L_FloatToStr78
  L_FloatToStr79
  L_FloatToStr80
  L_FloatToStr81
  L_FloatToStr82
  L_FloatToStr83
  L_FloatToStr84
  L_FloatToStr85
  L_FloatToStr86
  L_FloatToStr87
  L_FloatToStr88
  L_FloatToStr89
  L_FloatToStr90
  L_FloatToStr91
  L_FloatToStr92
  L_FloatToStr93
  L_FloatToStr94
  L_FloatToStr95
  L_FloatToStr96
  L_FloatToStr97
  L__Rtrim98
  L__Ltrim99
  L__FloatToStr100
  L_end_ByteToHex
  _ByteToHex
  L_end_ShortToHex
  _ShortToHex
  L_end_WordToHex
  _WordToHex
  L_end_IntToHex
  _IntToHex
  L_end_LongWordToHex
  _LongWordToHex
  L_end_LongIntToHex
  _LongIntToHex
  L_end_ByteToStr
  _ByteToStr
  L_end_WordToStr
  _WordToStr
  L__WordToStr109
  L_end_WordToStrWithZeros
  _WordToStrWithZeros
  L__WordToStrWithZeros111
  L_end_ShortToStr
  _ShortToStr
  L__ShortToStr113
  L_end_IntToStr
  _IntToStr
  L__IntToStr115
  L__IntToStr116
  L_end_IntToStrWithZeros
  _IntToStrWithZeros
  L__IntToStrWithZeros118
  L__IntToStrWithZeros119
  L__IntToStrWithZeros120
  L_end_LongWordToStr
  _LongWordToStr
  L__LongWordToStr122
  L__LongWordToStr123
  L_end_LongWordToStrWithZeros
  _LongWordToStrWithZeros
  L__LongWordToStrWithZeros125
  L_end_LongToStr
  _LongToStr
  L__LongToStr127
  L__LongToStr128
  L_end_LongIntToStrWithZeros
  _LongIntToStrWithZeros
  L__LongIntToStrWithZeros130
  L__LongIntToStrWithZeros131
  L__LongIntToStrWithZeros132
  L_end_Dec2Bcd
  _Dec2Bcd
  L_end_Bcd2Dec
  _Bcd2Dec
  L_end_Bcd2Dec16
  _Bcd2Dec16
  L__Bcd2Dec16136
  L__Bcd2Dec16137
  L_end_Dec2Bcd16
  _Dec2Bcd16
  L__Dec2Bcd16139
  L__Dec2Bcd16140
  L_end_Rtrim
  _Rtrim
  L__Rtrim142
  L_end_Ltrim
  _Ltrim
  L_end_FloatToStr
  _FloatToStr
  L__FloatToStr145
  L__FloatToStr146
  L__FloatToStr147
  L__FloatToStr148
  L__FloatToStr149
  L_Delay_10us0
  L_Delay_22us1
  L_Delay_50us2
  L_Delay_80us3
  L_Delay_500us4
  L_Delay_5500us5
  L_Delay_1ms6
  L_Delay_5ms7
  L_Delay_8ms8
  L_Delay_100ms9
  L_Delay_10ms10
  L_Delay_1sec11
  L____Boot_Delay4k12
  L____Boot_Delay8k13
  L____Boot_Delay12k14
  L____Boot_Delay16k15
  L____Boot_Delay24k16
  L____Boot_Delay32k17
  L____Boot_Delay48k18
  L____Boot_Delay64k19
  L____Boot_Delay128k20
  L_Delay_Cyc21
  L_Delay_Cyc22
  L_VDelay_ms23
  L_VDelay_ms24
  L_VDelay_ms25
  L_VDelay_Advanced_ms26
  L_VDelay_Advanced_ms27
  L_VDelay_Advanced_ms28
  L_end_Get_Fosc_kHz
  _Get_Fosc_kHz
  L_end_Delay_1us
  _Delay_1us
  L_end_Delay_10us
  _Delay_10us
  L_end_Delay_22us
  _Delay_22us
  L_end_Delay_50us
  _Delay_50us
  L_end_Delay_80us
  _Delay_80us
  L_end_Delay_500us
  _Delay_500us
  L_end_Delay_5500us
  _Delay_5500us
  L_end_Delay_1ms
  _Delay_1ms
  L_end_Delay_5ms
  _Delay_5ms
  L_end_Delay_8ms
  _Delay_8ms
  L_end_Delay_100ms
  _Delay_100ms
  L_end_Delay_10ms
  _Delay_10ms
  L_end_Delay_1sec
  _Delay_1sec
  L_end____Boot_Delay4k
  ____Boot_Delay4k
  L_end____Boot_Delay8k
  ____Boot_Delay8k
  L_end____Boot_Delay12k
  ____Boot_Delay12k
  L_end____Boot_Delay16k
  ____Boot_Delay16k
  L_end____Boot_Delay24k
  ____Boot_Delay24k
  L_end____Boot_Delay32k
  ____Boot_Delay32k
  L_end____Boot_Delay48k
  ____Boot_Delay48k
  L_end____Boot_Delay64k
  ____Boot_Delay64k
  L_end____Boot_Delay128k
  ____Boot_Delay128k
  L_end_Delay_Cyc
  _Delay_Cyc
  L_end_VDelay_ms
  _VDelay_ms
  L__VDelay_ms54
  L__VDelay_ms55
  L__VDelay_ms56
  L_end_VDelay_Advanced_ms
  _VDelay_Advanced_ms
  L__VDelay_Advanced_ms58
  L__VDelay_Advanced_ms59
  L__VDelay_Advanced_ms60
  L_Lcd_Cmd0
  L_Lcd_Cmd1
  L_Lcd_Out_CP2
  L_Lcd_Out_CP3
  L_Lcd_Chr4
  L_Lcd_Chr5
  L_Lcd_Chr6
  L_Lcd_Chr7
  L_Lcd_Chr8
  L_Lcd_Chr9
  L_Lcd_Chr10
  L_Lcd_Out11
  L_Lcd_Out12
  L_Lcd_Out13
  L_Lcd_Out14
  L_Lcd_Out15
  L_Lcd_Out16
  L_Lcd_Out17
  L_Lcd_Out18
  L_Lcd_Out19
  L_end_Lcd_Cmd
  _Lcd_Cmd
  L__Lcd_Cmd21
  L__Lcd_Cmd22
  L__Lcd_Cmd23
  L__Lcd_Cmd24
  L__Lcd_Cmd25
  L__Lcd_Cmd26
  L__Lcd_Cmd27
  L__Lcd_Cmd28
  L__Lcd_Cmd29
  L__Lcd_Cmd30
  L__Lcd_Cmd31
  L__Lcd_Cmd32
  L__Lcd_Cmd33
  L__Lcd_Cmd34
  L__Lcd_Cmd35
  L__Lcd_Cmd36
  L__Lcd_Cmd37
  L__Lcd_Cmd38
  L__Lcd_Cmd39
  L__Lcd_Cmd40
  L_end_Lcd_Chr_CP
  _Lcd_Chr_CP
  L_end_Lcd_Out_CP
  _Lcd_Out_CP
  L_end_Lcd_Chr
  _Lcd_Chr
  L_end_Lcd_Init
  _Lcd_Init
  L_end_Lcd_Out
  _Lcd_Out
  L_Div_16x16_S0
  L_Div_16x16_S1
  LOOPS3232A
  SADD22LA
  SOK22LA
  SADD22L8
  SOK22L8
  LOOPS3232B
  SADD22LB
  SOK22LB
  SADD22L16
  SOK22L16
  LOOPS3232C
  SADD22LC
  SOK22LC
  SADD22L24
  SOK22L24
  LOOPS3232D
  SADD22LD
  SOK22LD
  SOK22L
  L_Div_32x32_S6
  L_Div_32x32_S7
  L_Div_32x32_S8
  L_Div_32x32_S9
  FXD3232S
  END_ALL
  CA3232S
  C3232SX
  C3232SX1
  C3232S
  C3232S2
  C3232SX4
  C3232SOK
  C3232SX3
  C3232SX2
  avoid_comfrem
  LOOPU3232A
  UADD22LA
  UOK22LA
  UADD22L8
  UOK22L8
  LOOPU3232B
  UADD22LB
  UOK22LB
  UADD22L16
  UOK22L16
  LOOPU3232C
  UADD22LC
  UOK22LC
  UADD22L24
  UOK22L24
  LOOPU3232D
  UADD22LD
  UOK22LD
  UOK22L
  _NEXT
  _EXIT2
  _LOOP
  _EXIT1
  _IF_FIRST
  _IF_SECOND
  _INVERCE_FIRST
  _MULT
  _INBERSE_SECOND
  _EXIT
  L_end_Div_8X8_U
  _Div_8X8_U
  L_end_Div_16X16_U
  _Div_16X16_U
  L_end_Div_16x16_S_L
  _Div_16x16_S_L
  L_end_Div_16x16_S
  _Div_16x16_S
  L_end_Div_8X8_S
  _Div_8X8_S
  L_end_Mul_8X8_S
  _Mul_8X8_S
  L_end_Mul_16X16_U
  _Mul_16X16_U
  L_end_Mul_16X16_S
  _Mul_16X16_S
  L_end_SDIV3232L
  _SDIV3232L
  L_end_COMFREM
  _COMFREM
  L_end_Div_32x32_S
  _Div_32x32_S
  L_end_Div_32x32_U
  _Div_32x32_U
  L_end_Mul_32x32_U
  _Mul_32x32_U
  L_end_Mul_32x32_S
  _Mul_32x32_S
