;  LST file generated by mikroListExporter - v.2.0 
; Date/Time: 12/05/2017 11:05:25
;----------------------------------------------

;Address Opcode 	ASM
0x0000	0xF004EFE4  	GOTO        2504
_interrupt:
;lab5.c,26 :: 		void interrupt()
0x0008	0xF01DC000  	MOVFF       R0, 29
0x000C	0xF01CC001  	MOVFF       R1, 28
0x0010	0xF01BC002  	MOVFF       R2, 27
0x0014	0xF01AC003  	MOVFF       R3, 26
0x0018	0xF019C008  	MOVFF       R8, 25
0x001C	0xF018C00A  	MOVFF       R10, 24
0x0020	0xF017C00B  	MOVFF       R11, 23
0x0024	0xF016C00C  	MOVFF       R12, 22
0x0028	0xF015C00E  	MOVFF       R14, 21
;lab5.c,28 :: 		if (INTCON.TMR0IF)
0x002C	0xA4F2      	BTFSS       INTCON, 2 
0x002E	0xD014      	BRA         L_interrupt0
;lab5.c,30 :: 		freq = pulse_count/1.0;
0x0030	0xF000C022  	MOVFF       _pulse_count, R0
0x0034	0xF001C023  	MOVFF       _pulse_count+1, R1
0x0038	0xDA0F      	RCALL       _int2double
0x003A	0xF02AC000  	MOVFF       R0, _freq
0x003E	0xF02BC001  	MOVFF       R1, _freq+1
0x0042	0xF02CC002  	MOVFF       R2, _freq+2
0x0046	0xF02DC003  	MOVFF       R3, _freq+3
;lab5.c,32 :: 		TMR0H = COUNTER >> 8;  // Load Timer 0 counter - 1st TMR0H
0x004A	0x0EE1      	MOVLW       225
0x004C	0x6ED7      	MOVWF       TMR0H 
;lab5.c,33 :: 		TMR0L = COUNTER;       // Load Timer 0 counter - 2nd TMR0L
0x004E	0x0E79      	MOVLW       121
0x0050	0x6ED6      	MOVWF       TMR0L 
;lab5.c,34 :: 		pulse_count = 0;
0x0052	0x6A22      	CLRF        _pulse_count 
0x0054	0x6A23      	CLRF        _pulse_count+1 
;lab5.c,35 :: 		intcon.tmr0if = 0;
0x0056	0x94F2      	BCF         INTCON, 2 
;lab5.c,36 :: 		}
L_interrupt0:
;lab5.c,39 :: 		if(intcon.int0if)
0x0058	0xA2F2      	BTFSS       INTCON, 1 
0x005A	0xD00B      	BRA         L_interrupt1
;lab5.c,41 :: 		++pulse_count;
0x005C	0x0E01      	MOVLW       1
0x005E	0x2422      	ADDWF       _pulse_count, 0 
0x0060	0x6E00      	MOVWF       R0 
0x0062	0x0E00      	MOVLW       0
0x0064	0x2023      	ADDWFC      _pulse_count+1, 0 
0x0066	0x6E01      	MOVWF       R1 
0x0068	0xF022C000  	MOVFF       R0, _pulse_count
0x006C	0xF023C001  	MOVFF       R1, _pulse_count+1
;lab5.c,42 :: 		intcon.int0if=0;
0x0070	0x92F2      	BCF         INTCON, 1 
;lab5.c,43 :: 		}
L_interrupt1:
;lab5.c,45 :: 		}
L_end_interrupt:
L__interrupt6:
0x0072	0xF000C01D  	MOVFF       29, R0
0x0076	0xF001C01C  	MOVFF       28, R1
0x007A	0xF002C01B  	MOVFF       27, R2
0x007E	0xF003C01A  	MOVFF       26, R3
0x0082	0xF008C019  	MOVFF       25, R8
0x0086	0xF00AC018  	MOVFF       24, R10
0x008A	0xF00BC017  	MOVFF       23, R11
0x008E	0xF00CC016  	MOVFF       22, R12
0x0092	0xF00EC015  	MOVFF       21, R14
0x0096	0x0011      	RETFIE      1
; end of _interrupt
_Delay_5500us:
;__Lib_Delays.c,31 :: 		void Delay_5500us() {
;__Lib_Delays.c,32 :: 		Delay_us(5500);
0x0098	0x0E0F      	MOVLW       15
0x009A	0x6E0C      	MOVWF       R12, 0
0x009C	0x0E47      	MOVLW       71
0x009E	0x6E0D      	MOVWF       R13, 0
L_Delay_5500us5:
0x00A0	0x2E0D      	DECFSZ      R13, 1, 0
0x00A2	0xD7FE      	BRA         L_Delay_5500us5
0x00A4	0x2E0C      	DECFSZ      R12, 1, 0
0x00A6	0xD7FC      	BRA         L_Delay_5500us5
0x00A8	0x0000      	NOP
0x00AA	0x0000      	NOP
;__Lib_Delays.c,33 :: 		}
L_end_Delay_5500us:
0x00AC	0x0012      	RETURN      0
; end of _Delay_5500us
_Delay_1us:
;__Lib_Delays.c,7 :: 		void Delay_1us() {
;__Lib_Delays.c,8 :: 		Delay_us(1);
0x00AE	0x0000      	NOP
0x00B0	0x0000      	NOP
;__Lib_Delays.c,9 :: 		}
L_end_Delay_1us:
0x00B2	0x0012      	RETURN      0
; end of _Delay_1us
_Delay_50us:
;__Lib_Delays.c,19 :: 		void Delay_50us() {
;__Lib_Delays.c,20 :: 		Delay_us(50);
0x00B4	0x0E21      	MOVLW       33
0x00B6	0x6E0D      	MOVWF       R13, 0
L_Delay_50us2:
0x00B8	0x2E0D      	DECFSZ      R13, 1, 0
0x00BA	0xD7FE      	BRA         L_Delay_50us2
;__Lib_Delays.c,21 :: 		}
L_end_Delay_50us:
0x00BC	0x0012      	RETURN      0
; end of _Delay_50us
_Lcd_Cmd:
;__Lib_Lcd.c,18 :: 		
;__Lib_Lcd.c,20 :: 		
0x00BE	0xBE55      	BTFSC       FARG_Lcd_Cmd_out_char, 7 
0x00C0	0xD002      	BRA         L__Lcd_Cmd21
0x00C2	0x9E83      	BCF         LCD_D7, BitPos(LCD_D7+0) 
0x00C4	0xD001      	BRA         L__Lcd_Cmd22
L__Lcd_Cmd21:
0x00C6	0x8E83      	BSF         LCD_D7, BitPos(LCD_D7+0) 
L__Lcd_Cmd22:
;__Lib_Lcd.c,21 :: 		
0x00C8	0xBC55      	BTFSC       FARG_Lcd_Cmd_out_char, 6 
0x00CA	0xD002      	BRA         L__Lcd_Cmd23
0x00CC	0x9C83      	BCF         LCD_D6, BitPos(LCD_D6+0) 
0x00CE	0xD001      	BRA         L__Lcd_Cmd24
L__Lcd_Cmd23:
0x00D0	0x8C83      	BSF         LCD_D6, BitPos(LCD_D6+0) 
L__Lcd_Cmd24:
;__Lib_Lcd.c,22 :: 		
0x00D2	0xBA55      	BTFSC       FARG_Lcd_Cmd_out_char, 5 
0x00D4	0xD002      	BRA         L__Lcd_Cmd25
0x00D6	0x9A83      	BCF         LCD_D5, BitPos(LCD_D5+0) 
0x00D8	0xD001      	BRA         L__Lcd_Cmd26
L__Lcd_Cmd25:
0x00DA	0x8A83      	BSF         LCD_D5, BitPos(LCD_D5+0) 
L__Lcd_Cmd26:
;__Lib_Lcd.c,23 :: 		
0x00DC	0xB855      	BTFSC       FARG_Lcd_Cmd_out_char, 4 
0x00DE	0xD002      	BRA         L__Lcd_Cmd27
0x00E0	0x9883      	BCF         LCD_D4, BitPos(LCD_D4+0) 
0x00E2	0xD001      	BRA         L__Lcd_Cmd28
L__Lcd_Cmd27:
0x00E4	0x8883      	BSF         LCD_D4, BitPos(LCD_D4+0) 
L__Lcd_Cmd28:
;__Lib_Lcd.c,25 :: 		
0x00E6	0xB02E      	BTFSC       __Lib_Lcd_cmd_status, BitPos(__Lib_Lcd_cmd_status+0) 
0x00E8	0xD002      	BRA         L__Lcd_Cmd29
0x00EA	0x8284      	BSF         LCD_RS, BitPos(LCD_RS+0) 
0x00EC	0xD001      	BRA         L__Lcd_Cmd30
L__Lcd_Cmd29:
0x00EE	0x9284      	BCF         LCD_RS, BitPos(LCD_RS+0) 
L__Lcd_Cmd30:
;__Lib_Lcd.c,28 :: 		
0x00F0	0x8484      	BSF         LCD_EN, BitPos(LCD_EN+0) 
;__Lib_Lcd.c,29 :: 		
0x00F2	0xDFDD      	RCALL       _Delay_1us
;__Lib_Lcd.c,30 :: 		
0x00F4	0x9484      	BCF         LCD_EN, BitPos(LCD_EN+0) 
;__Lib_Lcd.c,33 :: 		
0x00F6	0xB655      	BTFSC       FARG_Lcd_Cmd_out_char, 3 
0x00F8	0xD002      	BRA         L__Lcd_Cmd31
0x00FA	0x9E83      	BCF         LCD_D7, BitPos(LCD_D7+0) 
0x00FC	0xD001      	BRA         L__Lcd_Cmd32
L__Lcd_Cmd31:
0x00FE	0x8E83      	BSF         LCD_D7, BitPos(LCD_D7+0) 
L__Lcd_Cmd32:
;__Lib_Lcd.c,34 :: 		
0x0100	0xB455      	BTFSC       FARG_Lcd_Cmd_out_char, 2 
0x0102	0xD002      	BRA         L__Lcd_Cmd33
0x0104	0x9C83      	BCF         LCD_D6, BitPos(LCD_D6+0) 
0x0106	0xD001      	BRA         L__Lcd_Cmd34
L__Lcd_Cmd33:
0x0108	0x8C83      	BSF         LCD_D6, BitPos(LCD_D6+0) 
L__Lcd_Cmd34:
;__Lib_Lcd.c,35 :: 		
0x010A	0xB255      	BTFSC       FARG_Lcd_Cmd_out_char, 1 
0x010C	0xD002      	BRA         L__Lcd_Cmd35
0x010E	0x9A83      	BCF         LCD_D5, BitPos(LCD_D5+0) 
0x0110	0xD001      	BRA         L__Lcd_Cmd36
L__Lcd_Cmd35:
0x0112	0x8A83      	BSF         LCD_D5, BitPos(LCD_D5+0) 
L__Lcd_Cmd36:
;__Lib_Lcd.c,36 :: 		
0x0114	0xB055      	BTFSC       FARG_Lcd_Cmd_out_char, 0 
0x0116	0xD002      	BRA         L__Lcd_Cmd37
0x0118	0x9883      	BCF         LCD_D4, BitPos(LCD_D4+0) 
0x011A	0xD001      	BRA         L__Lcd_Cmd38
L__Lcd_Cmd37:
0x011C	0x8883      	BSF         LCD_D4, BitPos(LCD_D4+0) 
L__Lcd_Cmd38:
;__Lib_Lcd.c,38 :: 		
0x011E	0xB02E      	BTFSC       __Lib_Lcd_cmd_status, BitPos(__Lib_Lcd_cmd_status+0) 
0x0120	0xD002      	BRA         L__Lcd_Cmd39
0x0122	0x8284      	BSF         LCD_RS, BitPos(LCD_RS+0) 
0x0124	0xD001      	BRA         L__Lcd_Cmd40
L__Lcd_Cmd39:
0x0126	0x9284      	BCF         LCD_RS, BitPos(LCD_RS+0) 
L__Lcd_Cmd40:
;__Lib_Lcd.c,40 :: 		
0x0128	0x8484      	BSF         LCD_EN, BitPos(LCD_EN+0) 
;__Lib_Lcd.c,41 :: 		
0x012A	0xDFC1      	RCALL       _Delay_1us
;__Lib_Lcd.c,42 :: 		
0x012C	0x9484      	BCF         LCD_EN, BitPos(LCD_EN+0) 
;__Lib_Lcd.c,44 :: 		
0x012E	0xA02E      	BTFSS       __Lib_Lcd_cmd_status, BitPos(__Lib_Lcd_cmd_status+0) 
0x0130	0xD002      	BRA         L_Lcd_Cmd0
;__Lib_Lcd.c,45 :: 		
0x0132	0xDFB2      	RCALL       _Delay_5500us
0x0134	0xD001      	BRA         L_Lcd_Cmd1
L_Lcd_Cmd0:
;__Lib_Lcd.c,47 :: 		
0x0136	0xDFBE      	RCALL       _Delay_50us
L_Lcd_Cmd1:
;__Lib_Lcd.c,48 :: 		
L_end_Lcd_Cmd:
0x0138	0x0012      	RETURN      0
; end of _Lcd_Cmd
_SETFUN32:
;__Lib_MathDouble.c,144 :: 		
;__Lib_MathDouble.c,152 :: 		
0x013A	0x840B      	BSF         R11, 2, 0
;__Lib_MathDouble.c,153 :: 		
0x013C	0xAE0B      	BTFSS       R11, 7, 0
;__Lib_MathDouble.c,154 :: 		
0x013E	0xF000EFA8  	GOTO        SETFUN32EEE
;__Lib_MathDouble.c,156 :: 		
0x0142	0x0E01      	MOVLW       1
;__Lib_MathDouble.c,157 :: 		
0x0144	0x6E03      	MOVWF       R3, 0
;__Lib_MathDouble.c,158 :: 		
0x0146	0x6A02      	CLRF        R2, 0
;__Lib_MathDouble.c,159 :: 		
0x0148	0x6A01      	CLRF        R1, 0
;__Lib_MathDouble.c,160 :: 		
0x014A	0x6A00      	CLRF        R0, 0
;__Lib_MathDouble.c,161 :: 		
0x014C	0x360A      	RLCF        R10, 1, 0
;__Lib_MathDouble.c,162 :: 		
0x014E	0x3202      	RRCF        R2, 1, 0
;__Lib_MathDouble.c,163 :: 		
SETFUN32EEE:
;__Lib_MathDouble.c,164 :: 		
0x0150	0x0EFF      	MOVLW       255
;__Lib_MathDouble.c,166 :: 		
L_end_SETFUN32:
0x0152	0x0012      	RETURN      0
; end of _SETFUN32
_SETFOV32:
;__Lib_MathDouble.c,82 :: 		
;__Lib_MathDouble.c,90 :: 		
0x0154	0x820B      	BSF         R11, 1, 0
;__Lib_MathDouble.c,91 :: 		
0x0156	0xAE0B      	BTFSS       R11, 7, 0
;__Lib_MathDouble.c,92 :: 		
0x0158	0xF000EFB4  	GOTO        SETFOV32EEE
;__Lib_MathDouble.c,94 :: 		
0x015C	0x6803      	SETF        R3, 0
;__Lib_MathDouble.c,95 :: 		
0x015E	0x6802      	SETF        R2, 0
;__Lib_MathDouble.c,96 :: 		
0x0160	0x6801      	SETF        R1, 0
;__Lib_MathDouble.c,97 :: 		
0x0162	0x6800      	SETF        R0, 0
;__Lib_MathDouble.c,98 :: 		
0x0164	0x360A      	RLCF        R10, 1, 0
;__Lib_MathDouble.c,99 :: 		
0x0166	0x3202      	RRCF        R2, 1, 0
;__Lib_MathDouble.c,100 :: 		
SETFOV32EEE:
;__Lib_MathDouble.c,101 :: 		
0x0168	0x0EFF      	MOVLW       255
;__Lib_MathDouble.c,103 :: 		
L_end_SETFOV32:
0x016A	0x0012      	RETURN      0
; end of _SETFOV32
_FIXSIGN32:
;__Lib_MathDouble.c,117 :: 		
;__Lib_MathDouble.c,121 :: 		
0x016C	0xAE0A      	BTFSS       R10, 7, 0
;__Lib_MathDouble.c,122 :: 		
0x016E	0x9E02      	BCF         R2, 7, 0
;__Lib_MathDouble.c,123 :: 		
0x0170	0x0E00      	MOVLW       0
;__Lib_MathDouble.c,125 :: 		
L_end_FIXSIGN32:
0x0172	0x0012      	RETURN      0
; end of _FIXSIGN32
_RES032:
;__Lib_MathDouble.c,128 :: 		
;__Lib_MathDouble.c,134 :: 		
0x0174	0x6A02      	CLRF        R2, 0
;__Lib_MathDouble.c,135 :: 		
0x0176	0x6A01      	CLRF        R1, 0
;__Lib_MathDouble.c,136 :: 		
0x0178	0x6A00      	CLRF        R0, 0
;__Lib_MathDouble.c,137 :: 		
0x017A	0x6A08      	CLRF        R8, 0
;__Lib_MathDouble.c,138 :: 		
0x017C	0x6A03      	CLRF        R3, 0
;__Lib_MathDouble.c,139 :: 		
0x017E	0x0E00      	MOVLW       0
;__Lib_MathDouble.c,141 :: 		
L_end_RES032:
0x0180	0x0012      	RETURN      0
; end of _RES032
_NRM3232:
;__Lib_MathDouble.c,455 :: 		
;__Lib_MathDouble.c,463 :: 		
0x0182	0x6A0C      	CLRF        R12, 0
;__Lib_MathDouble.c,464 :: 		
0x0184	0x6A0E      	CLRF        R14, 0
;__Lib_MathDouble.c,465 :: 		
0x0186	0x5002      	MOVF        R2, 0, 0
;__Lib_MathDouble.c,466 :: 		
0x0188	0xA4D8      	BTFSS       STATUS, 2, 0
;__Lib_MathDouble.c,467 :: 		
0x018A	0xF000EFDA  	GOTO        NORM3232
;__Lib_MathDouble.c,468 :: 		
0x018E	0xF002C001  	MOVFF       R1, R2
;__Lib_MathDouble.c,469 :: 		
0x0192	0xF001C000  	MOVFF       R0, R1
;__Lib_MathDouble.c,470 :: 		
0x0196	0x6A00      	CLRF        R0, 0
;__Lib_MathDouble.c,471 :: 		
0x0198	0x860E      	BSF         R14, 3, 0
;__Lib_MathDouble.c,473 :: 		
0x019A	0x5002      	MOVF        R2, 0, 0
;__Lib_MathDouble.c,474 :: 		
0x019C	0xA4D8      	BTFSS       STATUS, 2, 0
;__Lib_MathDouble.c,475 :: 		
0x019E	0xF000EFDA  	GOTO        NORM3232
;__Lib_MathDouble.c,476 :: 		
0x01A2	0xF002C001  	MOVFF       R1, R2
;__Lib_MathDouble.c,477 :: 		
0x01A6	0x6A01      	CLRF        R1, 0
;__Lib_MathDouble.c,478 :: 		
0x01A8	0x960E      	BCF         R14, 3, 0
;__Lib_MathDouble.c,479 :: 		
0x01AA	0x880E      	BSF         R14, 4, 0
;__Lib_MathDouble.c,481 :: 		
0x01AC	0x5002      	MOVF        R2, 0, 0
;__Lib_MathDouble.c,482 :: 		
0x01AE	0xB4D8      	BTFSC       STATUS, 2, 0
;__Lib_MathDouble.c,483 :: 		
0x01B0	0xF000EFEC  	GOTO        JPNRES032
;__Lib_MathDouble.c,484 :: 		
NORM3232:
;__Lib_MathDouble.c,485 :: 		
0x01B4	0x500E      	MOVF        R14, 0, 0
;__Lib_MathDouble.c,486 :: 		
0x01B6	0x5E03      	SUBWF       R3, 1, 0
;__Lib_MathDouble.c,487 :: 		
0x01B8	0xA4D8      	BTFSS       STATUS, 2, 0
;__Lib_MathDouble.c,488 :: 		
0x01BA	0xA0D8      	BTFSS       STATUS, 0, 0
;__Lib_MathDouble.c,489 :: 		
0x01BC	0xF000EFF1  	GOTO        JPNSETFUN32
;__Lib_MathDouble.c,490 :: 		
0x01C0	0x90D8      	BCF         STATUS, 0, 0
;__Lib_MathDouble.c,491 :: 		
NORM3232A:
;__Lib_MathDouble.c,492 :: 		
0x01C2	0xBE02      	BTFSC       R2, 7, 0
;__Lib_MathDouble.c,493 :: 		
0x01C4	0xF000EFF6  	GOTO        JMPNFIXSIGN32
;__Lib_MathDouble.c,494 :: 		
0x01C8	0x3600      	RLCF        R0, 1, 0
;__Lib_MathDouble.c,495 :: 		
0x01CA	0x3601      	RLCF        R1, 1, 0
;__Lib_MathDouble.c,496 :: 		
0x01CC	0x3602      	RLCF        R2, 1, 0
;__Lib_MathDouble.c,497 :: 		
0x01CE	0x2E03      	DECFSZ      R3, 1, 0
;__Lib_MathDouble.c,498 :: 		
0x01D0	0xF000EFE1  	GOTO        NORM3232A
;__Lib_MathDouble.c,499 :: 		
0x01D4	0xF000EFF1  	GOTO        JPNSETFUN32
;__Lib_MathDouble.c,500 :: 		
JPNRES032:
;__Lib_MathDouble.c,501 :: 		
0x01D8	0x0E01      	MOVLW       1
;__Lib_MathDouble.c,502 :: 		
0x01DA	0x6E0C      	MOVWF       R12, 0
;__Lib_MathDouble.c,504 :: 		
0x01DC	0xDFCB      	RCALL       _RES032
;__Lib_MathDouble.c,506 :: 		
0x01DE	0xF000EFF9  	GOTO        NORM32EEE
;__Lib_MathDouble.c,507 :: 		
JPNSETFUN32:
;__Lib_MathDouble.c,508 :: 		
0x01E2	0x0E02      	MOVLW       2
;__Lib_MathDouble.c,509 :: 		
0x01E4	0x6E0C      	MOVWF       R12, 0
;__Lib_MathDouble.c,511 :: 		
0x01E6	0xDFA9      	RCALL       _SETFUN32
;__Lib_MathDouble.c,513 :: 		
0x01E8	0xF000EFF9  	GOTO        NORM32EEE
;__Lib_MathDouble.c,514 :: 		
JMPNFIXSIGN32:
;__Lib_MathDouble.c,515 :: 		
0x01EC	0x0E04      	MOVLW       4
;__Lib_MathDouble.c,516 :: 		
0x01EE	0x6E0C      	MOVWF       R12, 0
;__Lib_MathDouble.c,518 :: 		
0x01F0	0xDFBD      	RCALL       _FIXSIGN32
;__Lib_MathDouble.c,520 :: 		
NORM32EEE:
;__Lib_MathDouble.c,527 :: 		
L_end_NRM3232:
0x01F2	0x0012      	RETURN      0
; end of _NRM3232
_Div_8X8_U:
;__Lib_Math.c,77 :: 		
;__Lib_Math.c,84 :: 		
0x01F4	0x6A08      	CLRF        R8, 0
;__Lib_Math.c,85 :: 		
0x01F6	0x0E08      	MOVLW       8
;__Lib_Math.c,86 :: 		
0x01F8	0x6E0C      	MOVWF       R12, 0
;__Lib_Math.c,87 :: 		
0x01FA	0x3400      	RLCF        R0, 0, 0
;__Lib_Math.c,88 :: 		
0x01FC	0x3608      	RLCF        R8, 1, 0
;__Lib_Math.c,89 :: 		
0x01FE	0x5004      	MOVF        R4, 0, 0
;__Lib_Math.c,90 :: 		
0x0200	0x5E08      	SUBWF       R8, 1, 0
;__Lib_Math.c,91 :: 		
0x0202	0xB0D8      	BTFSC       STATUS, 0, 0
;__Lib_Math.c,92 :: 		
0x0204	0xD002      	BRA         $+6
;__Lib_Math.c,93 :: 		
0x0206	0x2608      	ADDWF       R8, 1, 0
;__Lib_Math.c,94 :: 		
0x0208	0x90D8      	BCF         STATUS, 0, 0
;__Lib_Math.c,95 :: 		
0x020A	0x3600      	RLCF        R0, 1, 0
;__Lib_Math.c,96 :: 		
0x020C	0x2E0C      	DECFSZ      R12, 1, 0
;__Lib_Math.c,97 :: 		
0x020E	0xD7F5      	BRA         $-20
;__Lib_Math.c,99 :: 		
L_end_Div_8X8_U:
0x0210	0x0012      	RETURN      0
; end of _Div_8X8_U
_Mul_32x32_FP:
;__Lib_MathDouble.c,1130 :: 		
;__Lib_MathDouble.c,1148 :: 		
0x0212	0x6A08      	CLRF        R8, 0
;__Lib_MathDouble.c,1149 :: 		
0x0214	0x6A09      	CLRF        R9, 0
;__Lib_MathDouble.c,1151 :: 		
0x0216	0x0E00      	MOVLW       0
;__Lib_MathDouble.c,1152 :: 		
0x0218	0x6207      	CPFSEQ      R7, 0
;__Lib_MathDouble.c,1153 :: 		
0x021A	0x6403      	CPFSGT      R3, 0
;__Lib_MathDouble.c,1154 :: 		
0x021C	0xF001EF8E  	GOTO        MULJPRES032
;__Lib_MathDouble.c,1157 :: 		
0x0220	0x5002      	MOVF        R2, 0, 0
;__Lib_MathDouble.c,1158 :: 		
0x0222	0x1806      	XORWF       R6, 0, 0
;__Lib_MathDouble.c,1159 :: 		
0x0224	0x6E0A      	MOVWF       R10, 0
;__Lib_MathDouble.c,1161 :: 		
0x0226	0x5007      	MOVF        R7, 0, 0
;__Lib_MathDouble.c,1162 :: 		
0x0228	0x2603      	ADDWF       R3, 1, 0
;__Lib_MathDouble.c,1163 :: 		
0x022A	0x0E7E      	MOVLW       126
;__Lib_MathDouble.c,1164 :: 		
0x022C	0xA0D8      	BTFSS       STATUS, 0, 0
;__Lib_MathDouble.c,1165 :: 		
0x022E	0xF001EF1F  	GOTO        MTUN32
;__Lib_MathDouble.c,1167 :: 		
0x0232	0x5E03      	SUBWF       R3, 1, 0
;__Lib_MathDouble.c,1168 :: 		
0x0234	0xB0D8      	BTFSC       STATUS, 0, 0
;__Lib_MathDouble.c,1169 :: 		
0x0236	0xF001EF92  	GOTO        MULJPSETFOV32
;__Lib_MathDouble.c,1170 :: 		
0x023A	0xF001EF23  	GOTO        MOK32
;__Lib_MathDouble.c,1172 :: 		
MTUN32:
;__Lib_MathDouble.c,1173 :: 		
0x023E	0x5E03      	SUBWF       R3, 1, 0
;__Lib_MathDouble.c,1174 :: 		
0x0240	0xA0D8      	BTFSS       STATUS, 0, 0
;__Lib_MathDouble.c,1175 :: 		
0x0242	0xF001EF96  	GOTO        MULJPSETFUN32
;__Lib_MathDouble.c,1177 :: 		
MOK32:
;__Lib_MathDouble.c,1178 :: 		
0x0246	0x8E02      	BSF         R2, 7, 0
;__Lib_MathDouble.c,1179 :: 		
0x0248	0x8E06      	BSF         R6, 7, 0
;__Lib_MathDouble.c,1181 :: 		
0x024A	0xF00EC002  	MOVFF       R2, R14
;__Lib_MathDouble.c,1182 :: 		
0x024E	0xF00BC001  	MOVFF       R1, R11
;__Lib_MathDouble.c,1183 :: 		
0x0252	0xF00DC000  	MOVFF       R0, R13
;__Lib_MathDouble.c,1185 :: 		
0x0256	0x5000      	MOVF        R0, 0, 0
;__Lib_MathDouble.c,1186 :: 		
0x0258	0x0204      	MULWF       R4, 0
;__Lib_MathDouble.c,1187 :: 		
0x025A	0xF00CCFF4  	MOVFF       PRODH, R12
;__Lib_MathDouble.c,1189 :: 		
0x025E	0x5001      	MOVF        R1, 0, 0
;__Lib_MathDouble.c,1190 :: 		
0x0260	0x0205      	MULWF       R5, 0
;__Lib_MathDouble.c,1191 :: 		
0x0262	0xF000CFF4  	MOVFF       PRODH, R0
;__Lib_MathDouble.c,1192 :: 		
0x0266	0xF008CFF3  	MOVFF       PRODL, R8
;__Lib_MathDouble.c,1194 :: 		
0x026A	0x0204      	MULWF       R4, 0
;__Lib_MathDouble.c,1195 :: 		
0x026C	0x50F3      	MOVF        PRODL, 0, 0
;__Lib_MathDouble.c,1196 :: 		
0x026E	0x260C      	ADDWF       R12, 1, 0
;__Lib_MathDouble.c,1197 :: 		
0x0270	0x50F4      	MOVF        PRODH, 0, 0
;__Lib_MathDouble.c,1198 :: 		
0x0272	0x2208      	ADDWFC      R8, 1, 0
;__Lib_MathDouble.c,1199 :: 		
0x0274	0x0E00      	MOVLW       0
;__Lib_MathDouble.c,1200 :: 		
0x0276	0x2200      	ADDWFC      R0, 1, 0
;__Lib_MathDouble.c,1202 :: 		
0x0278	0x500D      	MOVF        R13, 0, 0
;__Lib_MathDouble.c,1203 :: 		
0x027A	0x0205      	MULWF       R5, 0
;__Lib_MathDouble.c,1204 :: 		
0x027C	0x50F3      	MOVF        PRODL, 0, 0
;__Lib_MathDouble.c,1205 :: 		
0x027E	0x260C      	ADDWF       R12, 1, 0
;__Lib_MathDouble.c,1206 :: 		
0x0280	0x50F4      	MOVF        PRODH, 0, 0
;__Lib_MathDouble.c,1207 :: 		
0x0282	0x2208      	ADDWFC      R8, 1, 0
;__Lib_MathDouble.c,1208 :: 		
0x0284	0x0E00      	MOVLW       0
;__Lib_MathDouble.c,1209 :: 		
0x0286	0x2200      	ADDWFC      R0, 1, 0
;__Lib_MathDouble.c,1211 :: 		
0x0288	0x5002      	MOVF        R2, 0, 0
;__Lib_MathDouble.c,1212 :: 		
0x028A	0x0204      	MULWF       R4, 0
;__Lib_MathDouble.c,1213 :: 		
0x028C	0x50F3      	MOVF        PRODL, 0, 0
;__Lib_MathDouble.c,1214 :: 		
0x028E	0x2608      	ADDWF       R8, 1, 0
;__Lib_MathDouble.c,1215 :: 		
0x0290	0x50F4      	MOVF        PRODH, 0, 0
;__Lib_MathDouble.c,1216 :: 		
0x0292	0x2200      	ADDWFC      R0, 1, 0
;__Lib_MathDouble.c,1217 :: 		
0x0294	0x5002      	MOVF        R2, 0, 0
;__Lib_MathDouble.c,1218 :: 		
0x0296	0x0205      	MULWF       R5, 0
;__Lib_MathDouble.c,1219 :: 		
0x0298	0x6A01      	CLRF        R1, 0
;__Lib_MathDouble.c,1220 :: 		
0x029A	0x0E00      	MOVLW       0
;__Lib_MathDouble.c,1221 :: 		
0x029C	0x2201      	ADDWFC      R1, 1, 0
;__Lib_MathDouble.c,1222 :: 		
0x029E	0x50F3      	MOVF        PRODL, 0, 0
;__Lib_MathDouble.c,1223 :: 		
0x02A0	0x2600      	ADDWF       R0, 1, 0
;__Lib_MathDouble.c,1224 :: 		
0x02A2	0x50F4      	MOVF        PRODH, 0, 0
;__Lib_MathDouble.c,1225 :: 		
0x02A4	0x2201      	ADDWFC      R1, 1, 0
;__Lib_MathDouble.c,1227 :: 		
0x02A6	0x500D      	MOVF        R13, 0, 0
;__Lib_MathDouble.c,1228 :: 		
0x02A8	0x0206      	MULWF       R6, 0
;__Lib_MathDouble.c,1229 :: 		
0x02AA	0x50F3      	MOVF        PRODL, 0, 0
;__Lib_MathDouble.c,1230 :: 		
0x02AC	0x2608      	ADDWF       R8, 1, 0
;__Lib_MathDouble.c,1231 :: 		
0x02AE	0x50F4      	MOVF        PRODH, 0, 0
;__Lib_MathDouble.c,1232 :: 		
0x02B0	0x2200      	ADDWFC      R0, 1, 0
;__Lib_MathDouble.c,1233 :: 		
0x02B2	0x6A02      	CLRF        R2, 0
;__Lib_MathDouble.c,1234 :: 		
0x02B4	0x0E00      	MOVLW       0
;__Lib_MathDouble.c,1235 :: 		
0x02B6	0x2201      	ADDWFC      R1, 1, 0
;__Lib_MathDouble.c,1236 :: 		
0x02B8	0x2202      	ADDWFC      R2, 1, 0
;__Lib_MathDouble.c,1238 :: 		
0x02BA	0x500B      	MOVF        R11, 0, 0
;__Lib_MathDouble.c,1239 :: 		
0x02BC	0x0206      	MULWF       R6, 0
;__Lib_MathDouble.c,1240 :: 		
0x02BE	0x50F3      	MOVF        PRODL, 0, 0
;__Lib_MathDouble.c,1241 :: 		
0x02C0	0x2600      	ADDWF       R0, 1, 0
;__Lib_MathDouble.c,1242 :: 		
0x02C2	0x50F4      	MOVF        PRODH, 0, 0
;__Lib_MathDouble.c,1243 :: 		
0x02C4	0x2201      	ADDWFC      R1, 1, 0
;__Lib_MathDouble.c,1244 :: 		
0x02C6	0x0E00      	MOVLW       0
;__Lib_MathDouble.c,1245 :: 		
0x02C8	0x2202      	ADDWFC      R2, 1, 0
;__Lib_MathDouble.c,1247 :: 		
0x02CA	0x500E      	MOVF        R14, 0, 0
;__Lib_MathDouble.c,1248 :: 		
0x02CC	0x0206      	MULWF       R6, 0
;__Lib_MathDouble.c,1249 :: 		
0x02CE	0x50F3      	MOVF        PRODL, 0, 0
;__Lib_MathDouble.c,1250 :: 		
0x02D0	0x2601      	ADDWF       R1, 1, 0
;__Lib_MathDouble.c,1251 :: 		
0x02D2	0x50F4      	MOVF        PRODH, 0, 0
;__Lib_MathDouble.c,1252 :: 		
0x02D4	0x2202      	ADDWFC      R2, 1, 0
;__Lib_MathDouble.c,1254 :: 		
0x02D6	0xBE02      	BTFSC       R2, 7, 0
;__Lib_MathDouble.c,1255 :: 		
0x02D8	0xF001EF76  	GOTO        MROUND32
;__Lib_MathDouble.c,1256 :: 		
0x02DC	0x3608      	RLCF        R8, 1, 0
;__Lib_MathDouble.c,1257 :: 		
0x02DE	0x3600      	RLCF        R0, 1, 0
;__Lib_MathDouble.c,1258 :: 		
0x02E0	0x3601      	RLCF        R1, 1, 0
;__Lib_MathDouble.c,1259 :: 		
0x02E2	0x3602      	RLCF        R2, 1, 0
;__Lib_MathDouble.c,1260 :: 		
0x02E4	0x0603      	DECF        R3, 1, 0
;__Lib_MathDouble.c,1261 :: 		
0x02E6	0xB4D8      	BTFSC       STATUS, 2, 0
;__Lib_MathDouble.c,1262 :: 		
0x02E8	0xF001EF96  	GOTO        MULJPSETFUN32
;__Lib_MathDouble.c,1264 :: 		
MROUND32:
;__Lib_MathDouble.c,1267 :: 		
0x02EC	0xF001EF89  	GOTO        MUL32OK
;__Lib_MathDouble.c,1268 :: 		
0x02F0	0x80D8      	BSF         STATUS, 0, 0
;__Lib_MathDouble.c,1269 :: 		
0x02F2	0x0E80      	MOVLW       128
;__Lib_MathDouble.c,1270 :: 		
0x02F4	0x6408      	CPFSGT      R8, 0
;__Lib_MathDouble.c,1271 :: 		
0x02F6	0x3000      	RRCF        R0, 0, 0
;__Lib_MathDouble.c,1272 :: 		
0x02F8	0x0E00      	MOVLW       0
;__Lib_MathDouble.c,1273 :: 		
0x02FA	0x2200      	ADDWFC      R0, 1, 0
;__Lib_MathDouble.c,1274 :: 		
0x02FC	0x2201      	ADDWFC      R1, 1, 0
;__Lib_MathDouble.c,1275 :: 		
0x02FE	0x2202      	ADDWFC      R2, 1, 0
;__Lib_MathDouble.c,1277 :: 		
0x0300	0xA0D8      	BTFSS       STATUS, 0, 0
;__Lib_MathDouble.c,1278 :: 		
0x0302	0xF001EF89  	GOTO        MUL32OK
;__Lib_MathDouble.c,1279 :: 		
0x0306	0x3202      	RRCF        R2, 1, 0
;__Lib_MathDouble.c,1280 :: 		
0x0308	0x3201      	RRCF        R1, 1, 0
;__Lib_MathDouble.c,1281 :: 		
0x030A	0x3200      	RRCF        R0, 1, 0
;__Lib_MathDouble.c,1282 :: 		
0x030C	0x4A03      	INFSNZ      R3, 1, 0
;__Lib_MathDouble.c,1283 :: 		
0x030E	0xF001EF92  	GOTO        MULJPSETFOV32
;__Lib_MathDouble.c,1285 :: 		
MUL32OK:
;__Lib_MathDouble.c,1286 :: 		
0x0312	0xAE0A      	BTFSS       R10, 7, 0
;__Lib_MathDouble.c,1287 :: 		
0x0314	0x9E02      	BCF         R2, 7, 0
;__Lib_MathDouble.c,1289 :: 		
0x0316	0x0E00      	MOVLW       0
;__Lib_MathDouble.c,1290 :: 		
0x0318	0xF001EF98  	GOTO        MULEEE
;__Lib_MathDouble.c,1291 :: 		
MULJPRES032:
;__Lib_MathDouble.c,1292 :: 		
0x031C	0x0E01      	MOVLW       1
;__Lib_MathDouble.c,1295 :: 		
0x031E	0xDF2A      	RCALL       _RES032
;__Lib_MathDouble.c,1297 :: 		
0x0320	0xF001EF98  	GOTO        MULEEE
;__Lib_MathDouble.c,1298 :: 		
MULJPSETFOV32:
;__Lib_MathDouble.c,1299 :: 		
0x0324	0x0E02      	MOVLW       2
;__Lib_MathDouble.c,1302 :: 		
0x0326	0xDF16      	RCALL       _SETFOV32
;__Lib_MathDouble.c,1304 :: 		
0x0328	0xF001EF98  	GOTO        MULEEE
;__Lib_MathDouble.c,1305 :: 		
MULJPSETFUN32:
;__Lib_MathDouble.c,1306 :: 		
0x032C	0x0E04      	MOVLW       4
;__Lib_MathDouble.c,1309 :: 		
0x032E	0xDF05      	RCALL       _SETFUN32
;__Lib_MathDouble.c,1311 :: 		
MULEEE:
;__Lib_MathDouble.c,1318 :: 		
L_end_Mul_32x32_FP:
0x0330	0x0012      	RETURN      0
; end of _Mul_32x32_FP
_strcpy:
;__Lib_CString.c,133 :: 		
;__Lib_CString.c,136 :: 		
0x0332	0xF004C051  	MOVFF       FARG_strcpy_to, R4
0x0336	0xF005C052  	MOVFF       FARG_strcpy_to+1, R5
;__Lib_CString.c,137 :: 		
L_strcpy34:
0x033A	0xF002C004  	MOVFF       R4, R2
0x033E	0xF003C005  	MOVFF       R5, R3
0x0342	0x4A04      	INFSNZ      R4, 1 
0x0344	0x2A05      	INCF        R5, 1 
0x0346	0xF000C053  	MOVFF       FARG_strcpy_from, R0
0x034A	0xF001C054  	MOVFF       FARG_strcpy_from+1, R1
0x034E	0x4A53      	INFSNZ      FARG_strcpy_from, 1 
0x0350	0x2A54      	INCF        FARG_strcpy_from+1, 1 
0x0352	0xFFE9C000  	MOVFF       R0, FSR0L
0x0356	0xFFEAC001  	MOVFF       R1, FSR0H
0x035A	0xFFE1C002  	MOVFF       R2, FSR1L
0x035E	0xFFE2C003  	MOVFF       R3, FSR1H
0x0362	0xFFE6CFEE  	MOVFF       POSTINC0, POSTINC1
0x0366	0xFFE9C002  	MOVFF       R2, FSR0L
0x036A	0xFFEAC003  	MOVFF       R3, FSR0H
0x036E	0x52EE      	MOVF        POSTINC0, 1 
0x0370	0xE001      	BZ          L_strcpy35
;__Lib_CString.c,138 :: 		
0x0372	0xD7E3      	BRA         L_strcpy34
L_strcpy35:
;__Lib_CString.c,139 :: 		
0x0374	0xF000C051  	MOVFF       FARG_strcpy_to, R0
0x0378	0xF001C052  	MOVFF       FARG_strcpy_to+1, R1
;__Lib_CString.c,140 :: 		
L_end_strcpy:
0x037C	0x0012      	RETURN      0
; end of _strcpy
_Lcd_Chr_CP:
;__Lib_Lcd.c,50 :: 		
;__Lib_Lcd.c,52 :: 		
0x037E	0x902E      	BCF         __Lib_Lcd_cmd_status, BitPos(__Lib_Lcd_cmd_status+0) 
;__Lib_Lcd.c,53 :: 		
0x0380	0xF055C051  	MOVFF       FARG_Lcd_Chr_CP_out_char, FARG_Lcd_Cmd_out_char
0x0384	0xDE9C      	RCALL       _Lcd_Cmd
;__Lib_Lcd.c,54 :: 		
0x0386	0x802E      	BSF         __Lib_Lcd_cmd_status, BitPos(__Lib_Lcd_cmd_status+0) 
;__Lib_Lcd.c,55 :: 		
L_end_Lcd_Chr_CP:
0x0388	0x0012      	RETURN      0
; end of _Lcd_Chr_CP
_Compare_Double:
;__Lib_MathDouble.c,2518 :: 		
;__Lib_MathDouble.c,2529 :: 		
0x038A	0x6A0A      	CLRF        R10, 0
;__Lib_MathDouble.c,2530 :: 		
0x038C	0x5003      	MOVF        R3, 0, 0
;__Lib_MathDouble.c,2531 :: 		
0x038E	0xA4D8      	BTFSS       STATUS, 2, 0
;__Lib_MathDouble.c,2532 :: 		
0x0390	0x800A      	BSF         R10, 0, 0
;__Lib_MathDouble.c,2533 :: 		
0x0392	0x5007      	MOVF        R7, 0, 0
;__Lib_MathDouble.c,2534 :: 		
0x0394	0xA4D8      	BTFSS       STATUS, 2, 0
;__Lib_MathDouble.c,2535 :: 		
0x0396	0x820A      	BSF         R10, 1, 0
;__Lib_MathDouble.c,2537 :: 		
0x0398	0x500A      	MOVF        R10, 0, 0
;__Lib_MathDouble.c,2538 :: 		
0x039A	0xB4D8      	BTFSC       STATUS, 2, 0
;__Lib_MathDouble.c,2539 :: 		
0x039C	0xF002EF28  	GOTO        COMPARE_EQU
;__Lib_MathDouble.c,2540 :: 		
0x03A0	0x0A03      	XORLW       3
;__Lib_MathDouble.c,2541 :: 		
0x03A2	0xB4D8      	BTFSC       STATUS, 2, 0
;__Lib_MathDouble.c,2542 :: 		
0x03A4	0xF001EFE1  	GOTO        COMPARE_NOTZERO
;__Lib_MathDouble.c,2544 :: 		
0x03A8	0xB00A      	BTFSC       R10, 0, 0
;__Lib_MathDouble.c,2545 :: 		
0x03AA	0xF001EFDC  	GOTO        COMPARE_XNOTZERO
;__Lib_MathDouble.c,2547 :: 		
0x03AE	0xAE06      	BTFSS       R6, 7, 0
;__Lib_MathDouble.c,2548 :: 		
0x03B0	0xF002EF26  	GOTO        COMPARE_LT
;__Lib_MathDouble.c,2549 :: 		
0x03B4	0xF002EF24  	GOTO        COMPARE_GT
;__Lib_MathDouble.c,2550 :: 		
COMPARE_XNOTZERO:
;__Lib_MathDouble.c,2551 :: 		
0x03B8	0xAE02      	BTFSS       R2, 7, 0
;__Lib_MathDouble.c,2552 :: 		
0x03BA	0xF002EF24  	GOTO        COMPARE_GT
;__Lib_MathDouble.c,2553 :: 		
0x03BE	0xF002EF26  	GOTO        COMPARE_LT
;__Lib_MathDouble.c,2555 :: 		
COMPARE_NOTZERO:
;__Lib_MathDouble.c,2556 :: 		
0x03C2	0x5002      	MOVF        R2, 0, 0
;__Lib_MathDouble.c,2557 :: 		
0x03C4	0x0B80      	ANDLW       128
;__Lib_MathDouble.c,2558 :: 		
0x03C6	0x6E0A      	MOVWF       R10, 0
;__Lib_MathDouble.c,2559 :: 		
0x03C8	0x9E02      	BCF         R2, 7, 0
;__Lib_MathDouble.c,2561 :: 		
0x03CA	0x5006      	MOVF        R6, 0, 0
;__Lib_MathDouble.c,2562 :: 		
0x03CC	0x0B80      	ANDLW       128
;__Lib_MathDouble.c,2563 :: 		
0x03CE	0x9E06      	BCF         R6, 7, 0
;__Lib_MathDouble.c,2565 :: 		
0x03D0	0x180A      	XORWF       R10, 0, 0
;__Lib_MathDouble.c,2566 :: 		
0x03D2	0xB4D8      	BTFSC       STATUS, 2, 0
;__Lib_MathDouble.c,2567 :: 		
0x03D4	0xF001EFF2  	GOTO        COMPARE_TESTALL
;__Lib_MathDouble.c,2569 :: 		
0x03D8	0x500A      	MOVF        R10, 0, 0
;__Lib_MathDouble.c,2570 :: 		
0x03DA	0xB4D8      	BTFSC       STATUS, 2, 0
;__Lib_MathDouble.c,2571 :: 		
0x03DC	0xF002EF24  	GOTO        COMPARE_GT
;__Lib_MathDouble.c,2572 :: 		
0x03E0	0xF002EF26  	GOTO        COMPARE_LT
;__Lib_MathDouble.c,2574 :: 		
COMPARE_TESTALL:
;__Lib_MathDouble.c,2575 :: 		
0x03E4	0x5007      	MOVF        R7, 0, 0
;__Lib_MathDouble.c,2576 :: 		
0x03E6	0x5C03      	SUBWF       R3, 0, 0
;__Lib_MathDouble.c,2577 :: 		
0x03E8	0xB4D8      	BTFSC       STATUS, 2, 0
;__Lib_MathDouble.c,2578 :: 		
0x03EA	0xF001EFFC  	GOTO        COMPARE_C1
;__Lib_MathDouble.c,2579 :: 		
0x03EE	0xA0D8      	BTFSS       STATUS, 0, 0
;__Lib_MathDouble.c,2580 :: 		
0x03F0	0xF002EF18  	GOTO        GT_FALSE
;__Lib_MathDouble.c,2581 :: 		
0x03F4	0xF002EF1E  	GOTO        GT_TRUE
;__Lib_MathDouble.c,2582 :: 		
COMPARE_C1:
;__Lib_MathDouble.c,2583 :: 		
0x03F8	0x5006      	MOVF        R6, 0, 0
;__Lib_MathDouble.c,2584 :: 		
0x03FA	0x5C02      	SUBWF       R2, 0, 0
;__Lib_MathDouble.c,2585 :: 		
0x03FC	0xB4D8      	BTFSC       STATUS, 2, 0
;__Lib_MathDouble.c,2586 :: 		
0x03FE	0xF002EF06  	GOTO        COMPARE_C2
;__Lib_MathDouble.c,2587 :: 		
0x0402	0xA0D8      	BTFSS       STATUS, 0, 0
;__Lib_MathDouble.c,2588 :: 		
0x0404	0xF002EF18  	GOTO        GT_FALSE
;__Lib_MathDouble.c,2589 :: 		
0x0408	0xF002EF1E  	GOTO        GT_TRUE
;__Lib_MathDouble.c,2590 :: 		
COMPARE_C2:
;__Lib_MathDouble.c,2591 :: 		
0x040C	0x5005      	MOVF        R5, 0, 0
;__Lib_MathDouble.c,2592 :: 		
0x040E	0x5C01      	SUBWF       R1, 0, 0
;__Lib_MathDouble.c,2593 :: 		
0x0410	0xB4D8      	BTFSC       STATUS, 2, 0
;__Lib_MathDouble.c,2594 :: 		
0x0412	0xF002EF10  	GOTO        COMPARE_C3
;__Lib_MathDouble.c,2595 :: 		
0x0416	0xA0D8      	BTFSS       STATUS, 0, 0
;__Lib_MathDouble.c,2596 :: 		
0x0418	0xF002EF18  	GOTO        GT_FALSE
;__Lib_MathDouble.c,2597 :: 		
0x041C	0xF002EF1E  	GOTO        GT_TRUE
;__Lib_MathDouble.c,2598 :: 		
COMPARE_C3:
;__Lib_MathDouble.c,2599 :: 		
0x0420	0x5004      	MOVF        R4, 0, 0
;__Lib_MathDouble.c,2600 :: 		
0x0422	0x5C00      	SUBWF       R0, 0, 0
;__Lib_MathDouble.c,2601 :: 		
0x0424	0xB4D8      	BTFSC       STATUS, 2, 0
;__Lib_MathDouble.c,2602 :: 		
0x0426	0xF002EF28  	GOTO        COMPARE_EQU
;__Lib_MathDouble.c,2603 :: 		
0x042A	0xB0D8      	BTFSC       STATUS, 0, 0
;__Lib_MathDouble.c,2604 :: 		
0x042C	0xF002EF1E  	GOTO        GT_TRUE
;__Lib_MathDouble.c,2606 :: 		
GT_FALSE:
;__Lib_MathDouble.c,2607 :: 		
0x0430	0x520A      	MOVF        R10, 1, 0
;__Lib_MathDouble.c,2608 :: 		
0x0432	0xB4D8      	BTFSC       STATUS, 2, 0
;__Lib_MathDouble.c,2609 :: 		
0x0434	0xF002EF26  	GOTO        COMPARE_LT
;__Lib_MathDouble.c,2610 :: 		
0x0438	0xF002EF24  	GOTO        COMPARE_GT
;__Lib_MathDouble.c,2611 :: 		
GT_TRUE:
;__Lib_MathDouble.c,2612 :: 		
0x043C	0x520A      	MOVF        R10, 1, 0
;__Lib_MathDouble.c,2613 :: 		
0x043E	0xB4D8      	BTFSC       STATUS, 2, 0
;__Lib_MathDouble.c,2614 :: 		
0x0440	0xF002EF24  	GOTO        COMPARE_GT
;__Lib_MathDouble.c,2615 :: 		
0x0444	0xF002EF26  	GOTO        COMPARE_LT
;__Lib_MathDouble.c,2617 :: 		
COMPARE_GT:
;__Lib_MathDouble.c,2620 :: 		
0x0448	0x80D8      	BSF         STATUS, 0, 0
;__Lib_MathDouble.c,2621 :: 		
0x044A	0x0012      	RETURN      0
;__Lib_MathDouble.c,2622 :: 		
COMPARE_LT:
;__Lib_MathDouble.c,2625 :: 		
0x044C	0x90D8      	BCF         STATUS, 0, 0
;__Lib_MathDouble.c,2626 :: 		
0x044E	0x0012      	RETURN      0
;__Lib_MathDouble.c,2627 :: 		
COMPARE_EQU:
;__Lib_MathDouble.c,2630 :: 		
0x0450	0x80D8      	BSF         STATUS, 0, 0
;__Lib_MathDouble.c,2631 :: 		
0x0452	0x84D8      	BSF         STATUS, 2, 0
;__Lib_MathDouble.c,2632 :: 		
0x0454	0x0012      	RETURN      0
;__Lib_MathDouble.c,2634 :: 		
L_end_Compare_Double:
0x0456	0x0012      	RETURN      0
; end of _Compare_Double
_int2double:
;__Lib_MathDouble.c,2285 :: 		
;__Lib_MathDouble.c,2294 :: 		
0x0458	0xF008C000  	MOVFF       R0, R8
;__Lib_MathDouble.c,2295 :: 		
0x045C	0x5001      	MOVF        R1, 0, 0
;__Lib_MathDouble.c,2296 :: 		
0x045E	0x6E00      	MOVWF       R0, 0
;__Lib_MathDouble.c,2297 :: 		
0x0460	0x6A01      	CLRF        R1, 0
;__Lib_MathDouble.c,2298 :: 		
0x0462	0x6A02      	CLRF        R2, 0
;__Lib_MathDouble.c,2299 :: 		
0x0464	0x6A03      	CLRF        R3, 0
;__Lib_MathDouble.c,2302 :: 		
0x0466	0x6A0B      	CLRF        R11, 0
;__Lib_MathDouble.c,2303 :: 		
0x0468	0x6A0C      	CLRF        R12, 0
;__Lib_MathDouble.c,2304 :: 		
0x046A	0x6A01      	CLRF        R1, 0
;__Lib_MathDouble.c,2305 :: 		
0x046C	0x6A02      	CLRF        R2, 0
;__Lib_MathDouble.c,2306 :: 		
0x046E	0x6A03      	CLRF        R3, 0
;__Lib_MathDouble.c,2308 :: 		
0x0470	0x0E96      	MOVLW       150
;__Lib_MathDouble.c,2309 :: 		
0x0472	0x6E03      	MOVWF       R3, 0
;__Lib_MathDouble.c,2310 :: 		
0x0474	0x6A0A      	CLRF        R10, 0
;__Lib_MathDouble.c,2311 :: 		
0x0476	0xAE00      	BTFSS       R0, 7, 0
;__Lib_MathDouble.c,2312 :: 		
0x0478	0xF002EF44  	GOTO        FLO1632EEE
;__Lib_MathDouble.c,2314 :: 		
0x047C	0x1E08      	COMF        R8, 1, 0
;__Lib_MathDouble.c,2315 :: 		
0x047E	0x1E00      	COMF        R0, 1, 0
;__Lib_MathDouble.c,2317 :: 		
0x0480	0x2A08      	INCF        R8, 1, 0
;__Lib_MathDouble.c,2318 :: 		
0x0482	0xB4D8      	BTFSC       STATUS, 2, 0
;__Lib_MathDouble.c,2319 :: 		
0x0484	0x2A00      	INCF        R0, 1, 0
;__Lib_MathDouble.c,2321 :: 		
0x0486	0x8E0A      	BSF         R10, 7, 0
;__Lib_MathDouble.c,2322 :: 		
FLO1632EEE:
;__Lib_MathDouble.c,2323 :: 		
0x0488	0xF001C000  	MOVFF       R0, R1
;__Lib_MathDouble.c,2324 :: 		
0x048C	0xF000C008  	MOVFF       R8, R0
;__Lib_MathDouble.c,2325 :: 		
0x0490	0x6A08      	CLRF        R8, 0
;__Lib_MathDouble.c,2326 :: 		
0x0492	0x6A02      	CLRF        R2, 0
;__Lib_MathDouble.c,2328 :: 		
0x0494	0xDE76      	RCALL       _NRM3232
;__Lib_MathDouble.c,2329 :: 		
L_end_int2double:
0x0496	0x0012      	RETURN      0
; end of _int2double
___CC2DW:
;__Lib_System.c,21 :: 		
;__Lib_System.c,23 :: 		
_CC2DL_Loop1:
;__Lib_System.c,24 :: 		
0x0498	0x0009      	TBLRD*+
;__Lib_System.c,25 :: 		
0x049A	0xFFE6CFF5  	MOVFF       TABLAT, POSTINC1
;__Lib_System.c,26 :: 		
0x049E	0x0600      	DECF        R0, 1, 0
;__Lib_System.c,27 :: 		
0x04A0	0xE1FB      	BNZ         _CC2DL_Loop1
;__Lib_System.c,28 :: 		
0x04A2	0x0601      	DECF        R1, 1, 0
;__Lib_System.c,29 :: 		
0x04A4	0xE1F9      	BNZ         _CC2DL_Loop1
;__Lib_System.c,31 :: 		
L_end___CC2DW:
0x04A6	0x0012      	RETURN      0
; end of ___CC2DW
_Lcd_Init:
;__Lib_Lcd.c,84 :: 		
;__Lib_Lcd.c,86 :: 		
0x04A8	0x9496      	BCF         LCD_EN_Direction, BitPos(LCD_EN_Direction+0) 
;__Lib_Lcd.c,87 :: 		
0x04AA	0x9296      	BCF         LCD_RS_Direction, BitPos(LCD_RS_Direction+0) 
;__Lib_Lcd.c,88 :: 		
0x04AC	0x9895      	BCF         LCD_D4_Direction, BitPos(LCD_D4_Direction+0) 
;__Lib_Lcd.c,89 :: 		
0x04AE	0x9A95      	BCF         LCD_D5_Direction, BitPos(LCD_D5_Direction+0) 
;__Lib_Lcd.c,90 :: 		
0x04B0	0x9C95      	BCF         LCD_D6_Direction, BitPos(LCD_D6_Direction+0) 
;__Lib_Lcd.c,91 :: 		
0x04B2	0x9E95      	BCF         LCD_D7_Direction, BitPos(LCD_D7_Direction+0) 
;__Lib_Lcd.c,93 :: 		
0x04B4	0x9484      	BCF         LCD_EN, BitPos(LCD_EN+0) 
;__Lib_Lcd.c,94 :: 		
0x04B6	0x9284      	BCF         LCD_RS, BitPos(LCD_RS+0) 
;__Lib_Lcd.c,95 :: 		
0x04B8	0x9E83      	BCF         LCD_D7, BitPos(LCD_D7+0) 
;__Lib_Lcd.c,96 :: 		
0x04BA	0x9C83      	BCF         LCD_D6, BitPos(LCD_D6+0) 
;__Lib_Lcd.c,97 :: 		
0x04BC	0x9A83      	BCF         LCD_D5, BitPos(LCD_D5+0) 
;__Lib_Lcd.c,98 :: 		
0x04BE	0x9883      	BCF         LCD_D4, BitPos(LCD_D4+0) 
;__Lib_Lcd.c,100 :: 		
0x04C0	0xDDEB      	RCALL       _Delay_5500us
;__Lib_Lcd.c,101 :: 		
0x04C2	0xDDEA      	RCALL       _Delay_5500us
;__Lib_Lcd.c,102 :: 		
0x04C4	0xDDE9      	RCALL       _Delay_5500us
;__Lib_Lcd.c,105 :: 		
0x04C6	0x8A83      	BSF         LCD_D5, BitPos(LCD_D5+0) 
;__Lib_Lcd.c,106 :: 		
0x04C8	0x8883      	BSF         LCD_D4, BitPos(LCD_D4+0) 
;__Lib_Lcd.c,107 :: 		
0x04CA	0x8484      	BSF         LCD_EN, BitPos(LCD_EN+0) 
;__Lib_Lcd.c,108 :: 		
0x04CC	0xDDF0      	RCALL       _Delay_1us
;__Lib_Lcd.c,109 :: 		
0x04CE	0x9484      	BCF         LCD_EN, BitPos(LCD_EN+0) 
;__Lib_Lcd.c,110 :: 		
0x04D0	0xDDE3      	RCALL       _Delay_5500us
;__Lib_Lcd.c,112 :: 		
0x04D2	0x8484      	BSF         LCD_EN, BitPos(LCD_EN+0) 
;__Lib_Lcd.c,113 :: 		
0x04D4	0xDDEC      	RCALL       _Delay_1us
;__Lib_Lcd.c,114 :: 		
0x04D6	0x9484      	BCF         LCD_EN, BitPos(LCD_EN+0) 
;__Lib_Lcd.c,115 :: 		
0x04D8	0xDDDF      	RCALL       _Delay_5500us
;__Lib_Lcd.c,117 :: 		
0x04DA	0x8484      	BSF         LCD_EN, BitPos(LCD_EN+0) 
;__Lib_Lcd.c,118 :: 		
0x04DC	0xDDE8      	RCALL       _Delay_1us
;__Lib_Lcd.c,119 :: 		
0x04DE	0x9484      	BCF         LCD_EN, BitPos(LCD_EN+0) 
;__Lib_Lcd.c,120 :: 		
0x04E0	0xDDDB      	RCALL       _Delay_5500us
;__Lib_Lcd.c,123 :: 		
0x04E2	0x9883      	BCF         LCD_D4, BitPos(LCD_D4+0) 
;__Lib_Lcd.c,124 :: 		
0x04E4	0x8484      	BSF         LCD_EN, BitPos(LCD_EN+0) 
;__Lib_Lcd.c,125 :: 		
0x04E6	0xDDE3      	RCALL       _Delay_1us
;__Lib_Lcd.c,126 :: 		
0x04E8	0x9484      	BCF         LCD_EN, BitPos(LCD_EN+0) 
;__Lib_Lcd.c,127 :: 		
0x04EA	0xDDD6      	RCALL       _Delay_5500us
;__Lib_Lcd.c,130 :: 		
0x04EC	0x8484      	BSF         LCD_EN, BitPos(LCD_EN+0) 
;__Lib_Lcd.c,131 :: 		
0x04EE	0xDDDF      	RCALL       _Delay_1us
;__Lib_Lcd.c,132 :: 		
0x04F0	0x9484      	BCF         LCD_EN, BitPos(LCD_EN+0) 
;__Lib_Lcd.c,134 :: 		
0x04F2	0x9A83      	BCF         LCD_D5, BitPos(LCD_D5+0) 
;__Lib_Lcd.c,135 :: 		
0x04F4	0x8E83      	BSF         LCD_D7, BitPos(LCD_D7+0) 
;__Lib_Lcd.c,136 :: 		
0x04F6	0x8484      	BSF         LCD_EN, BitPos(LCD_EN+0) 
;__Lib_Lcd.c,137 :: 		
0x04F8	0xDDDA      	RCALL       _Delay_1us
;__Lib_Lcd.c,138 :: 		
0x04FA	0x9484      	BCF         LCD_EN, BitPos(LCD_EN+0) 
;__Lib_Lcd.c,139 :: 		
0x04FC	0xDDCD      	RCALL       _Delay_5500us
;__Lib_Lcd.c,142 :: 		
0x04FE	0x9E83      	BCF         LCD_D7, BitPos(LCD_D7+0) 
;__Lib_Lcd.c,143 :: 		
0x0500	0x8883      	BSF         LCD_D4, BitPos(LCD_D4+0) 
;__Lib_Lcd.c,144 :: 		
0x0502	0x8484      	BSF         LCD_EN, BitPos(LCD_EN+0) 
;__Lib_Lcd.c,145 :: 		
0x0504	0xDDD4      	RCALL       _Delay_1us
;__Lib_Lcd.c,146 :: 		
0x0506	0x9484      	BCF         LCD_EN, BitPos(LCD_EN+0) 
;__Lib_Lcd.c,148 :: 		
0x0508	0x9883      	BCF         LCD_D4, BitPos(LCD_D4+0) 
;__Lib_Lcd.c,149 :: 		
0x050A	0x8484      	BSF         LCD_EN, BitPos(LCD_EN+0) 
;__Lib_Lcd.c,150 :: 		
0x050C	0xDDD0      	RCALL       _Delay_1us
;__Lib_Lcd.c,151 :: 		
0x050E	0x9484      	BCF         LCD_EN, BitPos(LCD_EN+0) 
;__Lib_Lcd.c,152 :: 		
0x0510	0xDDC3      	RCALL       _Delay_5500us
;__Lib_Lcd.c,155 :: 		
0x0512	0x8484      	BSF         LCD_EN, BitPos(LCD_EN+0) 
;__Lib_Lcd.c,156 :: 		
0x0514	0xDDCC      	RCALL       _Delay_1us
;__Lib_Lcd.c,157 :: 		
0x0516	0x9484      	BCF         LCD_EN, BitPos(LCD_EN+0) 
;__Lib_Lcd.c,159 :: 		
0x0518	0x8883      	BSF         LCD_D4, BitPos(LCD_D4+0) 
;__Lib_Lcd.c,160 :: 		
0x051A	0x8484      	BSF         LCD_EN, BitPos(LCD_EN+0) 
;__Lib_Lcd.c,161 :: 		
0x051C	0xDDC8      	RCALL       _Delay_1us
;__Lib_Lcd.c,162 :: 		
0x051E	0x9484      	BCF         LCD_EN, BitPos(LCD_EN+0) 
;__Lib_Lcd.c,163 :: 		
0x0520	0xDDBB      	RCALL       _Delay_5500us
;__Lib_Lcd.c,166 :: 		
0x0522	0x9883      	BCF         LCD_D4, BitPos(LCD_D4+0) 
;__Lib_Lcd.c,167 :: 		
0x0524	0x8484      	BSF         LCD_EN, BitPos(LCD_EN+0) 
;__Lib_Lcd.c,168 :: 		
0x0526	0xDDC3      	RCALL       _Delay_1us
;__Lib_Lcd.c,169 :: 		
0x0528	0x9484      	BCF         LCD_EN, BitPos(LCD_EN+0) 
;__Lib_Lcd.c,171 :: 		
0x052A	0x8E83      	BSF         LCD_D7, BitPos(LCD_D7+0) 
;__Lib_Lcd.c,172 :: 		
0x052C	0x8C83      	BSF         LCD_D6, BitPos(LCD_D6+0) 
;__Lib_Lcd.c,173 :: 		
0x052E	0x8A83      	BSF         LCD_D5, BitPos(LCD_D5+0) 
;__Lib_Lcd.c,174 :: 		
0x0530	0x8883      	BSF         LCD_D4, BitPos(LCD_D4+0) 
;__Lib_Lcd.c,175 :: 		
0x0532	0x8484      	BSF         LCD_EN, BitPos(LCD_EN+0) 
;__Lib_Lcd.c,176 :: 		
0x0534	0xDDBC      	RCALL       _Delay_1us
;__Lib_Lcd.c,177 :: 		
0x0536	0x9484      	BCF         LCD_EN, BitPos(LCD_EN+0) 
;__Lib_Lcd.c,179 :: 		
0x0538	0xDDAF      	RCALL       _Delay_5500us
;__Lib_Lcd.c,181 :: 		
0x053A	0x802E      	BSF         __Lib_Lcd_cmd_status, BitPos(__Lib_Lcd_cmd_status+0) 
;__Lib_Lcd.c,182 :: 		
L_end_Lcd_Init:
0x053C	0x0012      	RETURN      0
; end of _Lcd_Init
_Lcd_Out:
;__Lib_Lcd.c,184 :: 		
;__Lib_Lcd.c,187 :: 		
0x053E	0xD00F      	BRA         L_Lcd_Out11
;__Lib_Lcd.c,188 :: 		
L_Lcd_Out13:
0x0540	0x0E80      	MOVLW       128
0x0542	0x6E43      	MOVWF       FARG_Lcd_Out_row 
0x0544	0xD019      	BRA         L_Lcd_Out12
;__Lib_Lcd.c,189 :: 		
L_Lcd_Out14:
0x0546	0x0EC0      	MOVLW       192
0x0548	0x6E43      	MOVWF       FARG_Lcd_Out_row 
0x054A	0xD016      	BRA         L_Lcd_Out12
;__Lib_Lcd.c,190 :: 		
L_Lcd_Out15:
0x054C	0x0E94      	MOVLW       148
0x054E	0x6E43      	MOVWF       FARG_Lcd_Out_row 
0x0550	0xD013      	BRA         L_Lcd_Out12
;__Lib_Lcd.c,191 :: 		
L_Lcd_Out16:
0x0552	0x0ED4      	MOVLW       212
0x0554	0x6E43      	MOVWF       FARG_Lcd_Out_row 
0x0556	0xD010      	BRA         L_Lcd_Out12
;__Lib_Lcd.c,192 :: 		
L_Lcd_Out17:
0x0558	0x0E80      	MOVLW       128
0x055A	0x6E43      	MOVWF       FARG_Lcd_Out_row 
;__Lib_Lcd.c,193 :: 		
0x055C	0xD00D      	BRA         L_Lcd_Out12
L_Lcd_Out11:
0x055E	0x5043      	MOVF        FARG_Lcd_Out_row, 0 
0x0560	0x0A01      	XORLW       1
0x0562	0xE0EE      	BZ          L_Lcd_Out13
0x0564	0x5043      	MOVF        FARG_Lcd_Out_row, 0 
0x0566	0x0A02      	XORLW       2
0x0568	0xE0EE      	BZ          L_Lcd_Out14
0x056A	0x5043      	MOVF        FARG_Lcd_Out_row, 0 
0x056C	0x0A03      	XORLW       3
0x056E	0xE0EE      	BZ          L_Lcd_Out15
0x0570	0x5043      	MOVF        FARG_Lcd_Out_row, 0 
0x0572	0x0A04      	XORLW       4
0x0574	0xE0EE      	BZ          L_Lcd_Out16
0x0576	0xD7F0      	BRA         L_Lcd_Out17
L_Lcd_Out12:
;__Lib_Lcd.c,194 :: 		
0x0578	0x0444      	DECF        FARG_Lcd_Out_column, 0 
0x057A	0x6E00      	MOVWF       R0 
0x057C	0x5043      	MOVF        FARG_Lcd_Out_row, 0 
0x057E	0x2600      	ADDWF       R0, 1 
0x0580	0xF043C000  	MOVFF       R0, FARG_Lcd_Out_row
;__Lib_Lcd.c,196 :: 		
0x0584	0xF055C000  	MOVFF       R0, FARG_Lcd_Cmd_out_char
0x0588	0xDD9A      	RCALL       _Lcd_Cmd
;__Lib_Lcd.c,197 :: 		
0x058A	0x902E      	BCF         __Lib_Lcd_cmd_status, BitPos(__Lib_Lcd_cmd_status+0) 
;__Lib_Lcd.c,198 :: 		
0x058C	0x6A47      	CLRF        Lcd_Out_i_L0 
;__Lib_Lcd.c,199 :: 		
L_Lcd_Out18:
0x058E	0x5047      	MOVF        Lcd_Out_i_L0, 0 
0x0590	0x2445      	ADDWF       FARG_Lcd_Out_text, 0 
0x0592	0x6EE9      	MOVWF       FSR0L 
0x0594	0x0E00      	MOVLW       0
0x0596	0x2046      	ADDWFC      FARG_Lcd_Out_text+1, 0 
0x0598	0x6EEA      	MOVWF       FSR0H 
0x059A	0x52EE      	MOVF        POSTINC0, 1 
0x059C	0xE00B      	BZ          L_Lcd_Out19
;__Lib_Lcd.c,200 :: 		
0x059E	0x5047      	MOVF        Lcd_Out_i_L0, 0 
0x05A0	0x2445      	ADDWF       FARG_Lcd_Out_text, 0 
0x05A2	0x6EE9      	MOVWF       FSR0L 
0x05A4	0x0E00      	MOVLW       0
0x05A6	0x2046      	ADDWFC      FARG_Lcd_Out_text+1, 0 
0x05A8	0x6EEA      	MOVWF       FSR0H 
0x05AA	0xF051CFEE  	MOVFF       POSTINC0, FARG_Lcd_Chr_CP_out_char
0x05AE	0xDEE7      	RCALL       _Lcd_Chr_CP
0x05B0	0x2A47      	INCF        Lcd_Out_i_L0, 1 
0x05B2	0xD7ED      	BRA         L_Lcd_Out18
L_Lcd_Out19:
;__Lib_Lcd.c,201 :: 		
0x05B4	0x802E      	BSF         __Lib_Lcd_cmd_status, BitPos(__Lib_Lcd_cmd_status+0) 
;__Lib_Lcd.c,202 :: 		
L_end_Lcd_Out:
0x05B6	0x0012      	RETURN      0
; end of _Lcd_Out
_FloatToStr:
;__Lib_Conversions.c,472 :: 		
;__Lib_Conversions.c,474 :: 		
0x05B8	0x6A4F      	CLRF        FloatToStr_bpoint_L0 
0x05BA	0x6A50      	CLRF        FloatToStr_dexpon_L0 
;__Lib_Conversions.c,479 :: 		
0x05BC	0xF04BC043  	MOVFF       FARG_FloatToStr_fnum, FloatToStr_un_L0
0x05C0	0xF04CC044  	MOVFF       FARG_FloatToStr_fnum+1, FloatToStr_un_L0+1
0x05C4	0xF04DC045  	MOVFF       FARG_FloatToStr_fnum+2, FloatToStr_un_L0+2
0x05C8	0xF04EC046  	MOVFF       FARG_FloatToStr_fnum+3, FloatToStr_un_L0+3
;__Lib_Conversions.c,480 :: 		
0x05CC	0x504E      	MOVF        FloatToStr_un_L0+3, 0 
0x05CE	0x0AFF      	XORLW       255
0x05D0	0xE108      	BNZ         L__FloatToStr145
0x05D2	0x504D      	MOVF        FloatToStr_un_L0+2, 0 
0x05D4	0x0AFF      	XORLW       255
0x05D6	0xE105      	BNZ         L__FloatToStr145
0x05D8	0x504C      	MOVF        FloatToStr_un_L0+1, 0 
0x05DA	0x0AFF      	XORLW       255
0x05DC	0xE102      	BNZ         L__FloatToStr145
0x05DE	0x504B      	MOVF        FloatToStr_un_L0, 0 
0x05E0	0x0AFF      	XORLW       255
L__FloatToStr145:
0x05E2	0xE10C      	BNZ         L_FloatToStr76
;__Lib_Conversions.c,481 :: 		
0x05E4	0xF051C047  	MOVFF       FARG_FloatToStr_str, FARG_strcpy_to
0x05E8	0xF052C048  	MOVFF       FARG_FloatToStr_str+1, FARG_strcpy_to+1
0x05EC	0x0E26      	MOVLW       ?lstr1___Lib_Conversions
0x05EE	0x6E53      	MOVWF       FARG_strcpy_from 
0x05F0	0x0E00      	MOVLW       hi_addr(?lstr1___Lib_Conversions)
0x05F2	0x6E54      	MOVWF       FARG_strcpy_from+1 
0x05F4	0xDE9E      	RCALL       _strcpy
;__Lib_Conversions.c,482 :: 		
0x05F6	0x0E03      	MOVLW       3
0x05F8	0x6E00      	MOVWF       R0 
0x05FA	0xD1E5      	BRA         L_end_FloatToStr
;__Lib_Conversions.c,483 :: 		
L_FloatToStr76:
;__Lib_Conversions.c,484 :: 		
0x05FC	0x0E01      	MOVLW       1
0x05FE	0x6E49      	MOVWF       FloatToStr_i_L0 
;__Lib_Conversions.c,485 :: 		
0x0600	0xAE4D      	BTFSS       FloatToStr_un_L0+2, 7 
0x0602	0xD00E      	BRA         L_FloatToStr77
;__Lib_Conversions.c,486 :: 		
0x0604	0x0E80      	MOVLW       128
0x0606	0x184D      	XORWF       FloatToStr_un_L0+2, 0 
0x0608	0x6E00      	MOVWF       R0 
0x060A	0xF04DC000  	MOVFF       R0, FloatToStr_un_L0+2
;__Lib_Conversions.c,487 :: 		
0x060E	0x2A49      	INCF        FloatToStr_i_L0, 1 
;__Lib_Conversions.c,488 :: 		
0x0610	0xFFE1C047  	MOVFF       FARG_FloatToStr_str, FSR1L
0x0614	0xFFE2C048  	MOVFF       FARG_FloatToStr_str+1, FSR1H
0x0618	0x0E2D      	MOVLW       45
0x061A	0x6EE6      	MOVWF       POSTINC1 
0x061C	0x4A47      	INFSNZ      FARG_FloatToStr_str, 1 
0x061E	0x2A48      	INCF        FARG_FloatToStr_str+1, 1 
;__Lib_Conversions.c,489 :: 		
L_FloatToStr77:
;__Lib_Conversions.c,490 :: 		
0x0620	0x0E00      	MOVLW       0
0x0622	0x6E00      	MOVWF       R0 
0x0624	0x184E      	XORWF       FloatToStr_un_L0+3, 0 
0x0626	0xE108      	BNZ         L__FloatToStr146
0x0628	0x5000      	MOVF        R0, 0 
0x062A	0x184D      	XORWF       FloatToStr_un_L0+2, 0 
0x062C	0xE105      	BNZ         L__FloatToStr146
0x062E	0x5000      	MOVF        R0, 0 
0x0630	0x184C      	XORWF       FloatToStr_un_L0+1, 0 
0x0632	0xE102      	BNZ         L__FloatToStr146
0x0634	0x504B      	MOVF        FloatToStr_un_L0, 0 
0x0636	0x0A00      	XORLW       0
L__FloatToStr146:
0x0638	0xE10B      	BNZ         L_FloatToStr78
;__Lib_Conversions.c,491 :: 		
0x063A	0xF051C047  	MOVFF       FARG_FloatToStr_str, FARG_strcpy_to
0x063E	0xF052C048  	MOVFF       FARG_FloatToStr_str+1, FARG_strcpy_to+1
0x0642	0x0E24      	MOVLW       ?lstr2___Lib_Conversions
0x0644	0x6E53      	MOVWF       FARG_strcpy_from 
0x0646	0x0E00      	MOVLW       hi_addr(?lstr2___Lib_Conversions)
0x0648	0x6E54      	MOVWF       FARG_strcpy_from+1 
0x064A	0xDE73      	RCALL       _strcpy
;__Lib_Conversions.c,492 :: 		
0x064C	0x6A00      	CLRF        R0 
0x064E	0xD1BB      	BRA         L_end_FloatToStr
;__Lib_Conversions.c,493 :: 		
L_FloatToStr78:
;__Lib_Conversions.c,494 :: 		
0x0650	0x504E      	MOVF        FloatToStr_un_L0+3, 0 
0x0652	0x0AFF      	XORLW       255
0x0654	0xE108      	BNZ         L__FloatToStr147
0x0656	0x504D      	MOVF        FloatToStr_un_L0+2, 0 
0x0658	0x0A00      	XORLW       0
0x065A	0xE105      	BNZ         L__FloatToStr147
0x065C	0x504C      	MOVF        FloatToStr_un_L0+1, 0 
0x065E	0x0A00      	XORLW       0
0x0660	0xE102      	BNZ         L__FloatToStr147
0x0662	0x504B      	MOVF        FloatToStr_un_L0, 0 
0x0664	0x0A00      	XORLW       0
L__FloatToStr147:
0x0666	0xE10C      	BNZ         L_FloatToStr79
;__Lib_Conversions.c,495 :: 		
0x0668	0xF051C047  	MOVFF       FARG_FloatToStr_str, FARG_strcpy_to
0x066C	0xF052C048  	MOVFF       FARG_FloatToStr_str+1, FARG_strcpy_to+1
0x0670	0x0E1E      	MOVLW       ?lstr3___Lib_Conversions
0x0672	0x6E53      	MOVWF       FARG_strcpy_from 
0x0674	0x0E00      	MOVLW       hi_addr(?lstr3___Lib_Conversions)
0x0676	0x6E54      	MOVWF       FARG_strcpy_from+1 
0x0678	0xDE5C      	RCALL       _strcpy
;__Lib_Conversions.c,496 :: 		
0x067A	0xF000C049  	MOVFF       FloatToStr_i_L0, R0
0x067E	0xD1A3      	BRA         L_end_FloatToStr
;__Lib_Conversions.c,497 :: 		
L_FloatToStr79:
;__Lib_Conversions.c,505 :: 		
L_FloatToStr80:
0x0680	0x0E00      	MOVLW       0
0x0682	0x6E04      	MOVWF       R4 
0x0684	0x0E00      	MOVLW       0
0x0686	0x6E05      	MOVWF       R5 
0x0688	0x0E00      	MOVLW       0
0x068A	0x6E06      	MOVWF       R6 
0x068C	0x0E7F      	MOVLW       127
0x068E	0x6E07      	MOVWF       R7 
0x0690	0xF000C04B  	MOVFF       FloatToStr_un_L0, R0
0x0694	0xF001C04C  	MOVFF       FloatToStr_un_L0+1, R1
0x0698	0xF002C04D  	MOVFF       FloatToStr_un_L0+2, R2
0x069C	0xF003C04E  	MOVFF       FloatToStr_un_L0+3, R3
0x06A0	0xDE74      	RCALL       _Compare_Double
0x06A2	0x0E01      	MOVLW       1
0x06A4	0xB0D8      	BTFSC       STATUS, 0 
0x06A6	0x0E00      	MOVLW       0
0x06A8	0x6E00      	MOVWF       R0 
0x06AA	0x5200      	MOVF        R0, 1 
0x06AC	0xE01B      	BZ          L_FloatToStr81
;__Lib_Conversions.c,506 :: 		
0x06AE	0xF000C04B  	MOVFF       FloatToStr_un_L0, R0
0x06B2	0xF001C04C  	MOVFF       FloatToStr_un_L0+1, R1
0x06B6	0xF002C04D  	MOVFF       FloatToStr_un_L0+2, R2
0x06BA	0xF003C04E  	MOVFF       FloatToStr_un_L0+3, R3
0x06BE	0x0E00      	MOVLW       0
0x06C0	0x6E04      	MOVWF       R4 
0x06C2	0x0E00      	MOVLW       0
0x06C4	0x6E05      	MOVWF       R5 
0x06C6	0x0E20      	MOVLW       32
0x06C8	0x6E06      	MOVWF       R6 
0x06CA	0x0E82      	MOVLW       130
0x06CC	0x6E07      	MOVWF       R7 
0x06CE	0xDDA1      	RCALL       _Mul_32x32_FP
0x06D0	0xF04BC000  	MOVFF       R0, FloatToStr_un_L0
0x06D4	0xF04CC001  	MOVFF       R1, FloatToStr_un_L0+1
0x06D8	0xF04DC002  	MOVFF       R2, FloatToStr_un_L0+2
0x06DC	0xF04EC003  	MOVFF       R3, FloatToStr_un_L0+3
;__Lib_Conversions.c,507 :: 		
0x06E0	0x0650      	DECF        FloatToStr_dexpon_L0, 1 
;__Lib_Conversions.c,508 :: 		
0x06E2	0xD7CE      	BRA         L_FloatToStr80
L_FloatToStr81:
;__Lib_Conversions.c,513 :: 		
L_FloatToStr82:
0x06E4	0x0E00      	MOVLW       0
0x06E6	0x6E04      	MOVWF       R4 
0x06E8	0x0E00      	MOVLW       0
0x06EA	0x6E05      	MOVWF       R5 
0x06EC	0x0E20      	MOVLW       32
0x06EE	0x6E06      	MOVWF       R6 
0x06F0	0x0E82      	MOVLW       130
0x06F2	0x6E07      	MOVWF       R7 
0x06F4	0xF000C04B  	MOVFF       FloatToStr_un_L0, R0
0x06F8	0xF001C04C  	MOVFF       FloatToStr_un_L0+1, R1
0x06FC	0xF002C04D  	MOVFF       FloatToStr_un_L0+2, R2
0x0700	0xF003C04E  	MOVFF       FloatToStr_un_L0+3, R3
0x0704	0xDE42      	RCALL       _Compare_Double
0x0706	0x0E00      	MOVLW       0
0x0708	0xB0D8      	BTFSC       STATUS, 0 
0x070A	0x0E01      	MOVLW       1
0x070C	0x6E00      	MOVWF       R0 
0x070E	0x5200      	MOVF        R0, 1 
0x0710	0xE01B      	BZ          L_FloatToStr83
;__Lib_Conversions.c,514 :: 		
0x0712	0xF000C04B  	MOVFF       FloatToStr_un_L0, R0
0x0716	0xF001C04C  	MOVFF       FloatToStr_un_L0+1, R1
0x071A	0xF002C04D  	MOVFF       FloatToStr_un_L0+2, R2
0x071E	0xF003C04E  	MOVFF       FloatToStr_un_L0+3, R3
0x0722	0x0ECD      	MOVLW       205
0x0724	0x6E04      	MOVWF       R4 
0x0726	0x0ECC      	MOVLW       204
0x0728	0x6E05      	MOVWF       R5 
0x072A	0x0E4C      	MOVLW       76
0x072C	0x6E06      	MOVWF       R6 
0x072E	0x0E7B      	MOVLW       123
0x0730	0x6E07      	MOVWF       R7 
0x0732	0xDD6F      	RCALL       _Mul_32x32_FP
0x0734	0xF04BC000  	MOVFF       R0, FloatToStr_un_L0
0x0738	0xF04CC001  	MOVFF       R1, FloatToStr_un_L0+1
0x073C	0xF04DC002  	MOVFF       R2, FloatToStr_un_L0+2
0x0740	0xF04EC003  	MOVFF       R3, FloatToStr_un_L0+3
;__Lib_Conversions.c,515 :: 		
0x0744	0x2A50      	INCF        FloatToStr_dexpon_L0, 1 
;__Lib_Conversions.c,516 :: 		
0x0746	0xD7CE      	BRA         L_FloatToStr82
L_FloatToStr83:
;__Lib_Conversions.c,525 :: 		
0x0748	0x0EFF      	MOVLW       255
0x074A	0x144B      	ANDWF       FloatToStr_un_L0, 0 
0x074C	0x6E08      	MOVWF       R8 
0x074E	0x0EFF      	MOVLW       255
0x0750	0x144C      	ANDWF       FloatToStr_un_L0+1, 0 
0x0752	0x6E09      	MOVWF       R9 
0x0754	0x0E7F      	MOVLW       127
0x0756	0x144D      	ANDWF       FloatToStr_un_L0+2, 0 
0x0758	0x6E0A      	MOVWF       R10 
0x075A	0x0E00      	MOVLW       0
0x075C	0x144E      	ANDWF       FloatToStr_un_L0+3, 0 
0x075E	0x6E0B      	MOVWF       R11 
;__Lib_Conversions.c,526 :: 		
0x0760	0xF004C008  	MOVFF       R8, R4
0x0764	0xF005C009  	MOVFF       R9, R5
0x0768	0xF006C00A  	MOVFF       R10, R6
0x076C	0xF007C00B  	MOVFF       R11, R7
0x0770	0x3604      	RLCF        R4, 1 
0x0772	0x9004      	BCF         R4, 0 
0x0774	0x3605      	RLCF        R5, 1 
0x0776	0x3606      	RLCF        R6, 1 
0x0778	0x3607      	RLCF        R7, 1 
;__Lib_Conversions.c,527 :: 		
0x077A	0x0E00      	MOVLW       0
0x077C	0x144B      	ANDWF       FloatToStr_un_L0, 0 
0x077E	0x6E00      	MOVWF       R0 
0x0780	0x0E00      	MOVLW       0
0x0782	0x144C      	ANDWF       FloatToStr_un_L0+1, 0 
0x0784	0x6E01      	MOVWF       R1 
0x0786	0x0E00      	MOVLW       0
0x0788	0x144D      	ANDWF       FloatToStr_un_L0+2, 0 
0x078A	0x6E02      	MOVWF       R2 
0x078C	0x0EFF      	MOVLW       255
0x078E	0x144E      	ANDWF       FloatToStr_un_L0+3, 0 
0x0790	0x6E03      	MOVWF       R3 
0x0792	0xF04BC000  	MOVFF       R0, FloatToStr_un_L0
0x0796	0xF04CC001  	MOVFF       R1, FloatToStr_un_L0+1
0x079A	0xF04DC002  	MOVFF       R2, FloatToStr_un_L0+2
0x079E	0xF04EC003  	MOVFF       R3, FloatToStr_un_L0+3
;__Lib_Conversions.c,528 :: 		
0x07A2	0x5004      	MOVF        R4, 0 
0x07A4	0x104B      	IORWF       FloatToStr_un_L0, 0 
0x07A6	0x6E00      	MOVWF       R0 
0x07A8	0x5005      	MOVF        R5, 0 
0x07AA	0x104C      	IORWF       FloatToStr_un_L0+1, 0 
0x07AC	0x6E01      	MOVWF       R1 
0x07AE	0x5006      	MOVF        R6, 0 
0x07B0	0x104D      	IORWF       FloatToStr_un_L0+2, 0 
0x07B2	0x6E02      	MOVWF       R2 
0x07B4	0x5007      	MOVF        R7, 0 
0x07B6	0x104E      	IORWF       FloatToStr_un_L0+3, 0 
0x07B8	0x6E03      	MOVWF       R3 
0x07BA	0xF04BC000  	MOVFF       R0, FloatToStr_un_L0
0x07BE	0xF04CC001  	MOVFF       R1, FloatToStr_un_L0+1
0x07C2	0xF04DC002  	MOVFF       R2, FloatToStr_un_L0+2
0x07C6	0xF04EC003  	MOVFF       R3, FloatToStr_un_L0+3
;__Lib_Conversions.c,530 :: 		
0x07CA	0x0E7F      	MOVLW       127
0x07CC	0x5C4E      	SUBWF       FloatToStr_un_L0+3, 0 
0x07CE	0x6E00      	MOVWF       R0 
0x07D0	0xF04AC000  	MOVFF       R0, FloatToStr_d_L0
;__Lib_Conversions.c,533 :: 		
0x07D4	0x0E01      	MOVLW       1
0x07D6	0x6E4E      	MOVWF       FloatToStr_un_L0+3 
;__Lib_Conversions.c,534 :: 		
0x07D8	0xF004C000  	MOVFF       R0, R4
0x07DC	0xF000C04B  	MOVFF       FloatToStr_un_L0, R0
0x07E0	0xF001C04C  	MOVFF       FloatToStr_un_L0+1, R1
0x07E4	0xF002C04D  	MOVFF       FloatToStr_un_L0+2, R2
0x07E8	0xF003C04E  	MOVFF       FloatToStr_un_L0+3, R3
0x07EC	0x5004      	MOVF        R4, 0 
L__FloatToStr148:
0x07EE	0xE007      	BZ          L__FloatToStr149
0x07F0	0x3600      	RLCF        R0, 1 
0x07F2	0x9000      	BCF         R0, 0 
0x07F4	0x3601      	RLCF        R1, 1 
0x07F6	0x3602      	RLCF        R2, 1 
0x07F8	0x3603      	RLCF        R3, 1 
0x07FA	0x0FFF      	ADDLW       255
0x07FC	0xD7F8      	BRA         L__FloatToStr148
L__FloatToStr149:
0x07FE	0xF04BC000  	MOVFF       R0, FloatToStr_un_L0
0x0802	0xF04CC001  	MOVFF       R1, FloatToStr_un_L0+1
0x0806	0xF04DC002  	MOVFF       R2, FloatToStr_un_L0+2
0x080A	0xF04EC003  	MOVFF       R3, FloatToStr_un_L0+3
;__Lib_Conversions.c,535 :: 		
0x080E	0xFFE1C047  	MOVFF       FARG_FloatToStr_str, FSR1L
0x0812	0xFFE2C048  	MOVFF       FARG_FloatToStr_str+1, FSR1H
0x0816	0x504E      	MOVF        FloatToStr_un_L0+3, 0 
0x0818	0x0F30      	ADDLW       48
0x081A	0x6EE6      	MOVWF       POSTINC1 
0x081C	0x4A47      	INFSNZ      FARG_FloatToStr_str, 1 
0x081E	0x2A48      	INCF        FARG_FloatToStr_str+1, 1 
;__Lib_Conversions.c,536 :: 		
0x0820	0x0E80      	MOVLW       128
0x0822	0x1850      	XORWF       FloatToStr_dexpon_L0, 0 
0x0824	0x6E00      	MOVWF       R0 
0x0826	0x0E80      	MOVLW       128
0x0828	0x0A01      	XORLW       1
0x082A	0x5C00      	SUBWF       R0, 0 
0x082C	0xE308      	BNC         L__FloatToStr100
0x082E	0x0E80      	MOVLW       128
0x0830	0x0A06      	XORLW       6
0x0832	0x6E00      	MOVWF       R0 
0x0834	0x0E80      	MOVLW       128
0x0836	0x1850      	XORWF       FloatToStr_dexpon_L0, 0 
0x0838	0x5C00      	SUBWF       R0, 0 
0x083A	0xE301      	BNC         L__FloatToStr100
0x083C	0xD00A      	BRA         L_FloatToStr86
L__FloatToStr100:
;__Lib_Conversions.c,537 :: 		
0x083E	0xFFE1C047  	MOVFF       FARG_FloatToStr_str, FSR1L
0x0842	0xFFE2C048  	MOVFF       FARG_FloatToStr_str+1, FSR1H
0x0846	0x0E2E      	MOVLW       46
0x0848	0x6EE6      	MOVWF       POSTINC1 
0x084A	0x4A47      	INFSNZ      FARG_FloatToStr_str, 1 
0x084C	0x2A48      	INCF        FARG_FloatToStr_str+1, 1 
;__Lib_Conversions.c,538 :: 		
0x084E	0x0E01      	MOVLW       1
0x0850	0x6E4F      	MOVWF       FloatToStr_bpoint_L0 
;__Lib_Conversions.c,539 :: 		
L_FloatToStr86:
;__Lib_Conversions.c,540 :: 		
0x0852	0x0E06      	MOVLW       6
0x0854	0x6E4A      	MOVWF       FloatToStr_d_L0 
L_FloatToStr87:
0x0856	0x504A      	MOVF        FloatToStr_d_L0, 0 
0x0858	0x0A00      	XORLW       0
0x085A	0xE054      	BZ          L_FloatToStr88
;__Lib_Conversions.c,541 :: 		
0x085C	0x6A4E      	CLRF        FloatToStr_un_L0+3 
;__Lib_Conversions.c,542 :: 		
0x085E	0xF000C04B  	MOVFF       FloatToStr_un_L0, R0
0x0862	0xF001C04C  	MOVFF       FloatToStr_un_L0+1, R1
0x0866	0xF002C04D  	MOVFF       FloatToStr_un_L0+2, R2
0x086A	0xF003C04E  	MOVFF       FloatToStr_un_L0+3, R3
0x086E	0x3600      	RLCF        R0, 1 
0x0870	0x9000      	BCF         R0, 0 
0x0872	0x3601      	RLCF        R1, 1 
0x0874	0x3602      	RLCF        R2, 1 
0x0876	0x3603      	RLCF        R3, 1 
0x0878	0x3600      	RLCF        R0, 1 
0x087A	0x9000      	BCF         R0, 0 
0x087C	0x3601      	RLCF        R1, 1 
0x087E	0x3602      	RLCF        R2, 1 
0x0880	0x3603      	RLCF        R3, 1 
0x0882	0x504B      	MOVF        FloatToStr_un_L0, 0 
0x0884	0x2600      	ADDWF       R0, 1 
0x0886	0x504C      	MOVF        FloatToStr_un_L0+1, 0 
0x0888	0x2201      	ADDWFC      R1, 1 
0x088A	0x504D      	MOVF        FloatToStr_un_L0+2, 0 
0x088C	0x2202      	ADDWFC      R2, 1 
0x088E	0x504E      	MOVF        FloatToStr_un_L0+3, 0 
0x0890	0x2203      	ADDWFC      R3, 1 
0x0892	0xF04BC000  	MOVFF       R0, FloatToStr_un_L0
0x0896	0xF04CC001  	MOVFF       R1, FloatToStr_un_L0+1
0x089A	0xF04DC002  	MOVFF       R2, FloatToStr_un_L0+2
0x089E	0xF04EC003  	MOVFF       R3, FloatToStr_un_L0+3
;__Lib_Conversions.c,543 :: 		
0x08A2	0xF000C04B  	MOVFF       FloatToStr_un_L0, R0
0x08A6	0xF001C04C  	MOVFF       FloatToStr_un_L0+1, R1
0x08AA	0xF002C04D  	MOVFF       FloatToStr_un_L0+2, R2
0x08AE	0xF003C04E  	MOVFF       FloatToStr_un_L0+3, R3
0x08B2	0x3600      	RLCF        R0, 1 
0x08B4	0x9000      	BCF         R0, 0 
0x08B6	0x3601      	RLCF        R1, 1 
0x08B8	0x3602      	RLCF        R2, 1 
0x08BA	0x3603      	RLCF        R3, 1 
0x08BC	0xF04BC000  	MOVFF       R0, FloatToStr_un_L0
0x08C0	0xF04CC001  	MOVFF       R1, FloatToStr_un_L0+1
0x08C4	0xF04DC002  	MOVFF       R2, FloatToStr_un_L0+2
0x08C8	0xF04EC003  	MOVFF       R3, FloatToStr_un_L0+3
;__Lib_Conversions.c,544 :: 		
0x08CC	0xFFE1C047  	MOVFF       FARG_FloatToStr_str, FSR1L
0x08D0	0xFFE2C048  	MOVFF       FARG_FloatToStr_str+1, FSR1H
0x08D4	0x504E      	MOVF        FloatToStr_un_L0+3, 0 
0x08D6	0x0F30      	ADDLW       48
0x08D8	0x6EE6      	MOVWF       POSTINC1 
0x08DA	0x4A47      	INFSNZ      FARG_FloatToStr_str, 1 
0x08DC	0x2A48      	INCF        FARG_FloatToStr_str+1, 1 
;__Lib_Conversions.c,545 :: 		
0x08DE	0x504F      	MOVF        FloatToStr_bpoint_L0, 0 
0x08E0	0x0A00      	XORLW       0
0x08E2	0xE10E      	BNZ         L_FloatToStr90
;__Lib_Conversions.c,546 :: 		
0x08E4	0x0650      	DECF        FloatToStr_dexpon_L0, 1 
0x08E6	0x5050      	MOVF        FloatToStr_dexpon_L0, 0 
0x08E8	0x0A00      	XORLW       0
0x08EA	0xE10A      	BNZ         L_FloatToStr91
;__Lib_Conversions.c,547 :: 		
0x08EC	0xFFE1C047  	MOVFF       FARG_FloatToStr_str, FSR1L
0x08F0	0xFFE2C048  	MOVFF       FARG_FloatToStr_str+1, FSR1H
0x08F4	0x0E2E      	MOVLW       46
0x08F6	0x6EE6      	MOVWF       POSTINC1 
0x08F8	0x4A47      	INFSNZ      FARG_FloatToStr_str, 1 
0x08FA	0x2A48      	INCF        FARG_FloatToStr_str+1, 1 
;__Lib_Conversions.c,548 :: 		
0x08FC	0x0E01      	MOVLW       1
0x08FE	0x6E4F      	MOVWF       FloatToStr_bpoint_L0 
;__Lib_Conversions.c,549 :: 		
L_FloatToStr91:
L_FloatToStr90:
;__Lib_Conversions.c,540 :: 		
0x0900	0x064A      	DECF        FloatToStr_d_L0, 1 
;__Lib_Conversions.c,550 :: 		
0x0902	0xD7A9      	BRA         L_FloatToStr87
L_FloatToStr88:
;__Lib_Conversions.c,551 :: 		
L_FloatToStr92:
0x0904	0x0EFF      	MOVLW       255
0x0906	0x2447      	ADDWF       FARG_FloatToStr_str, 0 
0x0908	0x6EE9      	MOVWF       FSR0L 
0x090A	0x0EFF      	MOVLW       255
0x090C	0x2048      	ADDWFC      FARG_FloatToStr_str+1, 0 
0x090E	0x6EEA      	MOVWF       FSR0H 
0x0910	0x50EE      	MOVF        POSTINC0, 0 
0x0912	0x0A30      	XORLW       48
0x0914	0xE105      	BNZ         L_FloatToStr93
;__Lib_Conversions.c,552 :: 		
0x0916	0x0E01      	MOVLW       1
0x0918	0x5E47      	SUBWF       FARG_FloatToStr_str, 1 
0x091A	0x0E00      	MOVLW       0
0x091C	0x5A48      	SUBWFB      FARG_FloatToStr_str+1, 1 
0x091E	0xD7F2      	BRA         L_FloatToStr92
L_FloatToStr93:
;__Lib_Conversions.c,553 :: 		
0x0920	0x0EFF      	MOVLW       255
0x0922	0x2447      	ADDWF       FARG_FloatToStr_str, 0 
0x0924	0x6EE9      	MOVWF       FSR0L 
0x0926	0x0EFF      	MOVLW       255
0x0928	0x2048      	ADDWFC      FARG_FloatToStr_str+1, 0 
0x092A	0x6EEA      	MOVWF       FSR0H 
0x092C	0x50EE      	MOVF        POSTINC0, 0 
0x092E	0x0A2E      	XORLW       46
0x0930	0xE104      	BNZ         L_FloatToStr94
;__Lib_Conversions.c,554 :: 		
0x0932	0x0E01      	MOVLW       1
0x0934	0x5E47      	SUBWF       FARG_FloatToStr_str, 1 
0x0936	0x0E00      	MOVLW       0
0x0938	0x5A48      	SUBWFB      FARG_FloatToStr_str+1, 1 
L_FloatToStr94:
;__Lib_Conversions.c,555 :: 		
0x093A	0x5050      	MOVF        FloatToStr_dexpon_L0, 0 
0x093C	0x0A00      	XORLW       0
0x093E	0xE03D      	BZ          L_FloatToStr95
;__Lib_Conversions.c,556 :: 		
0x0940	0xFFE1C047  	MOVFF       FARG_FloatToStr_str, FSR1L
0x0944	0xFFE2C048  	MOVFF       FARG_FloatToStr_str+1, FSR1H
0x0948	0x0E65      	MOVLW       101
0x094A	0x6EE6      	MOVWF       POSTINC1 
0x094C	0x4A47      	INFSNZ      FARG_FloatToStr_str, 1 
0x094E	0x2A48      	INCF        FARG_FloatToStr_str+1, 1 
;__Lib_Conversions.c,557 :: 		
0x0950	0x0E80      	MOVLW       128
0x0952	0x1850      	XORWF       FloatToStr_dexpon_L0, 0 
0x0954	0x6E00      	MOVWF       R0 
0x0956	0x0E80      	MOVLW       128
0x0958	0x0A00      	XORLW       0
0x095A	0x5C00      	SUBWF       R0, 0 
0x095C	0xE20B      	BC          L_FloatToStr96
;__Lib_Conversions.c,558 :: 		
0x095E	0xFFE1C047  	MOVFF       FARG_FloatToStr_str, FSR1L
0x0962	0xFFE2C048  	MOVFF       FARG_FloatToStr_str+1, FSR1H
0x0966	0x0E2D      	MOVLW       45
0x0968	0x6EE6      	MOVWF       POSTINC1 
0x096A	0x4A47      	INFSNZ      FARG_FloatToStr_str, 1 
0x096C	0x2A48      	INCF        FARG_FloatToStr_str+1, 1 
;__Lib_Conversions.c,559 :: 		
0x096E	0x5050      	MOVF        FloatToStr_dexpon_L0, 0 
0x0970	0x0800      	SUBLW       0
0x0972	0x6E50      	MOVWF       FloatToStr_dexpon_L0 
;__Lib_Conversions.c,560 :: 		
L_FloatToStr96:
;__Lib_Conversions.c,561 :: 		
0x0974	0xF04AC050  	MOVFF       FloatToStr_dexpon_L0, FloatToStr_d_L0
;__Lib_Conversions.c,562 :: 		
0x0978	0x5050      	MOVF        FloatToStr_dexpon_L0, 0 
0x097A	0x0809      	SUBLW       9
0x097C	0xE20E      	BC          L_FloatToStr97
;__Lib_Conversions.c,563 :: 		
0x097E	0x0E0A      	MOVLW       10
0x0980	0x6E04      	MOVWF       R4 
0x0982	0xF000C04A  	MOVFF       FloatToStr_d_L0, R0
0x0986	0xDC36      	RCALL       _Div_8X8_U
0x0988	0xFFE1C047  	MOVFF       FARG_FloatToStr_str, FSR1L
0x098C	0xFFE2C048  	MOVFF       FARG_FloatToStr_str+1, FSR1H
0x0990	0x5000      	MOVF        R0, 0 
0x0992	0x0F30      	ADDLW       48
0x0994	0x6EE6      	MOVWF       POSTINC1 
0x0996	0x4A47      	INFSNZ      FARG_FloatToStr_str, 1 
0x0998	0x2A48      	INCF        FARG_FloatToStr_str+1, 1 
L_FloatToStr97:
;__Lib_Conversions.c,564 :: 		
0x099A	0x0E0A      	MOVLW       10
0x099C	0x6E04      	MOVWF       R4 
0x099E	0xF000C04A  	MOVFF       FloatToStr_d_L0, R0
0x09A2	0xDC28      	RCALL       _Div_8X8_U
0x09A4	0xF000C008  	MOVFF       R8, R0
0x09A8	0xFFE1C047  	MOVFF       FARG_FloatToStr_str, FSR1L
0x09AC	0xFFE2C048  	MOVFF       FARG_FloatToStr_str+1, FSR1H
0x09B0	0x5000      	MOVF        R0, 0 
0x09B2	0x0F30      	ADDLW       48
0x09B4	0x6EE6      	MOVWF       POSTINC1 
0x09B6	0x4A47      	INFSNZ      FARG_FloatToStr_str, 1 
0x09B8	0x2A48      	INCF        FARG_FloatToStr_str+1, 1 
;__Lib_Conversions.c,565 :: 		
L_FloatToStr95:
;__Lib_Conversions.c,566 :: 		
0x09BA	0xFFE1C047  	MOVFF       FARG_FloatToStr_str, FSR1L
0x09BE	0xFFE2C048  	MOVFF       FARG_FloatToStr_str+1, FSR1H
0x09C2	0x6AE6      	CLRF        POSTINC1 
;__Lib_Conversions.c,567 :: 		
0x09C4	0x6A00      	CLRF        R0 
;__Lib_Conversions.c,568 :: 		
L_end_FloatToStr:
0x09C6	0x0012      	RETURN      0
; end of _FloatToStr
_main:
0x09C8	0xF005EC2E  	CALL        2652, 0
;lab5.c,49 :: 		void main()
;lab5.c,51 :: 		ADCON1 = 0x06;
0x09CC	0x0E06      	MOVLW       6
0x09CE	0x6EC1      	MOVWF       ADCON1 
;lab5.c,52 :: 		Lcd_init();
0x09D0	0xDD6B      	RCALL       _Lcd_Init
;lab5.c,55 :: 		intcon.gie = 1;
0x09D2	0x8EF2      	BSF         INTCON, 7 
;lab5.c,56 :: 		intcon.peie = 1;
0x09D4	0x8CF2      	BSF         INTCON, 6 
;lab5.c,57 :: 		intcon.int0ie = 1;
0x09D6	0x88F2      	BSF         INTCON, 4 
;lab5.c,58 :: 		intcon.int0if = 0;
0x09D8	0x92F2      	BCF         INTCON, 1 
;lab5.c,59 :: 		intcon.intedg0 = 1;
0x09DA	0x8CF2      	BSF         INTCON, 6 
;lab5.c,60 :: 		trisb.rb0 = 1; //definindo rb0 como in
0x09DC	0x8093      	BSF         TRISB, 0 
;lab5.c,64 :: 		T0CON.T08BIT = 0;       // 16 bits
0x09DE	0x9CD5      	BCF         T0CON, 6 
;lab5.c,65 :: 		T0CON.T0CS = 0;         // Internal clock => Crystal/4
0x09E0	0x9AD5      	BCF         T0CON, 5 
;lab5.c,66 :: 		T0CON.PSA = 0;          // Prescaler ON
0x09E2	0x96D5      	BCF         T0CON, 3 
;lab5.c,69 :: 		T0CON.T0PS2 = 1;
0x09E4	0x84D5      	BSF         T0CON, 2 
;lab5.c,70 :: 		T0CON.T0PS1 = 1;
0x09E6	0x82D5      	BSF         T0CON, 1 
;lab5.c,71 :: 		T0CON.T0PS0 = 1;
0x09E8	0x80D5      	BSF         T0CON, 0 
;lab5.c,74 :: 		TMR0H = COUNTER >> 8;  // Load Timer 0 counter - 1st TMR0H
0x09EA	0x0EE1      	MOVLW       225
0x09EC	0x6ED7      	MOVWF       TMR0H 
;lab5.c,75 :: 		TMR0L = COUNTER;       // Load Timer 0 counter - 2nd TMR0L
0x09EE	0x0E79      	MOVLW       121
0x09F0	0x6ED6      	MOVWF       TMR0L 
;lab5.c,78 :: 		INTCON.TMR0IF=0;
0x09F2	0x94F2      	BCF         INTCON, 2 
;lab5.c,79 :: 		INTCON.TMR0IE=1;
0x09F4	0x8AF2      	BSF         INTCON, 5 
;lab5.c,81 :: 		T0CON.TMR0ON=1;         // Timer ON
0x09F6	0x8ED5      	BSF         T0CON, 7 
;lab5.c,87 :: 		while(1)
L_main2:
;lab5.c,89 :: 		FloatToStr(freq, str);
0x09F8	0xF043C02A  	MOVFF       _freq, FARG_FloatToStr_fnum
0x09FC	0xF044C02B  	MOVFF       _freq+1, FARG_FloatToStr_fnum+1
0x0A00	0xF045C02C  	MOVFF       _freq+2, FARG_FloatToStr_fnum+2
0x0A04	0xF046C02D  	MOVFF       _freq+3, FARG_FloatToStr_fnum+3
0x0A08	0x0E2F      	MOVLW       _str
0x0A0A	0x6E47      	MOVWF       FARG_FloatToStr_str 
0x0A0C	0x0E00      	MOVLW       hi_addr(_str)
0x0A0E	0x6E48      	MOVWF       FARG_FloatToStr_str+1 
0x0A10	0xDDD3      	RCALL       _FloatToStr
;lab5.c,90 :: 		lcd_cmd(_LCD_CLEAR);
0x0A12	0x0E01      	MOVLW       1
0x0A14	0x6E55      	MOVWF       FARG_Lcd_Cmd_out_char 
0x0A16	0xF000EC5F  	CALL        _Lcd_Cmd, 0
;lab5.c,91 :: 		lcd_out(1,1,str);
0x0A1A	0x0E01      	MOVLW       1
0x0A1C	0x6E43      	MOVWF       FARG_Lcd_Out_row 
0x0A1E	0x0E01      	MOVLW       1
0x0A20	0x6E44      	MOVWF       FARG_Lcd_Out_column 
0x0A22	0x0E2F      	MOVLW       _str
0x0A24	0x6E45      	MOVWF       FARG_Lcd_Out_text 
0x0A26	0x0E00      	MOVLW       hi_addr(_str)
0x0A28	0x6E46      	MOVWF       FARG_Lcd_Out_text+1 
0x0A2A	0xDD89      	RCALL       _Lcd_Out
;lab5.c,92 :: 		Delay_ms(1000);
0x0A2C	0x0E0B      	MOVLW       11
0x0A2E	0x6E0B      	MOVWF       R11, 0
0x0A30	0x0E26      	MOVLW       38
0x0A32	0x6E0C      	MOVWF       R12, 0
0x0A34	0x0E5D      	MOVLW       93
0x0A36	0x6E0D      	MOVWF       R13, 0
L_main4:
0x0A38	0x2E0D      	DECFSZ      R13, 1, 0
0x0A3A	0xD7FE      	BRA         L_main4
0x0A3C	0x2E0C      	DECFSZ      R12, 1, 0
0x0A3E	0xD7FC      	BRA         L_main4
0x0A40	0x2E0B      	DECFSZ      R11, 1, 0
0x0A42	0xD7FA      	BRA         L_main4
0x0A44	0x0000      	NOP
0x0A46	0x0000      	NOP
;lab5.c,93 :: 		}
0x0A48	0xD7D7      	BRA         L_main2
;lab5.c,95 :: 		}
L_end_main:
0x0A4A	0xD7FF      	BRA         $+0
; end of _main
0x0A5C	0xF01EEE10  	LFSR        1, 30
0x0A60	0x0E10      	MOVLW       16
0x0A62	0x6E00      	MOVWF       R0 
0x0A64	0x0E01      	MOVLW       1
0x0A66	0x6E01      	MOVWF       R1 
0x0A68	0x0E4C      	MOVLW       76
0x0A6A	0x6EF6      	MOVWF       4086 
0x0A6C	0x0E0A      	MOVLW       10
0x0A6E	0x6EF7      	MOVWF       TBLPTRH 
0x0A70	0x0E00      	MOVLW       0
0x0A72	0x6EF8      	MOVWF       TBLPTRU 
0x0A74	0xF002EC4C  	CALL        1176, 0
0x0A78	0x0012      	RETURN      0
;__Lib_Conversions.c,0 :: ?ICS?lstr3___Lib_Conversions
0x0A4C	0x4E49 ;?ICS?lstr3___Lib_Conversions+0
0x0A4E	0x0046 ;?ICS?lstr3___Lib_Conversions+2
; end of ?ICS?lstr3___Lib_Conversions
;lab5.c,0 :: ?ICS_pulse_count
0x0A50	0x0000 ;?ICS_pulse_count+0
; end of ?ICS_pulse_count
;__Lib_Conversions.c,0 :: ?ICS?lstr2___Lib_Conversions
0x0A52	0x0030 ;?ICS?lstr2___Lib_Conversions+0
; end of ?ICS?lstr2___Lib_Conversions
;__Lib_Conversions.c,0 :: ?ICS?lstr1___Lib_Conversions
0x0A54	0x614E ;?ICS?lstr1___Lib_Conversions+0
0x0A56	0x004E ;?ICS?lstr1___Lib_Conversions+2
; end of ?ICS?lstr1___Lib_Conversions
;lab5.c,0 :: ?ICS_freq
0x0A58	0x0000 ;?ICS_freq+0
0x0A5A	0x0000 ;?ICS_freq+2
; end of ?ICS_freq
Symbol List:
//** Routines locations **
//ADDRESS    SIZE    PROCEDURE
//----------------------------------------------
0x0008     [144]    _interrupt
0x0098      [22]    _Delay_5500us
0x00AE       [6]    _Delay_1us
0x00B4      [10]    _Delay_50us
0x00BE     [124]    _Lcd_Cmd
0x013A      [26]    _SETFUN32
0x0154      [24]    _SETFOV32
0x016C       [8]    _FIXSIGN32
0x0174      [14]    _RES032
0x0182     [114]    _NRM3232
0x01F4      [30]    _Div_8X8_U
0x0212     [288]    _Mul_32x32_FP
0x0332      [76]    _strcpy
0x037E      [12]    _Lcd_Chr_CP
0x038A     [206]    _Compare_Double
0x0458      [64]    _int2double
0x0498      [16]    ___CC2DW
0x04A8     [150]    _Lcd_Init
0x053E     [122]    _Lcd_Out
0x05B8    [1040]    _FloatToStr
0x09C8     [132]    _main
//** Variables locations ** 
//ADDRESS    SIZE    VARIABLE
//----------------------------------------------
0x0000       [1]    FLASH_Erase_64_SaveINTCON_L0
0x0000       [1]    SPI1_Write_tmp_L0
0x0000       [1]    EEPROM_Write_SaveINTCON_L0
0x0000       [1]    __Lib_SoftI2C_PutZerosToLATSda_temp_sda_L0
0x0000       [1]    R0
0x0000       [1]    UART1_Init_tmp_L0
0x0000       [1]    __Lib_SoftI2C_PutZerosToLATScl_temp_scl_L0
0x0001       [1]    __Lib_TFT_JPEG_FileRead_i_L0
0x0001       [1]    __Lib_TFT_JPEG_FileReadBytes_Result_L0
0x0001       [1]    I2C1_Rd_tmp_L0
0x0001       [1]    FLASH_Erase_Write_64_i_L0
0x0001       [1]    FLASH_Write_8_i_L0
0x0001       [2]    FLASH_Read_N_Bytes_i_L0
0x0001       [1]    R1
0x0001       [1]    __Lib_PS2_Wait_Falling_nsample_L0
0x0001       [1]    ispunct_rslt_L0
0x0001       [1]    UART1_Read___tmp_UART1_Read_L0
0x0001       [1]    __Lib_TFT_16bit_JPEG_FileReadBytes_Result_L0
0x0001       [1]    __Lib_TFT_16bit_JPEG_FileRead_i_L0
0x0002       [2]    memcpy_dd_L0
0x0002       [1]    FLASH_Erase_Write_64_j_L0
0x0002       [1]    R2
0x0002       [1]    FLASH_Write_8_SaveINTCON_L0
0x0002       [2]    strlen_cp_L0
0x0002       [2]    memchr_s_L0
0x0002       [2]    memset_pp_L0
0x0003       [1]    MM_Init_i_L0
0x0003       [2]    MM_TotalFreeMemSize_Tot_L0
0x0003       [1]    R3
0x0003       [2]    memmove_tt_L0
0x0003       [1]    FLASH_Erase_Write_64_SaveINTCON_L0
0x0003       [1]    __Lib_Sprinti_?FLOC____Lib_Sprinti_Do_FillT29
0x0003       [2]    Ltrim_original_L0
0x0003       [2]    __Lib_MmcFat16_f16_toInt_l_L0
0x0004       [2]    strcat_cp_L0
0x0004       [2]    __Lib_MemManager_MM_GetMemAlign_P_L0
0x0004       [1]    __Lib_Sprinti_?FLOC____Lib_Sprinti_Do_FillT40
0x0004       [2]    strncpy_cp_L0
0x0004       [1]    R4
0x0004       [2]    memcpy_ss_L0
0x0004       [2]    strncat_cp_L0
0x0004       [2]    frexp_pom_L0
0x0004       [2]    strcpy_cp_L0
0x0005       [1]    __Lib_Sprinti_?FLOC____Lib_Sprinti_Do_FillT54
0x0005       [2]    memmove_ff_L0
0x0005       [1]    R5
0x0005       [1]    MM_TotalFreeMemSize_i_L0
0x0005       [2]    LongWordToHex_input_half_L0
0x0005       [2]    Ltrim_p_L0
0x0005       [2]    LongIntToHex_input_half_L0
0x0006       [1]    __Lib_Sprinti_?FLOC____Lib_Sprinti_Do_FillT69
0x0006       [1]    __Lib_MemManager_MM_GetMemAlign_i_L0
0x0006       [1]    R6
0x0007       [1]    R7
0x0007       [1]    __Lib_TFT_16bit_JPEG_GenerateHuffmanTables_bLength_L0
0x0007       [1]    __Lib_TFT_JPEG_GenerateHuffmanTables_bLength_L0
0x0008       [1]    R8
0x0008       [1]    __Lib_TFT_JPEG_GenerateHuffmanTables_bTable_L0
0x0008       [1]    __Lib_TFT_16bit_JPEG_GenerateHuffmanTables_bTable_L0
0x0009       [4]    __Lib_MmcFat16_f16_toLong_l_L0
0x0009       [1]    R9
0x000A       [1]    R10
0x000B       [1]    R11
0x000C       [1]    R12
0x000D       [1]    R13
0x000E       [1]    R14
0x000F       [1]    R15
0x0010       [1]    R16
0x0011       [1]    R17
0x0012       [1]    R18
0x0013       [1]    R19
0x0014       [1]    R20
0x001E       [4]    ?lstr3___Lib_Conversions
0x0022       [2]    _pulse_count
0x0024       [2]    ?lstr2___Lib_Conversions
0x0026       [4]    ?lstr1___Lib_Conversions
0x002A       [4]    _freq
0x002E       [0]    __Lib_Lcd_cmd_status
0x002F      [20]    _str
0x0043       [4]    FARG_FloatToStr_fnum
0x0043       [1]    FARG_Lcd_Out_row
0x0044       [1]    FARG_Lcd_Out_column
0x0045       [2]    FARG_Lcd_Out_text
0x0047       [1]    Lcd_Out_i_L0
0x0047       [2]    FARG_FloatToStr_str
0x0049       [1]    FloatToStr_i_L0
0x004A       [1]    FloatToStr_d_L0
0x004B       [4]    FloatToStr_un_L0
0x004F       [1]    FloatToStr_bpoint_L0
0x0050       [1]    FloatToStr_dexpon_L0
0x0051       [1]    FARG_Lcd_Chr_CP_out_char
0x0051       [2]    FARG_strcpy_to
0x0053       [2]    FARG_strcpy_from
0x0055       [1]    FARG_Lcd_Cmd_out_char
0x0F83       [0]    LCD_D5
0x0F83       [0]    LCD_D4
0x0F83       [0]    LCD_D6
0x0F83       [0]    RD5_bit
0x0F83       [0]    RD6_bit
0x0F83       [0]    RD4_bit
0x0F83       [0]    RD7_bit
0x0F83       [0]    LCD_D7
0x0F84       [0]    LCD_RS
0x0F84       [0]    RE1_bit
0x0F84       [0]    RE2_bit
0x0F84       [0]    LCD_EN
0x0F93       [1]    TRISB
0x0F95       [0]    LCD_D4_Direction
0x0F95       [0]    LCD_D7_Direction
0x0F95       [0]    LCD_D6_Direction
0x0F95       [0]    LCD_D5_Direction
0x0F95       [0]    TRISD4_bit
0x0F95       [0]    TRISD5_bit
0x0F95       [0]    TRISD7_bit
0x0F95       [0]    TRISD6_bit
0x0F96       [0]    TRISE2_bit
0x0F96       [0]    TRISE1_bit
0x0F96       [0]    LCD_EN_Direction
0x0F96       [0]    LCD_RS_Direction
0x0FC1       [1]    ADCON1
0x0FD5       [1]    T0CON
0x0FD6       [1]    TMR0L
0x0FD7       [1]    TMR0H
0x0FD8       [1]    STATUS
0x0FD9       [1]    FSR2L
0x0FDA       [1]    FSR2H
0x0FDE       [1]    POSTINC2
0x0FE0       [1]    BSR
0x0FE1       [1]    FSR1L
0x0FE2       [1]    FSR1H
0x0FE4       [1]    PREINC1
0x0FE6       [1]    POSTINC1
0x0FE7       [1]    INDF1
0x0FE8       [1]    WREG
0x0FE9       [1]    FSR0L
0x0FEA       [1]    FSR0H
0x0FEE       [1]    POSTINC0
0x0FF2       [1]    INTCON
0x0FF3       [1]    PRODL
0x0FF4       [1]    PRODH
0x0FF5       [1]    TABLAT
0x0FF6       [1]    TBLPTRL
0x0FF7       [1]    TBLPTRH
0x0FF8       [1]    TBLPTRU
//** Constants locations ** 
//ADDRESS    SIZE    CONSTANT
//----------------------------------------------
0x0A4C       [4]    ?ICS?lstr3___Lib_Conversions
0x0A50       [2]    ?ICS_pulse_count
0x0A52       [2]    ?ICS?lstr2___Lib_Conversions
0x0A54       [4]    ?ICS?lstr1___Lib_Conversions
0x0A58       [4]    ?ICS_freq
//** Label List: ** 
//----------------------------------------------
  L_interrupt0
  L_interrupt1
  L_main2
  L_main3
  L_main4
  L_end_interrupt
  _interrupt
  L__interrupt6
  L_end_main
  _main
  L_ByteToStr0
  L_ByteToStr1
  L_ByteToStr2
  L_ByteToStr3
  L_ByteToStr4
  L_ByteToStr5
  L_WordToStr6
  L_WordToStr7
  L_WordToStr8
  L_WordToStr9
  L_WordToStr10
  L_WordToStr11
  L_WordToStrWithZeros12
  L_WordToStrWithZeros13
  L_WordToStrWithZeros14
  L_WordToStrWithZeros15
  L_WordToStrWithZeros16
  L_ShortToStr17
  L_ShortToStr18
  L_ShortToStr19
  L_ShortToStr20
  L_ShortToStr21
  L_ShortToStr22
  L_IntToStr23
  L_IntToStr24
  L_IntToStr25
  L_IntToStr26
  L_IntToStr27
  L_IntToStr28
  L_IntToStrWithZeros29
  L_IntToStrWithZeros30
  L_IntToStrWithZeros31
  L_IntToStrWithZeros32
  L_IntToStrWithZeros33
  L_IntToStrWithZeros34
  L_IntToStrWithZeros35
  L_IntToStrWithZeros36
  L_IntToStrWithZeros37
  L_LongWordToStr38
  L_LongWordToStr39
  L_LongWordToStr40
  L_LongWordToStr41
  L_LongWordToStr42
  L_LongWordToStr43
  L_LongWordToStrWithZeros44
  L_LongWordToStrWithZeros45
  L_LongWordToStrWithZeros46
  L_LongWordToStrWithZeros47
  L_LongWordToStrWithZeros48
  L_LongToStr49
  L_LongToStr50
  L_LongToStr51
  L_LongToStr52
  L_LongToStr53
  L_LongToStr54
  L_LongIntToStrWithZeros55
  L_LongIntToStrWithZeros56
  L_LongIntToStrWithZeros57
  L_LongIntToStrWithZeros58
  L_LongIntToStrWithZeros59
  L_LongIntToStrWithZeros60
  L_LongIntToStrWithZeros61
  L_LongIntToStrWithZeros62
  L_LongIntToStrWithZeros63
  L_Dec2Bcd64
  L_Dec2Bcd65
  L_Rtrim66
  L_Rtrim67
  L_Rtrim68
  L_Rtrim69
  L_Ltrim70
  L_Ltrim71
  L_Ltrim72
  L_Ltrim73
  L_Ltrim74
  L_Ltrim75
  L_FloatToStr76
  L_FloatToStr77
  L_FloatToStr78
  L_FloatToStr79
  L_FloatToStr80
  L_FloatToStr81
  L_FloatToStr82
  L_FloatToStr83
  L_FloatToStr84
  L_FloatToStr85
  L_FloatToStr86
  L_FloatToStr87
  L_FloatToStr88
  L_FloatToStr89
  L_FloatToStr90
  L_FloatToStr91
  L_FloatToStr92
  L_FloatToStr93
  L_FloatToStr94
  L_FloatToStr95
  L_FloatToStr96
  L_FloatToStr97
  L__Rtrim98
  L__Ltrim99
  L__FloatToStr100
  L_end_ByteToHex
  _ByteToHex
  L_end_ShortToHex
  _ShortToHex
  L_end_WordToHex
  _WordToHex
  L_end_IntToHex
  _IntToHex
  L_end_LongWordToHex
  _LongWordToHex
  L_end_LongIntToHex
  _LongIntToHex
  L_end_ByteToStr
  _ByteToStr
  L_end_WordToStr
  _WordToStr
  L__WordToStr109
  L_end_WordToStrWithZeros
  _WordToStrWithZeros
  L__WordToStrWithZeros111
  L_end_ShortToStr
  _ShortToStr
  L__ShortToStr113
  L_end_IntToStr
  _IntToStr
  L__IntToStr115
  L__IntToStr116
  L_end_IntToStrWithZeros
  _IntToStrWithZeros
  L__IntToStrWithZeros118
  L__IntToStrWithZeros119
  L__IntToStrWithZeros120
  L_end_LongWordToStr
  _LongWordToStr
  L__LongWordToStr122
  L__LongWordToStr123
  L_end_LongWordToStrWithZeros
  _LongWordToStrWithZeros
  L__LongWordToStrWithZeros125
  L_end_LongToStr
  _LongToStr
  L__LongToStr127
  L__LongToStr128
  L_end_LongIntToStrWithZeros
  _LongIntToStrWithZeros
  L__LongIntToStrWithZeros130
  L__LongIntToStrWithZeros131
  L__LongIntToStrWithZeros132
  L_end_Dec2Bcd
  _Dec2Bcd
  L_end_Bcd2Dec
  _Bcd2Dec
  L_end_Bcd2Dec16
  _Bcd2Dec16
  L__Bcd2Dec16136
  L__Bcd2Dec16137
  L_end_Dec2Bcd16
  _Dec2Bcd16
  L__Dec2Bcd16139
  L__Dec2Bcd16140
  L_end_Rtrim
  _Rtrim
  L__Rtrim142
  L_end_Ltrim
  _Ltrim
  L_end_FloatToStr
  _FloatToStr
  L__FloatToStr145
  L__FloatToStr146
  L__FloatToStr147
  L__FloatToStr148
  L__FloatToStr149
  L_memchr0
  L_memchr1
  L_memchr2
  L_memchr3
  L_memcmp4
  L_memcmp5
  L_memcmp6
  L_memcpy7
  L_memcpy8
  L_memmove9
  L_memmove10
  L_memmove11
  L_memmove12
  L_memmove13
  L_memmove14
  L_memmove15
  L_memmove16
  L_memmove17
  L_memmove18
  L_memmove19
  L_memset20
  L_memset21
  L_strcat22
  L_strcat23
  L_strcat24
  L_strcat25
  L_strchr26
  L_strchr27
  L_strchr28
  L_strchr29
  L_strcmp30
  L_strcmp31
  L_strcmp32
  L_strcmp33
  L_strcpy34
  L_strcpy35
  L_strlen36
  L_strlen37
  L_strncat38
  L_strncat39
  L_strncat40
  L_strncat41
  L_strncat42
  L_strncat43
  L_strncat44
  L_strncpy45
  L_strncpy46
  L_strncpy47
  L_strncpy48
  L_strncpy49
  L_strspn50
  L_strspn51
  L_strspn52
  L_strspn53
  L_strcspn54
  L_strcspn55
  L_strcspn56
  L_strcspn57
  L_strncmp58
  L_strncmp59
  L_strncmp60
  L_strncmp61
  L_strncmp62
  L_strpbrk63
  L_strpbrk64
  L_strpbrk65
  L_strrchr66
  L_strrchr67
  L_strrchr68
  L_strrchr69
  L_strstr70
  L_strstr71
  L_strstr72
  L_strstr73
  L_strstr74
  L_strtok75
  L_strtok76
  L_strtok77
  L_strtok78
  L_strtok79
  L__memmove80
  L__strcmp81
  L__strncat82
  L__strspn83
  L__strcspn84
  L__strncmp85
  L__strstr86
  L_end_memchr
  _memchr
  L_end_memcmp
  _memcmp
  L__memcmp89
  L_end_memcpy
  _memcpy
  L_end_memmove
  _memmove
  L__memmove92
  L__memmove93
  L_end_memset
  _memset
  L_end_strcat
  _strcat
  L_end_strchr
  _strchr
  L_end_strcmp
  _strcmp
  L_end_strcpy
  _strcpy
  L_end_strlen
  _strlen
  L_end_strncat
  _strncat
  L__strncat101
  L_end_strncpy
  _strncpy
  L_end_strspn
  _strspn
  L__strspn104
  L_end_strcspn
  _strcspn
  L__strcspn106
  L_end_strncmp
  _strncmp
  L_end_strpbrk
  _strpbrk
  L_end_strrchr
  _strrchr
  L__strrchr110
  L_end_strstr
  _strstr
  L__strstr112
  L__strstr113
  L_end_strtok
  _strtok
  L__strtok115
  L_Delay_10us0
  L_Delay_22us1
  L_Delay_50us2
  L_Delay_80us3
  L_Delay_500us4
  L_Delay_5500us5
  L_Delay_1ms6
  L_Delay_5ms7
  L_Delay_8ms8
  L_Delay_100ms9
  L_Delay_10ms10
  L_Delay_1sec11
  L____Boot_Delay4k12
  L____Boot_Delay8k13
  L____Boot_Delay12k14
  L____Boot_Delay16k15
  L____Boot_Delay24k16
  L____Boot_Delay32k17
  L____Boot_Delay48k18
  L____Boot_Delay64k19
  L____Boot_Delay128k20
  L_Delay_Cyc21
  L_Delay_Cyc22
  L_VDelay_ms23
  L_VDelay_ms24
  L_VDelay_ms25
  L_VDelay_Advanced_ms26
  L_VDelay_Advanced_ms27
  L_VDelay_Advanced_ms28
  L_end_Get_Fosc_kHz
  _Get_Fosc_kHz
  L_end_Delay_1us
  _Delay_1us
  L_end_Delay_10us
  _Delay_10us
  L_end_Delay_22us
  _Delay_22us
  L_end_Delay_50us
  _Delay_50us
  L_end_Delay_80us
  _Delay_80us
  L_end_Delay_500us
  _Delay_500us
  L_end_Delay_5500us
  _Delay_5500us
  L_end_Delay_1ms
  _Delay_1ms
  L_end_Delay_5ms
  _Delay_5ms
  L_end_Delay_8ms
  _Delay_8ms
  L_end_Delay_100ms
  _Delay_100ms
  L_end_Delay_10ms
  _Delay_10ms
  L_end_Delay_1sec
  _Delay_1sec
  L_end____Boot_Delay4k
  ____Boot_Delay4k
  L_end____Boot_Delay8k
  ____Boot_Delay8k
  L_end____Boot_Delay12k
  ____Boot_Delay12k
  L_end____Boot_Delay16k
  ____Boot_Delay16k
  L_end____Boot_Delay24k
  ____Boot_Delay24k
  L_end____Boot_Delay32k
  ____Boot_Delay32k
  L_end____Boot_Delay48k
  ____Boot_Delay48k
  L_end____Boot_Delay64k
  ____Boot_Delay64k
  L_end____Boot_Delay128k
  ____Boot_Delay128k
  L_end_Delay_Cyc
  _Delay_Cyc
  L_end_VDelay_ms
  _VDelay_ms
  L__VDelay_ms54
  L__VDelay_ms55
  L__VDelay_ms56
  L_end_VDelay_Advanced_ms
  _VDelay_Advanced_ms
  L__VDelay_Advanced_ms58
  L__VDelay_Advanced_ms59
  L__VDelay_Advanced_ms60
  L_Lcd_Cmd0
  L_Lcd_Cmd1
  L_Lcd_Out_CP2
  L_Lcd_Out_CP3
  L_Lcd_Chr4
  L_Lcd_Chr5
  L_Lcd_Chr6
  L_Lcd_Chr7
  L_Lcd_Chr8
  L_Lcd_Chr9
  L_Lcd_Chr10
  L_Lcd_Out11
  L_Lcd_Out12
  L_Lcd_Out13
  L_Lcd_Out14
  L_Lcd_Out15
  L_Lcd_Out16
  L_Lcd_Out17
  L_Lcd_Out18
  L_Lcd_Out19
  L_end_Lcd_Cmd
  _Lcd_Cmd
  L__Lcd_Cmd21
  L__Lcd_Cmd22
  L__Lcd_Cmd23
  L__Lcd_Cmd24
  L__Lcd_Cmd25
  L__Lcd_Cmd26
  L__Lcd_Cmd27
  L__Lcd_Cmd28
  L__Lcd_Cmd29
  L__Lcd_Cmd30
  L__Lcd_Cmd31
  L__Lcd_Cmd32
  L__Lcd_Cmd33
  L__Lcd_Cmd34
  L__Lcd_Cmd35
  L__Lcd_Cmd36
  L__Lcd_Cmd37
  L__Lcd_Cmd38
  L__Lcd_Cmd39
  L__Lcd_Cmd40
  L_end_Lcd_Chr_CP
  _Lcd_Chr_CP
  L_end_Lcd_Out_CP
  _Lcd_Out_CP
  L_end_Lcd_Chr
  _Lcd_Chr
  L_end_Lcd_Init
  _Lcd_Init
  L_end_Lcd_Out
  _Lcd_Out
  L_Div_16x16_S0
  L_Div_16x16_S1
  LOOPS3232A
  SADD22LA
  SOK22LA
  SADD22L8
  SOK22L8
  LOOPS3232B
  SADD22LB
  SOK22LB
  SADD22L16
  SOK22L16
  LOOPS3232C
  SADD22LC
  SOK22LC
  SADD22L24
  SOK22L24
  LOOPS3232D
  SADD22LD
  SOK22LD
  SOK22L
  L_Div_32x32_S6
  L_Div_32x32_S7
  L_Div_32x32_S8
  L_Div_32x32_S9
  FXD3232S
  END_ALL
  CA3232S
  C3232SX
  C3232SX1
  C3232S
  C3232S2
  C3232SX4
  C3232SOK
  C3232SX3
  C3232SX2
  avoid_comfrem
  LOOPU3232A
  UADD22LA
  UOK22LA
  UADD22L8
  UOK22L8
  LOOPU3232B
  UADD22LB
  UOK22LB
  UADD22L16
  UOK22L16
  LOOPU3232C
  UADD22LC
  UOK22LC
  UADD22L24
  UOK22L24
  LOOPU3232D
  UADD22LD
  UOK22LD
  UOK22L
  _NEXT
  _EXIT2
  _LOOP
  _EXIT1
  _IF_FIRST
  _IF_SECOND
  _INVERCE_FIRST
  _MULT
  _INBERSE_SECOND
  _EXIT
  L_end_Div_8X8_U
  _Div_8X8_U
  L_end_Div_16X16_U
  _Div_16X16_U
  L_end_Div_16x16_S_L
  _Div_16x16_S_L
  L_end_Div_16x16_S
  _Div_16x16_S
  L_end_Div_8X8_S
  _Div_8X8_S
  L_end_Mul_8X8_S
  _Mul_8X8_S
  L_end_Mul_16X16_U
  _Mul_16X16_U
  L_end_Mul_16X16_S
  _Mul_16X16_S
  L_end_SDIV3232L
  _SDIV3232L
  L_end_COMFREM
  _COMFREM
  L_end_Div_32x32_S
  _Div_32x32_S
  L_end_Div_32x32_U
  _Div_32x32_U
  L_end_Mul_32x32_U
  _Mul_32x32_U
  L_end_Mul_32x32_S
  _Mul_32x32_S
  SETFOV32EEE
  SETFUN32EEE
  NRMRND4032
  NRM40JPSETFOV32
  NRM4032
  NRM4032A
  TNIB4032
  NORM4032
  TNORMUN4032
  NRM40JPSETFUN32
  NRM40JPFIXSIGN32
  NRM4032B
  TNIB4032A
  NORM4032A
  NRM4032C
  TNIB4032B
  NORM4032B
  NRM40JPRES032
  TNIB4032C
  NORM4032C
  NRM40EEE
  NORM3232
  JPNRES032
  JPNSETFUN32
  NORM3232A
  JMPNFIXSIGN32
  NORM32EEE
  SETIOV3224EEE
  FPA32
  USEA32
  USEB32
  BRETURN32
  BLIGNED32
  BNIB32
  BNIB32A
  BNIB32B
  BNIB32C
  ADDEOK
  BLOOP32C
  BLOOP32B
  BLOOP32A
  BLOOP32
  AOK32
  BNE032
  ALIGNED32
  ANIB32
  ANIB32A
  ANIB32B
  ANIB32C
  ALOOP32C
  ALOOP32B
  ALOOP32A
  ALOOP32
  ACOMP32
  ADDJPNRMRND4032
  ADDJPSETFOV32
  ADDJPNRM4032
  ADDEEE
  FPS32
  FPM32
  MULJPRES032
  M32BNE0
  MTUN32
  MULJPSETFOV32
  MOK32
  MULJPSETFUN32
  MROUND32
  MUL32OK
  MULEEE
  L_Div_32x32_FP11
  L_Div_32x32_FP12
  L_Div_32x32_FP13
  L_Div_32x32_FP14
  FPD32
  JPDSETFDZ32
  JPDRES032
  D32BNE0
  TALIGN32
  TS1ALIGN32
  TS2ALIGN32
  DALIGN32OK
  ALTB32
  AGEB32
  JPDSETFOV32
  DARGOK32
  JPDSETFUN32
  DLOOP32
  DS132
  DS232
  DREST32
  DOK32
  DAREST32
  DROUND32
  DIV32OK
  DIV32EEE
  INT3232U
  INT3232UEOK
  SETEXP32U
  SETIOV32U
  TSHIFT3232U
  SHIFT3232UOK
  SHIFT3232U
  INT3232UOK
  JPLSETIOV3224
  IRES032U
  INT3232UEER
  INT3232UEEE
  INT3232
  INT3232EOK
  SETIOV32
  TSHIFT3232
  SHIFT3232OK
  SHIFT3232
  INT3232OK
  JPISETIOV3224
  IRES032
  INT3232EER
  INT3232EEE
  INT3216
  IRES016
  SETIOV16
  TSHIFT3216
  SHIFT3216OK
  SHIFT3216
  INT3216OK
  JPJSETIOV3224
  INT3216EOK
  INT3216EER
  INT3216EEE
  INT3216U
  IRES016U
  SETEXP16U
  SETIOV16U
  TSHIFT3216U
  SHIFT3216UOK
  SHIFT3216U
  INT3216UOK
  JPKSETIOV3224
  INT3216UEOK
  INT3216UEER
  INT3216UEEE
  INT32U08
  IRES008
  SETEXP08
  SETIOV08
  TSHIFT3208
  SHIFT3208OK
  SHIFT3208
  INT3208OK
  D2B_JPKSETIOV3224
  INT3208EOK
  INT3208EER
  INT3208EEE
  FLO08U32
  FLO1632
  FLO1632EEE
  FLO16U32
  FLO3232
  FLO3232EEE
  FLO32U32
  EQU_FALSE
  COMPARE_EQU
  COMPARE_NOTZERO
  COMPARE_XNOTZERO
  COMPARE_YNOTZERO
  COMPARE_LT
  COMPARE_GT
  COMPARE_TESTALL
  COMPARE_C1
  GT_FALSE
  GT_TRUE
  COMPARE_C2
  COMPARE_C3
  L_end_SETFOV32
  _SETFOV32
  L_end_SETFDZ32
  _SETFDZ32
  L_end_FIXSIGN32
  _FIXSIGN32
  L_end_RES032
  _RES032
  L_end_SETFUN32
  _SETFUN32
  L_end_NRM4032
  _NRM4032
  L_end_NRM3232
  _NRM3232
  L_end_SETIOV3224
  _SETIOV3224
  L_end_Add_32x32_FP
  _Add_32x32_FP
  L_end_Sub_32x32_FP
  _Sub_32x32_FP
  L_end_Mul_32x32_FP
  _Mul_32x32_FP
  L_end_Div_32x32_FP
  _Div_32x32_FP
  L_end_double2longword
  _double2longword
  L_end_double2longint
  _double2longint
  L_end_double2int
  _double2int
  L_end_double2word
  _double2word
  L_end_double2byte
  _double2byte
  L_end_byte2double
  _byte2double
  L_end_int2double
  _int2double
  L_end_word2double
  _word2double
  L_end_longint2double
  _longint2double
  L_end_longword2double
  _longword2double
  L_end_Equals_Double
  _Equals_Double
  L_end_Compare_Double
  _Compare_Double
  _CC2D_Loop1
  _CC2DL_Loop1
  L_loopCA2AWs
  L_loopCCA2AWs
  L_loopCS2Ss
  L_CS2Send
  L_loopCCS2Ss
  L_CCS2Send
  L_loopFZinSWs
  L_longjmp7
  L_end___CC2D
  ___CC2D
  L_end___CC2DW
  ___CC2DW
  L_end___CA2AW
  ___CA2AW
  L_end___CCA2AW
  ___CCA2AW
  L_end___CS2S
  ___CS2S
  L_end___CCS2S
  ___CCS2S
  L_end___FZinS
  ___FZinS
  L_end_____DoIFC
  _____DoIFC
  L_end_Swap
  _Swap
  L_end_setjmp
  _setjmp
  L_end_longjmp
  _longjmp
  L_interrupt0
  L_interrupt1
  L_main2
  L_main3
  L_main4
  L_end_interrupt
  _interrupt
  L__interrupt6
  L_end_main
  _main
  SETFOV32EEE
  SETFUN32EEE
  NRMRND4032
  NRM40JPSETFOV32
  NRM4032
  NRM4032A
  TNIB4032
  NORM4032
  TNORMUN4032
  NRM40JPSETFUN32
  NRM40JPFIXSIGN32
  NRM4032B
  TNIB4032A
  NORM4032A
  NRM4032C
  TNIB4032B
  NORM4032B
  NRM40JPRES032
  TNIB4032C
  NORM4032C
  NRM40EEE
  NORM3232
  JPNRES032
  JPNSETFUN32
  NORM3232A
  JMPNFIXSIGN32
  NORM32EEE
  SETIOV3224EEE
  FPA32
  USEA32
  USEB32
  BRETURN32
  BLIGNED32
  BNIB32
  BNIB32A
  BNIB32B
  BNIB32C
  ADDEOK
  BLOOP32C
  BLOOP32B
  BLOOP32A
  BLOOP32
  AOK32
  BNE032
  ALIGNED32
  ANIB32
  ANIB32A
  ANIB32B
  ANIB32C
  ALOOP32C
  ALOOP32B
  ALOOP32A
  ALOOP32
  ACOMP32
  ADDJPNRMRND4032
  ADDJPSETFOV32
  ADDJPNRM4032
  ADDEEE
  FPS32
  FPM32
  MULJPRES032
  M32BNE0
  MTUN32
  MULJPSETFOV32
  MOK32
  MULJPSETFUN32
  MROUND32
  MUL32OK
  MULEEE
  L_Div_32x32_FP11
  L_Div_32x32_FP12
  L_Div_32x32_FP13
  L_Div_32x32_FP14
  FPD32
  JPDSETFDZ32
  JPDRES032
  D32BNE0
  TALIGN32
  TS1ALIGN32
  TS2ALIGN32
  DALIGN32OK
  ALTB32
  AGEB32
  JPDSETFOV32
  DARGOK32
  JPDSETFUN32
  DLOOP32
  DS132
  DS232
  DREST32
  DOK32
  DAREST32
  DROUND32
  DIV32OK
  DIV32EEE
  INT3232U
  INT3232UEOK
  SETEXP32U
  SETIOV32U
  TSHIFT3232U
  SHIFT3232UOK
  SHIFT3232U
  INT3232UOK
  JPLSETIOV3224
  IRES032U
  INT3232UEER
  INT3232UEEE
  INT3232
  INT3232EOK
  SETIOV32
  TSHIFT3232
  SHIFT3232OK
  SHIFT3232
  INT3232OK
  JPISETIOV3224
  IRES032
  INT3232EER
  INT3232EEE
  INT3216
  IRES016
  SETIOV16
  TSHIFT3216
  SHIFT3216OK
  SHIFT3216
  INT3216OK
  JPJSETIOV3224
  INT3216EOK
  INT3216EER
  INT3216EEE
  INT3216U
  IRES016U
  SETEXP16U
  SETIOV16U
  TSHIFT3216U
  SHIFT3216UOK
  SHIFT3216U
  INT3216UOK
  JPKSETIOV3224
  INT3216UEOK
  INT3216UEER
  INT3216UEEE
  INT32U08
  IRES008
  SETEXP08
  SETIOV08
  TSHIFT3208
  SHIFT3208OK
  SHIFT3208
  INT3208OK
  D2B_JPKSETIOV3224
  INT3208EOK
  INT3208EER
  INT3208EEE
  FLO08U32
  FLO1632
  FLO1632EEE
  FLO16U32
  FLO3232
  FLO3232EEE
  FLO32U32
  EQU_FALSE
  COMPARE_EQU
  COMPARE_NOTZERO
  COMPARE_XNOTZERO
  COMPARE_YNOTZERO
  COMPARE_LT
  COMPARE_GT
  COMPARE_TESTALL
  COMPARE_C1
  GT_FALSE
  GT_TRUE
  COMPARE_C2
  COMPARE_C3
  L_end_SETFOV32
  _SETFOV32
  L_end_SETFDZ32
  _SETFDZ32
  L_end_FIXSIGN32
  _FIXSIGN32
  L_end_RES032
  _RES032
  L_end_SETFUN32
  _SETFUN32
  L_end_NRM4032
  _NRM4032
  L_end_NRM3232
  _NRM3232
  L_end_SETIOV3224
  _SETIOV3224
  L_end_Add_32x32_FP
  _Add_32x32_FP
  L_end_Sub_32x32_FP
  _Sub_32x32_FP
  L_end_Mul_32x32_FP
  _Mul_32x32_FP
  L_end_Div_32x32_FP
  _Div_32x32_FP
  L_end_double2longword
  _double2longword
  L_end_double2longint
  _double2longint
  L_end_double2int
  _double2int
  L_end_double2word
  _double2word
  L_end_double2byte
  _double2byte
  L_end_byte2double
  _byte2double
  L_end_int2double
  _int2double
  L_end_word2double
  _word2double
  L_end_longint2double
  _longint2double
  L_end_longword2double
  _longword2double
  L_end_Equals_Double
  _Equals_Double
  L_end_Compare_Double
  _Compare_Double
