;  LST file generated by mikroListExporter - v.2.0 
; Date/Time: 07/04/2017 12:11:13
;----------------------------------------------

;Address Opcode 	ASM
0x0000	0xF002EF12  	GOTO        1060
_interrupt:
;calculadoraLCD.c,18 :: 		void interrupt(void){
0x0008	0xF018C000  	MOVFF       R0, 24
0x000C	0xF017C001  	MOVFF       R1, 23
0x0010	0xF016C00C  	MOVFF       R12, 22
0x0014	0xF015C00D  	MOVFF       R13, 21
;calculadoraLCD.c,19 :: 		if(INTCON.RBIF)
0x0018	0xA0F2      	BTFSS       INTCON, 0 
0x001A	0xD045      	BRA         L_interrupt0
;calculadoraLCD.c,23 :: 		for(i = 0, xx = 0x0f; (i < 4) && (xx==0x0f); i++)
0x001C	0x6A22      	CLRF        interrupt_i_L1 
0x001E	0x0E0F      	MOVLW       15
0x0020	0x6E19      	MOVWF       _xx 
L_interrupt1:
0x0022	0x0E04      	MOVLW       4
0x0024	0x5C22      	SUBWF       interrupt_i_L1, 0 
0x0026	0xE225      	BC          L_interrupt2
0x0028	0x5019      	MOVF        _xx, 0 
0x002A	0x0A0F      	XORLW       15
0x002C	0xE122      	BNZ         L_interrupt2
L__interrupt10:
;calculadoraLCD.c,25 :: 		PORTB.RB0 = 1; // digital output
0x002E	0x8081      	BSF         PORTB, 0 
;calculadoraLCD.c,26 :: 		PORTB.RB1 = 1;
0x0030	0x8281      	BSF         PORTB, 1 
;calculadoraLCD.c,27 :: 		PORTB.RB2 = 1;
0x0032	0x8481      	BSF         PORTB, 2 
;calculadoraLCD.c,28 :: 		PORTB.RB3 = 1;
0x0034	0x8681      	BSF         PORTB, 3 
;calculadoraLCD.c,31 :: 		if(i==0)PORTB.RB0 = 0; // digital output
0x0036	0x5022      	MOVF        interrupt_i_L1, 0 
0x0038	0x0A00      	XORLW       0
0x003A	0xB4D8      	BTFSC       STATUS, 2 
0x003C	0x9081      	BCF         PORTB, 0 
L_interrupt6:
;calculadoraLCD.c,32 :: 		if(i==1)PORTB.RB1 = 0;
0x003E	0x5022      	MOVF        interrupt_i_L1, 0 
0x0040	0x0A01      	XORLW       1
0x0042	0xB4D8      	BTFSC       STATUS, 2 
0x0044	0x9281      	BCF         PORTB, 1 
L_interrupt7:
;calculadoraLCD.c,33 :: 		if(i==2)PORTB.RB2 = 0;
0x0046	0x5022      	MOVF        interrupt_i_L1, 0 
0x0048	0x0A02      	XORLW       2
0x004A	0xB4D8      	BTFSC       STATUS, 2 
0x004C	0x9481      	BCF         PORTB, 2 
L_interrupt8:
;calculadoraLCD.c,34 :: 		if(i==3)PORTB.RB3 = 0;
0x004E	0x5022      	MOVF        interrupt_i_L1, 0 
0x0050	0x0A03      	XORLW       3
0x0052	0xB4D8      	BTFSC       STATUS, 2 
0x0054	0x9681      	BCF         PORTB, 3 
L_interrupt9:
;calculadoraLCD.c,35 :: 		xx = PORTB >> 4;
0x0056	0xF000CF81  	MOVFF       PORTB, R0
0x005A	0x3200      	RRCF        R0, 1 
0x005C	0x9E00      	BCF         R0, 7 
0x005E	0x3200      	RRCF        R0, 1 
0x0060	0x9E00      	BCF         R0, 7 
0x0062	0x3200      	RRCF        R0, 1 
0x0064	0x9E00      	BCF         R0, 7 
0x0066	0x3200      	RRCF        R0, 1 
0x0068	0x9E00      	BCF         R0, 7 
0x006A	0xF019C000  	MOVFF       R0, _xx
;calculadoraLCD.c,23 :: 		for(i = 0, xx = 0x0f; (i < 4) && (xx==0x0f); i++)
0x006E	0x2A22      	INCF        interrupt_i_L1, 1 
;calculadoraLCD.c,36 :: 		}
0x0070	0xD7D8      	BRA         L_interrupt1
L_interrupt2:
;calculadoraLCD.c,38 :: 		Lcd_Cmd(_LCD_CLEAR);
0x0072	0x0E01      	MOVLW       1
0x0074	0x6E34      	MOVWF       FARG_Lcd_Cmd_out_char 
0x0076	0xD84E      	RCALL       _Lcd_Cmd
;calculadoraLCD.c,39 :: 		IntToStr(PORTB, text);
0x0078	0xF023CF81  	MOVFF       PORTB, FARG_IntToStr_input
0x007C	0x0E00      	MOVLW       0
0x007E	0x6E24      	MOVWF       FARG_IntToStr_input+1 
0x0080	0x0E1B      	MOVLW       interrupt_text_L1
0x0082	0x6E25      	MOVWF       FARG_IntToStr_output 
0x0084	0x0E00      	MOVLW       hi_addr(interrupt_text_L1)
0x0086	0x6E26      	MOVWF       FARG_IntToStr_output+1 
0x0088	0xD961      	RCALL       _IntToStr
;calculadoraLCD.c,40 :: 		Lcd_Out(1,1,text);
0x008A	0x0E01      	MOVLW       1
0x008C	0x6E23      	MOVWF       FARG_Lcd_Out_row 
0x008E	0x0E01      	MOVLW       1
0x0090	0x6E24      	MOVWF       FARG_Lcd_Out_column 
0x0092	0x0E1B      	MOVLW       interrupt_text_L1
0x0094	0x6E25      	MOVWF       FARG_Lcd_Out_text 
0x0096	0x0E00      	MOVLW       hi_addr(interrupt_text_L1)
0x0098	0x6E26      	MOVWF       FARG_Lcd_Out_text+1 
0x009A	0xD91B      	RCALL       _Lcd_Out
;calculadoraLCD.c,42 :: 		INTCON.RBIF = 0;
0x009C	0x90F2      	BCF         INTCON, 0 
;calculadoraLCD.c,43 :: 		PORTB.RB0 = 0; // digital output
0x009E	0x9081      	BCF         PORTB, 0 
;calculadoraLCD.c,44 :: 		PORTB.RB1 = 0;
0x00A0	0x9281      	BCF         PORTB, 1 
;calculadoraLCD.c,45 :: 		PORTB.RB2 = 0;
0x00A2	0x9481      	BCF         PORTB, 2 
;calculadoraLCD.c,46 :: 		PORTB.RB3 = 0;
0x00A4	0x9681      	BCF         PORTB, 3 
;calculadoraLCD.c,47 :: 		}
L_interrupt0:
;calculadoraLCD.c,48 :: 		}
L_end_interrupt:
L__interrupt12:
0x00A6	0xF000C018  	MOVFF       24, R0
0x00AA	0xF001C017  	MOVFF       23, R1
0x00AE	0xF00CC016  	MOVFF       22, R12
0x00B2	0xF00DC015  	MOVFF       21, R13
0x00B6	0x0011      	RETFIE      1
; end of _interrupt
_Delay_5500us:
;__Lib_Delays.c,31 :: 		void Delay_5500us() {
;__Lib_Delays.c,32 :: 		Delay_us(5500);
0x00B8	0x0E0F      	MOVLW       15
0x00BA	0x6E0C      	MOVWF       R12, 0
0x00BC	0x0E47      	MOVLW       71
0x00BE	0x6E0D      	MOVWF       R13, 0
L_Delay_5500us5:
0x00C0	0x2E0D      	DECFSZ      R13, 1, 0
0x00C2	0xD7FE      	BRA         L_Delay_5500us5
0x00C4	0x2E0C      	DECFSZ      R12, 1, 0
0x00C6	0xD7FC      	BRA         L_Delay_5500us5
0x00C8	0x0000      	NOP
0x00CA	0x0000      	NOP
;__Lib_Delays.c,33 :: 		}
L_end_Delay_5500us:
0x00CC	0x0012      	RETURN      0
; end of _Delay_5500us
_Delay_1us:
;__Lib_Delays.c,7 :: 		void Delay_1us() {
;__Lib_Delays.c,8 :: 		Delay_us(1);
0x00CE	0x0000      	NOP
0x00D0	0x0000      	NOP
;__Lib_Delays.c,9 :: 		}
L_end_Delay_1us:
0x00D2	0x0012      	RETURN      0
; end of _Delay_1us
_Delay_50us:
;__Lib_Delays.c,19 :: 		void Delay_50us() {
;__Lib_Delays.c,20 :: 		Delay_us(50);
0x00D4	0x0E21      	MOVLW       33
0x00D6	0x6E0D      	MOVWF       R13, 0
L_Delay_50us2:
0x00D8	0x2E0D      	DECFSZ      R13, 1, 0
0x00DA	0xD7FE      	BRA         L_Delay_50us2
;__Lib_Delays.c,21 :: 		}
L_end_Delay_50us:
0x00DC	0x0012      	RETURN      0
; end of _Delay_50us
_Div_16x16_U:
;__Lib_Math.c,102 :: 		
;__Lib_Math.c,109 :: 		
0x00DE	0x6A08      	CLRF        R8, 0
;__Lib_Math.c,110 :: 		
0x00E0	0x6A09      	CLRF        R9, 0
;__Lib_Math.c,111 :: 		
0x00E2	0x0E10      	MOVLW       16
;__Lib_Math.c,112 :: 		
0x00E4	0x6E0C      	MOVWF       R12, 0
;__Lib_Math.c,113 :: 		
0x00E6	0x3401      	RLCF        R1, 0, 0
;__Lib_Math.c,114 :: 		
0x00E8	0x3608      	RLCF        R8, 1, 0
;__Lib_Math.c,115 :: 		
0x00EA	0x3609      	RLCF        R9, 1, 0
;__Lib_Math.c,116 :: 		
0x00EC	0x5004      	MOVF        R4, 0, 0
;__Lib_Math.c,117 :: 		
0x00EE	0x5E08      	SUBWF       R8, 1, 0
;__Lib_Math.c,118 :: 		
0x00F0	0x5005      	MOVF        R5, 0, 0
;__Lib_Math.c,119 :: 		
0x00F2	0xA0D8      	BTFSS       STATUS, 0, 0
;__Lib_Math.c,120 :: 		
0x00F4	0x3C05      	INCFSZ      R5, 0, 0
;__Lib_Math.c,121 :: 		
0x00F6	0x5E09      	SUBWF       R9, 1, 0
;__Lib_Math.c,122 :: 		
0x00F8	0xB0D8      	BTFSC       STATUS, 0, 0
;__Lib_Math.c,123 :: 		
0x00FA	0xD007      	BRA         $+16
;__Lib_Math.c,124 :: 		
0x00FC	0x5004      	MOVF        R4, 0, 0
;__Lib_Math.c,125 :: 		
0x00FE	0x2608      	ADDWF       R8, 1, 0
;__Lib_Math.c,126 :: 		
0x0100	0x5005      	MOVF        R5, 0, 0
;__Lib_Math.c,127 :: 		
0x0102	0xB0D8      	BTFSC       STATUS, 0, 0
;__Lib_Math.c,128 :: 		
0x0104	0x3C05      	INCFSZ      R5, 0, 0
;__Lib_Math.c,129 :: 		
0x0106	0x2609      	ADDWF       R9, 1, 0
;__Lib_Math.c,130 :: 		
0x0108	0x90D8      	BCF         STATUS, 0, 0
;__Lib_Math.c,131 :: 		
0x010A	0x3600      	RLCF        R0, 1, 0
;__Lib_Math.c,132 :: 		
0x010C	0x3601      	RLCF        R1, 1, 0
;__Lib_Math.c,133 :: 		
0x010E	0x2E0C      	DECFSZ      R12, 1, 0
;__Lib_Math.c,134 :: 		
0x0110	0xD7EA      	BRA         $-42
;__Lib_Math.c,136 :: 		
L_end_Div_16x16_U:
0x0112	0x0012      	RETURN      0
; end of _Div_16x16_U
_Lcd_Cmd:
;__Lib_Lcd.c,18 :: 		
;__Lib_Lcd.c,20 :: 		
0x0114	0xBE34      	BTFSC       FARG_Lcd_Cmd_out_char, 7 
0x0116	0xD002      	BRA         L__Lcd_Cmd21
0x0118	0x9E83      	BCF         LCD_D7, BitPos(LCD_D7+0) 
0x011A	0xD001      	BRA         L__Lcd_Cmd22
L__Lcd_Cmd21:
0x011C	0x8E83      	BSF         LCD_D7, BitPos(LCD_D7+0) 
L__Lcd_Cmd22:
;__Lib_Lcd.c,21 :: 		
0x011E	0xBC34      	BTFSC       FARG_Lcd_Cmd_out_char, 6 
0x0120	0xD002      	BRA         L__Lcd_Cmd23
0x0122	0x9C83      	BCF         LCD_D6, BitPos(LCD_D6+0) 
0x0124	0xD001      	BRA         L__Lcd_Cmd24
L__Lcd_Cmd23:
0x0126	0x8C83      	BSF         LCD_D6, BitPos(LCD_D6+0) 
L__Lcd_Cmd24:
;__Lib_Lcd.c,22 :: 		
0x0128	0xBA34      	BTFSC       FARG_Lcd_Cmd_out_char, 5 
0x012A	0xD002      	BRA         L__Lcd_Cmd25
0x012C	0x9A83      	BCF         LCD_D5, BitPos(LCD_D5+0) 
0x012E	0xD001      	BRA         L__Lcd_Cmd26
L__Lcd_Cmd25:
0x0130	0x8A83      	BSF         LCD_D5, BitPos(LCD_D5+0) 
L__Lcd_Cmd26:
;__Lib_Lcd.c,23 :: 		
0x0132	0xB834      	BTFSC       FARG_Lcd_Cmd_out_char, 4 
0x0134	0xD002      	BRA         L__Lcd_Cmd27
0x0136	0x9883      	BCF         LCD_D4, BitPos(LCD_D4+0) 
0x0138	0xD001      	BRA         L__Lcd_Cmd28
L__Lcd_Cmd27:
0x013A	0x8883      	BSF         LCD_D4, BitPos(LCD_D4+0) 
L__Lcd_Cmd28:
;__Lib_Lcd.c,25 :: 		
0x013C	0xB01A      	BTFSC       __Lib_Lcd_cmd_status, BitPos(__Lib_Lcd_cmd_status+0) 
0x013E	0xD002      	BRA         L__Lcd_Cmd29
0x0140	0x8484      	BSF         LCD_RS, BitPos(LCD_RS+0) 
0x0142	0xD001      	BRA         L__Lcd_Cmd30
L__Lcd_Cmd29:
0x0144	0x9484      	BCF         LCD_RS, BitPos(LCD_RS+0) 
L__Lcd_Cmd30:
;__Lib_Lcd.c,28 :: 		
0x0146	0x8284      	BSF         LCD_EN, BitPos(LCD_EN+0) 
;__Lib_Lcd.c,29 :: 		
0x0148	0xDFC2      	RCALL       _Delay_1us
;__Lib_Lcd.c,30 :: 		
0x014A	0x9284      	BCF         LCD_EN, BitPos(LCD_EN+0) 
;__Lib_Lcd.c,33 :: 		
0x014C	0xB634      	BTFSC       FARG_Lcd_Cmd_out_char, 3 
0x014E	0xD002      	BRA         L__Lcd_Cmd31
0x0150	0x9E83      	BCF         LCD_D7, BitPos(LCD_D7+0) 
0x0152	0xD001      	BRA         L__Lcd_Cmd32
L__Lcd_Cmd31:
0x0154	0x8E83      	BSF         LCD_D7, BitPos(LCD_D7+0) 
L__Lcd_Cmd32:
;__Lib_Lcd.c,34 :: 		
0x0156	0xB434      	BTFSC       FARG_Lcd_Cmd_out_char, 2 
0x0158	0xD002      	BRA         L__Lcd_Cmd33
0x015A	0x9C83      	BCF         LCD_D6, BitPos(LCD_D6+0) 
0x015C	0xD001      	BRA         L__Lcd_Cmd34
L__Lcd_Cmd33:
0x015E	0x8C83      	BSF         LCD_D6, BitPos(LCD_D6+0) 
L__Lcd_Cmd34:
;__Lib_Lcd.c,35 :: 		
0x0160	0xB234      	BTFSC       FARG_Lcd_Cmd_out_char, 1 
0x0162	0xD002      	BRA         L__Lcd_Cmd35
0x0164	0x9A83      	BCF         LCD_D5, BitPos(LCD_D5+0) 
0x0166	0xD001      	BRA         L__Lcd_Cmd36
L__Lcd_Cmd35:
0x0168	0x8A83      	BSF         LCD_D5, BitPos(LCD_D5+0) 
L__Lcd_Cmd36:
;__Lib_Lcd.c,36 :: 		
0x016A	0xB034      	BTFSC       FARG_Lcd_Cmd_out_char, 0 
0x016C	0xD002      	BRA         L__Lcd_Cmd37
0x016E	0x9883      	BCF         LCD_D4, BitPos(LCD_D4+0) 
0x0170	0xD001      	BRA         L__Lcd_Cmd38
L__Lcd_Cmd37:
0x0172	0x8883      	BSF         LCD_D4, BitPos(LCD_D4+0) 
L__Lcd_Cmd38:
;__Lib_Lcd.c,38 :: 		
0x0174	0xB01A      	BTFSC       __Lib_Lcd_cmd_status, BitPos(__Lib_Lcd_cmd_status+0) 
0x0176	0xD002      	BRA         L__Lcd_Cmd39
0x0178	0x8484      	BSF         LCD_RS, BitPos(LCD_RS+0) 
0x017A	0xD001      	BRA         L__Lcd_Cmd40
L__Lcd_Cmd39:
0x017C	0x9484      	BCF         LCD_RS, BitPos(LCD_RS+0) 
L__Lcd_Cmd40:
;__Lib_Lcd.c,40 :: 		
0x017E	0x8284      	BSF         LCD_EN, BitPos(LCD_EN+0) 
;__Lib_Lcd.c,41 :: 		
0x0180	0xDFA6      	RCALL       _Delay_1us
;__Lib_Lcd.c,42 :: 		
0x0182	0x9284      	BCF         LCD_EN, BitPos(LCD_EN+0) 
;__Lib_Lcd.c,44 :: 		
0x0184	0xA01A      	BTFSS       __Lib_Lcd_cmd_status, BitPos(__Lib_Lcd_cmd_status+0) 
0x0186	0xD002      	BRA         L_Lcd_Cmd0
;__Lib_Lcd.c,45 :: 		
0x0188	0xDF97      	RCALL       _Delay_5500us
0x018A	0xD001      	BRA         L_Lcd_Cmd1
L_Lcd_Cmd0:
;__Lib_Lcd.c,47 :: 		
0x018C	0xDFA3      	RCALL       _Delay_50us
L_Lcd_Cmd1:
;__Lib_Lcd.c,48 :: 		
L_end_Lcd_Cmd:
0x018E	0x0012      	RETURN      0
; end of _Lcd_Cmd
_WordToStr:
;__Lib_Conversions.c,84 :: 		
;__Lib_Conversions.c,89 :: 		
0x0190	0x6A31      	CLRF        WordToStr_len_L0 
L_WordToStr6:
0x0192	0x0E05      	MOVLW       5
0x0194	0x5C31      	SUBWF       WordToStr_len_L0, 0 
0x0196	0xE20A      	BC          L_WordToStr7
;__Lib_Conversions.c,90 :: 		
0x0198	0x5031      	MOVF        WordToStr_len_L0, 0 
0x019A	0x242F      	ADDWF       FARG_WordToStr_output, 0 
0x019C	0x6EE1      	MOVWF       FSR1L 
0x019E	0x0E00      	MOVLW       0
0x01A0	0x2030      	ADDWFC      FARG_WordToStr_output+1, 0 
0x01A2	0x6EE2      	MOVWF       FSR1H 
0x01A4	0x0E20      	MOVLW       32
0x01A6	0x6EE6      	MOVWF       POSTINC1 
;__Lib_Conversions.c,89 :: 		
0x01A8	0x2A31      	INCF        WordToStr_len_L0, 1 
;__Lib_Conversions.c,90 :: 		
0x01AA	0xD7F3      	BRA         L_WordToStr6
L_WordToStr7:
;__Lib_Conversions.c,91 :: 		
0x01AC	0x5031      	MOVF        WordToStr_len_L0, 0 
0x01AE	0x242F      	ADDWF       FARG_WordToStr_output, 0 
0x01B0	0x6EE1      	MOVWF       FSR1L 
0x01B2	0x0E00      	MOVLW       0
0x01B4	0x2030      	ADDWFC      FARG_WordToStr_output+1, 0 
0x01B6	0x6EE2      	MOVWF       FSR1H 
0x01B8	0x6AE6      	CLRF        POSTINC1 
0x01BA	0x0631      	DECF        WordToStr_len_L0, 1 
;__Lib_Conversions.c,93 :: 		
L_WordToStr9:
;__Lib_Conversions.c,94 :: 		
0x01BC	0x5031      	MOVF        WordToStr_len_L0, 0 
0x01BE	0x242F      	ADDWF       FARG_WordToStr_output, 0 
0x01C0	0x6E32      	MOVWF       FLOC__WordToStr 
0x01C2	0x0E00      	MOVLW       0
0x01C4	0x2030      	ADDWFC      FARG_WordToStr_output+1, 0 
0x01C6	0x6E33      	MOVWF       FLOC__WordToStr+1 
0x01C8	0x0E0A      	MOVLW       10
0x01CA	0x6E04      	MOVWF       R4 
0x01CC	0x0E00      	MOVLW       0
0x01CE	0x6E05      	MOVWF       R5 
0x01D0	0xF000C02D  	MOVFF       FARG_WordToStr_input, R0
0x01D4	0xF001C02E  	MOVFF       FARG_WordToStr_input+1, R1
0x01D8	0xDF82      	RCALL       _Div_16x16_U
0x01DA	0xF000C008  	MOVFF       R8, R0
0x01DE	0xF001C009  	MOVFF       R9, R1
0x01E2	0x0E30      	MOVLW       48
0x01E4	0x2600      	ADDWF       R0, 1 
0x01E6	0xFFE1C032  	MOVFF       FLOC__WordToStr, FSR1L
0x01EA	0xFFE2C033  	MOVFF       FLOC__WordToStr+1, FSR1H
0x01EE	0xFFE6C000  	MOVFF       R0, POSTINC1
;__Lib_Conversions.c,95 :: 		
0x01F2	0x0E0A      	MOVLW       10
0x01F4	0x6E04      	MOVWF       R4 
0x01F6	0x0E00      	MOVLW       0
0x01F8	0x6E05      	MOVWF       R5 
0x01FA	0xF000C02D  	MOVFF       FARG_WordToStr_input, R0
0x01FE	0xF001C02E  	MOVFF       FARG_WordToStr_input+1, R1
0x0202	0xDF6D      	RCALL       _Div_16x16_U
0x0204	0xF02DC000  	MOVFF       R0, FARG_WordToStr_input
0x0208	0xF02EC001  	MOVFF       R1, FARG_WordToStr_input+1
;__Lib_Conversions.c,96 :: 		
0x020C	0x0E00      	MOVLW       0
0x020E	0x1801      	XORWF       R1, 0 
0x0210	0xE102      	BNZ         L__WordToStr109
0x0212	0x0E00      	MOVLW       0
0x0214	0x1800      	XORWF       R0, 0 
L__WordToStr109:
0x0216	0xE101      	BNZ         L_WordToStr11
;__Lib_Conversions.c,97 :: 		
0x0218	0xD002      	BRA         L_WordToStr10
L_WordToStr11:
;__Lib_Conversions.c,98 :: 		
0x021A	0x0631      	DECF        WordToStr_len_L0, 1 
;__Lib_Conversions.c,99 :: 		
0x021C	0xD7CF      	BRA         L_WordToStr9
L_WordToStr10:
;__Lib_Conversions.c,100 :: 		
L_end_WordToStr:
0x021E	0x0012      	RETURN      0
; end of _WordToStr
_Lcd_Chr_CP:
;__Lib_Lcd.c,50 :: 		
;__Lib_Lcd.c,52 :: 		
0x0220	0x901A      	BCF         __Lib_Lcd_cmd_status, BitPos(__Lib_Lcd_cmd_status+0) 
;__Lib_Lcd.c,53 :: 		
0x0222	0xF034C02D  	MOVFF       FARG_Lcd_Chr_CP_out_char, FARG_Lcd_Cmd_out_char
0x0226	0xDF76      	RCALL       _Lcd_Cmd
;__Lib_Lcd.c,54 :: 		
0x0228	0x801A      	BSF         __Lib_Lcd_cmd_status, BitPos(__Lib_Lcd_cmd_status+0) 
;__Lib_Lcd.c,55 :: 		
L_end_Lcd_Chr_CP:
0x022A	0x0012      	RETURN      0
; end of _Lcd_Chr_CP
___CC2DW:
;__Lib_System.c,21 :: 		
;__Lib_System.c,23 :: 		
_CC2DL_Loop1:
;__Lib_System.c,24 :: 		
0x022C	0x0009      	TBLRD*+
;__Lib_System.c,25 :: 		
0x022E	0xFFE6CFF5  	MOVFF       TABLAT, POSTINC1
;__Lib_System.c,26 :: 		
0x0232	0x0600      	DECF        R0, 1, 0
;__Lib_System.c,27 :: 		
0x0234	0xE1FB      	BNZ         _CC2DL_Loop1
;__Lib_System.c,28 :: 		
0x0236	0x0601      	DECF        R1, 1, 0
;__Lib_System.c,29 :: 		
0x0238	0xE1F9      	BNZ         _CC2DL_Loop1
;__Lib_System.c,31 :: 		
L_end___CC2DW:
0x023A	0x0012      	RETURN      0
; end of ___CC2DW
_Lcd_Init:
;__Lib_Lcd.c,84 :: 		
;__Lib_Lcd.c,86 :: 		
0x023C	0x9296      	BCF         LCD_EN_Direction, BitPos(LCD_EN_Direction+0) 
;__Lib_Lcd.c,87 :: 		
0x023E	0x9496      	BCF         LCD_RS_Direction, BitPos(LCD_RS_Direction+0) 
;__Lib_Lcd.c,88 :: 		
0x0240	0x9895      	BCF         LCD_D4_Direction, BitPos(LCD_D4_Direction+0) 
;__Lib_Lcd.c,89 :: 		
0x0242	0x9A95      	BCF         LCD_D5_Direction, BitPos(LCD_D5_Direction+0) 
;__Lib_Lcd.c,90 :: 		
0x0244	0x9C95      	BCF         LCD_D6_Direction, BitPos(LCD_D6_Direction+0) 
;__Lib_Lcd.c,91 :: 		
0x0246	0x9E95      	BCF         LCD_D7_Direction, BitPos(LCD_D7_Direction+0) 
;__Lib_Lcd.c,93 :: 		
0x0248	0x9284      	BCF         LCD_EN, BitPos(LCD_EN+0) 
;__Lib_Lcd.c,94 :: 		
0x024A	0x9484      	BCF         LCD_RS, BitPos(LCD_RS+0) 
;__Lib_Lcd.c,95 :: 		
0x024C	0x9E83      	BCF         LCD_D7, BitPos(LCD_D7+0) 
;__Lib_Lcd.c,96 :: 		
0x024E	0x9C83      	BCF         LCD_D6, BitPos(LCD_D6+0) 
;__Lib_Lcd.c,97 :: 		
0x0250	0x9A83      	BCF         LCD_D5, BitPos(LCD_D5+0) 
;__Lib_Lcd.c,98 :: 		
0x0252	0x9883      	BCF         LCD_D4, BitPos(LCD_D4+0) 
;__Lib_Lcd.c,100 :: 		
0x0254	0xDF31      	RCALL       _Delay_5500us
;__Lib_Lcd.c,101 :: 		
0x0256	0xDF30      	RCALL       _Delay_5500us
;__Lib_Lcd.c,102 :: 		
0x0258	0xDF2F      	RCALL       _Delay_5500us
;__Lib_Lcd.c,105 :: 		
0x025A	0x8A83      	BSF         LCD_D5, BitPos(LCD_D5+0) 
;__Lib_Lcd.c,106 :: 		
0x025C	0x8883      	BSF         LCD_D4, BitPos(LCD_D4+0) 
;__Lib_Lcd.c,107 :: 		
0x025E	0x8284      	BSF         LCD_EN, BitPos(LCD_EN+0) 
;__Lib_Lcd.c,108 :: 		
0x0260	0xDF36      	RCALL       _Delay_1us
;__Lib_Lcd.c,109 :: 		
0x0262	0x9284      	BCF         LCD_EN, BitPos(LCD_EN+0) 
;__Lib_Lcd.c,110 :: 		
0x0264	0xDF29      	RCALL       _Delay_5500us
;__Lib_Lcd.c,112 :: 		
0x0266	0x8284      	BSF         LCD_EN, BitPos(LCD_EN+0) 
;__Lib_Lcd.c,113 :: 		
0x0268	0xDF32      	RCALL       _Delay_1us
;__Lib_Lcd.c,114 :: 		
0x026A	0x9284      	BCF         LCD_EN, BitPos(LCD_EN+0) 
;__Lib_Lcd.c,115 :: 		
0x026C	0xDF25      	RCALL       _Delay_5500us
;__Lib_Lcd.c,117 :: 		
0x026E	0x8284      	BSF         LCD_EN, BitPos(LCD_EN+0) 
;__Lib_Lcd.c,118 :: 		
0x0270	0xDF2E      	RCALL       _Delay_1us
;__Lib_Lcd.c,119 :: 		
0x0272	0x9284      	BCF         LCD_EN, BitPos(LCD_EN+0) 
;__Lib_Lcd.c,120 :: 		
0x0274	0xDF21      	RCALL       _Delay_5500us
;__Lib_Lcd.c,123 :: 		
0x0276	0x9883      	BCF         LCD_D4, BitPos(LCD_D4+0) 
;__Lib_Lcd.c,124 :: 		
0x0278	0x8284      	BSF         LCD_EN, BitPos(LCD_EN+0) 
;__Lib_Lcd.c,125 :: 		
0x027A	0xDF29      	RCALL       _Delay_1us
;__Lib_Lcd.c,126 :: 		
0x027C	0x9284      	BCF         LCD_EN, BitPos(LCD_EN+0) 
;__Lib_Lcd.c,127 :: 		
0x027E	0xDF1C      	RCALL       _Delay_5500us
;__Lib_Lcd.c,130 :: 		
0x0280	0x8284      	BSF         LCD_EN, BitPos(LCD_EN+0) 
;__Lib_Lcd.c,131 :: 		
0x0282	0xDF25      	RCALL       _Delay_1us
;__Lib_Lcd.c,132 :: 		
0x0284	0x9284      	BCF         LCD_EN, BitPos(LCD_EN+0) 
;__Lib_Lcd.c,134 :: 		
0x0286	0x9A83      	BCF         LCD_D5, BitPos(LCD_D5+0) 
;__Lib_Lcd.c,135 :: 		
0x0288	0x8E83      	BSF         LCD_D7, BitPos(LCD_D7+0) 
;__Lib_Lcd.c,136 :: 		
0x028A	0x8284      	BSF         LCD_EN, BitPos(LCD_EN+0) 
;__Lib_Lcd.c,137 :: 		
0x028C	0xDF20      	RCALL       _Delay_1us
;__Lib_Lcd.c,138 :: 		
0x028E	0x9284      	BCF         LCD_EN, BitPos(LCD_EN+0) 
;__Lib_Lcd.c,139 :: 		
0x0290	0xDF13      	RCALL       _Delay_5500us
;__Lib_Lcd.c,142 :: 		
0x0292	0x9E83      	BCF         LCD_D7, BitPos(LCD_D7+0) 
;__Lib_Lcd.c,143 :: 		
0x0294	0x8883      	BSF         LCD_D4, BitPos(LCD_D4+0) 
;__Lib_Lcd.c,144 :: 		
0x0296	0x8284      	BSF         LCD_EN, BitPos(LCD_EN+0) 
;__Lib_Lcd.c,145 :: 		
0x0298	0xDF1A      	RCALL       _Delay_1us
;__Lib_Lcd.c,146 :: 		
0x029A	0x9284      	BCF         LCD_EN, BitPos(LCD_EN+0) 
;__Lib_Lcd.c,148 :: 		
0x029C	0x9883      	BCF         LCD_D4, BitPos(LCD_D4+0) 
;__Lib_Lcd.c,149 :: 		
0x029E	0x8284      	BSF         LCD_EN, BitPos(LCD_EN+0) 
;__Lib_Lcd.c,150 :: 		
0x02A0	0xDF16      	RCALL       _Delay_1us
;__Lib_Lcd.c,151 :: 		
0x02A2	0x9284      	BCF         LCD_EN, BitPos(LCD_EN+0) 
;__Lib_Lcd.c,152 :: 		
0x02A4	0xDF09      	RCALL       _Delay_5500us
;__Lib_Lcd.c,155 :: 		
0x02A6	0x8284      	BSF         LCD_EN, BitPos(LCD_EN+0) 
;__Lib_Lcd.c,156 :: 		
0x02A8	0xDF12      	RCALL       _Delay_1us
;__Lib_Lcd.c,157 :: 		
0x02AA	0x9284      	BCF         LCD_EN, BitPos(LCD_EN+0) 
;__Lib_Lcd.c,159 :: 		
0x02AC	0x8883      	BSF         LCD_D4, BitPos(LCD_D4+0) 
;__Lib_Lcd.c,160 :: 		
0x02AE	0x8284      	BSF         LCD_EN, BitPos(LCD_EN+0) 
;__Lib_Lcd.c,161 :: 		
0x02B0	0xDF0E      	RCALL       _Delay_1us
;__Lib_Lcd.c,162 :: 		
0x02B2	0x9284      	BCF         LCD_EN, BitPos(LCD_EN+0) 
;__Lib_Lcd.c,163 :: 		
0x02B4	0xDF01      	RCALL       _Delay_5500us
;__Lib_Lcd.c,166 :: 		
0x02B6	0x9883      	BCF         LCD_D4, BitPos(LCD_D4+0) 
;__Lib_Lcd.c,167 :: 		
0x02B8	0x8284      	BSF         LCD_EN, BitPos(LCD_EN+0) 
;__Lib_Lcd.c,168 :: 		
0x02BA	0xDF09      	RCALL       _Delay_1us
;__Lib_Lcd.c,169 :: 		
0x02BC	0x9284      	BCF         LCD_EN, BitPos(LCD_EN+0) 
;__Lib_Lcd.c,171 :: 		
0x02BE	0x8E83      	BSF         LCD_D7, BitPos(LCD_D7+0) 
;__Lib_Lcd.c,172 :: 		
0x02C0	0x8C83      	BSF         LCD_D6, BitPos(LCD_D6+0) 
;__Lib_Lcd.c,173 :: 		
0x02C2	0x8A83      	BSF         LCD_D5, BitPos(LCD_D5+0) 
;__Lib_Lcd.c,174 :: 		
0x02C4	0x8883      	BSF         LCD_D4, BitPos(LCD_D4+0) 
;__Lib_Lcd.c,175 :: 		
0x02C6	0x8284      	BSF         LCD_EN, BitPos(LCD_EN+0) 
;__Lib_Lcd.c,176 :: 		
0x02C8	0xDF02      	RCALL       _Delay_1us
;__Lib_Lcd.c,177 :: 		
0x02CA	0x9284      	BCF         LCD_EN, BitPos(LCD_EN+0) 
;__Lib_Lcd.c,179 :: 		
0x02CC	0xDEF5      	RCALL       _Delay_5500us
;__Lib_Lcd.c,181 :: 		
0x02CE	0x801A      	BSF         __Lib_Lcd_cmd_status, BitPos(__Lib_Lcd_cmd_status+0) 
;__Lib_Lcd.c,182 :: 		
L_end_Lcd_Init:
0x02D0	0x0012      	RETURN      0
; end of _Lcd_Init
_Lcd_Out:
;__Lib_Lcd.c,184 :: 		
;__Lib_Lcd.c,187 :: 		
0x02D2	0xD00F      	BRA         L_Lcd_Out11
;__Lib_Lcd.c,188 :: 		
L_Lcd_Out13:
0x02D4	0x0E80      	MOVLW       128
0x02D6	0x6E23      	MOVWF       FARG_Lcd_Out_row 
0x02D8	0xD019      	BRA         L_Lcd_Out12
;__Lib_Lcd.c,189 :: 		
L_Lcd_Out14:
0x02DA	0x0EC0      	MOVLW       192
0x02DC	0x6E23      	MOVWF       FARG_Lcd_Out_row 
0x02DE	0xD016      	BRA         L_Lcd_Out12
;__Lib_Lcd.c,190 :: 		
L_Lcd_Out15:
0x02E0	0x0E94      	MOVLW       148
0x02E2	0x6E23      	MOVWF       FARG_Lcd_Out_row 
0x02E4	0xD013      	BRA         L_Lcd_Out12
;__Lib_Lcd.c,191 :: 		
L_Lcd_Out16:
0x02E6	0x0ED4      	MOVLW       212
0x02E8	0x6E23      	MOVWF       FARG_Lcd_Out_row 
0x02EA	0xD010      	BRA         L_Lcd_Out12
;__Lib_Lcd.c,192 :: 		
L_Lcd_Out17:
0x02EC	0x0E80      	MOVLW       128
0x02EE	0x6E23      	MOVWF       FARG_Lcd_Out_row 
;__Lib_Lcd.c,193 :: 		
0x02F0	0xD00D      	BRA         L_Lcd_Out12
L_Lcd_Out11:
0x02F2	0x5023      	MOVF        FARG_Lcd_Out_row, 0 
0x02F4	0x0A01      	XORLW       1
0x02F6	0xE0EE      	BZ          L_Lcd_Out13
0x02F8	0x5023      	MOVF        FARG_Lcd_Out_row, 0 
0x02FA	0x0A02      	XORLW       2
0x02FC	0xE0EE      	BZ          L_Lcd_Out14
0x02FE	0x5023      	MOVF        FARG_Lcd_Out_row, 0 
0x0300	0x0A03      	XORLW       3
0x0302	0xE0EE      	BZ          L_Lcd_Out15
0x0304	0x5023      	MOVF        FARG_Lcd_Out_row, 0 
0x0306	0x0A04      	XORLW       4
0x0308	0xE0EE      	BZ          L_Lcd_Out16
0x030A	0xD7F0      	BRA         L_Lcd_Out17
L_Lcd_Out12:
;__Lib_Lcd.c,194 :: 		
0x030C	0x0424      	DECF        FARG_Lcd_Out_column, 0 
0x030E	0x6E00      	MOVWF       R0 
0x0310	0x5023      	MOVF        FARG_Lcd_Out_row, 0 
0x0312	0x2600      	ADDWF       R0, 1 
0x0314	0xF023C000  	MOVFF       R0, FARG_Lcd_Out_row
;__Lib_Lcd.c,196 :: 		
0x0318	0xF034C000  	MOVFF       R0, FARG_Lcd_Cmd_out_char
0x031C	0xDEFB      	RCALL       _Lcd_Cmd
;__Lib_Lcd.c,197 :: 		
0x031E	0x901A      	BCF         __Lib_Lcd_cmd_status, BitPos(__Lib_Lcd_cmd_status+0) 
;__Lib_Lcd.c,198 :: 		
0x0320	0x6A27      	CLRF        Lcd_Out_i_L0 
;__Lib_Lcd.c,199 :: 		
L_Lcd_Out18:
0x0322	0x5027      	MOVF        Lcd_Out_i_L0, 0 
0x0324	0x2425      	ADDWF       FARG_Lcd_Out_text, 0 
0x0326	0x6EE9      	MOVWF       FSR0L 
0x0328	0x0E00      	MOVLW       0
0x032A	0x2026      	ADDWFC      FARG_Lcd_Out_text+1, 0 
0x032C	0x6EEA      	MOVWF       FSR0H 
0x032E	0x52EE      	MOVF        POSTINC0, 1 
0x0330	0xE00B      	BZ          L_Lcd_Out19
;__Lib_Lcd.c,200 :: 		
0x0332	0x5027      	MOVF        Lcd_Out_i_L0, 0 
0x0334	0x2425      	ADDWF       FARG_Lcd_Out_text, 0 
0x0336	0x6EE9      	MOVWF       FSR0L 
0x0338	0x0E00      	MOVLW       0
0x033A	0x2026      	ADDWFC      FARG_Lcd_Out_text+1, 0 
0x033C	0x6EEA      	MOVWF       FSR0H 
0x033E	0xF02DCFEE  	MOVFF       POSTINC0, FARG_Lcd_Chr_CP_out_char
0x0342	0xDF6E      	RCALL       _Lcd_Chr_CP
0x0344	0x2A27      	INCF        Lcd_Out_i_L0, 1 
0x0346	0xD7ED      	BRA         L_Lcd_Out18
L_Lcd_Out19:
;__Lib_Lcd.c,201 :: 		
0x0348	0x801A      	BSF         __Lib_Lcd_cmd_status, BitPos(__Lib_Lcd_cmd_status+0) 
;__Lib_Lcd.c,202 :: 		
L_end_Lcd_Out:
0x034A	0x0012      	RETURN      0
; end of _Lcd_Out
_IntToStr:
;__Lib_Conversions.c,146 :: 		
;__Lib_Conversions.c,152 :: 		
0x034C	0x6A29      	CLRF        IntToStr_negative_L0 
0x034E	0x6A2A      	CLRF        IntToStr_negative_L0+1 
;__Lib_Conversions.c,153 :: 		
0x0350	0xF02BC023  	MOVFF       FARG_IntToStr_input, IntToStr_inword_L0
0x0354	0xF02CC024  	MOVFF       FARG_IntToStr_input+1, IntToStr_inword_L0+1
;__Lib_Conversions.c,154 :: 		
0x0358	0x0E80      	MOVLW       128
0x035A	0x1824      	XORWF       FARG_IntToStr_input+1, 0 
0x035C	0x6E00      	MOVWF       R0 
0x035E	0x0E80      	MOVLW       128
0x0360	0x5C00      	SUBWF       R0, 0 
0x0362	0xE102      	BNZ         L__IntToStr115
0x0364	0x0E00      	MOVLW       0
0x0366	0x5C23      	SUBWF       FARG_IntToStr_input, 0 
L__IntToStr115:
0x0368	0xE20B      	BC          L_IntToStr23
;__Lib_Conversions.c,155 :: 		
0x036A	0x0E01      	MOVLW       1
0x036C	0x6E29      	MOVWF       IntToStr_negative_L0 
0x036E	0x0E00      	MOVLW       0
0x0370	0x6E2A      	MOVWF       IntToStr_negative_L0+1 
;__Lib_Conversions.c,156 :: 		
0x0372	0x5023      	MOVF        FARG_IntToStr_input, 0 
0x0374	0x0800      	SUBLW       0
0x0376	0x6E2B      	MOVWF       IntToStr_inword_L0 
0x0378	0xF02CC024  	MOVFF       FARG_IntToStr_input+1, IntToStr_inword_L0+1
0x037C	0x0E00      	MOVLW       0
0x037E	0x562C      	SUBFWB      IntToStr_inword_L0+1, 1 
;__Lib_Conversions.c,157 :: 		
L_IntToStr23:
;__Lib_Conversions.c,158 :: 		
0x0380	0xF02DC02B  	MOVFF       IntToStr_inword_L0, FARG_WordToStr_input
0x0384	0xF02EC02C  	MOVFF       IntToStr_inword_L0+1, FARG_WordToStr_input+1
0x0388	0xF02FC025  	MOVFF       FARG_IntToStr_output, FARG_WordToStr_output
0x038C	0xF030C026  	MOVFF       FARG_IntToStr_output+1, FARG_WordToStr_output+1
0x0390	0xDEFF      	RCALL       _WordToStr
;__Lib_Conversions.c,160 :: 		
0x0392	0x0E06      	MOVLW       6
0x0394	0x6E27      	MOVWF       IntToStr_i_L0 
0x0396	0x0E00      	MOVLW       0
0x0398	0x6E28      	MOVWF       IntToStr_i_L0+1 
;__Lib_Conversions.c,161 :: 		
L_IntToStr24:
0x039A	0x0E00      	MOVLW       0
0x039C	0x6E00      	MOVWF       R0 
0x039E	0x5028      	MOVF        IntToStr_i_L0+1, 0 
0x03A0	0x5C00      	SUBWF       R0, 0 
0x03A2	0xE102      	BNZ         L__IntToStr116
0x03A4	0x5027      	MOVF        IntToStr_i_L0, 0 
0x03A6	0x0800      	SUBLW       0
L__IntToStr116:
0x03A8	0xE219      	BC          L_IntToStr25
;__Lib_Conversions.c,162 :: 		
0x03AA	0x5027      	MOVF        IntToStr_i_L0, 0 
0x03AC	0x2425      	ADDWF       FARG_IntToStr_output, 0 
0x03AE	0x6EE1      	MOVWF       FSR1L 
0x03B0	0x5028      	MOVF        IntToStr_i_L0+1, 0 
0x03B2	0x2026      	ADDWFC      FARG_IntToStr_output+1, 0 
0x03B4	0x6EE2      	MOVWF       FSR1H 
0x03B6	0x0E01      	MOVLW       1
0x03B8	0x5C27      	SUBWF       IntToStr_i_L0, 0 
0x03BA	0x6E00      	MOVWF       R0 
0x03BC	0x0E00      	MOVLW       0
0x03BE	0x5828      	SUBWFB      IntToStr_i_L0+1, 0 
0x03C0	0x6E01      	MOVWF       R1 
0x03C2	0x5000      	MOVF        R0, 0 
0x03C4	0x2425      	ADDWF       FARG_IntToStr_output, 0 
0x03C6	0x6EE9      	MOVWF       FSR0L 
0x03C8	0x5001      	MOVF        R1, 0 
0x03CA	0x2026      	ADDWFC      FARG_IntToStr_output+1, 0 
0x03CC	0x6EEA      	MOVWF       FSR0H 
0x03CE	0xFFE6CFEE  	MOVFF       POSTINC0, POSTINC1
;__Lib_Conversions.c,163 :: 		
0x03D2	0x0E01      	MOVLW       1
0x03D4	0x5E27      	SUBWF       IntToStr_i_L0, 1 
0x03D6	0x0E00      	MOVLW       0
0x03D8	0x5A28      	SUBWFB      IntToStr_i_L0+1, 1 
;__Lib_Conversions.c,164 :: 		
0x03DA	0xD7DF      	BRA         L_IntToStr24
L_IntToStr25:
;__Lib_Conversions.c,165 :: 		
0x03DC	0xFFE1C025  	MOVFF       FARG_IntToStr_output, FSR1L
0x03E0	0xFFE2C026  	MOVFF       FARG_IntToStr_output+1, FSR1H
0x03E4	0x0E20      	MOVLW       32
0x03E6	0x6EE6      	MOVWF       POSTINC1 
;__Lib_Conversions.c,166 :: 		
0x03E8	0x5029      	MOVF        IntToStr_negative_L0, 0 
0x03EA	0x102A      	IORWF       IntToStr_negative_L0+1, 0 
0x03EC	0xE01A      	BZ          L_IntToStr26
;__Lib_Conversions.c,167 :: 		
0x03EE	0x6A27      	CLRF        IntToStr_i_L0 
0x03F0	0x6A28      	CLRF        IntToStr_i_L0+1 
;__Lib_Conversions.c,168 :: 		
L_IntToStr27:
0x03F2	0x5027      	MOVF        IntToStr_i_L0, 0 
0x03F4	0x2425      	ADDWF       FARG_IntToStr_output, 0 
0x03F6	0x6EE9      	MOVWF       FSR0L 
0x03F8	0x5028      	MOVF        IntToStr_i_L0+1, 0 
0x03FA	0x2026      	ADDWFC      FARG_IntToStr_output+1, 0 
0x03FC	0x6EEA      	MOVWF       FSR0H 
0x03FE	0x50EE      	MOVF        POSTINC0, 0 
0x0400	0x0A20      	XORLW       32
0x0402	0xE103      	BNZ         L_IntToStr28
0x0404	0x4A27      	INFSNZ      IntToStr_i_L0, 1 
0x0406	0x2A28      	INCF        IntToStr_i_L0+1, 1 
0x0408	0xD7F4      	BRA         L_IntToStr27
L_IntToStr28:
;__Lib_Conversions.c,169 :: 		
0x040A	0x0E01      	MOVLW       1
0x040C	0x5E27      	SUBWF       IntToStr_i_L0, 1 
0x040E	0x0E00      	MOVLW       0
0x0410	0x5A28      	SUBWFB      IntToStr_i_L0+1, 1 
;__Lib_Conversions.c,170 :: 		
0x0412	0x5027      	MOVF        IntToStr_i_L0, 0 
0x0414	0x2425      	ADDWF       FARG_IntToStr_output, 0 
0x0416	0x6EE1      	MOVWF       FSR1L 
0x0418	0x5028      	MOVF        IntToStr_i_L0+1, 0 
0x041A	0x2026      	ADDWFC      FARG_IntToStr_output+1, 0 
0x041C	0x6EE2      	MOVWF       FSR1H 
0x041E	0x0E2D      	MOVLW       45
0x0420	0x6EE6      	MOVWF       POSTINC1 
L_IntToStr26:
;__Lib_Conversions.c,171 :: 		
L_end_IntToStr:
0x0422	0x0012      	RETURN      0
; end of _IntToStr
_main:
;calculadoraLCD.c,50 :: 		void main()
;calculadoraLCD.c,53 :: 		ADCON1 = 0x6;
0x0424	0x0E06      	MOVLW       6
0x0426	0x6EC1      	MOVWF       ADCON1 
;calculadoraLCD.c,56 :: 		Lcd_Init();
0x0428	0xDF09      	RCALL       _Lcd_Init
;calculadoraLCD.c,59 :: 		INTCON.GIE = 1;
0x042A	0x8EF2      	BSF         INTCON, 7 
;calculadoraLCD.c,62 :: 		TRISB.RB4 = 1; // digital input
0x042C	0x8893      	BSF         TRISB, 4 
;calculadoraLCD.c,63 :: 		TRISB.RB5 = 1; // digital input
0x042E	0x8A93      	BSF         TRISB, 5 
;calculadoraLCD.c,64 :: 		TRISB.RB6 = 1; // digital input
0x0430	0x8C93      	BSF         TRISB, 6 
;calculadoraLCD.c,65 :: 		TRISB.RB7 = 1; // digital input
0x0432	0x8E93      	BSF         TRISB, 7 
;calculadoraLCD.c,67 :: 		TRISB.RB0 = 0; // digital output
0x0434	0x9093      	BCF         TRISB, 0 
;calculadoraLCD.c,68 :: 		TRISB.RB1 = 0;
0x0436	0x9293      	BCF         TRISB, 1 
;calculadoraLCD.c,69 :: 		TRISB.RB2 = 0;
0x0438	0x9493      	BCF         TRISB, 2 
;calculadoraLCD.c,70 :: 		TRISB.RB3 = 0;
0x043A	0x9693      	BCF         TRISB, 3 
;calculadoraLCD.c,72 :: 		PORTB.RB0 = 0; // digital output
0x043C	0x9081      	BCF         PORTB, 0 
;calculadoraLCD.c,73 :: 		PORTB.RB1 = 0;
0x043E	0x9281      	BCF         PORTB, 1 
;calculadoraLCD.c,74 :: 		PORTB.RB2 = 0;
0x0440	0x9481      	BCF         PORTB, 2 
;calculadoraLCD.c,75 :: 		PORTB.RB3 = 0;
0x0442	0x9681      	BCF         PORTB, 3 
;calculadoraLCD.c,77 :: 		INTCON.RBIE = 1;
0x0444	0x86F2      	BSF         INTCON, 3 
;calculadoraLCD.c,78 :: 		INTCON.RBIF = 0;
0x0446	0x90F2      	BCF         INTCON, 0 
;calculadoraLCD.c,79 :: 		}
L_end_main:
0x0448	0xD7FF      	BRA         $+0
; end of _main
Symbol List:
//** Routines locations **
//ADDRESS    SIZE    PROCEDURE
//----------------------------------------------
0x0008     [176]    _interrupt
0x00B8      [22]    _Delay_5500us
0x00CE       [6]    _Delay_1us
0x00D4      [10]    _Delay_50us
0x00DE      [54]    _Div_16x16_U
0x0114     [124]    _Lcd_Cmd
0x0190     [144]    _WordToStr
0x0220      [12]    _Lcd_Chr_CP
0x022C      [16]    ___CC2DW
0x023C     [150]    _Lcd_Init
0x02D2     [122]    _Lcd_Out
0x034C     [216]    _IntToStr
0x0424      [38]    _main
//** Variables locations ** 
//ADDRESS    SIZE    VARIABLE
//----------------------------------------------
0x0000       [1]    EEPROM_Write_SaveINTCON_L0
0x0000       [1]    FLASH_Erase_64_SaveINTCON_L0
0x0000       [1]    __Lib_SoftI2C_PutZerosToLATScl_temp_scl_L0
0x0000       [1]    SPI1_Write_tmp_L0
0x0000       [1]    UART1_Init_tmp_L0
0x0000       [1]    R0
0x0000       [1]    __Lib_SoftI2C_PutZerosToLATSda_temp_sda_L0
0x0001       [1]    FLASH_Erase_Write_64_i_L0
0x0001       [1]    __Lib_TFT_JPEG_FileRead_i_L0
0x0001       [1]    FLASH_Write_8_i_L0
0x0001       [2]    FLASH_Read_N_Bytes_i_L0
0x0001       [1]    __Lib_TFT_16bit_JPEG_FileReadBytes_Result_L0
0x0001       [1]    I2C1_Rd_tmp_L0
0x0001       [1]    __Lib_PS2_Wait_Falling_nsample_L0
0x0001       [1]    R1
0x0001       [1]    UART1_Read___tmp_UART1_Read_L0
0x0001       [1]    ispunct_rslt_L0
0x0001       [1]    __Lib_TFT_JPEG_FileReadBytes_Result_L0
0x0001       [1]    __Lib_TFT_16bit_JPEG_FileRead_i_L0
0x0002       [2]    memset_pp_L0
0x0002       [1]    R2
0x0002       [1]    FLASH_Erase_Write_64_j_L0
0x0002       [2]    memcpy_dd_L0
0x0002       [1]    FLASH_Write_8_SaveINTCON_L0
0x0002       [2]    memchr_s_L0
0x0002       [2]    strlen_cp_L0
0x0003       [2]    memmove_tt_L0
0x0003       [2]    Ltrim_original_L0
0x0003       [2]    __Lib_MmcFat16_f16_toInt_l_L0
0x0003       [1]    MM_Init_i_L0
0x0003       [2]    MM_TotalFreeMemSize_Tot_L0
0x0003       [1]    FLASH_Erase_Write_64_SaveINTCON_L0
0x0003       [1]    R3
0x0004       [2]    strcpy_cp_L0
0x0004       [2]    memcpy_ss_L0
0x0004       [1]    R4
0x0004       [2]    strncat_cp_L0
0x0004       [2]    __Lib_MemManager_MM_GetMemAlign_P_L0
0x0004       [2]    strncpy_cp_L0
0x0004       [2]    frexp_pom_L0
0x0004       [2]    strcat_cp_L0
0x0005       [2]    memmove_ff_L0
0x0005       [2]    LongWordToHex_input_half_L0
0x0005       [2]    LongIntToHex_input_half_L0
0x0005       [2]    Ltrim_p_L0
0x0005       [1]    R5
0x0005       [1]    MM_TotalFreeMemSize_i_L0
0x0006       [1]    __Lib_MemManager_MM_GetMemAlign_i_L0
0x0006       [1]    R6
0x0007       [1]    __Lib_TFT_JPEG_GenerateHuffmanTables_bLength_L0
0x0007       [1]    R7
0x0007       [1]    __Lib_TFT_16bit_JPEG_GenerateHuffmanTables_bLength_L0
0x0008       [1]    __Lib_TFT_JPEG_GenerateHuffmanTables_bTable_L0
0x0008       [1]    __Lib_TFT_16bit_JPEG_GenerateHuffmanTables_bTable_L0
0x0008       [1]    R8
0x0009       [1]    R9
0x0009       [4]    __Lib_MmcFat16_f16_toLong_l_L0
0x000A       [1]    R10
0x000B       [1]    R11
0x000C       [1]    R12
0x000D       [1]    R13
0x000E       [1]    R14
0x000F       [1]    R15
0x0010       [1]    R16
0x0011       [1]    R17
0x0012       [1]    R18
0x0013       [1]    R19
0x0014       [1]    R20
0x0019       [1]    _xx
0x001A       [0]    __Lib_Lcd_cmd_status
0x001B       [7]    interrupt_text_L1
0x0022       [1]    interrupt_i_L1
0x0023       [1]    FARG_Lcd_Out_row
0x0023       [2]    FARG_IntToStr_input
0x0024       [1]    FARG_Lcd_Out_column
0x0025       [2]    FARG_Lcd_Out_text
0x0025       [2]    FARG_IntToStr_output
0x0027       [1]    Lcd_Out_i_L0
0x0027       [2]    IntToStr_i_L0
0x0029       [2]    IntToStr_negative_L0
0x002B       [2]    IntToStr_inword_L0
0x002D       [2]    FARG_WordToStr_input
0x002D       [1]    FARG_Lcd_Chr_CP_out_char
0x002F       [2]    FARG_WordToStr_output
0x0031       [1]    WordToStr_len_L0
0x0032       [2]    FLOC__WordToStr
0x0034       [1]    FARG_Lcd_Cmd_out_char
0x0F81       [1]    PORTB
0x0F83       [0]    LCD_D4
0x0F83       [0]    LCD_D6
0x0F83       [0]    RD6_bit
0x0F83       [0]    RD4_bit
0x0F83       [0]    RD7_bit
0x0F83       [0]    RD5_bit
0x0F83       [0]    LCD_D5
0x0F83       [0]    LCD_D7
0x0F84       [0]    LCD_EN
0x0F84       [0]    RE2_bit
0x0F84       [0]    LCD_RS
0x0F84       [0]    RE1_bit
0x0F93       [1]    TRISB
0x0F95       [0]    LCD_D6_Direction
0x0F95       [0]    TRISD5_bit
0x0F95       [0]    LCD_D7_Direction
0x0F95       [0]    TRISD7_bit
0x0F95       [0]    TRISD6_bit
0x0F95       [0]    LCD_D5_Direction
0x0F95       [0]    TRISD4_bit
0x0F95       [0]    LCD_D4_Direction
0x0F96       [0]    LCD_EN_Direction
0x0F96       [0]    LCD_RS_Direction
0x0F96       [0]    TRISE1_bit
0x0F96       [0]    TRISE2_bit
0x0FC1       [1]    ADCON1
0x0FD8       [1]    STATUS
0x0FD9       [1]    FSR2L
0x0FDA       [1]    FSR2H
0x0FDE       [1]    POSTINC2
0x0FE0       [1]    BSR
0x0FE1       [1]    FSR1L
0x0FE2       [1]    FSR1H
0x0FE4       [1]    PREINC1
0x0FE6       [1]    POSTINC1
0x0FE7       [1]    INDF1
0x0FE8       [1]    WREG
0x0FE9       [1]    FSR0L
0x0FEA       [1]    FSR0H
0x0FEE       [1]    POSTINC0
0x0FF2       [1]    INTCON
0x0FF3       [1]    PRODL
0x0FF4       [1]    PRODH
0x0FF5       [1]    TABLAT
0x0FF6       [1]    TBLPTRL
0x0FF7       [1]    TBLPTRH
0x0FF8       [1]    TBLPTRU
//** Label List: ** 
//----------------------------------------------
  L_interrupt0
  L_interrupt1
  L_interrupt2
  L_interrupt3
  L_interrupt4
  L_interrupt5
  L_interrupt6
  L_interrupt7
  L_interrupt8
  L_interrupt9
  L__interrupt10
  L_end_interrupt
  _interrupt
  L__interrupt12
  L_end_main
  _main
  L_Delay_10us0
  L_Delay_22us1
  L_Delay_50us2
  L_Delay_80us3
  L_Delay_500us4
  L_Delay_5500us5
  L_Delay_1ms6
  L_Delay_5ms7
  L_Delay_8ms8
  L_Delay_100ms9
  L_Delay_10ms10
  L_Delay_1sec11
  L____Boot_Delay4k12
  L____Boot_Delay8k13
  L____Boot_Delay12k14
  L____Boot_Delay16k15
  L____Boot_Delay24k16
  L____Boot_Delay32k17
  L____Boot_Delay48k18
  L____Boot_Delay64k19
  L____Boot_Delay128k20
  L_Delay_Cyc21
  L_Delay_Cyc22
  L_VDelay_ms23
  L_VDelay_ms24
  L_VDelay_ms25
  L_VDelay_Advanced_ms26
  L_VDelay_Advanced_ms27
  L_VDelay_Advanced_ms28
  L_end_Get_Fosc_kHz
  _Get_Fosc_kHz
  L_end_Delay_1us
  _Delay_1us
  L_end_Delay_10us
  _Delay_10us
  L_end_Delay_22us
  _Delay_22us
  L_end_Delay_50us
  _Delay_50us
  L_end_Delay_80us
  _Delay_80us
  L_end_Delay_500us
  _Delay_500us
  L_end_Delay_5500us
  _Delay_5500us
  L_end_Delay_1ms
  _Delay_1ms
  L_end_Delay_5ms
  _Delay_5ms
  L_end_Delay_8ms
  _Delay_8ms
  L_end_Delay_100ms
  _Delay_100ms
  L_end_Delay_10ms
  _Delay_10ms
  L_end_Delay_1sec
  _Delay_1sec
  L_end____Boot_Delay4k
  ____Boot_Delay4k
  L_end____Boot_Delay8k
  ____Boot_Delay8k
  L_end____Boot_Delay12k
  ____Boot_Delay12k
  L_end____Boot_Delay16k
  ____Boot_Delay16k
  L_end____Boot_Delay24k
  ____Boot_Delay24k
  L_end____Boot_Delay32k
  ____Boot_Delay32k
  L_end____Boot_Delay48k
  ____Boot_Delay48k
  L_end____Boot_Delay64k
  ____Boot_Delay64k
  L_end____Boot_Delay128k
  ____Boot_Delay128k
  L_end_Delay_Cyc
  _Delay_Cyc
  L_end_VDelay_ms
  _VDelay_ms
  L__VDelay_ms54
  L__VDelay_ms55
  L__VDelay_ms56
  L_end_VDelay_Advanced_ms
  _VDelay_Advanced_ms
  L__VDelay_Advanced_ms58
  L__VDelay_Advanced_ms59
  L__VDelay_Advanced_ms60
  L_Lcd_Cmd0
  L_Lcd_Cmd1
  L_Lcd_Out_CP2
  L_Lcd_Out_CP3
  L_Lcd_Chr4
  L_Lcd_Chr5
  L_Lcd_Chr6
  L_Lcd_Chr7
  L_Lcd_Chr8
  L_Lcd_Chr9
  L_Lcd_Chr10
  L_Lcd_Out11
  L_Lcd_Out12
  L_Lcd_Out13
  L_Lcd_Out14
  L_Lcd_Out15
  L_Lcd_Out16
  L_Lcd_Out17
  L_Lcd_Out18
  L_Lcd_Out19
  L_end_Lcd_Cmd
  _Lcd_Cmd
  L__Lcd_Cmd21
  L__Lcd_Cmd22
  L__Lcd_Cmd23
  L__Lcd_Cmd24
  L__Lcd_Cmd25
  L__Lcd_Cmd26
  L__Lcd_Cmd27
  L__Lcd_Cmd28
  L__Lcd_Cmd29
  L__Lcd_Cmd30
  L__Lcd_Cmd31
  L__Lcd_Cmd32
  L__Lcd_Cmd33
  L__Lcd_Cmd34
  L__Lcd_Cmd35
  L__Lcd_Cmd36
  L__Lcd_Cmd37
  L__Lcd_Cmd38
  L__Lcd_Cmd39
  L__Lcd_Cmd40
  L_end_Lcd_Chr_CP
  _Lcd_Chr_CP
  L_end_Lcd_Out_CP
  _Lcd_Out_CP
  L_end_Lcd_Chr
  _Lcd_Chr
  L_end_Lcd_Init
  _Lcd_Init
  L_end_Lcd_Out
  _Lcd_Out
  _CC2D_Loop1
  _CC2DL_Loop1
  L_loopCA2AWs
  L_loopCCA2AWs
  L_loopCS2Ss
  L_CS2Send
  L_loopCCS2Ss
  L_CCS2Send
  L_loopFZinSWs
  L_longjmp7
  L_end___CC2D
  ___CC2D
  L_end___CC2DW
  ___CC2DW
  L_end___CA2AW
  ___CA2AW
  L_end___CCA2AW
  ___CCA2AW
  L_end___CS2S
  ___CS2S
  L_end___CCS2S
  ___CCS2S
  L_end___FZinS
  ___FZinS
  L_end_____DoIFC
  _____DoIFC
  L_end_Swap
  _Swap
  L_end_setjmp
  _setjmp
  L_end_longjmp
  _longjmp
  L_interrupt0
  L_interrupt1
  L_interrupt2
  L_interrupt3
  L_interrupt4
  L_interrupt5
  L_interrupt6
  L_interrupt7
  L_interrupt8
  L_interrupt9
  L__interrupt10
  L_end_interrupt
  _interrupt
  L__interrupt12
  L_end_main
  _main
  L_ByteToStr0
  L_ByteToStr1
  L_ByteToStr2
  L_ByteToStr3
  L_ByteToStr4
  L_ByteToStr5
  L_WordToStr6
  L_WordToStr7
  L_WordToStr8
  L_WordToStr9
  L_WordToStr10
  L_WordToStr11
  L_WordToStrWithZeros12
  L_WordToStrWithZeros13
  L_WordToStrWithZeros14
  L_WordToStrWithZeros15
  L_WordToStrWithZeros16
  L_ShortToStr17
  L_ShortToStr18
  L_ShortToStr19
  L_ShortToStr20
  L_ShortToStr21
  L_ShortToStr22
  L_IntToStr23
  L_IntToStr24
  L_IntToStr25
  L_IntToStr26
  L_IntToStr27
  L_IntToStr28
  L_IntToStrWithZeros29
  L_IntToStrWithZeros30
  L_IntToStrWithZeros31
  L_IntToStrWithZeros32
  L_IntToStrWithZeros33
  L_IntToStrWithZeros34
  L_IntToStrWithZeros35
  L_IntToStrWithZeros36
  L_IntToStrWithZeros37
  L_LongWordToStr38
  L_LongWordToStr39
  L_LongWordToStr40
  L_LongWordToStr41
  L_LongWordToStr42
  L_LongWordToStr43
  L_LongWordToStrWithZeros44
  L_LongWordToStrWithZeros45
  L_LongWordToStrWithZeros46
  L_LongWordToStrWithZeros47
  L_LongWordToStrWithZeros48
  L_LongToStr49
  L_LongToStr50
  L_LongToStr51
  L_LongToStr52
  L_LongToStr53
  L_LongToStr54
  L_LongIntToStrWithZeros55
  L_LongIntToStrWithZeros56
  L_LongIntToStrWithZeros57
  L_LongIntToStrWithZeros58
  L_LongIntToStrWithZeros59
  L_LongIntToStrWithZeros60
  L_LongIntToStrWithZeros61
  L_LongIntToStrWithZeros62
  L_LongIntToStrWithZeros63
  L_Dec2Bcd64
  L_Dec2Bcd65
  L_Rtrim66
  L_Rtrim67
  L_Rtrim68
  L_Rtrim69
  L_Ltrim70
  L_Ltrim71
  L_Ltrim72
  L_Ltrim73
  L_Ltrim74
  L_Ltrim75
  L_FloatToStr76
  L_FloatToStr77
  L_FloatToStr78
  L_FloatToStr79
  L_FloatToStr80
  L_FloatToStr81
  L_FloatToStr82
  L_FloatToStr83
  L_FloatToStr84
  L_FloatToStr85
  L_FloatToStr86
  L_FloatToStr87
  L_FloatToStr88
  L_FloatToStr89
  L_FloatToStr90
  L_FloatToStr91
  L_FloatToStr92
  L_FloatToStr93
  L_FloatToStr94
  L_FloatToStr95
  L_FloatToStr96
  L_FloatToStr97
  L__Rtrim98
  L__Ltrim99
  L__FloatToStr100
  L_end_ByteToHex
  _ByteToHex
  L_end_ShortToHex
  _ShortToHex
  L_end_WordToHex
  _WordToHex
  L_end_IntToHex
  _IntToHex
  L_end_LongWordToHex
  _LongWordToHex
  L_end_LongIntToHex
  _LongIntToHex
  L_end_ByteToStr
  _ByteToStr
  L_end_WordToStr
  _WordToStr
  L__WordToStr109
  L_end_WordToStrWithZeros
  _WordToStrWithZeros
  L__WordToStrWithZeros111
  L_end_ShortToStr
  _ShortToStr
  L__ShortToStr113
  L_end_IntToStr
  _IntToStr
  L__IntToStr115
  L__IntToStr116
  L_end_IntToStrWithZeros
  _IntToStrWithZeros
  L__IntToStrWithZeros118
  L__IntToStrWithZeros119
  L__IntToStrWithZeros120
  L_end_LongWordToStr
  _LongWordToStr
  L__LongWordToStr122
  L__LongWordToStr123
  L_end_LongWordToStrWithZeros
  _LongWordToStrWithZeros
  L__LongWordToStrWithZeros125
  L_end_LongToStr
  _LongToStr
  L__LongToStr127
  L__LongToStr128
  L_end_LongIntToStrWithZeros
  _LongIntToStrWithZeros
  L__LongIntToStrWithZeros130
  L__LongIntToStrWithZeros131
  L__LongIntToStrWithZeros132
  L_end_Dec2Bcd
  _Dec2Bcd
  L_end_Bcd2Dec
  _Bcd2Dec
  L_end_Bcd2Dec16
  _Bcd2Dec16
  L__Bcd2Dec16136
  L__Bcd2Dec16137
  L_end_Dec2Bcd16
  _Dec2Bcd16
  L__Dec2Bcd16139
  L__Dec2Bcd16140
  L_end_Rtrim
  _Rtrim
  L__Rtrim142
  L_end_Ltrim
  _Ltrim
  L_end_FloatToStr
  _FloatToStr
  L__FloatToStr145
  L__FloatToStr146
  L__FloatToStr147
  L__FloatToStr148
  L__FloatToStr149
  L_Delay_10us0
  L_Delay_22us1
  L_Delay_50us2
  L_Delay_80us3
  L_Delay_500us4
  L_Delay_5500us5
  L_Delay_1ms6
  L_Delay_5ms7
  L_Delay_8ms8
  L_Delay_100ms9
  L_Delay_10ms10
  L_Delay_1sec11
  L____Boot_Delay4k12
  L____Boot_Delay8k13
  L____Boot_Delay12k14
  L____Boot_Delay16k15
  L____Boot_Delay24k16
  L____Boot_Delay32k17
  L____Boot_Delay48k18
  L____Boot_Delay64k19
  L____Boot_Delay128k20
  L_Delay_Cyc21
  L_Delay_Cyc22
  L_VDelay_ms23
  L_VDelay_ms24
  L_VDelay_ms25
  L_VDelay_Advanced_ms26
  L_VDelay_Advanced_ms27
  L_VDelay_Advanced_ms28
  L_end_Get_Fosc_kHz
  _Get_Fosc_kHz
  L_end_Delay_1us
  _Delay_1us
  L_end_Delay_10us
  _Delay_10us
  L_end_Delay_22us
  _Delay_22us
  L_end_Delay_50us
  _Delay_50us
  L_end_Delay_80us
  _Delay_80us
  L_end_Delay_500us
  _Delay_500us
  L_end_Delay_5500us
  _Delay_5500us
  L_end_Delay_1ms
  _Delay_1ms
  L_end_Delay_5ms
  _Delay_5ms
  L_end_Delay_8ms
  _Delay_8ms
  L_end_Delay_100ms
  _Delay_100ms
  L_end_Delay_10ms
  _Delay_10ms
  L_end_Delay_1sec
  _Delay_1sec
  L_end____Boot_Delay4k
  ____Boot_Delay4k
  L_end____Boot_Delay8k
  ____Boot_Delay8k
  L_end____Boot_Delay12k
  ____Boot_Delay12k
  L_end____Boot_Delay16k
  ____Boot_Delay16k
  L_end____Boot_Delay24k
  ____Boot_Delay24k
  L_end____Boot_Delay32k
  ____Boot_Delay32k
  L_end____Boot_Delay48k
  ____Boot_Delay48k
  L_end____Boot_Delay64k
  ____Boot_Delay64k
  L_end____Boot_Delay128k
  ____Boot_Delay128k
  L_end_Delay_Cyc
  _Delay_Cyc
  L_end_VDelay_ms
  _VDelay_ms
  L__VDelay_ms54
  L__VDelay_ms55
  L__VDelay_ms56
  L_end_VDelay_Advanced_ms
  _VDelay_Advanced_ms
  L__VDelay_Advanced_ms58
  L__VDelay_Advanced_ms59
  L__VDelay_Advanced_ms60
  L_Lcd_Cmd0
  L_Lcd_Cmd1
  L_Lcd_Out_CP2
  L_Lcd_Out_CP3
  L_Lcd_Chr4
  L_Lcd_Chr5
  L_Lcd_Chr6
  L_Lcd_Chr7
  L_Lcd_Chr8
  L_Lcd_Chr9
  L_Lcd_Chr10
  L_Lcd_Out11
  L_Lcd_Out12
  L_Lcd_Out13
  L_Lcd_Out14
  L_Lcd_Out15
  L_Lcd_Out16
  L_Lcd_Out17
  L_Lcd_Out18
  L_Lcd_Out19
  L_end_Lcd_Cmd
  _Lcd_Cmd
  L__Lcd_Cmd21
  L__Lcd_Cmd22
  L__Lcd_Cmd23
  L__Lcd_Cmd24
  L__Lcd_Cmd25
  L__Lcd_Cmd26
  L__Lcd_Cmd27
  L__Lcd_Cmd28
  L__Lcd_Cmd29
  L__Lcd_Cmd30
  L__Lcd_Cmd31
  L__Lcd_Cmd32
  L__Lcd_Cmd33
  L__Lcd_Cmd34
  L__Lcd_Cmd35
  L__Lcd_Cmd36
  L__Lcd_Cmd37
  L__Lcd_Cmd38
  L__Lcd_Cmd39
  L__Lcd_Cmd40
  L_end_Lcd_Chr_CP
  _Lcd_Chr_CP
  L_end_Lcd_Out_CP
  _Lcd_Out_CP
  L_end_Lcd_Chr
  _Lcd_Chr
  L_end_Lcd_Init
  _Lcd_Init
  L_end_Lcd_Out
  _Lcd_Out
  L_Div_16x16_S0
  L_Div_16x16_S1
  LOOPS3232A
  SADD22LA
  SOK22LA
  SADD22L8
  SOK22L8
  LOOPS3232B
  SADD22LB
  SOK22LB
  SADD22L16
  SOK22L16
  LOOPS3232C
  SADD22LC
  SOK22LC
  SADD22L24
  SOK22L24
  LOOPS3232D
  SADD22LD
  SOK22LD
  SOK22L
  L_Div_32x32_S6
  L_Div_32x32_S7
  L_Div_32x32_S8
  L_Div_32x32_S9
  FXD3232S
  END_ALL
  CA3232S
  C3232SX
  C3232SX1
  C3232S
  C3232S2
  C3232SX4
  C3232SOK
  C3232SX3
  C3232SX2
  avoid_comfrem
  LOOPU3232A
  UADD22LA
  UOK22LA
  UADD22L8
  UOK22L8
  LOOPU3232B
  UADD22LB
  UOK22LB
  UADD22L16
  UOK22L16
  LOOPU3232C
  UADD22LC
  UOK22LC
  UADD22L24
  UOK22L24
  LOOPU3232D
  UADD22LD
  UOK22LD
  UOK22L
  _NEXT
  _EXIT2
  _LOOP
  _EXIT1
  _IF_FIRST
  _IF_SECOND
  _INVERCE_FIRST
  _MULT
  _INBERSE_SECOND
  _EXIT
  L_end_Div_8x8_U
  _Div_8x8_U
  L_end_Div_16x16_U
  _Div_16x16_U
  L_end_Div_16x16_S_L
  _Div_16x16_S_L
  L_end_Div_16x16_S
  _Div_16x16_S
  L_end_Div_8x8_S
  _Div_8x8_S
  L_end_Mul_8x8_S
  _Mul_8x8_S
  L_end_Mul_16x16_U
  _Mul_16x16_U
  L_end_Mul_16x16_S
  _Mul_16x16_S
  L_end_SDIV3232L
  _SDIV3232L
  L_end_COMFREM
  _COMFREM
  L_end_Div_32x32_S
  _Div_32x32_S
  L_end_Div_32x32_U
  _Div_32x32_U
  L_end_Mul_32x32_U
  _Mul_32x32_U
  L_end_Mul_32x32_S
  _Mul_32x32_S
