;  LST file generated by mikroListExporter - v.2.0 
; Date/Time: 11/04/2017 14:05:11
;----------------------------------------------

;Address Opcode 	ASM
0x0000	0xF002EFB1  	GOTO        1378
_segmentClear:
;calculadora7seg.c,224 :: 		void segmentClear()
;calculadora7seg.c,226 :: 		}
L_end_segmentClear:
0x0006	0x0012      	RETURN      0
; end of _segmentClear
_interrupt:
;calculadora7seg.c,24 :: 		void interrupt(void)
0x0008	0xF016C000  	MOVFF       R0, 22
0x000C	0xF015C001  	MOVFF       R1, 21
;calculadora7seg.c,26 :: 		if(INTCON.RBIF)
0x0010	0xA0F2      	BTFSS       INTCON, 0 
0x0012	0xD007      	BRA         L_interrupt0
;calculadora7seg.c,28 :: 		keypadHandler();
0x0014	0xD9D8      	RCALL       _keypadHandler
;calculadora7seg.c,30 :: 		edge = !edge;
0x0016	0x521B      	MOVF        _edge, 1 
0x0018	0x0E01      	MOVLW       1
0x001A	0xA4D8      	BTFSS       STATUS, 2 
0x001C	0x0E00      	MOVLW       0
0x001E	0x6E1B      	MOVWF       _edge 
;calculadora7seg.c,31 :: 		INTCON.RBIF = 0;
0x0020	0x90F2      	BCF         INTCON, 0 
;calculadora7seg.c,32 :: 		}
L_interrupt0:
;calculadora7seg.c,33 :: 		}
L_end_interrupt:
L__interrupt61:
0x0022	0xF000C016  	MOVFF       22, R0
0x0026	0xF001C015  	MOVFF       21, R1
0x002A	0x0011      	RETFIE      1
; end of _interrupt
_Div_16x16_S_L:
;__Lib_Math.c,139 :: 		
;__Lib_Math.c,146 :: 		
0x002C	0x3401      	RLCF        R1, 0, 0
;__Lib_Math.c,147 :: 		
0x002E	0x3608      	RLCF        R8, 1, 0
;__Lib_Math.c,148 :: 		
0x0030	0x3609      	RLCF        R9, 1, 0
;__Lib_Math.c,149 :: 		
0x0032	0x5004      	MOVF        R4, 0, 0
;__Lib_Math.c,150 :: 		
0x0034	0x5E08      	SUBWF       R8, 1, 0
;__Lib_Math.c,151 :: 		
0x0036	0x5005      	MOVF        R5, 0, 0
;__Lib_Math.c,152 :: 		
0x0038	0xA0D8      	BTFSS       STATUS, 0, 0
;__Lib_Math.c,153 :: 		
0x003A	0x3C05      	INCFSZ      R5, 0, 0
;__Lib_Math.c,154 :: 		
0x003C	0x5E09      	SUBWF       R9, 1, 0
;__Lib_Math.c,155 :: 		
0x003E	0x3600      	RLCF        R0, 1, 0
;__Lib_Math.c,156 :: 		
0x0040	0x3601      	RLCF        R1, 1, 0
;__Lib_Math.c,158 :: 		
0x0042	0x0E0F      	MOVLW       15
;__Lib_Math.c,159 :: 		
0x0044	0x6E0C      	MOVWF       R12, 0
;__Lib_Math.c,161 :: 		
0x0046	0x3401      	RLCF        R1, 0, 0
;__Lib_Math.c,162 :: 		
0x0048	0x3608      	RLCF        R8, 1, 0
;__Lib_Math.c,163 :: 		
0x004A	0x3609      	RLCF        R9, 1, 0
;__Lib_Math.c,164 :: 		
0x004C	0x5004      	MOVF        R4, 0, 0
;__Lib_Math.c,166 :: 		
0x004E	0xA000      	BTFSS       R0, 0, 0
;__Lib_Math.c,167 :: 		
0x0050	0xD006      	BRA         $+14
;__Lib_Math.c,168 :: 		
0x0052	0x5E08      	SUBWF       R8, 1, 0
;__Lib_Math.c,169 :: 		
0x0054	0x5005      	MOVF        R5, 0, 0
;__Lib_Math.c,170 :: 		
0x0056	0xA0D8      	BTFSS       STATUS, 0, 0
;__Lib_Math.c,171 :: 		
0x0058	0x3C05      	INCFSZ      R5, 0, 0
;__Lib_Math.c,172 :: 		
0x005A	0x5E09      	SUBWF       R9, 1, 0
;__Lib_Math.c,173 :: 		
0x005C	0xD005      	BRA         $+12
;__Lib_Math.c,175 :: 		
0x005E	0x2608      	ADDWF       R8, 1, 0
;__Lib_Math.c,176 :: 		
0x0060	0x5005      	MOVF        R5, 0, 0
;__Lib_Math.c,177 :: 		
0x0062	0xB0D8      	BTFSC       STATUS, 0, 0
;__Lib_Math.c,178 :: 		
0x0064	0x3C05      	INCFSZ      R5, 0, 0
;__Lib_Math.c,179 :: 		
0x0066	0x2609      	ADDWF       R9, 1, 0
;__Lib_Math.c,181 :: 		
0x0068	0x3600      	RLCF        R0, 1, 0
;__Lib_Math.c,182 :: 		
0x006A	0x3601      	RLCF        R1, 1, 0
;__Lib_Math.c,184 :: 		
0x006C	0x2E0C      	DECFSZ      R12, 1, 0
;__Lib_Math.c,185 :: 		
0x006E	0xD7EB      	BRA         $-40
;__Lib_Math.c,187 :: 		
0x0070	0xB000      	BTFSC       R0, 0, 0
;__Lib_Math.c,188 :: 		
0x0072	0xD006      	BRA         $+14
;__Lib_Math.c,189 :: 		
0x0074	0x5004      	MOVF        R4, 0, 0
;__Lib_Math.c,190 :: 		
0x0076	0x2608      	ADDWF       R8, 1, 0
;__Lib_Math.c,191 :: 		
0x0078	0x5005      	MOVF        R5, 0, 0
;__Lib_Math.c,192 :: 		
0x007A	0xB0D8      	BTFSC       STATUS, 0, 0
;__Lib_Math.c,193 :: 		
0x007C	0x3C05      	INCFSZ      R5, 0, 0
;__Lib_Math.c,194 :: 		
0x007E	0x2609      	ADDWF       R9, 1, 0
;__Lib_Math.c,195 :: 		
0x0080	0x0000      	NOP
;__Lib_Math.c,197 :: 		
L_end_Div_16x16_S_L:
0x0082	0x0012      	RETURN      0
; end of _Div_16x16_S_L
_Mul_16x16_U:
;__Lib_Math.c,440 :: 		
;__Lib_Math.c,447 :: 		
0x0084	0x6A0B      	CLRF        R11, 0
;__Lib_Math.c,448 :: 		
0x0086	0x6A0A      	CLRF        R10, 0
;__Lib_Math.c,449 :: 		
0x0088	0x6A09      	CLRF        R9, 0
;__Lib_Math.c,450 :: 		
0x008A	0x5000      	MOVF        R0, 0, 0
;__Lib_Math.c,451 :: 		
0x008C	0x0204      	MULWF       R4, 0
;__Lib_Math.c,453 :: 		
0x008E	0xF009CFF4  	MOVFF       PRODH, R9
;__Lib_Math.c,454 :: 		
0x0092	0xF008CFF3  	MOVFF       PRODL, R8
;__Lib_Math.c,455 :: 		
0x0096	0x5001      	MOVF        R1, 0, 0
;__Lib_Math.c,456 :: 		
0x0098	0x0205      	MULWF       R5, 0
;__Lib_Math.c,458 :: 		
0x009A	0xF00BCFF4  	MOVFF       PRODH, R11
;__Lib_Math.c,459 :: 		
0x009E	0xF00ACFF3  	MOVFF       PRODL, R10
;__Lib_Math.c,460 :: 		
0x00A2	0x5000      	MOVF        R0, 0, 0
;__Lib_Math.c,461 :: 		
0x00A4	0x0205      	MULWF       R5, 0
;__Lib_Math.c,463 :: 		
0x00A6	0x50F3      	MOVF        PRODL, 0, 0
;__Lib_Math.c,464 :: 		
0x00A8	0x2609      	ADDWF       R9, 1, 0
;__Lib_Math.c,465 :: 		
0x00AA	0x50F4      	MOVF        PRODH, 0, 0
;__Lib_Math.c,466 :: 		
0x00AC	0x220A      	ADDWFC      R10, 1, 0
;__Lib_Math.c,467 :: 		
0x00AE	0x6AE8      	CLRF        WREG, 0
;__Lib_Math.c,468 :: 		
0x00B0	0x220B      	ADDWFC      R11, 1, 0
;__Lib_Math.c,469 :: 		
0x00B2	0x5001      	MOVF        R1, 0, 0
;__Lib_Math.c,470 :: 		
0x00B4	0x0204      	MULWF       R4, 0
;__Lib_Math.c,472 :: 		
0x00B6	0x50F3      	MOVF        PRODL, 0, 0
;__Lib_Math.c,473 :: 		
0x00B8	0x2609      	ADDWF       R9, 1, 0
;__Lib_Math.c,474 :: 		
0x00BA	0x50F4      	MOVF        PRODH, 0, 0
;__Lib_Math.c,475 :: 		
0x00BC	0x220A      	ADDWFC      R10, 1, 0
;__Lib_Math.c,476 :: 		
0x00BE	0x6AE8      	CLRF        WREG, 0
;__Lib_Math.c,477 :: 		
0x00C0	0x220B      	ADDWFC      R11, 1, 0
;__Lib_Math.c,479 :: 		
0x00C2	0xF000C008  	MOVFF       R8, R0
;__Lib_Math.c,480 :: 		
0x00C6	0xF001C009  	MOVFF       R9, R1
;__Lib_Math.c,481 :: 		
0x00CA	0xF002C00A  	MOVFF       R10, R2
;__Lib_Math.c,482 :: 		
0x00CE	0xF003C00B  	MOVFF       R11, R3
;__Lib_Math.c,485 :: 		
L_end_Mul_16x16_U:
0x00D2	0x0012      	RETURN      0
; end of _Mul_16x16_U
_segmentOut:
;calculadora7seg.c,228 :: 		void segmentOut(int number)
;calculadora7seg.c,230 :: 		}
L_end_segmentOut:
0x00D4	0x0012      	RETURN      0
; end of _segmentOut
_Div_16x16_S:
;__Lib_Math.c,200 :: 		
;__Lib_Math.c,208 :: 		
0x00D6	0x5004      	MOVF        R4, 0 
0x00D8	0x0A00      	XORLW       0
0x00DA	0xE108      	BNZ         L_Div_16x16_S0
;__Lib_Math.c,209 :: 		
0x00DC	0x5005      	MOVF        R5, 0 
0x00DE	0x0A00      	XORLW       0
0x00E0	0xE105      	BNZ         L_Div_16x16_S1
;__Lib_Math.c,210 :: 		
0x00E2	0x0EFF      	MOVLW       255
0x00E4	0x6E00      	MOVWF       R0 
;__Lib_Math.c,211 :: 		
0x00E6	0x0E7F      	MOVLW       127
0x00E8	0x6E01      	MOVWF       R1 
;__Lib_Math.c,212 :: 		
0x00EA	0xD057      	BRA         L_end_Div_16x16_S
;__Lib_Math.c,213 :: 		
L_Div_16x16_S1:
L_Div_16x16_S0:
;__Lib_Math.c,216 :: 		
0x00EC	0x6A0D      	CLRF        R13, 0
;__Lib_Math.c,217 :: 		
0x00EE	0x6A09      	CLRF        R9, 0
;__Lib_Math.c,218 :: 		
0x00F0	0x6A08      	CLRF        R8, 0
;__Lib_Math.c,219 :: 		
0x00F2	0x5001      	MOVF        R1, 0, 0
;__Lib_Math.c,220 :: 		
0x00F4	0x1000      	IORWF       R0, 0, 0
;__Lib_Math.c,221 :: 		
0x00F6	0xB4D8      	BTFSC       STATUS, 2, 0
;__Lib_Math.c,222 :: 		
0x00F8	0x0C00      	RETLW       0
;__Lib_Math.c,224 :: 		
0x00FA	0x5001      	MOVF        R1, 0, 0
;__Lib_Math.c,225 :: 		
0x00FC	0x1805      	XORWF       R5, 0, 0
;__Lib_Math.c,226 :: 		
0x00FE	0x6E0A      	MOVWF       R10, 0
;__Lib_Math.c,227 :: 		
0x0100	0xBE0A      	BTFSC       R10, 7, 0
;__Lib_Math.c,228 :: 		
0x0102	0x1E0D      	COMF        R13, 1, 0
;__Lib_Math.c,230 :: 		
0x0104	0x6A0B      	CLRF        R11, 0
;__Lib_Math.c,232 :: 		
0x0106	0xAE05      	BTFSS       R5, 7, 0
;__Lib_Math.c,233 :: 		
0x0108	0xD005      	BRA         $+12
;__Lib_Math.c,235 :: 		
0x010A	0x1E04      	COMF        R4, 1, 0
;__Lib_Math.c,236 :: 		
0x010C	0x1E05      	COMF        R5, 1, 0
;__Lib_Math.c,237 :: 		
0x010E	0x2A04      	INCF        R4, 1, 0
;__Lib_Math.c,238 :: 		
0x0110	0xB4D8      	BTFSC       STATUS, 2, 0
;__Lib_Math.c,239 :: 		
0x0112	0x2A05      	INCF        R5, 1, 0
;__Lib_Math.c,241 :: 		
0x0114	0xAE01      	BTFSS       R1, 7, 0
;__Lib_Math.c,242 :: 		
0x0116	0xD005      	BRA         $+12
;__Lib_Math.c,244 :: 		
0x0118	0x1E00      	COMF        R0, 1, 0
;__Lib_Math.c,245 :: 		
0x011A	0x1E01      	COMF        R1, 1, 0
;__Lib_Math.c,246 :: 		
0x011C	0x2A00      	INCF        R0, 1, 0
;__Lib_Math.c,247 :: 		
0x011E	0xB4D8      	BTFSC       STATUS, 2, 0
;__Lib_Math.c,248 :: 		
0x0120	0x2A01      	INCF        R1, 1, 0
;__Lib_Math.c,250 :: 		
0x0122	0x5001      	MOVF        R1, 0, 0
;__Lib_Math.c,251 :: 		
0x0124	0x1005      	IORWF       R5, 0, 0
;__Lib_Math.c,252 :: 		
0x0126	0x6E0A      	MOVWF       R10, 0
;__Lib_Math.c,253 :: 		
0x0128	0xBE0A      	BTFSC       R10, 7, 0
;__Lib_Math.c,254 :: 		
0x012A	0xD010      	BRA         $+34
;__Lib_Math.c,256 :: 		
0x012C	0xDF7F      	RCALL       _Div_16x16_S_L
;__Lib_Math.c,258 :: 		
0x012E	0xB00B      	BTFSC       R11, 0, 0
;__Lib_Math.c,259 :: 		
0x0130	0xD020      	BRA         $+66
;__Lib_Math.c,261 :: 		
0x0132	0xAE0D      	BTFSS       R13, 7, 0
;__Lib_Math.c,262 :: 		
0x0134	0x0C00      	RETLW       0
;__Lib_Math.c,264 :: 		
0x0136	0x1E00      	COMF        R0, 1, 0
;__Lib_Math.c,265 :: 		
0x0138	0x1E01      	COMF        R1, 1, 0
;__Lib_Math.c,266 :: 		
0x013A	0x2A00      	INCF        R0, 1, 0
;__Lib_Math.c,267 :: 		
0x013C	0xB4D8      	BTFSC       STATUS, 2, 0
;__Lib_Math.c,268 :: 		
0x013E	0x2A01      	INCF        R1, 1, 0
;__Lib_Math.c,270 :: 		
0x0140	0x1E08      	COMF        R8, 1, 0
;__Lib_Math.c,271 :: 		
0x0142	0x1E09      	COMF        R9, 1, 0
;__Lib_Math.c,272 :: 		
0x0144	0x2A08      	INCF        R8, 1, 0
;__Lib_Math.c,273 :: 		
0x0146	0xB4D8      	BTFSC       STATUS, 2, 0
;__Lib_Math.c,274 :: 		
0x0148	0x2A09      	INCF        R9, 1, 0
;__Lib_Math.c,276 :: 		
0x014A	0x0C00      	RETLW       0
;__Lib_Math.c,278 :: 		
0x014C	0xAE05      	BTFSS       R5, 7, 0
;__Lib_Math.c,279 :: 		
0x014E	0xD00D      	BRA         $+28
;__Lib_Math.c,280 :: 		
0x0150	0xBE01      	BTFSC       R1, 7, 0
;__Lib_Math.c,281 :: 		
0x0152	0xD007      	BRA         $+16
;__Lib_Math.c,282 :: 		
0x0154	0x5001      	MOVF        R1, 0, 0
;__Lib_Math.c,283 :: 		
0x0156	0x6E09      	MOVWF       R9, 0
;__Lib_Math.c,284 :: 		
0x0158	0x5000      	MOVF        R0, 0, 0
;__Lib_Math.c,285 :: 		
0x015A	0x6E08      	MOVWF       R8, 0
;__Lib_Math.c,286 :: 		
0x015C	0x6A01      	CLRF        R1, 0
;__Lib_Math.c,287 :: 		
0x015E	0x6A00      	CLRF        R0, 0
;__Lib_Math.c,288 :: 		
0x0160	0xD7E8      	BRA         $-46
;__Lib_Math.c,289 :: 		
0x0162	0x6A01      	CLRF        R1, 0
;__Lib_Math.c,290 :: 		
0x0164	0x6A00      	CLRF        R0, 0
;__Lib_Math.c,291 :: 		
0x0166	0x2A00      	INCF        R0, 1, 0
;__Lib_Math.c,292 :: 		
0x0168	0x0C00      	RETLW       0
;__Lib_Math.c,294 :: 		
0x016A	0x1E01      	COMF        R1, 1, 0
;__Lib_Math.c,295 :: 		
0x016C	0x1E00      	COMF        R0, 1, 0
;__Lib_Math.c,296 :: 		
0x016E	0x2A0B      	INCF        R11, 1, 0
;__Lib_Math.c,297 :: 		
0x0170	0xD7DD      	BRA         $-68
;__Lib_Math.c,299 :: 		
0x0172	0x2A08      	INCF        R8, 1, 0
;__Lib_Math.c,300 :: 		
0x0174	0xB4D8      	BTFSC       STATUS, 2, 0
;__Lib_Math.c,301 :: 		
0x0176	0x2A09      	INCF        R9, 1, 0
;__Lib_Math.c,302 :: 		
0x0178	0x5004      	MOVF        R4, 0, 0
;__Lib_Math.c,303 :: 		
0x017A	0x5C08      	SUBWF       R8, 0, 0
;__Lib_Math.c,304 :: 		
0x017C	0xA4D8      	BTFSS       STATUS, 2, 0
;__Lib_Math.c,305 :: 		
0x017E	0xD7D9      	BRA         $-76
;__Lib_Math.c,306 :: 		
0x0180	0x5005      	MOVF        R5, 0, 0
;__Lib_Math.c,307 :: 		
0x0182	0x5C09      	SUBWF       R9, 0, 0
;__Lib_Math.c,308 :: 		
0x0184	0xA4D8      	BTFSS       STATUS, 2, 0
;__Lib_Math.c,309 :: 		
0x0186	0xD7D5      	BRA         $-84
;__Lib_Math.c,310 :: 		
0x0188	0x6A09      	CLRF        R9, 0
;__Lib_Math.c,311 :: 		
0x018A	0x6A08      	CLRF        R8, 0
;__Lib_Math.c,312 :: 		
0x018C	0x2A00      	INCF        R0, 1, 0
;__Lib_Math.c,313 :: 		
0x018E	0xB4D8      	BTFSC       STATUS, 2, 0
;__Lib_Math.c,314 :: 		
0x0190	0x2A01      	INCF        R1, 1, 0
;__Lib_Math.c,315 :: 		
0x0192	0xAE01      	BTFSS       R1, 7, 0
;__Lib_Math.c,316 :: 		
0x0194	0xD7CE      	BRA         $-98
;__Lib_Math.c,317 :: 		
0x0196	0x0000      	NOP
;__Lib_Math.c,318 :: 		
0x0198	0x0CFF      	RETLW       255
;__Lib_Math.c,320 :: 		
L_end_Div_16x16_S:
0x019A	0x0012      	RETURN      0
; end of _Div_16x16_S
_keyHandler:
;calculadora7seg.c,137 :: 		int keyHandler (int key, KeyType* type)
;calculadora7seg.c,139 :: 		int result = -1;
0x019C	0x0EFF      	MOVLW       255
0x019E	0x6E28      	MOVWF       keyHandler_result_L0 
0x01A0	0x0EFF      	MOVLW       255
0x01A2	0x6E29      	MOVWF       keyHandler_result_L0+1 
;calculadora7seg.c,140 :: 		switch(key)
0x01A4	0xD095      	BRA         L_keyHandler26
;calculadora7seg.c,142 :: 		case 231:
L_keyHandler28:
;calculadora7seg.c,143 :: 		*type = ON_CLEAR;
0x01A6	0xFFE1C026  	MOVFF       FARG_keyHandler_type, FSR1L
0x01AA	0xFFE2C027  	MOVFF       FARG_keyHandler_type+1, FSR1H
0x01AE	0x0E05      	MOVLW       5
0x01B0	0x6EE6      	MOVWF       POSTINC1 
;calculadora7seg.c,144 :: 		break;
0x01B2	0xD0FB      	BRA         L_keyHandler27
;calculadora7seg.c,146 :: 		case 215:
L_keyHandler29:
;calculadora7seg.c,147 :: 		*type = NUM;
0x01B4	0xFFE1C026  	MOVFF       FARG_keyHandler_type, FSR1L
0x01B8	0xFFE2C027  	MOVFF       FARG_keyHandler_type+1, FSR1H
0x01BC	0x0E06      	MOVLW       6
0x01BE	0x6EE6      	MOVWF       POSTINC1 
;calculadora7seg.c,148 :: 		result = 0;
0x01C0	0x6A28      	CLRF        keyHandler_result_L0 
0x01C2	0x6A29      	CLRF        keyHandler_result_L0+1 
;calculadora7seg.c,149 :: 		break;
0x01C4	0xD0F2      	BRA         L_keyHandler27
;calculadora7seg.c,151 :: 		case 183:
L_keyHandler30:
;calculadora7seg.c,152 :: 		*type = EQUALS;
0x01C6	0xFFE1C026  	MOVFF       FARG_keyHandler_type, FSR1L
0x01CA	0xFFE2C027  	MOVFF       FARG_keyHandler_type+1, FSR1H
0x01CE	0x6AE6      	CLRF        POSTINC1 
;calculadora7seg.c,153 :: 		break;
0x01D0	0xD0EC      	BRA         L_keyHandler27
;calculadora7seg.c,155 :: 		case 119:
L_keyHandler31:
;calculadora7seg.c,156 :: 		*type = SUM;
0x01D2	0xFFE1C026  	MOVFF       FARG_keyHandler_type, FSR1L
0x01D6	0xFFE2C027  	MOVFF       FARG_keyHandler_type+1, FSR1H
0x01DA	0x0E01      	MOVLW       1
0x01DC	0x6EE6      	MOVWF       POSTINC1 
;calculadora7seg.c,157 :: 		break;
0x01DE	0xD0E5      	BRA         L_keyHandler27
;calculadora7seg.c,159 :: 		case 235:
L_keyHandler32:
;calculadora7seg.c,160 :: 		*type = NUM;
0x01E0	0xFFE1C026  	MOVFF       FARG_keyHandler_type, FSR1L
0x01E4	0xFFE2C027  	MOVFF       FARG_keyHandler_type+1, FSR1H
0x01E8	0x0E06      	MOVLW       6
0x01EA	0x6EE6      	MOVWF       POSTINC1 
;calculadora7seg.c,161 :: 		result = 1;
0x01EC	0x0E01      	MOVLW       1
0x01EE	0x6E28      	MOVWF       keyHandler_result_L0 
0x01F0	0x0E00      	MOVLW       0
0x01F2	0x6E29      	MOVWF       keyHandler_result_L0+1 
;calculadora7seg.c,162 :: 		break;
0x01F4	0xD0DA      	BRA         L_keyHandler27
;calculadora7seg.c,164 :: 		case 219:
L_keyHandler33:
;calculadora7seg.c,165 :: 		*type = NUM;
0x01F6	0xFFE1C026  	MOVFF       FARG_keyHandler_type, FSR1L
0x01FA	0xFFE2C027  	MOVFF       FARG_keyHandler_type+1, FSR1H
0x01FE	0x0E06      	MOVLW       6
0x0200	0x6EE6      	MOVWF       POSTINC1 
;calculadora7seg.c,166 :: 		result = 2;
0x0202	0x0E02      	MOVLW       2
0x0204	0x6E28      	MOVWF       keyHandler_result_L0 
0x0206	0x0E00      	MOVLW       0
0x0208	0x6E29      	MOVWF       keyHandler_result_L0+1 
;calculadora7seg.c,167 :: 		break;
0x020A	0xD0CF      	BRA         L_keyHandler27
;calculadora7seg.c,169 :: 		case 187:
L_keyHandler34:
;calculadora7seg.c,170 :: 		*type = NUM;
0x020C	0xFFE1C026  	MOVFF       FARG_keyHandler_type, FSR1L
0x0210	0xFFE2C027  	MOVFF       FARG_keyHandler_type+1, FSR1H
0x0214	0x0E06      	MOVLW       6
0x0216	0x6EE6      	MOVWF       POSTINC1 
;calculadora7seg.c,171 :: 		result = 3;
0x0218	0x0E03      	MOVLW       3
0x021A	0x6E28      	MOVWF       keyHandler_result_L0 
0x021C	0x0E00      	MOVLW       0
0x021E	0x6E29      	MOVWF       keyHandler_result_L0+1 
;calculadora7seg.c,172 :: 		break;
0x0220	0xD0C4      	BRA         L_keyHandler27
;calculadora7seg.c,174 :: 		case 123:
L_keyHandler35:
;calculadora7seg.c,175 :: 		*type = SUB;
0x0222	0xFFE1C026  	MOVFF       FARG_keyHandler_type, FSR1L
0x0226	0xFFE2C027  	MOVFF       FARG_keyHandler_type+1, FSR1H
0x022A	0x0E02      	MOVLW       2
0x022C	0x6EE6      	MOVWF       POSTINC1 
;calculadora7seg.c,176 :: 		break;
0x022E	0xD0BD      	BRA         L_keyHandler27
;calculadora7seg.c,178 :: 		case 237:
L_keyHandler36:
;calculadora7seg.c,179 :: 		*type = NUM;
0x0230	0xFFE1C026  	MOVFF       FARG_keyHandler_type, FSR1L
0x0234	0xFFE2C027  	MOVFF       FARG_keyHandler_type+1, FSR1H
0x0238	0x0E06      	MOVLW       6
0x023A	0x6EE6      	MOVWF       POSTINC1 
;calculadora7seg.c,180 :: 		result = 4;
0x023C	0x0E04      	MOVLW       4
0x023E	0x6E28      	MOVWF       keyHandler_result_L0 
0x0240	0x0E00      	MOVLW       0
0x0242	0x6E29      	MOVWF       keyHandler_result_L0+1 
;calculadora7seg.c,181 :: 		break;
0x0244	0xD0B2      	BRA         L_keyHandler27
;calculadora7seg.c,183 :: 		case 221:
L_keyHandler37:
;calculadora7seg.c,184 :: 		*type = NUM;
0x0246	0xFFE1C026  	MOVFF       FARG_keyHandler_type, FSR1L
0x024A	0xFFE2C027  	MOVFF       FARG_keyHandler_type+1, FSR1H
0x024E	0x0E06      	MOVLW       6
0x0250	0x6EE6      	MOVWF       POSTINC1 
;calculadora7seg.c,185 :: 		result = 5;
0x0252	0x0E05      	MOVLW       5
0x0254	0x6E28      	MOVWF       keyHandler_result_L0 
0x0256	0x0E00      	MOVLW       0
0x0258	0x6E29      	MOVWF       keyHandler_result_L0+1 
;calculadora7seg.c,186 :: 		break;
0x025A	0xD0A7      	BRA         L_keyHandler27
;calculadora7seg.c,188 :: 		case 189:
L_keyHandler38:
;calculadora7seg.c,189 :: 		*type = NUM;
0x025C	0xFFE1C026  	MOVFF       FARG_keyHandler_type, FSR1L
0x0260	0xFFE2C027  	MOVFF       FARG_keyHandler_type+1, FSR1H
0x0264	0x0E06      	MOVLW       6
0x0266	0x6EE6      	MOVWF       POSTINC1 
;calculadora7seg.c,190 :: 		result = 6;
0x0268	0x0E06      	MOVLW       6
0x026A	0x6E28      	MOVWF       keyHandler_result_L0 
0x026C	0x0E00      	MOVLW       0
0x026E	0x6E29      	MOVWF       keyHandler_result_L0+1 
;calculadora7seg.c,191 :: 		break;
0x0270	0xD09C      	BRA         L_keyHandler27
;calculadora7seg.c,193 :: 		case 125:
L_keyHandler39:
;calculadora7seg.c,194 :: 		*type = MULT;
0x0272	0xFFE1C026  	MOVFF       FARG_keyHandler_type, FSR1L
0x0276	0xFFE2C027  	MOVFF       FARG_keyHandler_type+1, FSR1H
0x027A	0x0E03      	MOVLW       3
0x027C	0x6EE6      	MOVWF       POSTINC1 
;calculadora7seg.c,195 :: 		break;
0x027E	0xD095      	BRA         L_keyHandler27
;calculadora7seg.c,197 :: 		case 238:
L_keyHandler40:
;calculadora7seg.c,198 :: 		*type = NUM;
0x0280	0xFFE1C026  	MOVFF       FARG_keyHandler_type, FSR1L
0x0284	0xFFE2C027  	MOVFF       FARG_keyHandler_type+1, FSR1H
0x0288	0x0E06      	MOVLW       6
0x028A	0x6EE6      	MOVWF       POSTINC1 
;calculadora7seg.c,199 :: 		result = 7;
0x028C	0x0E07      	MOVLW       7
0x028E	0x6E28      	MOVWF       keyHandler_result_L0 
0x0290	0x0E00      	MOVLW       0
0x0292	0x6E29      	MOVWF       keyHandler_result_L0+1 
;calculadora7seg.c,200 :: 		break;
0x0294	0xD08A      	BRA         L_keyHandler27
;calculadora7seg.c,202 :: 		case 222:
L_keyHandler41:
;calculadora7seg.c,203 :: 		*type = NUM;
0x0296	0xFFE1C026  	MOVFF       FARG_keyHandler_type, FSR1L
0x029A	0xFFE2C027  	MOVFF       FARG_keyHandler_type+1, FSR1H
0x029E	0x0E06      	MOVLW       6
0x02A0	0x6EE6      	MOVWF       POSTINC1 
;calculadora7seg.c,204 :: 		result = 8;
0x02A2	0x0E08      	MOVLW       8
0x02A4	0x6E28      	MOVWF       keyHandler_result_L0 
0x02A6	0x0E00      	MOVLW       0
0x02A8	0x6E29      	MOVWF       keyHandler_result_L0+1 
;calculadora7seg.c,205 :: 		break;
0x02AA	0xD07F      	BRA         L_keyHandler27
;calculadora7seg.c,207 :: 		case 190:
L_keyHandler42:
;calculadora7seg.c,208 :: 		*type = NUM;
0x02AC	0xFFE1C026  	MOVFF       FARG_keyHandler_type, FSR1L
0x02B0	0xFFE2C027  	MOVFF       FARG_keyHandler_type+1, FSR1H
0x02B4	0x0E06      	MOVLW       6
0x02B6	0x6EE6      	MOVWF       POSTINC1 
;calculadora7seg.c,209 :: 		result = 9;
0x02B8	0x0E09      	MOVLW       9
0x02BA	0x6E28      	MOVWF       keyHandler_result_L0 
0x02BC	0x0E00      	MOVLW       0
0x02BE	0x6E29      	MOVWF       keyHandler_result_L0+1 
;calculadora7seg.c,210 :: 		break;
0x02C0	0xD074      	BRA         L_keyHandler27
;calculadora7seg.c,212 :: 		case 126:
L_keyHandler43:
;calculadora7seg.c,213 :: 		*type = DIVI;
0x02C2	0xFFE1C026  	MOVFF       FARG_keyHandler_type, FSR1L
0x02C6	0xFFE2C027  	MOVFF       FARG_keyHandler_type+1, FSR1H
0x02CA	0x0E04      	MOVLW       4
0x02CC	0x6EE6      	MOVWF       POSTINC1 
;calculadora7seg.c,214 :: 		break;
0x02CE	0xD06D      	BRA         L_keyHandler27
;calculadora7seg.c,215 :: 		}
L_keyHandler26:
0x02D0	0x0E00      	MOVLW       0
0x02D2	0x1825      	XORWF       FARG_keyHandler_key+1, 0 
0x02D4	0xE102      	BNZ         L__keyHandler65
0x02D6	0x0EE7      	MOVLW       231
0x02D8	0x1824      	XORWF       FARG_keyHandler_key, 0 
L__keyHandler65:
0x02DA	0xB4D8      	BTFSC       STATUS, 2 
0x02DC	0xD764      	BRA         L_keyHandler28
0x02DE	0x0E00      	MOVLW       0
0x02E0	0x1825      	XORWF       FARG_keyHandler_key+1, 0 
0x02E2	0xE102      	BNZ         L__keyHandler66
0x02E4	0x0ED7      	MOVLW       215
0x02E6	0x1824      	XORWF       FARG_keyHandler_key, 0 
L__keyHandler66:
0x02E8	0xB4D8      	BTFSC       STATUS, 2 
0x02EA	0xD764      	BRA         L_keyHandler29
0x02EC	0x0E00      	MOVLW       0
0x02EE	0x1825      	XORWF       FARG_keyHandler_key+1, 0 
0x02F0	0xE102      	BNZ         L__keyHandler67
0x02F2	0x0EB7      	MOVLW       183
0x02F4	0x1824      	XORWF       FARG_keyHandler_key, 0 
L__keyHandler67:
0x02F6	0xB4D8      	BTFSC       STATUS, 2 
0x02F8	0xD766      	BRA         L_keyHandler30
0x02FA	0x0E00      	MOVLW       0
0x02FC	0x1825      	XORWF       FARG_keyHandler_key+1, 0 
0x02FE	0xE102      	BNZ         L__keyHandler68
0x0300	0x0E77      	MOVLW       119
0x0302	0x1824      	XORWF       FARG_keyHandler_key, 0 
L__keyHandler68:
0x0304	0xB4D8      	BTFSC       STATUS, 2 
0x0306	0xD765      	BRA         L_keyHandler31
0x0308	0x0E00      	MOVLW       0
0x030A	0x1825      	XORWF       FARG_keyHandler_key+1, 0 
0x030C	0xE102      	BNZ         L__keyHandler69
0x030E	0x0EEB      	MOVLW       235
0x0310	0x1824      	XORWF       FARG_keyHandler_key, 0 
L__keyHandler69:
0x0312	0xB4D8      	BTFSC       STATUS, 2 
0x0314	0xD765      	BRA         L_keyHandler32
0x0316	0x0E00      	MOVLW       0
0x0318	0x1825      	XORWF       FARG_keyHandler_key+1, 0 
0x031A	0xE102      	BNZ         L__keyHandler70
0x031C	0x0EDB      	MOVLW       219
0x031E	0x1824      	XORWF       FARG_keyHandler_key, 0 
L__keyHandler70:
0x0320	0xB4D8      	BTFSC       STATUS, 2 
0x0322	0xD769      	BRA         L_keyHandler33
0x0324	0x0E00      	MOVLW       0
0x0326	0x1825      	XORWF       FARG_keyHandler_key+1, 0 
0x0328	0xE102      	BNZ         L__keyHandler71
0x032A	0x0EBB      	MOVLW       187
0x032C	0x1824      	XORWF       FARG_keyHandler_key, 0 
L__keyHandler71:
0x032E	0xB4D8      	BTFSC       STATUS, 2 
0x0330	0xD76D      	BRA         L_keyHandler34
0x0332	0x0E00      	MOVLW       0
0x0334	0x1825      	XORWF       FARG_keyHandler_key+1, 0 
0x0336	0xE102      	BNZ         L__keyHandler72
0x0338	0x0E7B      	MOVLW       123
0x033A	0x1824      	XORWF       FARG_keyHandler_key, 0 
L__keyHandler72:
0x033C	0xB4D8      	BTFSC       STATUS, 2 
0x033E	0xD771      	BRA         L_keyHandler35
0x0340	0x0E00      	MOVLW       0
0x0342	0x1825      	XORWF       FARG_keyHandler_key+1, 0 
0x0344	0xE102      	BNZ         L__keyHandler73
0x0346	0x0EED      	MOVLW       237
0x0348	0x1824      	XORWF       FARG_keyHandler_key, 0 
L__keyHandler73:
0x034A	0xB4D8      	BTFSC       STATUS, 2 
0x034C	0xD771      	BRA         L_keyHandler36
0x034E	0x0E00      	MOVLW       0
0x0350	0x1825      	XORWF       FARG_keyHandler_key+1, 0 
0x0352	0xE102      	BNZ         L__keyHandler74
0x0354	0x0EDD      	MOVLW       221
0x0356	0x1824      	XORWF       FARG_keyHandler_key, 0 
L__keyHandler74:
0x0358	0xB4D8      	BTFSC       STATUS, 2 
0x035A	0xD775      	BRA         L_keyHandler37
0x035C	0x0E00      	MOVLW       0
0x035E	0x1825      	XORWF       FARG_keyHandler_key+1, 0 
0x0360	0xE102      	BNZ         L__keyHandler75
0x0362	0x0EBD      	MOVLW       189
0x0364	0x1824      	XORWF       FARG_keyHandler_key, 0 
L__keyHandler75:
0x0366	0xB4D8      	BTFSC       STATUS, 2 
0x0368	0xD779      	BRA         L_keyHandler38
0x036A	0x0E00      	MOVLW       0
0x036C	0x1825      	XORWF       FARG_keyHandler_key+1, 0 
0x036E	0xE102      	BNZ         L__keyHandler76
0x0370	0x0E7D      	MOVLW       125
0x0372	0x1824      	XORWF       FARG_keyHandler_key, 0 
L__keyHandler76:
0x0374	0xB4D8      	BTFSC       STATUS, 2 
0x0376	0xD77D      	BRA         L_keyHandler39
0x0378	0x0E00      	MOVLW       0
0x037A	0x1825      	XORWF       FARG_keyHandler_key+1, 0 
0x037C	0xE102      	BNZ         L__keyHandler77
0x037E	0x0EEE      	MOVLW       238
0x0380	0x1824      	XORWF       FARG_keyHandler_key, 0 
L__keyHandler77:
0x0382	0xB4D8      	BTFSC       STATUS, 2 
0x0384	0xD77D      	BRA         L_keyHandler40
0x0386	0x0E00      	MOVLW       0
0x0388	0x1825      	XORWF       FARG_keyHandler_key+1, 0 
0x038A	0xE102      	BNZ         L__keyHandler78
0x038C	0x0EDE      	MOVLW       222
0x038E	0x1824      	XORWF       FARG_keyHandler_key, 0 
L__keyHandler78:
0x0390	0xE082      	BZ          L_keyHandler41
0x0392	0x0E00      	MOVLW       0
0x0394	0x1825      	XORWF       FARG_keyHandler_key+1, 0 
0x0396	0xE102      	BNZ         L__keyHandler79
0x0398	0x0EBE      	MOVLW       190
0x039A	0x1824      	XORWF       FARG_keyHandler_key, 0 
L__keyHandler79:
0x039C	0xE087      	BZ          L_keyHandler42
0x039E	0x0E00      	MOVLW       0
0x03A0	0x1825      	XORWF       FARG_keyHandler_key+1, 0 
0x03A2	0xE102      	BNZ         L__keyHandler80
0x03A4	0x0E7E      	MOVLW       126
0x03A6	0x1824      	XORWF       FARG_keyHandler_key, 0 
L__keyHandler80:
0x03A8	0xE08C      	BZ          L_keyHandler43
L_keyHandler27:
;calculadora7seg.c,217 :: 		return result;
0x03AA	0xF000C028  	MOVFF       keyHandler_result_L0, R0
0x03AE	0xF001C029  	MOVFF       keyHandler_result_L0+1, R1
;calculadora7seg.c,218 :: 		}
L_end_keyHandler:
0x03B2	0x0012      	RETURN      0
; end of _keyHandler
___CC2DW:
;__Lib_System.c,21 :: 		
;__Lib_System.c,23 :: 		
_CC2DL_Loop1:
;__Lib_System.c,24 :: 		
0x03B4	0x0009      	TBLRD*+
;__Lib_System.c,25 :: 		
0x03B6	0xFFE6CFF5  	MOVFF       TABLAT, POSTINC1
;__Lib_System.c,26 :: 		
0x03BA	0x0600      	DECF        R0, 1, 0
;__Lib_System.c,27 :: 		
0x03BC	0xE1FB      	BNZ         _CC2DL_Loop1
;__Lib_System.c,28 :: 		
0x03BE	0x0601      	DECF        R1, 1, 0
;__Lib_System.c,29 :: 		
0x03C0	0xE1F9      	BNZ         _CC2DL_Loop1
;__Lib_System.c,31 :: 		
L_end___CC2DW:
0x03C2	0x0012      	RETURN      0
; end of ___CC2DW
_segmentInit:
;calculadora7seg.c,220 :: 		void segmentInit()
;calculadora7seg.c,222 :: 		}
L_end_segmentInit:
0x03C4	0x0012      	RETURN      0
; end of _segmentInit
_keypadHandler:
;calculadora7seg.c,66 :: 		void keypadHandler()
;calculadora7seg.c,72 :: 		for(i = 0, columnCode = 0x0f; (i < 4) && (columnCode==0x0f); i++)
0x03C6	0x6A20      	CLRF        keypadHandler_i_L0 
0x03C8	0x0E0F      	MOVLW       15
0x03CA	0x6E1F      	MOVWF       _columnCode 
L_keypadHandler1:
0x03CC	0x0E04      	MOVLW       4
0x03CE	0x5C20      	SUBWF       keypadHandler_i_L0, 0 
0x03D0	0xE223      	BC          L_keypadHandler2
0x03D2	0x501F      	MOVF        _columnCode, 0 
0x03D4	0x0A0F      	XORLW       15
0x03D6	0xE120      	BNZ         L_keypadHandler2
L__keypadHandler59:
;calculadora7seg.c,74 :: 		PORTB.RB0 = 1; // digital output
0x03D8	0x8081      	BSF         PORTB, 0 
;calculadora7seg.c,75 :: 		PORTB.RB1 = 1;
0x03DA	0x8281      	BSF         PORTB, 1 
;calculadora7seg.c,76 :: 		PORTB.RB2 = 1;
0x03DC	0x8481      	BSF         PORTB, 2 
;calculadora7seg.c,77 :: 		PORTB.RB3 = 1;
0x03DE	0x8681      	BSF         PORTB, 3 
;calculadora7seg.c,78 :: 		if(i==0)PORTB.RB0 = 0; // digital output
0x03E0	0x5020      	MOVF        keypadHandler_i_L0, 0 
0x03E2	0x0A00      	XORLW       0
0x03E4	0xB4D8      	BTFSC       STATUS, 2 
0x03E6	0x9081      	BCF         PORTB, 0 
L_keypadHandler6:
;calculadora7seg.c,79 :: 		if(i==1)PORTB.RB1 = 0;
0x03E8	0x5020      	MOVF        keypadHandler_i_L0, 0 
0x03EA	0x0A01      	XORLW       1
0x03EC	0xB4D8      	BTFSC       STATUS, 2 
0x03EE	0x9281      	BCF         PORTB, 1 
L_keypadHandler7:
;calculadora7seg.c,80 :: 		if(i==2)PORTB.RB2 = 0;
0x03F0	0x5020      	MOVF        keypadHandler_i_L0, 0 
0x03F2	0x0A02      	XORLW       2
0x03F4	0xB4D8      	BTFSC       STATUS, 2 
0x03F6	0x9481      	BCF         PORTB, 2 
L_keypadHandler8:
;calculadora7seg.c,81 :: 		if(i==3)PORTB.RB3 = 0;
0x03F8	0x5020      	MOVF        keypadHandler_i_L0, 0 
0x03FA	0x0A03      	XORLW       3
0x03FC	0xB4D8      	BTFSC       STATUS, 2 
0x03FE	0x9681      	BCF         PORTB, 3 
L_keypadHandler9:
;calculadora7seg.c,82 :: 		columnCode = PORTB >> 4;
0x0400	0xF01FCF81  	MOVFF       PORTB, _columnCode
0x0404	0x321F      	RRCF        _columnCode, 1 
0x0406	0x9E1F      	BCF         _columnCode, 7 
0x0408	0x321F      	RRCF        _columnCode, 1 
0x040A	0x9E1F      	BCF         _columnCode, 7 
0x040C	0x321F      	RRCF        _columnCode, 1 
0x040E	0x9E1F      	BCF         _columnCode, 7 
0x0410	0x321F      	RRCF        _columnCode, 1 
0x0412	0x9E1F      	BCF         _columnCode, 7 
;calculadora7seg.c,72 :: 		for(i = 0, columnCode = 0x0f; (i < 4) && (columnCode==0x0f); i++)
0x0414	0x2A20      	INCF        keypadHandler_i_L0, 1 
;calculadora7seg.c,83 :: 		}
0x0416	0xD7DA      	BRA         L_keypadHandler1
L_keypadHandler2:
;calculadora7seg.c,84 :: 		result = keyHandler(PORTB, &type);
0x0418	0xF024CF81  	MOVFF       PORTB, FARG_keyHandler_key
0x041C	0x0E00      	MOVLW       0
0x041E	0x6E25      	MOVWF       FARG_keyHandler_key+1 
0x0420	0x0E21      	MOVLW       keypadHandler_type_L0
0x0422	0x6E26      	MOVWF       FARG_keyHandler_type 
0x0424	0x0E00      	MOVLW       hi_addr(keypadHandler_type_L0)
0x0426	0x6E27      	MOVWF       FARG_keyHandler_type+1 
0x0428	0xDEB9      	RCALL       _keyHandler
0x042A	0xF022C000  	MOVFF       R0, keypadHandler_result_L0
0x042E	0xF023C001  	MOVFF       R1, keypadHandler_result_L0+1
;calculadora7seg.c,85 :: 		PORTB.RB0 = 0; // digital output
0x0432	0x9081      	BCF         PORTB, 0 
;calculadora7seg.c,86 :: 		PORTB.RB1 = 0;
0x0434	0x9281      	BCF         PORTB, 1 
;calculadora7seg.c,87 :: 		PORTB.RB2 = 0;
0x0436	0x9481      	BCF         PORTB, 2 
;calculadora7seg.c,88 :: 		PORTB.RB3 = 0;
0x0438	0x9681      	BCF         PORTB, 3 
;calculadora7seg.c,90 :: 		if(edge == 1)
0x043A	0x501B      	MOVF        _edge, 0 
0x043C	0x0A01      	XORLW       1
0x043E	0xA4D8      	BTFSS       STATUS, 2 
0x0440	0xD08F      	BRA         L_keypadHandler10
;calculadora7seg.c,92 :: 		segmentClear();
0x0442	0xDDE1      	RCALL       _segmentClear
;calculadora7seg.c,94 :: 		if(type == NUM && operation == EMPTY)
0x0444	0x5021      	MOVF        keypadHandler_type_L0, 0 
0x0446	0x0A06      	XORLW       6
0x0448	0xE11C      	BNZ         L_keypadHandler13
0x044A	0x501C      	MOVF        _operation, 0 
0x044C	0x0A07      	XORLW       7
0x044E	0xE119      	BNZ         L_keypadHandler13
L__keypadHandler58:
;calculadora7seg.c,96 :: 		operando1 *= 10;
0x0450	0xF000C017  	MOVFF       _operando1, R0
0x0454	0xF001C018  	MOVFF       _operando1+1, R1
0x0458	0x0E0A      	MOVLW       10
0x045A	0x6E04      	MOVWF       R4 
0x045C	0x0E00      	MOVLW       0
0x045E	0x6E05      	MOVWF       R5 
0x0460	0xDE11      	RCALL       _Mul_16x16_U
0x0462	0xF017C000  	MOVFF       R0, _operando1
0x0466	0xF018C001  	MOVFF       R1, _operando1+1
;calculadora7seg.c,97 :: 		operando1 += result;
0x046A	0x5022      	MOVF        keypadHandler_result_L0, 0 
0x046C	0x2600      	ADDWF       R0, 1 
0x046E	0x5023      	MOVF        keypadHandler_result_L0+1, 0 
0x0470	0x2201      	ADDWFC      R1, 1 
0x0472	0xF017C000  	MOVFF       R0, _operando1
0x0476	0xF018C001  	MOVFF       R1, _operando1+1
;calculadora7seg.c,98 :: 		numberOnDisplay = operando1;
0x047A	0xF01DC000  	MOVFF       R0, _numberOnDisplay
0x047E	0xF01EC001  	MOVFF       R1, _numberOnDisplay+1
;calculadora7seg.c,99 :: 		}
L_keypadHandler13:
;calculadora7seg.c,100 :: 		if(type != NUM && type != ON_CLEAR && type != EQUALS)
0x0482	0x5021      	MOVF        keypadHandler_type_L0, 0 
0x0484	0x0A06      	XORLW       6
0x0486	0xE008      	BZ          L_keypadHandler16
0x0488	0x5021      	MOVF        keypadHandler_type_L0, 0 
0x048A	0x0A05      	XORLW       5
0x048C	0xE005      	BZ          L_keypadHandler16
0x048E	0x5021      	MOVF        keypadHandler_type_L0, 0 
0x0490	0x0A00      	XORLW       0
0x0492	0xE002      	BZ          L_keypadHandler16
L__keypadHandler57:
;calculadora7seg.c,102 :: 		operation = type;
0x0494	0xF01CC021  	MOVFF       keypadHandler_type_L0, _operation
;calculadora7seg.c,103 :: 		}
L_keypadHandler16:
;calculadora7seg.c,104 :: 		if(type == NUM && operation != EMPTY)
0x0498	0x5021      	MOVF        keypadHandler_type_L0, 0 
0x049A	0x0A06      	XORLW       6
0x049C	0xE11C      	BNZ         L_keypadHandler19
0x049E	0x501C      	MOVF        _operation, 0 
0x04A0	0x0A07      	XORLW       7
0x04A2	0xE019      	BZ          L_keypadHandler19
L__keypadHandler56:
;calculadora7seg.c,106 :: 		operando2 *= 10;
0x04A4	0xF000C019  	MOVFF       _operando2, R0
0x04A8	0xF001C01A  	MOVFF       _operando2+1, R1
0x04AC	0x0E0A      	MOVLW       10
0x04AE	0x6E04      	MOVWF       R4 
0x04B0	0x0E00      	MOVLW       0
0x04B2	0x6E05      	MOVWF       R5 
0x04B4	0xDDE7      	RCALL       _Mul_16x16_U
0x04B6	0xF019C000  	MOVFF       R0, _operando2
0x04BA	0xF01AC001  	MOVFF       R1, _operando2+1
;calculadora7seg.c,107 :: 		operando2 += result;
0x04BE	0x5022      	MOVF        keypadHandler_result_L0, 0 
0x04C0	0x2600      	ADDWF       R0, 1 
0x04C2	0x5023      	MOVF        keypadHandler_result_L0+1, 0 
0x04C4	0x2201      	ADDWFC      R1, 1 
0x04C6	0xF019C000  	MOVFF       R0, _operando2
0x04CA	0xF01AC001  	MOVFF       R1, _operando2+1
;calculadora7seg.c,108 :: 		numberOnDisplay = operando2;
0x04CE	0xF01DC000  	MOVFF       R0, _numberOnDisplay
0x04D2	0xF01EC001  	MOVFF       R1, _numberOnDisplay+1
;calculadora7seg.c,109 :: 		}
L_keypadHandler19:
;calculadora7seg.c,110 :: 		if(type == EQUALS)
0x04D6	0x5021      	MOVF        keypadHandler_type_L0, 0 
0x04D8	0x0A00      	XORLW       0
0x04DA	0xE132      	BNZ         L_keypadHandler20
;calculadora7seg.c,112 :: 		if(operation == SUM)
0x04DC	0x501C      	MOVF        _operation, 0 
0x04DE	0x0A01      	XORLW       1
0x04E0	0xE106      	BNZ         L_keypadHandler21
;calculadora7seg.c,113 :: 		numberOnDisplay = operando1 + operando2;
0x04E2	0x5019      	MOVF        _operando2, 0 
0x04E4	0x2417      	ADDWF       _operando1, 0 
0x04E6	0x6E1D      	MOVWF       _numberOnDisplay 
0x04E8	0x501A      	MOVF        _operando2+1, 0 
0x04EA	0x2018      	ADDWFC      _operando1+1, 0 
0x04EC	0x6E1E      	MOVWF       _numberOnDisplay+1 
L_keypadHandler21:
;calculadora7seg.c,115 :: 		if(operation == SUB)
0x04EE	0x501C      	MOVF        _operation, 0 
0x04F0	0x0A02      	XORLW       2
0x04F2	0xE106      	BNZ         L_keypadHandler22
;calculadora7seg.c,116 :: 		numberOnDisplay = operando1 - operando2;
0x04F4	0x5019      	MOVF        _operando2, 0 
0x04F6	0x5C17      	SUBWF       _operando1, 0 
0x04F8	0x6E1D      	MOVWF       _numberOnDisplay 
0x04FA	0x501A      	MOVF        _operando2+1, 0 
0x04FC	0x5818      	SUBWFB      _operando1+1, 0 
0x04FE	0x6E1E      	MOVWF       _numberOnDisplay+1 
L_keypadHandler22:
;calculadora7seg.c,118 :: 		if(operation == MULT)
0x0500	0x501C      	MOVF        _operation, 0 
0x0502	0x0A03      	XORLW       3
0x0504	0xE10D      	BNZ         L_keypadHandler23
;calculadora7seg.c,119 :: 		numberOnDisplay = operando1 * operando2;
0x0506	0xF000C017  	MOVFF       _operando1, R0
0x050A	0xF001C018  	MOVFF       _operando1+1, R1
0x050E	0xF004C019  	MOVFF       _operando2, R4
0x0512	0xF005C01A  	MOVFF       _operando2+1, R5
0x0516	0xDDB6      	RCALL       _Mul_16x16_U
0x0518	0xF01DC000  	MOVFF       R0, _numberOnDisplay
0x051C	0xF01EC001  	MOVFF       R1, _numberOnDisplay+1
L_keypadHandler23:
;calculadora7seg.c,121 :: 		if(operation == DIVI)
0x0520	0x501C      	MOVF        _operation, 0 
0x0522	0x0A04      	XORLW       4
0x0524	0xE10D      	BNZ         L_keypadHandler24
;calculadora7seg.c,122 :: 		numberOnDisplay = operando1 / operando2;
0x0526	0xF004C019  	MOVFF       _operando2, R4
0x052A	0xF005C01A  	MOVFF       _operando2+1, R5
0x052E	0xF000C017  	MOVFF       _operando1, R0
0x0532	0xF001C018  	MOVFF       _operando1+1, R1
0x0536	0xDDCF      	RCALL       _Div_16x16_S
0x0538	0xF01DC000  	MOVFF       R0, _numberOnDisplay
0x053C	0xF01EC001  	MOVFF       R1, _numberOnDisplay+1
L_keypadHandler24:
;calculadora7seg.c,123 :: 		}
L_keypadHandler20:
;calculadora7seg.c,124 :: 		if(type == ON_CLEAR)
0x0540	0x5021      	MOVF        keypadHandler_type_L0, 0 
0x0542	0x0A05      	XORLW       5
0x0544	0xE108      	BNZ         L_keypadHandler25
;calculadora7seg.c,126 :: 		operando1 = 0;
0x0546	0x6A17      	CLRF        _operando1 
0x0548	0x6A18      	CLRF        _operando1+1 
;calculadora7seg.c,127 :: 		operando2 = 0;
0x054A	0x6A19      	CLRF        _operando2 
0x054C	0x6A1A      	CLRF        _operando2+1 
;calculadora7seg.c,128 :: 		operation = EMPTY;
0x054E	0x0E07      	MOVLW       7
0x0550	0x6E1C      	MOVWF       _operation 
;calculadora7seg.c,129 :: 		numberOnDisplay = 0;
0x0552	0x6A1D      	CLRF        _numberOnDisplay 
0x0554	0x6A1E      	CLRF        _numberOnDisplay+1 
;calculadora7seg.c,130 :: 		}
L_keypadHandler25:
;calculadora7seg.c,132 :: 		segmentOut(numberOnDisplay);
0x0556	0xF024C01D  	MOVFF       _numberOnDisplay, FARG_segmentOut_number
0x055A	0xF025C01E  	MOVFF       _numberOnDisplay+1, FARG_segmentOut_number+1
0x055E	0xDDBA      	RCALL       _segmentOut
;calculadora7seg.c,133 :: 		}
L_keypadHandler10:
;calculadora7seg.c,134 :: 		}
L_end_keypadHandler:
0x0560	0x0012      	RETURN      0
; end of _keypadHandler
_main:
0x0562	0x6A17      	CLRF        _operando1 
0x0564	0x6A18      	CLRF        24 
0x0566	0x6A19      	CLRF        _operando2 
0x0568	0x6A1A      	CLRF        26 
0x056A	0x0E01      	MOVLW       1
0x056C	0x6E1B      	MOVWF       _edge 
0x056E	0x0E07      	MOVLW       7
0x0570	0x6E1C      	MOVWF       _operation 
;calculadora7seg.c,35 :: 		void main()
;calculadora7seg.c,38 :: 		ADCON1 = 0x6;
0x0572	0x0E06      	MOVLW       6
0x0574	0x6EC1      	MOVWF       ADCON1 
;calculadora7seg.c,41 :: 		segmentInit();
0x0576	0xDF26      	RCALL       _segmentInit
;calculadora7seg.c,44 :: 		INTCON.GIE = 1;
0x0578	0x8EF2      	BSF         INTCON, 7 
;calculadora7seg.c,47 :: 		TRISB.RB4 = 1; // digital input
0x057A	0x8893      	BSF         TRISB, 4 
;calculadora7seg.c,48 :: 		TRISB.RB5 = 1; // digital input
0x057C	0x8A93      	BSF         TRISB, 5 
;calculadora7seg.c,49 :: 		TRISB.RB6 = 1; // digital input
0x057E	0x8C93      	BSF         TRISB, 6 
;calculadora7seg.c,50 :: 		TRISB.RB7 = 1; // digital input
0x0580	0x8E93      	BSF         TRISB, 7 
;calculadora7seg.c,52 :: 		TRISB.RB0 = 0; // digital output
0x0582	0x9093      	BCF         TRISB, 0 
;calculadora7seg.c,53 :: 		TRISB.RB1 = 0;
0x0584	0x9293      	BCF         TRISB, 1 
;calculadora7seg.c,54 :: 		TRISB.RB2 = 0;
0x0586	0x9493      	BCF         TRISB, 2 
;calculadora7seg.c,55 :: 		TRISB.RB3 = 0;
0x0588	0x9693      	BCF         TRISB, 3 
;calculadora7seg.c,57 :: 		PORTB.RB0 = 0; // digital output
0x058A	0x9081      	BCF         PORTB, 0 
;calculadora7seg.c,58 :: 		PORTB.RB1 = 0;
0x058C	0x9281      	BCF         PORTB, 1 
;calculadora7seg.c,59 :: 		PORTB.RB2 = 0;
0x058E	0x9481      	BCF         PORTB, 2 
;calculadora7seg.c,60 :: 		PORTB.RB3 = 0;
0x0590	0x9681      	BCF         PORTB, 3 
;calculadora7seg.c,62 :: 		INTCON.RBIE = 1;
0x0592	0x86F2      	BSF         INTCON, 3 
;calculadora7seg.c,63 :: 		INTCON.RBIF = 0;
0x0594	0x90F2      	BCF         INTCON, 0 
;calculadora7seg.c,64 :: 		}
L_end_main:
0x0596	0xD7FF      	BRA         $+0
; end of _main
Symbol List:
//** Routines locations **
//ADDRESS    SIZE    PROCEDURE
//----------------------------------------------
0x0006       [2]    _segmentClear
0x0008      [36]    _interrupt
0x002C      [88]    _Div_16x16_S_L
0x0084      [80]    _Mul_16x16_U
0x00D4       [2]    _segmentOut
0x00D6     [198]    _Div_16x16_S
0x019C     [536]    _keyHandler
0x03B4      [16]    ___CC2DW
0x03C4       [2]    _segmentInit
0x03C6     [412]    _keypadHandler
0x0562      [54]    _main
//** Variables locations ** 
//ADDRESS    SIZE    VARIABLE
//----------------------------------------------
0x0000       [1]    FLASH_Erase_64_SaveINTCON_L0
0x0000       [1]    UART1_Init_tmp_L0
0x0000       [1]    __Lib_SoftI2C_PutZerosToLATScl_temp_scl_L0
0x0000       [1]    SPI1_Write_tmp_L0
0x0000       [1]    EEPROM_Write_SaveINTCON_L0
0x0000       [1]    R0
0x0000       [1]    __Lib_SoftI2C_PutZerosToLATSda_temp_sda_L0
0x0001       [1]    R1
0x0001       [1]    ispunct_rslt_L0
0x0001       [1]    FLASH_Write_8_i_L0
0x0001       [1]    I2C1_Rd_tmp_L0
0x0001       [2]    FLASH_Read_N_Bytes_i_L0
0x0001       [1]    __Lib_TFT_16bit_JPEG_FileRead_i_L0
0x0001       [1]    __Lib_TFT_JPEG_FileRead_i_L0
0x0001       [1]    __Lib_PS2_Wait_Falling_nsample_L0
0x0001       [1]    FLASH_Erase_Write_64_i_L0
0x0001       [1]    UART1_Read___tmp_UART1_Read_L0
0x0001       [1]    __Lib_TFT_JPEG_FileReadBytes_Result_L0
0x0001       [1]    __Lib_TFT_16bit_JPEG_FileReadBytes_Result_L0
0x0002       [1]    FLASH_Erase_Write_64_j_L0
0x0002       [2]    memcpy_dd_L0
0x0002       [2]    memchr_s_L0
0x0002       [2]    memset_pp_L0
0x0002       [1]    R2
0x0002       [1]    FLASH_Write_8_SaveINTCON_L0
0x0002       [2]    strlen_cp_L0
0x0003       [1]    MM_Init_i_L0
0x0003       [1]    FLASH_Erase_Write_64_SaveINTCON_L0
0x0003       [2]    memmove_tt_L0
0x0003       [1]    R3
0x0003       [2]    MM_TotalFreeMemSize_Tot_L0
0x0003       [2]    __Lib_MmcFat16_f16_toInt_l_L0
0x0003       [2]    Ltrim_original_L0
0x0004       [2]    strcat_cp_L0
0x0004       [2]    memcpy_ss_L0
0x0004       [2]    strncpy_cp_L0
0x0004       [1]    R4
0x0004       [2]    strncat_cp_L0
0x0004       [2]    strcpy_cp_L0
0x0004       [2]    frexp_pom_L0
0x0004       [2]    __Lib_MemManager_MM_GetMemAlign_P_L0
0x0005       [2]    LongIntToHex_input_half_L0
0x0005       [1]    MM_TotalFreeMemSize_i_L0
0x0005       [2]    memmove_ff_L0
0x0005       [2]    Ltrim_p_L0
0x0005       [2]    LongWordToHex_input_half_L0
0x0005       [1]    R5
0x0006       [1]    __Lib_MemManager_MM_GetMemAlign_i_L0
0x0006       [1]    R6
0x0007       [1]    __Lib_TFT_JPEG_GenerateHuffmanTables_bLength_L0
0x0007       [1]    R7
0x0007       [1]    __Lib_TFT_16bit_JPEG_GenerateHuffmanTables_bLength_L0
0x0008       [1]    __Lib_TFT_JPEG_GenerateHuffmanTables_bTable_L0
0x0008       [1]    R8
0x0008       [1]    __Lib_TFT_16bit_JPEG_GenerateHuffmanTables_bTable_L0
0x0009       [4]    __Lib_MmcFat16_f16_toLong_l_L0
0x0009       [1]    R9
0x000A       [1]    R10
0x000B       [1]    R11
0x000C       [1]    R12
0x000D       [1]    R13
0x000E       [1]    R14
0x000F       [1]    R15
0x0010       [1]    R16
0x0011       [1]    R17
0x0012       [1]    R18
0x0013       [1]    R19
0x0014       [1]    R20
0x0017       [2]    _operando1
0x0019       [2]    _operando2
0x001B       [1]    _edge
0x001C       [1]    _operation
0x001D       [2]    _numberOnDisplay
0x001F       [1]    _columnCode
0x0020       [1]    keypadHandler_i_L0
0x0021       [1]    keypadHandler_type_L0
0x0022       [2]    keypadHandler_result_L0
0x0024       [2]    FARG_segmentOut_number
0x0024       [2]    FARG_keyHandler_key
0x0026       [2]    FARG_keyHandler_type
0x0028       [2]    keyHandler_result_L0
0x0F81       [1]    PORTB
0x0F93       [1]    TRISB
0x0FC1       [1]    ADCON1
0x0FD8       [1]    STATUS
0x0FD9       [1]    FSR2L
0x0FDA       [1]    FSR2H
0x0FDE       [1]    POSTINC2
0x0FE0       [1]    BSR
0x0FE1       [1]    FSR1L
0x0FE2       [1]    FSR1H
0x0FE4       [1]    PREINC1
0x0FE6       [1]    POSTINC1
0x0FE7       [1]    INDF1
0x0FE8       [1]    WREG
0x0FE9       [1]    FSR0L
0x0FEA       [1]    FSR0H
0x0FEE       [1]    POSTINC0
0x0FF2       [1]    INTCON
0x0FF3       [1]    PRODL
0x0FF4       [1]    PRODH
0x0FF5       [1]    TABLAT
0x0FF6       [1]    TBLPTRL
0x0FF7       [1]    TBLPTRH
0x0FF8       [1]    TBLPTRU
//** Label List: ** 
//----------------------------------------------
  L_interrupt0
  L_keypadHandler1
  L_keypadHandler2
  L_keypadHandler3
  L_keypadHandler4
  L_keypadHandler5
  L_keypadHandler6
  L_keypadHandler7
  L_keypadHandler8
  L_keypadHandler9
  L_keypadHandler10
  L_keypadHandler11
  L_keypadHandler12
  L_keypadHandler13
  L_keypadHandler14
  L_keypadHandler15
  L_keypadHandler16
  L_keypadHandler17
  L_keypadHandler18
  L_keypadHandler19
  L_keypadHandler20
  L_keypadHandler21
  L_keypadHandler22
  L_keypadHandler23
  L_keypadHandler24
  L_keypadHandler25
  L_keyHandler26
  L_keyHandler27
  L_keyHandler28
  L_keyHandler29
  L_keyHandler30
  L_keyHandler31
  L_keyHandler32
  L_keyHandler33
  L_keyHandler34
  L_keyHandler35
  L_keyHandler36
  L_keyHandler37
  L_keyHandler38
  L_keyHandler39
  L_keyHandler40
  L_keyHandler41
  L_keyHandler42
  L_keyHandler43
  L_display44
  L_display45
  L_display46
  L_display47
  L_display48
  L_display49
  L_display50
  L_display51
  L_display52
  L_display53
  L_display54
  L_display55
  L__keypadHandler56
  L__keypadHandler57
  L__keypadHandler58
  L__keypadHandler59
  L_end_interrupt
  _interrupt
  L__interrupt61
  L_end_main
  _main
  L_end_keypadHandler
  _keypadHandler
  L_end_keyHandler
  _keyHandler
  L__keyHandler65
  L__keyHandler66
  L__keyHandler67
  L__keyHandler68
  L__keyHandler69
  L__keyHandler70
  L__keyHandler71
  L__keyHandler72
  L__keyHandler73
  L__keyHandler74
  L__keyHandler75
  L__keyHandler76
  L__keyHandler77
  L__keyHandler78
  L__keyHandler79
  L__keyHandler80
  L_end_segmentInit
  _segmentInit
  L_end_segmentClear
  _segmentClear
  L_end_segmentOut
  _segmentOut
  L_end_display
  _display
  L__display85
  L__display86
  L__display87
  L__display88
  L__display89
  L__display90
  L__display91
  L__display92
  L__display93
  L__display94
  _CC2D_Loop1
  _CC2DL_Loop1
  L_loopCA2AWs
  L_loopCCA2AWs
  L_loopCS2Ss
  L_CS2Send
  L_loopCCS2Ss
  L_CCS2Send
  L_loopFZinSWs
  L_longjmp7
  L_end___CC2D
  ___CC2D
  L_end___CC2DW
  ___CC2DW
  L_end___CA2AW
  ___CA2AW
  L_end___CCA2AW
  ___CCA2AW
  L_end___CS2S
  ___CS2S
  L_end___CCS2S
  ___CCS2S
  L_end___FZinS
  ___FZinS
  L_end_____DoIFC
  _____DoIFC
  L_end_Swap
  _Swap
  L_end_setjmp
  _setjmp
  L_end_longjmp
  _longjmp
  L_interrupt0
  L_keypadHandler1
  L_keypadHandler2
  L_keypadHandler3
  L_keypadHandler4
  L_keypadHandler5
  L_keypadHandler6
  L_keypadHandler7
  L_keypadHandler8
  L_keypadHandler9
  L_keypadHandler10
  L_keypadHandler11
  L_keypadHandler12
  L_keypadHandler13
  L_keypadHandler14
  L_keypadHandler15
  L_keypadHandler16
  L_keypadHandler17
  L_keypadHandler18
  L_keypadHandler19
  L_keypadHandler20
  L_keypadHandler21
  L_keypadHandler22
  L_keypadHandler23
  L_keypadHandler24
  L_keypadHandler25
  L_keyHandler26
  L_keyHandler27
  L_keyHandler28
  L_keyHandler29
  L_keyHandler30
  L_keyHandler31
  L_keyHandler32
  L_keyHandler33
  L_keyHandler34
  L_keyHandler35
  L_keyHandler36
  L_keyHandler37
  L_keyHandler38
  L_keyHandler39
  L_keyHandler40
  L_keyHandler41
  L_keyHandler42
  L_keyHandler43
  L_display44
  L_display45
  L_display46
  L_display47
  L_display48
  L_display49
  L_display50
  L_display51
  L_display52
  L_display53
  L_display54
  L_display55
  L__keypadHandler56
  L__keypadHandler57
  L__keypadHandler58
  L__keypadHandler59
  L_end_interrupt
  _interrupt
  L__interrupt61
  L_end_main
  _main
  L_end_keypadHandler
  _keypadHandler
  L_end_keyHandler
  _keyHandler
  L__keyHandler65
  L__keyHandler66
  L__keyHandler67
  L__keyHandler68
  L__keyHandler69
  L__keyHandler70
  L__keyHandler71
  L__keyHandler72
  L__keyHandler73
  L__keyHandler74
  L__keyHandler75
  L__keyHandler76
  L__keyHandler77
  L__keyHandler78
  L__keyHandler79
  L__keyHandler80
  L_end_segmentInit
  _segmentInit
  L_end_segmentClear
  _segmentClear
  L_end_segmentOut
  _segmentOut
  L_end_display
  _display
  L__display85
  L__display86
  L__display87
  L__display88
  L__display89
  L__display90
  L__display91
  L__display92
  L__display93
  L__display94
  L_Div_16x16_S0
  L_Div_16x16_S1
  LOOPS3232A
  SADD22LA
  SOK22LA
  SADD22L8
  SOK22L8
  LOOPS3232B
  SADD22LB
  SOK22LB
  SADD22L16
  SOK22L16
  LOOPS3232C
  SADD22LC
  SOK22LC
  SADD22L24
  SOK22L24
  LOOPS3232D
  SADD22LD
  SOK22LD
  SOK22L
  L_Div_32x32_S6
  L_Div_32x32_S7
  L_Div_32x32_S8
  L_Div_32x32_S9
  FXD3232S
  END_ALL
  CA3232S
  C3232SX
  C3232SX1
  C3232S
  C3232S2
  C3232SX4
  C3232SOK
  C3232SX3
  C3232SX2
  avoid_comfrem
  LOOPU3232A
  UADD22LA
  UOK22LA
  UADD22L8
  UOK22L8
  LOOPU3232B
  UADD22LB
  UOK22LB
  UADD22L16
  UOK22L16
  LOOPU3232C
  UADD22LC
  UOK22LC
  UADD22L24
  UOK22L24
  LOOPU3232D
  UADD22LD
  UOK22LD
  UOK22L
  _NEXT
  _EXIT2
  _LOOP
  _EXIT1
  _IF_FIRST
  _IF_SECOND
  _INVERCE_FIRST
  _MULT
  _INBERSE_SECOND
  _EXIT
  L_end_Div_8x8_U
  _Div_8x8_U
  L_end_Div_16x16_U
  _Div_16x16_U
  L_end_Div_16x16_S_L
  _Div_16x16_S_L
  L_end_Div_16x16_S
  _Div_16x16_S
  L_end_Div_8x8_S
  _Div_8x8_S
  L_end_Mul_8x8_S
  _Mul_8x8_S
  L_end_Mul_16x16_U
  _Mul_16x16_U
  L_end_Mul_16x16_S
  _Mul_16x16_S
  L_end_SDIV3232L
  _SDIV3232L
  L_end_COMFREM
  _COMFREM
  L_end_Div_32x32_S
  _Div_32x32_S
  L_end_Div_32x32_U
  _Div_32x32_U
  L_end_Mul_32x32_U
  _Mul_32x32_U
  L_end_Mul_32x32_S
  _Mul_32x32_S
