;  LST file generated by mikroListExporter - v.2.0 
; Date/Time: 20/04/2017 17:11:33
;----------------------------------------------

;Address Opcode 	ASM
0x0000	0xF004EF85  	GOTO        2314
_interrupt:
;alarme.c,64 :: 		void interrupt(void)
0x0008	0xF018C000  	MOVFF       R0, 24
0x000C	0xF017C001  	MOVFF       R1, 23
0x0010	0xF016C00C  	MOVFF       R12, 22
0x0014	0xF015C00D  	MOVFF       R13, 21
;alarme.c,66 :: 		if(INTCON3.INT1IF)
0x0018	0xF01CCFF5  	MOVFF       TABLAT, 28
0x001C	0xF019CFF8  	MOVFF       TBLPTRU, 25
0x0020	0xF01ACFF7  	MOVFF       TBLPTRH, 26
0x0024	0xF01BCFF6  	MOVFF       4086, 27
0x0028	0xA0F0      	BTFSS       INTCON3, 0 
0x002A	0xD004      	BRA         L_interrupt0
;alarme.c,70 :: 		keypadHandler();
0x002C	0xDADE      	RCALL       _keypadHandler
;alarme.c,71 :: 		canTypeAgain = 0;
0x002E	0x6A2A      	CLRF        _canTypeAgain 
0x0030	0x6A2B      	CLRF        _canTypeAgain+1 
;alarme.c,74 :: 		INTCON3.INT1IF = 0;
0x0032	0x90F0      	BCF         INTCON3, 0 
;alarme.c,75 :: 		}
L_interrupt0:
;alarme.c,94 :: 		}
L_end_interrupt:
L__interrupt78:
0x0034	0xFFF5C01C  	MOVFF       28, TABLAT
0x0038	0xFFF8C019  	MOVFF       25, TBLPTRU
0x003C	0xFFF7C01A  	MOVFF       26, TBLPTRH
0x0040	0xFFF6C01B  	MOVFF       27, 4086
0x0044	0xF000C018  	MOVFF       24, R0
0x0048	0xF001C017  	MOVFF       23, R1
0x004C	0xF00CC016  	MOVFF       22, R12
0x0050	0xF00DC015  	MOVFF       21, R13
0x0054	0x0011      	RETFIE      1
; end of _interrupt
_Delay_5500us:
;__Lib_Delays.c,31 :: 		void Delay_5500us() {
;__Lib_Delays.c,32 :: 		Delay_us(5500);
0x0056	0x0E0F      	MOVLW       15
0x0058	0x6E0C      	MOVWF       R12, 0
0x005A	0x0E47      	MOVLW       71
0x005C	0x6E0D      	MOVWF       R13, 0
L_Delay_5500us5:
0x005E	0x2E0D      	DECFSZ      R13, 1, 0
0x0060	0xD7FE      	BRA         L_Delay_5500us5
0x0062	0x2E0C      	DECFSZ      R12, 1, 0
0x0064	0xD7FC      	BRA         L_Delay_5500us5
0x0066	0x0000      	NOP
0x0068	0x0000      	NOP
;__Lib_Delays.c,33 :: 		}
L_end_Delay_5500us:
0x006A	0x0012      	RETURN      0
; end of _Delay_5500us
_Delay_1us:
;__Lib_Delays.c,7 :: 		void Delay_1us() {
;__Lib_Delays.c,8 :: 		Delay_us(1);
0x006C	0x0000      	NOP
0x006E	0x0000      	NOP
;__Lib_Delays.c,9 :: 		}
L_end_Delay_1us:
0x0070	0x0012      	RETURN      0
; end of _Delay_1us
_Delay_50us:
;__Lib_Delays.c,19 :: 		void Delay_50us() {
;__Lib_Delays.c,20 :: 		Delay_us(50);
0x0072	0x0E21      	MOVLW       33
0x0074	0x6E0D      	MOVWF       R13, 0
L_Delay_50us2:
0x0076	0x2E0D      	DECFSZ      R13, 1, 0
0x0078	0xD7FE      	BRA         L_Delay_50us2
;__Lib_Delays.c,21 :: 		}
L_end_Delay_50us:
0x007A	0x0012      	RETURN      0
; end of _Delay_50us
_Div_16x16_U:
;__Lib_Math.c,102 :: 		
;__Lib_Math.c,109 :: 		
0x007C	0x6A08      	CLRF        R8, 0
;__Lib_Math.c,110 :: 		
0x007E	0x6A09      	CLRF        R9, 0
;__Lib_Math.c,111 :: 		
0x0080	0x0E10      	MOVLW       16
;__Lib_Math.c,112 :: 		
0x0082	0x6E0C      	MOVWF       R12, 0
;__Lib_Math.c,113 :: 		
0x0084	0x3401      	RLCF        R1, 0, 0
;__Lib_Math.c,114 :: 		
0x0086	0x3608      	RLCF        R8, 1, 0
;__Lib_Math.c,115 :: 		
0x0088	0x3609      	RLCF        R9, 1, 0
;__Lib_Math.c,116 :: 		
0x008A	0x5004      	MOVF        R4, 0, 0
;__Lib_Math.c,117 :: 		
0x008C	0x5E08      	SUBWF       R8, 1, 0
;__Lib_Math.c,118 :: 		
0x008E	0x5005      	MOVF        R5, 0, 0
;__Lib_Math.c,119 :: 		
0x0090	0xA0D8      	BTFSS       STATUS, 0, 0
;__Lib_Math.c,120 :: 		
0x0092	0x3C05      	INCFSZ      R5, 0, 0
;__Lib_Math.c,121 :: 		
0x0094	0x5E09      	SUBWF       R9, 1, 0
;__Lib_Math.c,122 :: 		
0x0096	0xB0D8      	BTFSC       STATUS, 0, 0
;__Lib_Math.c,123 :: 		
0x0098	0xD007      	BRA         $+16
;__Lib_Math.c,124 :: 		
0x009A	0x5004      	MOVF        R4, 0, 0
;__Lib_Math.c,125 :: 		
0x009C	0x2608      	ADDWF       R8, 1, 0
;__Lib_Math.c,126 :: 		
0x009E	0x5005      	MOVF        R5, 0, 0
;__Lib_Math.c,127 :: 		
0x00A0	0xB0D8      	BTFSC       STATUS, 0, 0
;__Lib_Math.c,128 :: 		
0x00A2	0x3C05      	INCFSZ      R5, 0, 0
;__Lib_Math.c,129 :: 		
0x00A4	0x2609      	ADDWF       R9, 1, 0
;__Lib_Math.c,130 :: 		
0x00A6	0x90D8      	BCF         STATUS, 0, 0
;__Lib_Math.c,131 :: 		
0x00A8	0x3600      	RLCF        R0, 1, 0
;__Lib_Math.c,132 :: 		
0x00AA	0x3601      	RLCF        R1, 1, 0
;__Lib_Math.c,133 :: 		
0x00AC	0x2E0C      	DECFSZ      R12, 1, 0
;__Lib_Math.c,134 :: 		
0x00AE	0xD7EA      	BRA         $-42
;__Lib_Math.c,136 :: 		
L_end_Div_16x16_U:
0x00B0	0x0012      	RETURN      0
; end of _Div_16x16_U
_Lcd_Cmd:
;__Lib_Lcd.c,18 :: 		
;__Lib_Lcd.c,20 :: 		
0x00B2	0x0100      	MOVLB       0
0x00B4	0xBFA0      	BTFSC       FARG_Lcd_Cmd_out_char, 7, 1
0x00B6	0xD002      	BRA         L__Lcd_Cmd21
0x00B8	0x9E83      	BCF         LCD_D7, BitPos(LCD_D7+0) 
0x00BA	0xD001      	BRA         L__Lcd_Cmd22
L__Lcd_Cmd21:
0x00BC	0x8E83      	BSF         LCD_D7, BitPos(LCD_D7+0) 
L__Lcd_Cmd22:
;__Lib_Lcd.c,21 :: 		
0x00BE	0xBDA0      	BTFSC       FARG_Lcd_Cmd_out_char, 6, 1
0x00C0	0xD002      	BRA         L__Lcd_Cmd23
0x00C2	0x9C83      	BCF         LCD_D6, BitPos(LCD_D6+0) 
0x00C4	0xD001      	BRA         L__Lcd_Cmd24
L__Lcd_Cmd23:
0x00C6	0x8C83      	BSF         LCD_D6, BitPos(LCD_D6+0) 
L__Lcd_Cmd24:
;__Lib_Lcd.c,22 :: 		
0x00C8	0xBBA0      	BTFSC       FARG_Lcd_Cmd_out_char, 5, 1
0x00CA	0xD002      	BRA         L__Lcd_Cmd25
0x00CC	0x9A83      	BCF         LCD_D5, BitPos(LCD_D5+0) 
0x00CE	0xD001      	BRA         L__Lcd_Cmd26
L__Lcd_Cmd25:
0x00D0	0x8A83      	BSF         LCD_D5, BitPos(LCD_D5+0) 
L__Lcd_Cmd26:
;__Lib_Lcd.c,23 :: 		
0x00D2	0xB9A0      	BTFSC       FARG_Lcd_Cmd_out_char, 4, 1
0x00D4	0xD002      	BRA         L__Lcd_Cmd27
0x00D6	0x9883      	BCF         LCD_D4, BitPos(LCD_D4+0) 
0x00D8	0xD001      	BRA         L__Lcd_Cmd28
L__Lcd_Cmd27:
0x00DA	0x8883      	BSF         LCD_D4, BitPos(LCD_D4+0) 
L__Lcd_Cmd28:
;__Lib_Lcd.c,25 :: 		
0x00DC	0xB182      	BTFSC       __Lib_Lcd_cmd_status, BitPos(__Lib_Lcd_cmd_status+0), 1
0x00DE	0xD002      	BRA         L__Lcd_Cmd29
0x00E0	0x8484      	BSF         LCD_RS, BitPos(LCD_RS+0) 
0x00E2	0xD001      	BRA         L__Lcd_Cmd30
L__Lcd_Cmd29:
0x00E4	0x9484      	BCF         LCD_RS, BitPos(LCD_RS+0) 
L__Lcd_Cmd30:
;__Lib_Lcd.c,28 :: 		
0x00E6	0x8284      	BSF         LCD_EN, BitPos(LCD_EN+0) 
;__Lib_Lcd.c,29 :: 		
0x00E8	0xDFC1      	RCALL       _Delay_1us
;__Lib_Lcd.c,30 :: 		
0x00EA	0x9284      	BCF         LCD_EN, BitPos(LCD_EN+0) 
;__Lib_Lcd.c,33 :: 		
0x00EC	0xB7A0      	BTFSC       FARG_Lcd_Cmd_out_char, 3, 1
0x00EE	0xD002      	BRA         L__Lcd_Cmd31
0x00F0	0x9E83      	BCF         LCD_D7, BitPos(LCD_D7+0) 
0x00F2	0xD001      	BRA         L__Lcd_Cmd32
L__Lcd_Cmd31:
0x00F4	0x8E83      	BSF         LCD_D7, BitPos(LCD_D7+0) 
L__Lcd_Cmd32:
;__Lib_Lcd.c,34 :: 		
0x00F6	0xB5A0      	BTFSC       FARG_Lcd_Cmd_out_char, 2, 1
0x00F8	0xD002      	BRA         L__Lcd_Cmd33
0x00FA	0x9C83      	BCF         LCD_D6, BitPos(LCD_D6+0) 
0x00FC	0xD001      	BRA         L__Lcd_Cmd34
L__Lcd_Cmd33:
0x00FE	0x8C83      	BSF         LCD_D6, BitPos(LCD_D6+0) 
L__Lcd_Cmd34:
;__Lib_Lcd.c,35 :: 		
0x0100	0xB3A0      	BTFSC       FARG_Lcd_Cmd_out_char, 1, 1
0x0102	0xD002      	BRA         L__Lcd_Cmd35
0x0104	0x9A83      	BCF         LCD_D5, BitPos(LCD_D5+0) 
0x0106	0xD001      	BRA         L__Lcd_Cmd36
L__Lcd_Cmd35:
0x0108	0x8A83      	BSF         LCD_D5, BitPos(LCD_D5+0) 
L__Lcd_Cmd36:
;__Lib_Lcd.c,36 :: 		
0x010A	0xB1A0      	BTFSC       FARG_Lcd_Cmd_out_char, 0, 1
0x010C	0xD002      	BRA         L__Lcd_Cmd37
0x010E	0x9883      	BCF         LCD_D4, BitPos(LCD_D4+0) 
0x0110	0xD001      	BRA         L__Lcd_Cmd38
L__Lcd_Cmd37:
0x0112	0x8883      	BSF         LCD_D4, BitPos(LCD_D4+0) 
L__Lcd_Cmd38:
;__Lib_Lcd.c,38 :: 		
0x0114	0xB182      	BTFSC       __Lib_Lcd_cmd_status, BitPos(__Lib_Lcd_cmd_status+0), 1
0x0116	0xD002      	BRA         L__Lcd_Cmd39
0x0118	0x8484      	BSF         LCD_RS, BitPos(LCD_RS+0) 
0x011A	0xD001      	BRA         L__Lcd_Cmd40
L__Lcd_Cmd39:
0x011C	0x9484      	BCF         LCD_RS, BitPos(LCD_RS+0) 
L__Lcd_Cmd40:
;__Lib_Lcd.c,40 :: 		
0x011E	0x8284      	BSF         LCD_EN, BitPos(LCD_EN+0) 
;__Lib_Lcd.c,41 :: 		
0x0120	0xDFA5      	RCALL       _Delay_1us
;__Lib_Lcd.c,42 :: 		
0x0122	0x9284      	BCF         LCD_EN, BitPos(LCD_EN+0) 
;__Lib_Lcd.c,44 :: 		
0x0124	0xA182      	BTFSS       __Lib_Lcd_cmd_status, BitPos(__Lib_Lcd_cmd_status+0), 1
0x0126	0xD002      	BRA         L_Lcd_Cmd0
;__Lib_Lcd.c,45 :: 		
0x0128	0xDF96      	RCALL       _Delay_5500us
0x012A	0xD001      	BRA         L_Lcd_Cmd1
L_Lcd_Cmd0:
;__Lib_Lcd.c,47 :: 		
0x012C	0xDFA2      	RCALL       _Delay_50us
L_Lcd_Cmd1:
;__Lib_Lcd.c,48 :: 		
L_end_Lcd_Cmd:
0x012E	0x0012      	RETURN      0
; end of _Lcd_Cmd
_WordToStr:
;__Lib_Conversions.c,84 :: 		
;__Lib_Conversions.c,89 :: 		
0x0130	0x0100      	MOVLB       0
0x0132	0x6B9D      	CLRF        WordToStr_len_L0, 1
L_WordToStr6:
0x0134	0x0E05      	MOVLW       5
0x0136	0x5D9D      	SUBWF       WordToStr_len_L0, 0, 1
0x0138	0xE20A      	BC          L_WordToStr7
;__Lib_Conversions.c,90 :: 		
0x013A	0x519D      	MOVF        WordToStr_len_L0, 0, 1
0x013C	0x259B      	ADDWF       FARG_WordToStr_output, 0, 1
0x013E	0x6EE1      	MOVWF       FSR1L 
0x0140	0x0E00      	MOVLW       0
0x0142	0x219C      	ADDWFC      FARG_WordToStr_output+1, 0, 1
0x0144	0x6EE2      	MOVWF       FSR1H 
0x0146	0x0E20      	MOVLW       32
0x0148	0x6EE6      	MOVWF       POSTINC1 
;__Lib_Conversions.c,89 :: 		
0x014A	0x2B9D      	INCF        WordToStr_len_L0, 1, 1
;__Lib_Conversions.c,90 :: 		
0x014C	0xD7F3      	BRA         L_WordToStr6
L_WordToStr7:
;__Lib_Conversions.c,91 :: 		
0x014E	0x519D      	MOVF        WordToStr_len_L0, 0, 1
0x0150	0x259B      	ADDWF       FARG_WordToStr_output, 0, 1
0x0152	0x6EE1      	MOVWF       FSR1L 
0x0154	0x0E00      	MOVLW       0
0x0156	0x219C      	ADDWFC      FARG_WordToStr_output+1, 0, 1
0x0158	0x6EE2      	MOVWF       FSR1H 
0x015A	0x6AE6      	CLRF        POSTINC1 
0x015C	0x079D      	DECF        WordToStr_len_L0, 1, 1
;__Lib_Conversions.c,93 :: 		
L_WordToStr9:
;__Lib_Conversions.c,94 :: 		
0x015E	0x519D      	MOVF        WordToStr_len_L0, 0, 1
0x0160	0x259B      	ADDWF       FARG_WordToStr_output, 0, 1
0x0162	0x6F9E      	MOVWF       FLOC__WordToStr, 1
0x0164	0x0E00      	MOVLW       0
0x0166	0x219C      	ADDWFC      FARG_WordToStr_output+1, 0, 1
0x0168	0x6F9F      	MOVWF       FLOC__WordToStr+1, 1
0x016A	0x0E0A      	MOVLW       10
0x016C	0x6E04      	MOVWF       R4 
0x016E	0x0E00      	MOVLW       0
0x0170	0x6E05      	MOVWF       R5 
0x0172	0xF000C099  	MOVFF       FARG_WordToStr_input, R0
0x0176	0xF001C09A  	MOVFF       FARG_WordToStr_input+1, R1
0x017A	0xDF80      	RCALL       _Div_16x16_U
0x017C	0xF000C008  	MOVFF       R8, R0
0x0180	0xF001C009  	MOVFF       R9, R1
0x0184	0x0E30      	MOVLW       48
0x0186	0x2600      	ADDWF       R0, 1 
0x0188	0xFFE1C09E  	MOVFF       FLOC__WordToStr, FSR1L
0x018C	0xFFE2C09F  	MOVFF       FLOC__WordToStr+1, FSR1H
0x0190	0xFFE6C000  	MOVFF       R0, POSTINC1
;__Lib_Conversions.c,95 :: 		
0x0194	0x0E0A      	MOVLW       10
0x0196	0x6E04      	MOVWF       R4 
0x0198	0x0E00      	MOVLW       0
0x019A	0x6E05      	MOVWF       R5 
0x019C	0xF000C099  	MOVFF       FARG_WordToStr_input, R0
0x01A0	0xF001C09A  	MOVFF       FARG_WordToStr_input+1, R1
0x01A4	0xDF6B      	RCALL       _Div_16x16_U
0x01A6	0xF099C000  	MOVFF       R0, FARG_WordToStr_input
0x01AA	0xF09AC001  	MOVFF       R1, FARG_WordToStr_input+1
;__Lib_Conversions.c,96 :: 		
0x01AE	0x0E00      	MOVLW       0
0x01B0	0x1801      	XORWF       R1, 0 
0x01B2	0xE102      	BNZ         L__WordToStr109
0x01B4	0x0E00      	MOVLW       0
0x01B6	0x1800      	XORWF       R0, 0 
L__WordToStr109:
0x01B8	0xE101      	BNZ         L_WordToStr11
;__Lib_Conversions.c,97 :: 		
0x01BA	0xD002      	BRA         L_WordToStr10
L_WordToStr11:
;__Lib_Conversions.c,98 :: 		
0x01BC	0x079D      	DECF        WordToStr_len_L0, 1, 1
;__Lib_Conversions.c,99 :: 		
0x01BE	0xD7CF      	BRA         L_WordToStr9
L_WordToStr10:
;__Lib_Conversions.c,100 :: 		
L_end_WordToStr:
0x01C0	0x0012      	RETURN      0
; end of _WordToStr
_Lcd_Chr_CP:
;__Lib_Lcd.c,50 :: 		
;__Lib_Lcd.c,52 :: 		
0x01C2	0x0100      	MOVLB       0
0x01C4	0x9182      	BCF         __Lib_Lcd_cmd_status, BitPos(__Lib_Lcd_cmd_status+0), 1
;__Lib_Lcd.c,53 :: 		
0x01C6	0xF0A0C099  	MOVFF       FARG_Lcd_Chr_CP_out_char, FARG_Lcd_Cmd_out_char
0x01CA	0xDF73      	RCALL       _Lcd_Cmd
;__Lib_Lcd.c,54 :: 		
0x01CC	0x8182      	BSF         __Lib_Lcd_cmd_status, BitPos(__Lib_Lcd_cmd_status+0), 1
;__Lib_Lcd.c,55 :: 		
L_end_Lcd_Chr_CP:
0x01CE	0x0012      	RETURN      0
; end of _Lcd_Chr_CP
_Lcd_Out:
;__Lib_Lcd.c,184 :: 		
;__Lib_Lcd.c,187 :: 		
0x01D0	0xD010      	BRA         L_Lcd_Out11
;__Lib_Lcd.c,188 :: 		
L_Lcd_Out13:
0x01D2	0x0E80      	MOVLW       128
0x01D4	0x0100      	MOVLB       0
0x01D6	0x6F8F      	MOVWF       FARG_Lcd_Out_row, 1
0x01D8	0xD01A      	BRA         L_Lcd_Out12
;__Lib_Lcd.c,189 :: 		
L_Lcd_Out14:
0x01DA	0x0EC0      	MOVLW       192
0x01DC	0x6F8F      	MOVWF       FARG_Lcd_Out_row, 1
0x01DE	0xD017      	BRA         L_Lcd_Out12
;__Lib_Lcd.c,190 :: 		
L_Lcd_Out15:
0x01E0	0x0E94      	MOVLW       148
0x01E2	0x6F8F      	MOVWF       FARG_Lcd_Out_row, 1
0x01E4	0xD014      	BRA         L_Lcd_Out12
;__Lib_Lcd.c,191 :: 		
L_Lcd_Out16:
0x01E6	0x0ED4      	MOVLW       212
0x01E8	0x6F8F      	MOVWF       FARG_Lcd_Out_row, 1
0x01EA	0xD011      	BRA         L_Lcd_Out12
;__Lib_Lcd.c,192 :: 		
L_Lcd_Out17:
0x01EC	0x0E80      	MOVLW       128
0x01EE	0x6F8F      	MOVWF       FARG_Lcd_Out_row, 1
;__Lib_Lcd.c,193 :: 		
0x01F0	0xD00E      	BRA         L_Lcd_Out12
L_Lcd_Out11:
0x01F2	0x0100      	MOVLB       0
0x01F4	0x518F      	MOVF        FARG_Lcd_Out_row, 0, 1
0x01F6	0x0A01      	XORLW       1
0x01F8	0xE0EC      	BZ          L_Lcd_Out13
0x01FA	0x518F      	MOVF        FARG_Lcd_Out_row, 0, 1
0x01FC	0x0A02      	XORLW       2
0x01FE	0xE0ED      	BZ          L_Lcd_Out14
0x0200	0x518F      	MOVF        FARG_Lcd_Out_row, 0, 1
0x0202	0x0A03      	XORLW       3
0x0204	0xE0ED      	BZ          L_Lcd_Out15
0x0206	0x518F      	MOVF        FARG_Lcd_Out_row, 0, 1
0x0208	0x0A04      	XORLW       4
0x020A	0xE0ED      	BZ          L_Lcd_Out16
0x020C	0xD7EF      	BRA         L_Lcd_Out17
L_Lcd_Out12:
;__Lib_Lcd.c,194 :: 		
0x020E	0x0590      	DECF        FARG_Lcd_Out_column, 0, 1
0x0210	0x6E00      	MOVWF       R0 
0x0212	0x518F      	MOVF        FARG_Lcd_Out_row, 0, 1
0x0214	0x2600      	ADDWF       R0, 1 
0x0216	0xF08FC000  	MOVFF       R0, FARG_Lcd_Out_row
;__Lib_Lcd.c,196 :: 		
0x021A	0xF0A0C000  	MOVFF       R0, FARG_Lcd_Cmd_out_char
0x021E	0xDF49      	RCALL       _Lcd_Cmd
;__Lib_Lcd.c,197 :: 		
0x0220	0x9182      	BCF         __Lib_Lcd_cmd_status, BitPos(__Lib_Lcd_cmd_status+0), 1
;__Lib_Lcd.c,198 :: 		
0x0222	0x6B93      	CLRF        Lcd_Out_i_L0, 1
;__Lib_Lcd.c,199 :: 		
L_Lcd_Out18:
0x0224	0x5193      	MOVF        Lcd_Out_i_L0, 0, 1
0x0226	0x2591      	ADDWF       FARG_Lcd_Out_text, 0, 1
0x0228	0x6EE9      	MOVWF       FSR0L 
0x022A	0x0E00      	MOVLW       0
0x022C	0x2192      	ADDWFC      FARG_Lcd_Out_text+1, 0, 1
0x022E	0x6EEA      	MOVWF       FSR0H 
0x0230	0x52EE      	MOVF        POSTINC0, 1 
0x0232	0xE00B      	BZ          L_Lcd_Out19
;__Lib_Lcd.c,200 :: 		
0x0234	0x5193      	MOVF        Lcd_Out_i_L0, 0, 1
0x0236	0x2591      	ADDWF       FARG_Lcd_Out_text, 0, 1
0x0238	0x6EE9      	MOVWF       FSR0L 
0x023A	0x0E00      	MOVLW       0
0x023C	0x2192      	ADDWFC      FARG_Lcd_Out_text+1, 0, 1
0x023E	0x6EEA      	MOVWF       FSR0H 
0x0240	0xF099CFEE  	MOVFF       POSTINC0, FARG_Lcd_Chr_CP_out_char
0x0244	0xDFBE      	RCALL       _Lcd_Chr_CP
0x0246	0x2B93      	INCF        Lcd_Out_i_L0, 1, 1
0x0248	0xD7ED      	BRA         L_Lcd_Out18
L_Lcd_Out19:
;__Lib_Lcd.c,201 :: 		
0x024A	0x8182      	BSF         __Lib_Lcd_cmd_status, BitPos(__Lib_Lcd_cmd_status+0), 1
;__Lib_Lcd.c,202 :: 		
L_end_Lcd_Out:
0x024C	0x0012      	RETURN      0
; end of _Lcd_Out
_keyHandler:
;alarme.c,395 :: 		int keyHandler (int key, KeyType* type)
;alarme.c,397 :: 		int result = -1;
0x024E	0x0EFF      	MOVLW       255
0x0250	0x0100      	MOVLB       0
0x0252	0x6F93      	MOVWF       keyHandler_result_L0, 1
0x0254	0x0EFF      	MOVLW       255
0x0256	0x6F94      	MOVWF       keyHandler_result_L0+1, 1
;alarme.c,398 :: 		switch(key)
0x0258	0xD095      	BRA         L_keyHandler58
;alarme.c,400 :: 		case 231:
L_keyHandler60:
;alarme.c,401 :: 		*type = ON_CLEAR;
0x025A	0xFFE1C091  	MOVFF       FARG_keyHandler_type, FSR1L
0x025E	0xFFE2C092  	MOVFF       FARG_keyHandler_type+1, FSR1H
0x0262	0x0E05      	MOVLW       5
0x0264	0x6EE6      	MOVWF       POSTINC1 
;alarme.c,402 :: 		break;
0x0266	0xD0FB      	BRA         L_keyHandler59
;alarme.c,404 :: 		case 215:
L_keyHandler61:
;alarme.c,405 :: 		*type = NUM;
0x0268	0xFFE1C091  	MOVFF       FARG_keyHandler_type, FSR1L
0x026C	0xFFE2C092  	MOVFF       FARG_keyHandler_type+1, FSR1H
0x0270	0x0E06      	MOVLW       6
0x0272	0x6EE6      	MOVWF       POSTINC1 
;alarme.c,406 :: 		result = 0;
0x0274	0x6B93      	CLRF        keyHandler_result_L0, 1
0x0276	0x6B94      	CLRF        keyHandler_result_L0+1, 1
;alarme.c,407 :: 		break;
0x0278	0xD0F2      	BRA         L_keyHandler59
;alarme.c,409 :: 		case 183:
L_keyHandler62:
;alarme.c,410 :: 		*type = EQUALS;
0x027A	0xFFE1C091  	MOVFF       FARG_keyHandler_type, FSR1L
0x027E	0xFFE2C092  	MOVFF       FARG_keyHandler_type+1, FSR1H
0x0282	0x6AE6      	CLRF        POSTINC1 
;alarme.c,411 :: 		break;
0x0284	0xD0EC      	BRA         L_keyHandler59
;alarme.c,413 :: 		case 119:
L_keyHandler63:
;alarme.c,414 :: 		*type = SUM;
0x0286	0xFFE1C091  	MOVFF       FARG_keyHandler_type, FSR1L
0x028A	0xFFE2C092  	MOVFF       FARG_keyHandler_type+1, FSR1H
0x028E	0x0E01      	MOVLW       1
0x0290	0x6EE6      	MOVWF       POSTINC1 
;alarme.c,415 :: 		break;
0x0292	0xD0E5      	BRA         L_keyHandler59
;alarme.c,417 :: 		case 235:
L_keyHandler64:
;alarme.c,418 :: 		*type = NUM;
0x0294	0xFFE1C091  	MOVFF       FARG_keyHandler_type, FSR1L
0x0298	0xFFE2C092  	MOVFF       FARG_keyHandler_type+1, FSR1H
0x029C	0x0E06      	MOVLW       6
0x029E	0x6EE6      	MOVWF       POSTINC1 
;alarme.c,419 :: 		result = 7;
0x02A0	0x0E07      	MOVLW       7
0x02A2	0x6F93      	MOVWF       keyHandler_result_L0, 1
0x02A4	0x0E00      	MOVLW       0
0x02A6	0x6F94      	MOVWF       keyHandler_result_L0+1, 1
;alarme.c,420 :: 		break;
0x02A8	0xD0DA      	BRA         L_keyHandler59
;alarme.c,422 :: 		case 219:
L_keyHandler65:
;alarme.c,423 :: 		*type = NUM;
0x02AA	0xFFE1C091  	MOVFF       FARG_keyHandler_type, FSR1L
0x02AE	0xFFE2C092  	MOVFF       FARG_keyHandler_type+1, FSR1H
0x02B2	0x0E06      	MOVLW       6
0x02B4	0x6EE6      	MOVWF       POSTINC1 
;alarme.c,424 :: 		result = 8;
0x02B6	0x0E08      	MOVLW       8
0x02B8	0x6F93      	MOVWF       keyHandler_result_L0, 1
0x02BA	0x0E00      	MOVLW       0
0x02BC	0x6F94      	MOVWF       keyHandler_result_L0+1, 1
;alarme.c,425 :: 		break;
0x02BE	0xD0CF      	BRA         L_keyHandler59
;alarme.c,427 :: 		case 187:
L_keyHandler66:
;alarme.c,428 :: 		*type = NUM;
0x02C0	0xFFE1C091  	MOVFF       FARG_keyHandler_type, FSR1L
0x02C4	0xFFE2C092  	MOVFF       FARG_keyHandler_type+1, FSR1H
0x02C8	0x0E06      	MOVLW       6
0x02CA	0x6EE6      	MOVWF       POSTINC1 
;alarme.c,429 :: 		result = 9;
0x02CC	0x0E09      	MOVLW       9
0x02CE	0x6F93      	MOVWF       keyHandler_result_L0, 1
0x02D0	0x0E00      	MOVLW       0
0x02D2	0x6F94      	MOVWF       keyHandler_result_L0+1, 1
;alarme.c,430 :: 		break;
0x02D4	0xD0C4      	BRA         L_keyHandler59
;alarme.c,432 :: 		case 123:
L_keyHandler67:
;alarme.c,433 :: 		*type = SUB;
0x02D6	0xFFE1C091  	MOVFF       FARG_keyHandler_type, FSR1L
0x02DA	0xFFE2C092  	MOVFF       FARG_keyHandler_type+1, FSR1H
0x02DE	0x0E02      	MOVLW       2
0x02E0	0x6EE6      	MOVWF       POSTINC1 
;alarme.c,434 :: 		break;
0x02E2	0xD0BD      	BRA         L_keyHandler59
;alarme.c,436 :: 		case 237:
L_keyHandler68:
;alarme.c,437 :: 		*type = NUM;
0x02E4	0xFFE1C091  	MOVFF       FARG_keyHandler_type, FSR1L
0x02E8	0xFFE2C092  	MOVFF       FARG_keyHandler_type+1, FSR1H
0x02EC	0x0E06      	MOVLW       6
0x02EE	0x6EE6      	MOVWF       POSTINC1 
;alarme.c,438 :: 		result = 4;
0x02F0	0x0E04      	MOVLW       4
0x02F2	0x6F93      	MOVWF       keyHandler_result_L0, 1
0x02F4	0x0E00      	MOVLW       0
0x02F6	0x6F94      	MOVWF       keyHandler_result_L0+1, 1
;alarme.c,439 :: 		break;
0x02F8	0xD0B2      	BRA         L_keyHandler59
;alarme.c,441 :: 		case 221:
L_keyHandler69:
;alarme.c,442 :: 		*type = NUM;
0x02FA	0xFFE1C091  	MOVFF       FARG_keyHandler_type, FSR1L
0x02FE	0xFFE2C092  	MOVFF       FARG_keyHandler_type+1, FSR1H
0x0302	0x0E06      	MOVLW       6
0x0304	0x6EE6      	MOVWF       POSTINC1 
;alarme.c,443 :: 		result = 5;
0x0306	0x0E05      	MOVLW       5
0x0308	0x6F93      	MOVWF       keyHandler_result_L0, 1
0x030A	0x0E00      	MOVLW       0
0x030C	0x6F94      	MOVWF       keyHandler_result_L0+1, 1
;alarme.c,444 :: 		break;
0x030E	0xD0A7      	BRA         L_keyHandler59
;alarme.c,446 :: 		case 189:
L_keyHandler70:
;alarme.c,447 :: 		*type = NUM;
0x0310	0xFFE1C091  	MOVFF       FARG_keyHandler_type, FSR1L
0x0314	0xFFE2C092  	MOVFF       FARG_keyHandler_type+1, FSR1H
0x0318	0x0E06      	MOVLW       6
0x031A	0x6EE6      	MOVWF       POSTINC1 
;alarme.c,448 :: 		result = 6;
0x031C	0x0E06      	MOVLW       6
0x031E	0x6F93      	MOVWF       keyHandler_result_L0, 1
0x0320	0x0E00      	MOVLW       0
0x0322	0x6F94      	MOVWF       keyHandler_result_L0+1, 1
;alarme.c,449 :: 		break;
0x0324	0xD09C      	BRA         L_keyHandler59
;alarme.c,451 :: 		case 125:
L_keyHandler71:
;alarme.c,452 :: 		*type = MULT;
0x0326	0xFFE1C091  	MOVFF       FARG_keyHandler_type, FSR1L
0x032A	0xFFE2C092  	MOVFF       FARG_keyHandler_type+1, FSR1H
0x032E	0x0E03      	MOVLW       3
0x0330	0x6EE6      	MOVWF       POSTINC1 
;alarme.c,453 :: 		break;
0x0332	0xD095      	BRA         L_keyHandler59
;alarme.c,455 :: 		case 238:
L_keyHandler72:
;alarme.c,456 :: 		*type = NUM;
0x0334	0xFFE1C091  	MOVFF       FARG_keyHandler_type, FSR1L
0x0338	0xFFE2C092  	MOVFF       FARG_keyHandler_type+1, FSR1H
0x033C	0x0E06      	MOVLW       6
0x033E	0x6EE6      	MOVWF       POSTINC1 
;alarme.c,457 :: 		result = 1;
0x0340	0x0E01      	MOVLW       1
0x0342	0x6F93      	MOVWF       keyHandler_result_L0, 1
0x0344	0x0E00      	MOVLW       0
0x0346	0x6F94      	MOVWF       keyHandler_result_L0+1, 1
;alarme.c,458 :: 		break;
0x0348	0xD08A      	BRA         L_keyHandler59
;alarme.c,460 :: 		case 222:
L_keyHandler73:
;alarme.c,461 :: 		*type = NUM;
0x034A	0xFFE1C091  	MOVFF       FARG_keyHandler_type, FSR1L
0x034E	0xFFE2C092  	MOVFF       FARG_keyHandler_type+1, FSR1H
0x0352	0x0E06      	MOVLW       6
0x0354	0x6EE6      	MOVWF       POSTINC1 
;alarme.c,462 :: 		result = 2;
0x0356	0x0E02      	MOVLW       2
0x0358	0x6F93      	MOVWF       keyHandler_result_L0, 1
0x035A	0x0E00      	MOVLW       0
0x035C	0x6F94      	MOVWF       keyHandler_result_L0+1, 1
;alarme.c,463 :: 		break;
0x035E	0xD07F      	BRA         L_keyHandler59
;alarme.c,465 :: 		case 190:
L_keyHandler74:
;alarme.c,466 :: 		*type = NUM;
0x0360	0xFFE1C091  	MOVFF       FARG_keyHandler_type, FSR1L
0x0364	0xFFE2C092  	MOVFF       FARG_keyHandler_type+1, FSR1H
0x0368	0x0E06      	MOVLW       6
0x036A	0x6EE6      	MOVWF       POSTINC1 
;alarme.c,467 :: 		result = 3;
0x036C	0x0E03      	MOVLW       3
0x036E	0x6F93      	MOVWF       keyHandler_result_L0, 1
0x0370	0x0E00      	MOVLW       0
0x0372	0x6F94      	MOVWF       keyHandler_result_L0+1, 1
;alarme.c,468 :: 		break;
0x0374	0xD074      	BRA         L_keyHandler59
;alarme.c,470 :: 		case 126:
L_keyHandler75:
;alarme.c,471 :: 		*type = DIVI;
0x0376	0xFFE1C091  	MOVFF       FARG_keyHandler_type, FSR1L
0x037A	0xFFE2C092  	MOVFF       FARG_keyHandler_type+1, FSR1H
0x037E	0x0E04      	MOVLW       4
0x0380	0x6EE6      	MOVWF       POSTINC1 
;alarme.c,472 :: 		break;
0x0382	0xD06D      	BRA         L_keyHandler59
;alarme.c,473 :: 		}
L_keyHandler58:
0x0384	0x0E00      	MOVLW       0
0x0386	0x1990      	XORWF       FARG_keyHandler_key+1, 0, 1
0x0388	0xE102      	BNZ         L__keyHandler109
0x038A	0x0EE7      	MOVLW       231
0x038C	0x198F      	XORWF       FARG_keyHandler_key, 0, 1
L__keyHandler109:
0x038E	0xB4D8      	BTFSC       STATUS, 2 
0x0390	0xD764      	BRA         L_keyHandler60
0x0392	0x0E00      	MOVLW       0
0x0394	0x1990      	XORWF       FARG_keyHandler_key+1, 0, 1
0x0396	0xE102      	BNZ         L__keyHandler110
0x0398	0x0ED7      	MOVLW       215
0x039A	0x198F      	XORWF       FARG_keyHandler_key, 0, 1
L__keyHandler110:
0x039C	0xB4D8      	BTFSC       STATUS, 2 
0x039E	0xD764      	BRA         L_keyHandler61
0x03A0	0x0E00      	MOVLW       0
0x03A2	0x1990      	XORWF       FARG_keyHandler_key+1, 0, 1
0x03A4	0xE102      	BNZ         L__keyHandler111
0x03A6	0x0EB7      	MOVLW       183
0x03A8	0x198F      	XORWF       FARG_keyHandler_key, 0, 1
L__keyHandler111:
0x03AA	0xB4D8      	BTFSC       STATUS, 2 
0x03AC	0xD766      	BRA         L_keyHandler62
0x03AE	0x0E00      	MOVLW       0
0x03B0	0x1990      	XORWF       FARG_keyHandler_key+1, 0, 1
0x03B2	0xE102      	BNZ         L__keyHandler112
0x03B4	0x0E77      	MOVLW       119
0x03B6	0x198F      	XORWF       FARG_keyHandler_key, 0, 1
L__keyHandler112:
0x03B8	0xB4D8      	BTFSC       STATUS, 2 
0x03BA	0xD765      	BRA         L_keyHandler63
0x03BC	0x0E00      	MOVLW       0
0x03BE	0x1990      	XORWF       FARG_keyHandler_key+1, 0, 1
0x03C0	0xE102      	BNZ         L__keyHandler113
0x03C2	0x0EEB      	MOVLW       235
0x03C4	0x198F      	XORWF       FARG_keyHandler_key, 0, 1
L__keyHandler113:
0x03C6	0xB4D8      	BTFSC       STATUS, 2 
0x03C8	0xD765      	BRA         L_keyHandler64
0x03CA	0x0E00      	MOVLW       0
0x03CC	0x1990      	XORWF       FARG_keyHandler_key+1, 0, 1
0x03CE	0xE102      	BNZ         L__keyHandler114
0x03D0	0x0EDB      	MOVLW       219
0x03D2	0x198F      	XORWF       FARG_keyHandler_key, 0, 1
L__keyHandler114:
0x03D4	0xB4D8      	BTFSC       STATUS, 2 
0x03D6	0xD769      	BRA         L_keyHandler65
0x03D8	0x0E00      	MOVLW       0
0x03DA	0x1990      	XORWF       FARG_keyHandler_key+1, 0, 1
0x03DC	0xE102      	BNZ         L__keyHandler115
0x03DE	0x0EBB      	MOVLW       187
0x03E0	0x198F      	XORWF       FARG_keyHandler_key, 0, 1
L__keyHandler115:
0x03E2	0xB4D8      	BTFSC       STATUS, 2 
0x03E4	0xD76D      	BRA         L_keyHandler66
0x03E6	0x0E00      	MOVLW       0
0x03E8	0x1990      	XORWF       FARG_keyHandler_key+1, 0, 1
0x03EA	0xE102      	BNZ         L__keyHandler116
0x03EC	0x0E7B      	MOVLW       123
0x03EE	0x198F      	XORWF       FARG_keyHandler_key, 0, 1
L__keyHandler116:
0x03F0	0xB4D8      	BTFSC       STATUS, 2 
0x03F2	0xD771      	BRA         L_keyHandler67
0x03F4	0x0E00      	MOVLW       0
0x03F6	0x1990      	XORWF       FARG_keyHandler_key+1, 0, 1
0x03F8	0xE102      	BNZ         L__keyHandler117
0x03FA	0x0EED      	MOVLW       237
0x03FC	0x198F      	XORWF       FARG_keyHandler_key, 0, 1
L__keyHandler117:
0x03FE	0xB4D8      	BTFSC       STATUS, 2 
0x0400	0xD771      	BRA         L_keyHandler68
0x0402	0x0E00      	MOVLW       0
0x0404	0x1990      	XORWF       FARG_keyHandler_key+1, 0, 1
0x0406	0xE102      	BNZ         L__keyHandler118
0x0408	0x0EDD      	MOVLW       221
0x040A	0x198F      	XORWF       FARG_keyHandler_key, 0, 1
L__keyHandler118:
0x040C	0xB4D8      	BTFSC       STATUS, 2 
0x040E	0xD775      	BRA         L_keyHandler69
0x0410	0x0E00      	MOVLW       0
0x0412	0x1990      	XORWF       FARG_keyHandler_key+1, 0, 1
0x0414	0xE102      	BNZ         L__keyHandler119
0x0416	0x0EBD      	MOVLW       189
0x0418	0x198F      	XORWF       FARG_keyHandler_key, 0, 1
L__keyHandler119:
0x041A	0xB4D8      	BTFSC       STATUS, 2 
0x041C	0xD779      	BRA         L_keyHandler70
0x041E	0x0E00      	MOVLW       0
0x0420	0x1990      	XORWF       FARG_keyHandler_key+1, 0, 1
0x0422	0xE102      	BNZ         L__keyHandler120
0x0424	0x0E7D      	MOVLW       125
0x0426	0x198F      	XORWF       FARG_keyHandler_key, 0, 1
L__keyHandler120:
0x0428	0xB4D8      	BTFSC       STATUS, 2 
0x042A	0xD77D      	BRA         L_keyHandler71
0x042C	0x0E00      	MOVLW       0
0x042E	0x1990      	XORWF       FARG_keyHandler_key+1, 0, 1
0x0430	0xE102      	BNZ         L__keyHandler121
0x0432	0x0EEE      	MOVLW       238
0x0434	0x198F      	XORWF       FARG_keyHandler_key, 0, 1
L__keyHandler121:
0x0436	0xB4D8      	BTFSC       STATUS, 2 
0x0438	0xD77D      	BRA         L_keyHandler72
0x043A	0x0E00      	MOVLW       0
0x043C	0x1990      	XORWF       FARG_keyHandler_key+1, 0, 1
0x043E	0xE102      	BNZ         L__keyHandler122
0x0440	0x0EDE      	MOVLW       222
0x0442	0x198F      	XORWF       FARG_keyHandler_key, 0, 1
L__keyHandler122:
0x0444	0xE082      	BZ          L_keyHandler73
0x0446	0x0E00      	MOVLW       0
0x0448	0x1990      	XORWF       FARG_keyHandler_key+1, 0, 1
0x044A	0xE102      	BNZ         L__keyHandler123
0x044C	0x0EBE      	MOVLW       190
0x044E	0x198F      	XORWF       FARG_keyHandler_key, 0, 1
L__keyHandler123:
0x0450	0xE087      	BZ          L_keyHandler74
0x0452	0x0E00      	MOVLW       0
0x0454	0x1990      	XORWF       FARG_keyHandler_key+1, 0, 1
0x0456	0xE102      	BNZ         L__keyHandler124
0x0458	0x0E7E      	MOVLW       126
0x045A	0x198F      	XORWF       FARG_keyHandler_key, 0, 1
L__keyHandler124:
0x045C	0xE08C      	BZ          L_keyHandler75
L_keyHandler59:
;alarme.c,475 :: 		return result;
0x045E	0xF000C093  	MOVFF       keyHandler_result_L0, R0
0x0462	0xF001C094  	MOVFF       keyHandler_result_L0+1, R1
;alarme.c,476 :: 		}
L_end_keyHandler:
0x0466	0x0012      	RETURN      0
; end of _keyHandler
_IntToStr:
;__Lib_Conversions.c,146 :: 		
;__Lib_Conversions.c,152 :: 		
0x0468	0x0100      	MOVLB       0
0x046A	0x6B95      	CLRF        IntToStr_negative_L0, 1
0x046C	0x6B96      	CLRF        IntToStr_negative_L0+1, 1
;__Lib_Conversions.c,153 :: 		
0x046E	0xF097C08F  	MOVFF       FARG_IntToStr_input, IntToStr_inword_L0
0x0472	0xF098C090  	MOVFF       FARG_IntToStr_input+1, IntToStr_inword_L0+1
;__Lib_Conversions.c,154 :: 		
0x0476	0x0E80      	MOVLW       128
0x0478	0x1990      	XORWF       FARG_IntToStr_input+1, 0, 1
0x047A	0x6E00      	MOVWF       R0 
0x047C	0x0E80      	MOVLW       128
0x047E	0x5C00      	SUBWF       R0, 0 
0x0480	0xE102      	BNZ         L__IntToStr115
0x0482	0x0E00      	MOVLW       0
0x0484	0x5D8F      	SUBWF       FARG_IntToStr_input, 0, 1
L__IntToStr115:
0x0486	0xE20B      	BC          L_IntToStr23
;__Lib_Conversions.c,155 :: 		
0x0488	0x0E01      	MOVLW       1
0x048A	0x6F95      	MOVWF       IntToStr_negative_L0, 1
0x048C	0x0E00      	MOVLW       0
0x048E	0x6F96      	MOVWF       IntToStr_negative_L0+1, 1
;__Lib_Conversions.c,156 :: 		
0x0490	0x518F      	MOVF        FARG_IntToStr_input, 0, 1
0x0492	0x0800      	SUBLW       0
0x0494	0x6F97      	MOVWF       IntToStr_inword_L0, 1
0x0496	0xF098C090  	MOVFF       FARG_IntToStr_input+1, IntToStr_inword_L0+1
0x049A	0x0E00      	MOVLW       0
0x049C	0x5798      	SUBFWB      IntToStr_inword_L0+1, 1, 1
;__Lib_Conversions.c,157 :: 		
L_IntToStr23:
;__Lib_Conversions.c,158 :: 		
0x049E	0xF099C097  	MOVFF       IntToStr_inword_L0, FARG_WordToStr_input
0x04A2	0xF09AC098  	MOVFF       IntToStr_inword_L0+1, FARG_WordToStr_input+1
0x04A6	0xF09BC091  	MOVFF       FARG_IntToStr_output, FARG_WordToStr_output
0x04AA	0xF09CC092  	MOVFF       FARG_IntToStr_output+1, FARG_WordToStr_output+1
0x04AE	0xDE40      	RCALL       _WordToStr
;__Lib_Conversions.c,160 :: 		
0x04B0	0x0E06      	MOVLW       6
0x04B2	0x6F93      	MOVWF       IntToStr_i_L0, 1
0x04B4	0x0E00      	MOVLW       0
0x04B6	0x6F94      	MOVWF       IntToStr_i_L0+1, 1
;__Lib_Conversions.c,161 :: 		
L_IntToStr24:
0x04B8	0x0E00      	MOVLW       0
0x04BA	0x6E00      	MOVWF       R0 
0x04BC	0x5194      	MOVF        IntToStr_i_L0+1, 0, 1
0x04BE	0x5C00      	SUBWF       R0, 0 
0x04C0	0xE102      	BNZ         L__IntToStr116
0x04C2	0x5193      	MOVF        IntToStr_i_L0, 0, 1
0x04C4	0x0800      	SUBLW       0
L__IntToStr116:
0x04C6	0xE219      	BC          L_IntToStr25
;__Lib_Conversions.c,162 :: 		
0x04C8	0x5193      	MOVF        IntToStr_i_L0, 0, 1
0x04CA	0x2591      	ADDWF       FARG_IntToStr_output, 0, 1
0x04CC	0x6EE1      	MOVWF       FSR1L 
0x04CE	0x5194      	MOVF        IntToStr_i_L0+1, 0, 1
0x04D0	0x2192      	ADDWFC      FARG_IntToStr_output+1, 0, 1
0x04D2	0x6EE2      	MOVWF       FSR1H 
0x04D4	0x0E01      	MOVLW       1
0x04D6	0x5D93      	SUBWF       IntToStr_i_L0, 0, 1
0x04D8	0x6E00      	MOVWF       R0 
0x04DA	0x0E00      	MOVLW       0
0x04DC	0x5994      	SUBWFB      IntToStr_i_L0+1, 0, 1
0x04DE	0x6E01      	MOVWF       R1 
0x04E0	0x5000      	MOVF        R0, 0 
0x04E2	0x2591      	ADDWF       FARG_IntToStr_output, 0, 1
0x04E4	0x6EE9      	MOVWF       FSR0L 
0x04E6	0x5001      	MOVF        R1, 0 
0x04E8	0x2192      	ADDWFC      FARG_IntToStr_output+1, 0, 1
0x04EA	0x6EEA      	MOVWF       FSR0H 
0x04EC	0xFFE6CFEE  	MOVFF       POSTINC0, POSTINC1
;__Lib_Conversions.c,163 :: 		
0x04F0	0x0E01      	MOVLW       1
0x04F2	0x5F93      	SUBWF       IntToStr_i_L0, 1, 1
0x04F4	0x0E00      	MOVLW       0
0x04F6	0x5B94      	SUBWFB      IntToStr_i_L0+1, 1, 1
;__Lib_Conversions.c,164 :: 		
0x04F8	0xD7DF      	BRA         L_IntToStr24
L_IntToStr25:
;__Lib_Conversions.c,165 :: 		
0x04FA	0xFFE1C091  	MOVFF       FARG_IntToStr_output, FSR1L
0x04FE	0xFFE2C092  	MOVFF       FARG_IntToStr_output+1, FSR1H
0x0502	0x0E20      	MOVLW       32
0x0504	0x6EE6      	MOVWF       POSTINC1 
;__Lib_Conversions.c,166 :: 		
0x0506	0x5195      	MOVF        IntToStr_negative_L0, 0, 1
0x0508	0x1196      	IORWF       IntToStr_negative_L0+1, 0, 1
0x050A	0xE01A      	BZ          L_IntToStr26
;__Lib_Conversions.c,167 :: 		
0x050C	0x6B93      	CLRF        IntToStr_i_L0, 1
0x050E	0x6B94      	CLRF        IntToStr_i_L0+1, 1
;__Lib_Conversions.c,168 :: 		
L_IntToStr27:
0x0510	0x5193      	MOVF        IntToStr_i_L0, 0, 1
0x0512	0x2591      	ADDWF       FARG_IntToStr_output, 0, 1
0x0514	0x6EE9      	MOVWF       FSR0L 
0x0516	0x5194      	MOVF        IntToStr_i_L0+1, 0, 1
0x0518	0x2192      	ADDWFC      FARG_IntToStr_output+1, 0, 1
0x051A	0x6EEA      	MOVWF       FSR0H 
0x051C	0x50EE      	MOVF        POSTINC0, 0 
0x051E	0x0A20      	XORLW       32
0x0520	0xE103      	BNZ         L_IntToStr28
0x0522	0x4B93      	INFSNZ      IntToStr_i_L0, 1, 1
0x0524	0x2B94      	INCF        IntToStr_i_L0+1, 1, 1
0x0526	0xD7F4      	BRA         L_IntToStr27
L_IntToStr28:
;__Lib_Conversions.c,169 :: 		
0x0528	0x0E01      	MOVLW       1
0x052A	0x5F93      	SUBWF       IntToStr_i_L0, 1, 1
0x052C	0x0E00      	MOVLW       0
0x052E	0x5B94      	SUBWFB      IntToStr_i_L0+1, 1, 1
;__Lib_Conversions.c,170 :: 		
0x0530	0x5193      	MOVF        IntToStr_i_L0, 0, 1
0x0532	0x2591      	ADDWF       FARG_IntToStr_output, 0, 1
0x0534	0x6EE1      	MOVWF       FSR1L 
0x0536	0x5194      	MOVF        IntToStr_i_L0+1, 0, 1
0x0538	0x2192      	ADDWFC      FARG_IntToStr_output+1, 0, 1
0x053A	0x6EE2      	MOVWF       FSR1H 
0x053C	0x0E2D      	MOVLW       45
0x053E	0x6EE6      	MOVWF       POSTINC1 
L_IntToStr26:
;__Lib_Conversions.c,171 :: 		
L_end_IntToStr:
0x0540	0x0012      	RETURN      0
; end of _IntToStr
___CC2DW:
;__Lib_System.c,21 :: 		
;__Lib_System.c,23 :: 		
_CC2DL_Loop1:
;__Lib_System.c,24 :: 		
0x0542	0x0009      	TBLRD*+
;__Lib_System.c,25 :: 		
0x0544	0xFFE6CFF5  	MOVFF       TABLAT, POSTINC1
;__Lib_System.c,26 :: 		
0x0548	0x0600      	DECF        R0, 1, 0
;__Lib_System.c,27 :: 		
0x054A	0xE1FB      	BNZ         _CC2DL_Loop1
;__Lib_System.c,28 :: 		
0x054C	0x0601      	DECF        R1, 1, 0
;__Lib_System.c,29 :: 		
0x054E	0xE1F9      	BNZ         _CC2DL_Loop1
;__Lib_System.c,31 :: 		
L_end___CC2DW:
0x0550	0x0012      	RETURN      0
; end of ___CC2DW
_Lcd_Init:
;__Lib_Lcd.c,84 :: 		
;__Lib_Lcd.c,86 :: 		
0x0552	0x9296      	BCF         LCD_EN_Direction, BitPos(LCD_EN_Direction+0) 
;__Lib_Lcd.c,87 :: 		
0x0554	0x9496      	BCF         LCD_RS_Direction, BitPos(LCD_RS_Direction+0) 
;__Lib_Lcd.c,88 :: 		
0x0556	0x9895      	BCF         LCD_D4_Direction, BitPos(LCD_D4_Direction+0) 
;__Lib_Lcd.c,89 :: 		
0x0558	0x9A95      	BCF         LCD_D5_Direction, BitPos(LCD_D5_Direction+0) 
;__Lib_Lcd.c,90 :: 		
0x055A	0x9C95      	BCF         LCD_D6_Direction, BitPos(LCD_D6_Direction+0) 
;__Lib_Lcd.c,91 :: 		
0x055C	0x9E95      	BCF         LCD_D7_Direction, BitPos(LCD_D7_Direction+0) 
;__Lib_Lcd.c,93 :: 		
0x055E	0x9284      	BCF         LCD_EN, BitPos(LCD_EN+0) 
;__Lib_Lcd.c,94 :: 		
0x0560	0x9484      	BCF         LCD_RS, BitPos(LCD_RS+0) 
;__Lib_Lcd.c,95 :: 		
0x0562	0x9E83      	BCF         LCD_D7, BitPos(LCD_D7+0) 
;__Lib_Lcd.c,96 :: 		
0x0564	0x9C83      	BCF         LCD_D6, BitPos(LCD_D6+0) 
;__Lib_Lcd.c,97 :: 		
0x0566	0x9A83      	BCF         LCD_D5, BitPos(LCD_D5+0) 
;__Lib_Lcd.c,98 :: 		
0x0568	0x9883      	BCF         LCD_D4, BitPos(LCD_D4+0) 
;__Lib_Lcd.c,100 :: 		
0x056A	0xDD75      	RCALL       _Delay_5500us
;__Lib_Lcd.c,101 :: 		
0x056C	0xDD74      	RCALL       _Delay_5500us
;__Lib_Lcd.c,102 :: 		
0x056E	0xDD73      	RCALL       _Delay_5500us
;__Lib_Lcd.c,105 :: 		
0x0570	0x8A83      	BSF         LCD_D5, BitPos(LCD_D5+0) 
;__Lib_Lcd.c,106 :: 		
0x0572	0x8883      	BSF         LCD_D4, BitPos(LCD_D4+0) 
;__Lib_Lcd.c,107 :: 		
0x0574	0x8284      	BSF         LCD_EN, BitPos(LCD_EN+0) 
;__Lib_Lcd.c,108 :: 		
0x0576	0xDD7A      	RCALL       _Delay_1us
;__Lib_Lcd.c,109 :: 		
0x0578	0x9284      	BCF         LCD_EN, BitPos(LCD_EN+0) 
;__Lib_Lcd.c,110 :: 		
0x057A	0xDD6D      	RCALL       _Delay_5500us
;__Lib_Lcd.c,112 :: 		
0x057C	0x8284      	BSF         LCD_EN, BitPos(LCD_EN+0) 
;__Lib_Lcd.c,113 :: 		
0x057E	0xDD76      	RCALL       _Delay_1us
;__Lib_Lcd.c,114 :: 		
0x0580	0x9284      	BCF         LCD_EN, BitPos(LCD_EN+0) 
;__Lib_Lcd.c,115 :: 		
0x0582	0xDD69      	RCALL       _Delay_5500us
;__Lib_Lcd.c,117 :: 		
0x0584	0x8284      	BSF         LCD_EN, BitPos(LCD_EN+0) 
;__Lib_Lcd.c,118 :: 		
0x0586	0xDD72      	RCALL       _Delay_1us
;__Lib_Lcd.c,119 :: 		
0x0588	0x9284      	BCF         LCD_EN, BitPos(LCD_EN+0) 
;__Lib_Lcd.c,120 :: 		
0x058A	0xDD65      	RCALL       _Delay_5500us
;__Lib_Lcd.c,123 :: 		
0x058C	0x9883      	BCF         LCD_D4, BitPos(LCD_D4+0) 
;__Lib_Lcd.c,124 :: 		
0x058E	0x8284      	BSF         LCD_EN, BitPos(LCD_EN+0) 
;__Lib_Lcd.c,125 :: 		
0x0590	0xDD6D      	RCALL       _Delay_1us
;__Lib_Lcd.c,126 :: 		
0x0592	0x9284      	BCF         LCD_EN, BitPos(LCD_EN+0) 
;__Lib_Lcd.c,127 :: 		
0x0594	0xDD60      	RCALL       _Delay_5500us
;__Lib_Lcd.c,130 :: 		
0x0596	0x8284      	BSF         LCD_EN, BitPos(LCD_EN+0) 
;__Lib_Lcd.c,131 :: 		
0x0598	0xDD69      	RCALL       _Delay_1us
;__Lib_Lcd.c,132 :: 		
0x059A	0x9284      	BCF         LCD_EN, BitPos(LCD_EN+0) 
;__Lib_Lcd.c,134 :: 		
0x059C	0x9A83      	BCF         LCD_D5, BitPos(LCD_D5+0) 
;__Lib_Lcd.c,135 :: 		
0x059E	0x8E83      	BSF         LCD_D7, BitPos(LCD_D7+0) 
;__Lib_Lcd.c,136 :: 		
0x05A0	0x8284      	BSF         LCD_EN, BitPos(LCD_EN+0) 
;__Lib_Lcd.c,137 :: 		
0x05A2	0xDD64      	RCALL       _Delay_1us
;__Lib_Lcd.c,138 :: 		
0x05A4	0x9284      	BCF         LCD_EN, BitPos(LCD_EN+0) 
;__Lib_Lcd.c,139 :: 		
0x05A6	0xDD57      	RCALL       _Delay_5500us
;__Lib_Lcd.c,142 :: 		
0x05A8	0x9E83      	BCF         LCD_D7, BitPos(LCD_D7+0) 
;__Lib_Lcd.c,143 :: 		
0x05AA	0x8883      	BSF         LCD_D4, BitPos(LCD_D4+0) 
;__Lib_Lcd.c,144 :: 		
0x05AC	0x8284      	BSF         LCD_EN, BitPos(LCD_EN+0) 
;__Lib_Lcd.c,145 :: 		
0x05AE	0xDD5E      	RCALL       _Delay_1us
;__Lib_Lcd.c,146 :: 		
0x05B0	0x9284      	BCF         LCD_EN, BitPos(LCD_EN+0) 
;__Lib_Lcd.c,148 :: 		
0x05B2	0x9883      	BCF         LCD_D4, BitPos(LCD_D4+0) 
;__Lib_Lcd.c,149 :: 		
0x05B4	0x8284      	BSF         LCD_EN, BitPos(LCD_EN+0) 
;__Lib_Lcd.c,150 :: 		
0x05B6	0xDD5A      	RCALL       _Delay_1us
;__Lib_Lcd.c,151 :: 		
0x05B8	0x9284      	BCF         LCD_EN, BitPos(LCD_EN+0) 
;__Lib_Lcd.c,152 :: 		
0x05BA	0xDD4D      	RCALL       _Delay_5500us
;__Lib_Lcd.c,155 :: 		
0x05BC	0x8284      	BSF         LCD_EN, BitPos(LCD_EN+0) 
;__Lib_Lcd.c,156 :: 		
0x05BE	0xDD56      	RCALL       _Delay_1us
;__Lib_Lcd.c,157 :: 		
0x05C0	0x9284      	BCF         LCD_EN, BitPos(LCD_EN+0) 
;__Lib_Lcd.c,159 :: 		
0x05C2	0x8883      	BSF         LCD_D4, BitPos(LCD_D4+0) 
;__Lib_Lcd.c,160 :: 		
0x05C4	0x8284      	BSF         LCD_EN, BitPos(LCD_EN+0) 
;__Lib_Lcd.c,161 :: 		
0x05C6	0xDD52      	RCALL       _Delay_1us
;__Lib_Lcd.c,162 :: 		
0x05C8	0x9284      	BCF         LCD_EN, BitPos(LCD_EN+0) 
;__Lib_Lcd.c,163 :: 		
0x05CA	0xDD45      	RCALL       _Delay_5500us
;__Lib_Lcd.c,166 :: 		
0x05CC	0x9883      	BCF         LCD_D4, BitPos(LCD_D4+0) 
;__Lib_Lcd.c,167 :: 		
0x05CE	0x8284      	BSF         LCD_EN, BitPos(LCD_EN+0) 
;__Lib_Lcd.c,168 :: 		
0x05D0	0xDD4D      	RCALL       _Delay_1us
;__Lib_Lcd.c,169 :: 		
0x05D2	0x9284      	BCF         LCD_EN, BitPos(LCD_EN+0) 
;__Lib_Lcd.c,171 :: 		
0x05D4	0x8E83      	BSF         LCD_D7, BitPos(LCD_D7+0) 
;__Lib_Lcd.c,172 :: 		
0x05D6	0x8C83      	BSF         LCD_D6, BitPos(LCD_D6+0) 
;__Lib_Lcd.c,173 :: 		
0x05D8	0x8A83      	BSF         LCD_D5, BitPos(LCD_D5+0) 
;__Lib_Lcd.c,174 :: 		
0x05DA	0x8883      	BSF         LCD_D4, BitPos(LCD_D4+0) 
;__Lib_Lcd.c,175 :: 		
0x05DC	0x8284      	BSF         LCD_EN, BitPos(LCD_EN+0) 
;__Lib_Lcd.c,176 :: 		
0x05DE	0xDD46      	RCALL       _Delay_1us
;__Lib_Lcd.c,177 :: 		
0x05E0	0x9284      	BCF         LCD_EN, BitPos(LCD_EN+0) 
;__Lib_Lcd.c,179 :: 		
0x05E2	0xDD39      	RCALL       _Delay_5500us
;__Lib_Lcd.c,181 :: 		
0x05E4	0x0100      	MOVLB       0
0x05E6	0x8182      	BSF         __Lib_Lcd_cmd_status, BitPos(__Lib_Lcd_cmd_status+0), 1
;__Lib_Lcd.c,182 :: 		
L_end_Lcd_Init:
0x05E8	0x0012      	RETURN      0
; end of _Lcd_Init
_keypadHandler:
;alarme.c,279 :: 		void keypadHandler()
;alarme.c,285 :: 		int rowCode = 0;
0x05EA	0x0100      	MOVLB       0
0x05EC	0x6B8D      	CLRF        keypadHandler_rowCode_L0, 1
0x05EE	0x6B8E      	CLRF        keypadHandler_rowCode_L0+1, 1
;alarme.c,288 :: 		for(i = 0; (i < 4) && PORTB.RB1 == 0; i++)
0x05F0	0x6B85      	CLRF        keypadHandler_i_L0, 1
L_keypadHandler21:
0x05F2	0x0E04      	MOVLW       4
0x05F4	0x5D85      	SUBWF       keypadHandler_i_L0, 0, 1
0x05F6	0xE247      	BC          L_keypadHandler22
0x05F8	0xB281      	BTFSC       PORTB, 1 
0x05FA	0xD045      	BRA         L_keypadHandler22
L__keypadHandler76:
;alarme.c,290 :: 		PORTB.RB4 = 1;
0x05FC	0x8881      	BSF         PORTB, 4 
;alarme.c,291 :: 		PORTB.RB5 = 1;
0x05FE	0x8A81      	BSF         PORTB, 5 
;alarme.c,292 :: 		PORTB.RB6 = 1;
0x0600	0x8C81      	BSF         PORTB, 6 
;alarme.c,293 :: 		PORTB.RB7 = 1;
0x0602	0x8E81      	BSF         PORTB, 7 
;alarme.c,294 :: 		if(i==0)PORTB.RB4 = 0;
0x0604	0x5185      	MOVF        keypadHandler_i_L0, 0, 1
0x0606	0x0A00      	XORLW       0
0x0608	0xB4D8      	BTFSC       STATUS, 2 
0x060A	0x9881      	BCF         PORTB, 4 
L_keypadHandler26:
;alarme.c,295 :: 		if(i==1)PORTB.RB5 = 0;
0x060C	0x5185      	MOVF        keypadHandler_i_L0, 0, 1
0x060E	0x0A01      	XORLW       1
0x0610	0xB4D8      	BTFSC       STATUS, 2 
0x0612	0x9A81      	BCF         PORTB, 5 
L_keypadHandler27:
;alarme.c,296 :: 		if(i==2)PORTB.RB6 = 0;
0x0614	0x5185      	MOVF        keypadHandler_i_L0, 0, 1
0x0616	0x0A02      	XORLW       2
0x0618	0xB4D8      	BTFSC       STATUS, 2 
0x061A	0x9C81      	BCF         PORTB, 6 
L_keypadHandler28:
;alarme.c,297 :: 		if(i==3)PORTB.RB7 = 0;
0x061C	0x5185      	MOVF        keypadHandler_i_L0, 0, 1
0x061E	0x0A03      	XORLW       3
0x0620	0xB4D8      	BTFSC       STATUS, 2 
0x0622	0x9E81      	BCF         PORTB, 7 
L_keypadHandler29:
;alarme.c,298 :: 		columnCode = PORTA.RA2 | PORTA.RA3 << 1 |
0x0624	0x6A02      	CLRF        R2 
0x0626	0xB680      	BTFSC       PORTA, 3 
0x0628	0x2A02      	INCF        R2, 1 
0x062A	0xF001C002  	MOVFF       R2, R1
0x062E	0x3601      	RLCF        R1, 1 
0x0630	0x9001      	BCF         R1, 0 
0x0632	0x6A00      	CLRF        R0 
0x0634	0xB480      	BTFSC       PORTA, 2 
0x0636	0x2A00      	INCF        R0, 1 
0x0638	0x5001      	MOVF        R1, 0 
0x063A	0x1000      	IORWF       R0, 0 
0x063C	0x6E04      	MOVWF       R4 
;alarme.c,299 :: 		PORTA.RA5 << 2 | PORTB.RB3 << 3;
0x063E	0x6A03      	CLRF        R3 
0x0640	0xBA80      	BTFSC       PORTA, 5 
0x0642	0x2A03      	INCF        R3, 1 
0x0644	0xF000C003  	MOVFF       R3, R0
0x0648	0x0E00      	MOVLW       0
0x064A	0x6E01      	MOVWF       R1 
0x064C	0x3600      	RLCF        R0, 1 
0x064E	0x9000      	BCF         R0, 0 
0x0650	0x3601      	RLCF        R1, 1 
0x0652	0x3600      	RLCF        R0, 1 
0x0654	0x9000      	BCF         R0, 0 
0x0656	0x3601      	RLCF        R1, 1 
0x0658	0x5000      	MOVF        R0, 0 
0x065A	0x1204      	IORWF       R4, 1 
0x065C	0x6A03      	CLRF        R3 
0x065E	0xB681      	BTFSC       PORTB, 3 
0x0660	0x2A03      	INCF        R3, 1 
0x0662	0x0E03      	MOVLW       3
0x0664	0x6E02      	MOVWF       R2 
0x0666	0xF000C003  	MOVFF       R3, R0
0x066A	0x0E00      	MOVLW       0
0x066C	0x6E01      	MOVWF       R1 
0x066E	0x5002      	MOVF        R2, 0 
L__keypadHandler91:
0x0670	0xE005      	BZ          L__keypadHandler92
0x0672	0x3600      	RLCF        R0, 1 
0x0674	0x9000      	BCF         R0, 0 
0x0676	0x3601      	RLCF        R1, 1 
0x0678	0x0FFF      	ADDLW       255
0x067A	0xD7FA      	BRA         L__keypadHandler91
L__keypadHandler92:
0x067C	0x5000      	MOVF        R0, 0 
0x067E	0x1004      	IORWF       R4, 0 
0x0680	0x6E2D      	MOVWF       _columnCode 
;alarme.c,288 :: 		for(i = 0; (i < 4) && PORTB.RB1 == 0; i++)
0x0682	0x2B85      	INCF        keypadHandler_i_L0, 1, 1
;alarme.c,300 :: 		}
0x0684	0xD7B6      	BRA         L_keypadHandler21
L_keypadHandler22:
;alarme.c,301 :: 		rowCode = PORTB >> 4;
0x0686	0x0E04      	MOVLW       4
0x0688	0x6E00      	MOVWF       R0 
0x068A	0xF08DCF81  	MOVFF       PORTB, keypadHandler_rowCode_L0
0x068E	0x0E00      	MOVLW       0
0x0690	0x6F8E      	MOVWF       keypadHandler_rowCode_L0+1, 1
0x0692	0x5000      	MOVF        R0, 0 
L__keypadHandler93:
0x0694	0xE004      	BZ          L__keypadHandler94
0x0696	0x338D      	RRCF        keypadHandler_rowCode_L0, 1, 1
0x0698	0x9F8D      	BCF         keypadHandler_rowCode_L0, 7, 1
0x069A	0x0FFF      	ADDLW       255
0x069C	0xD7FB      	BRA         L__keypadHandler93
L__keypadHandler94:
0x069E	0x0E00      	MOVLW       0
0x06A0	0x6F8E      	MOVWF       keypadHandler_rowCode_L0+1, 1
;alarme.c,302 :: 		realCode = rowCode | columnCode << 4;
0x06A2	0x0E04      	MOVLW       4
0x06A4	0x6E02      	MOVWF       R2 
0x06A6	0xF000C02D  	MOVFF       _columnCode, R0
0x06AA	0x0E00      	MOVLW       0
0x06AC	0x6E01      	MOVWF       R1 
0x06AE	0x5002      	MOVF        R2, 0 
L__keypadHandler95:
0x06B0	0xE005      	BZ          L__keypadHandler96
0x06B2	0x3600      	RLCF        R0, 1 
0x06B4	0x9000      	BCF         R0, 0 
0x06B6	0x3601      	RLCF        R1, 1 
0x06B8	0x0FFF      	ADDLW       255
0x06BA	0xD7FA      	BRA         L__keypadHandler95
L__keypadHandler96:
0x06BC	0x5000      	MOVF        R0, 0 
0x06BE	0x118D      	IORWF       keypadHandler_rowCode_L0, 0, 1
0x06C0	0x6F8F      	MOVWF       FARG_keyHandler_key, 1
0x06C2	0x518E      	MOVF        keypadHandler_rowCode_L0+1, 0, 1
0x06C4	0x1001      	IORWF       R1, 0 
0x06C6	0x6F90      	MOVWF       FARG_keyHandler_key+1, 1
;alarme.c,303 :: 		result = keyHandler(realCode, &type);
0x06C8	0x0E86      	MOVLW       keypadHandler_type_L0
0x06CA	0x6F91      	MOVWF       FARG_keyHandler_type, 1
0x06CC	0x0E00      	MOVLW       hi_addr(keypadHandler_type_L0)
0x06CE	0x6F92      	MOVWF       FARG_keyHandler_type+1, 1
0x06D0	0xDDBE      	RCALL       _keyHandler
0x06D2	0xF087C000  	MOVFF       R0, keypadHandler_result_L0
0x06D6	0xF088C001  	MOVFF       R1, keypadHandler_result_L0+1
;alarme.c,306 :: 		PORTB.RB4 = 0;
0x06DA	0x9881      	BCF         PORTB, 4 
;alarme.c,307 :: 		PORTB.RB5 = 0;
0x06DC	0x9A81      	BCF         PORTB, 5 
;alarme.c,308 :: 		PORTB.RB6 = 0;
0x06DE	0x9C81      	BCF         PORTB, 6 
;alarme.c,309 :: 		PORTB.RB7 = 0;
0x06E0	0x9E81      	BCF         PORTB, 7 
;alarme.c,311 :: 		if(edge == 1)
0x06E2	0x502E      	MOVF        _edge, 0 
0x06E4	0x0A01      	XORLW       1
0x06E6	0xA4D8      	BTFSS       STATUS, 2 
0x06E8	0xD10F      	BRA         L_keypadHandler30
;alarme.c,313 :: 		if(type == NUM)
0x06EA	0x5186      	MOVF        keypadHandler_type_L0, 0, 1
0x06EC	0x0A06      	XORLW       6
0x06EE	0xE150      	BNZ         L_keypadHandler31
;alarme.c,315 :: 		if(result == 0)
0x06F0	0x0E00      	MOVLW       0
0x06F2	0x1988      	XORWF       keypadHandler_result_L0+1, 0, 1
0x06F4	0xE102      	BNZ         L__keypadHandler97
0x06F6	0x0E00      	MOVLW       0
0x06F8	0x1987      	XORWF       keypadHandler_result_L0, 0, 1
L__keypadHandler97:
0x06FA	0xE102      	BNZ         L_keypadHandler32
;alarme.c,316 :: 		keyPressed[0] = '0';
0x06FC	0x0E30      	MOVLW       48
0x06FE	0x6F89      	MOVWF       keypadHandler_keyPressed_L0, 1
L_keypadHandler32:
;alarme.c,318 :: 		if(result == 1)
0x0700	0x0E00      	MOVLW       0
0x0702	0x1988      	XORWF       keypadHandler_result_L0+1, 0, 1
0x0704	0xE102      	BNZ         L__keypadHandler98
0x0706	0x0E01      	MOVLW       1
0x0708	0x1987      	XORWF       keypadHandler_result_L0, 0, 1
L__keypadHandler98:
0x070A	0xE102      	BNZ         L_keypadHandler33
;alarme.c,319 :: 		keyPressed[0] = '1';
0x070C	0x0E31      	MOVLW       49
0x070E	0x6F89      	MOVWF       keypadHandler_keyPressed_L0, 1
L_keypadHandler33:
;alarme.c,321 :: 		if(result == 2)
0x0710	0x0E00      	MOVLW       0
0x0712	0x1988      	XORWF       keypadHandler_result_L0+1, 0, 1
0x0714	0xE102      	BNZ         L__keypadHandler99
0x0716	0x0E02      	MOVLW       2
0x0718	0x1987      	XORWF       keypadHandler_result_L0, 0, 1
L__keypadHandler99:
0x071A	0xE102      	BNZ         L_keypadHandler34
;alarme.c,322 :: 		keyPressed[0] = '2';
0x071C	0x0E32      	MOVLW       50
0x071E	0x6F89      	MOVWF       keypadHandler_keyPressed_L0, 1
L_keypadHandler34:
;alarme.c,324 :: 		if(result == 3)
0x0720	0x0E00      	MOVLW       0
0x0722	0x1988      	XORWF       keypadHandler_result_L0+1, 0, 1
0x0724	0xE102      	BNZ         L__keypadHandler100
0x0726	0x0E03      	MOVLW       3
0x0728	0x1987      	XORWF       keypadHandler_result_L0, 0, 1
L__keypadHandler100:
0x072A	0xE102      	BNZ         L_keypadHandler35
;alarme.c,325 :: 		keyPressed[0] = '3';
0x072C	0x0E33      	MOVLW       51
0x072E	0x6F89      	MOVWF       keypadHandler_keyPressed_L0, 1
L_keypadHandler35:
;alarme.c,327 :: 		if(result == 4)
0x0730	0x0E00      	MOVLW       0
0x0732	0x1988      	XORWF       keypadHandler_result_L0+1, 0, 1
0x0734	0xE102      	BNZ         L__keypadHandler101
0x0736	0x0E04      	MOVLW       4
0x0738	0x1987      	XORWF       keypadHandler_result_L0, 0, 1
L__keypadHandler101:
0x073A	0xE102      	BNZ         L_keypadHandler36
;alarme.c,328 :: 		keyPressed[0] = '4';
0x073C	0x0E34      	MOVLW       52
0x073E	0x6F89      	MOVWF       keypadHandler_keyPressed_L0, 1
L_keypadHandler36:
;alarme.c,330 :: 		if(result == 5)
0x0740	0x0E00      	MOVLW       0
0x0742	0x1988      	XORWF       keypadHandler_result_L0+1, 0, 1
0x0744	0xE102      	BNZ         L__keypadHandler102
0x0746	0x0E05      	MOVLW       5
0x0748	0x1987      	XORWF       keypadHandler_result_L0, 0, 1
L__keypadHandler102:
0x074A	0xE102      	BNZ         L_keypadHandler37
;alarme.c,331 :: 		keyPressed[0] = '5';
0x074C	0x0E35      	MOVLW       53
0x074E	0x6F89      	MOVWF       keypadHandler_keyPressed_L0, 1
L_keypadHandler37:
;alarme.c,333 :: 		if(result == 6)
0x0750	0x0E00      	MOVLW       0
0x0752	0x1988      	XORWF       keypadHandler_result_L0+1, 0, 1
0x0754	0xE102      	BNZ         L__keypadHandler103
0x0756	0x0E06      	MOVLW       6
0x0758	0x1987      	XORWF       keypadHandler_result_L0, 0, 1
L__keypadHandler103:
0x075A	0xE102      	BNZ         L_keypadHandler38
;alarme.c,334 :: 		keyPressed[0] = '6';
0x075C	0x0E36      	MOVLW       54
0x075E	0x6F89      	MOVWF       keypadHandler_keyPressed_L0, 1
L_keypadHandler38:
;alarme.c,336 :: 		if(result == 7)
0x0760	0x0E00      	MOVLW       0
0x0762	0x1988      	XORWF       keypadHandler_result_L0+1, 0, 1
0x0764	0xE102      	BNZ         L__keypadHandler104
0x0766	0x0E07      	MOVLW       7
0x0768	0x1987      	XORWF       keypadHandler_result_L0, 0, 1
L__keypadHandler104:
0x076A	0xE102      	BNZ         L_keypadHandler39
;alarme.c,337 :: 		keyPressed[0] = '7';
0x076C	0x0E37      	MOVLW       55
0x076E	0x6F89      	MOVWF       keypadHandler_keyPressed_L0, 1
L_keypadHandler39:
;alarme.c,339 :: 		if(result == 8)
0x0770	0x0E00      	MOVLW       0
0x0772	0x1988      	XORWF       keypadHandler_result_L0+1, 0, 1
0x0774	0xE102      	BNZ         L__keypadHandler105
0x0776	0x0E08      	MOVLW       8
0x0778	0x1987      	XORWF       keypadHandler_result_L0, 0, 1
L__keypadHandler105:
0x077A	0xE102      	BNZ         L_keypadHandler40
;alarme.c,340 :: 		keyPressed[0] = '8';
0x077C	0x0E38      	MOVLW       56
0x077E	0x6F89      	MOVWF       keypadHandler_keyPressed_L0, 1
L_keypadHandler40:
;alarme.c,342 :: 		if(result == 9)
0x0780	0x0E00      	MOVLW       0
0x0782	0x1988      	XORWF       keypadHandler_result_L0+1, 0, 1
0x0784	0xE102      	BNZ         L__keypadHandler106
0x0786	0x0E09      	MOVLW       9
0x0788	0x1987      	XORWF       keypadHandler_result_L0, 0, 1
L__keypadHandler106:
0x078A	0xE102      	BNZ         L_keypadHandler41
;alarme.c,343 :: 		keyPressed[0] = '9';
0x078C	0x0E39      	MOVLW       57
0x078E	0x6F89      	MOVWF       keypadHandler_keyPressed_L0, 1
L_keypadHandler41:
;alarme.c,344 :: 		}
L_keypadHandler31:
;alarme.c,346 :: 		if(type == SUM)
0x0790	0x5186      	MOVF        keypadHandler_type_L0, 0, 1
0x0792	0x0A01      	XORLW       1
0x0794	0xE102      	BNZ         L_keypadHandler42
;alarme.c,347 :: 		keyPressed[0] = '+';
0x0796	0x0E2B      	MOVLW       43
0x0798	0x6F89      	MOVWF       keypadHandler_keyPressed_L0, 1
L_keypadHandler42:
;alarme.c,349 :: 		if(type == SUB)
0x079A	0x5186      	MOVF        keypadHandler_type_L0, 0, 1
0x079C	0x0A02      	XORLW       2
0x079E	0xE102      	BNZ         L_keypadHandler43
;alarme.c,350 :: 		keyPressed[0] = '-';
0x07A0	0x0E2D      	MOVLW       45
0x07A2	0x6F89      	MOVWF       keypadHandler_keyPressed_L0, 1
L_keypadHandler43:
;alarme.c,352 :: 		if(type == MULT)
0x07A4	0x5186      	MOVF        keypadHandler_type_L0, 0, 1
0x07A6	0x0A03      	XORLW       3
0x07A8	0xE102      	BNZ         L_keypadHandler44
;alarme.c,353 :: 		keyPressed[0] = '*';
0x07AA	0x0E2A      	MOVLW       42
0x07AC	0x6F89      	MOVWF       keypadHandler_keyPressed_L0, 1
L_keypadHandler44:
;alarme.c,355 :: 		if(type == DIVI)
0x07AE	0x5186      	MOVF        keypadHandler_type_L0, 0, 1
0x07B0	0x0A04      	XORLW       4
0x07B2	0xE102      	BNZ         L_keypadHandler45
;alarme.c,356 :: 		keyPressed[0] = '/';
0x07B4	0x0E2F      	MOVLW       47
0x07B6	0x6F89      	MOVWF       keypadHandler_keyPressed_L0, 1
L_keypadHandler45:
;alarme.c,358 :: 		keyPressed[1] = '\0';
0x07B8	0x6B8A      	CLRF        keypadHandler_keyPressed_L0+1, 1
;alarme.c,360 :: 		IntToStr(columnCode, lastText);
0x07BA	0xF08FC02D  	MOVFF       _columnCode, FARG_IntToStr_input
0x07BE	0x0E00      	MOVLW       0
0x07C0	0x6F90      	MOVWF       FARG_IntToStr_input+1, 1
0x07C2	0x0E32      	MOVLW       _lastText
0x07C4	0x6F91      	MOVWF       FARG_IntToStr_output, 1
0x07C6	0x0E00      	MOVLW       hi_addr(_lastText)
0x07C8	0x6F92      	MOVWF       FARG_IntToStr_output+1, 1
0x07CA	0xDE4E      	RCALL       _IntToStr
;alarme.c,362 :: 		Lcd_Cmd(_LCD_CLEAR);
0x07CC	0x0E01      	MOVLW       1
0x07CE	0x6FA0      	MOVWF       FARG_Lcd_Cmd_out_char, 1
0x07D0	0xDC70      	RCALL       _Lcd_Cmd
;alarme.c,363 :: 		Lcd_Out(1,1,"oi");
0x07D2	0x0E01      	MOVLW       1
0x07D4	0x6F8F      	MOVWF       FARG_Lcd_Out_row, 1
0x07D6	0x0E01      	MOVLW       1
0x07D8	0x6F90      	MOVWF       FARG_Lcd_Out_column, 1
0x07DA	0x0E2F      	MOVLW       ?lstr9_alarme
0x07DC	0x6F91      	MOVWF       FARG_Lcd_Out_text, 1
0x07DE	0x0E00      	MOVLW       hi_addr(?lstr9_alarme)
0x07E0	0x6F92      	MOVWF       FARG_Lcd_Out_text+1, 1
0x07E2	0xDCF6      	RCALL       _Lcd_Out
;alarme.c,365 :: 		rightKeysActivation[nKeyPressed] = (activationCode[nKeyPressed] != keyPressed[0]) == 0 ? 1 : 0;
0x07E4	0x0E1E      	MOVLW       _rightKeysActivation
0x07E6	0x6E02      	MOVWF       R2 
0x07E8	0x0E00      	MOVLW       hi_addr(_rightKeysActivation)
0x07EA	0x6E03      	MOVWF       R3 
0x07EC	0x501D      	MOVF        _nKeyPressed, 0 
0x07EE	0x2602      	ADDWF       R2, 1 
0x07F0	0xB0D8      	BTFSC       STATUS, 0 
0x07F2	0x2A03      	INCF        R3, 1 
0x07F4	0x0EDC      	MOVLW       _activationCode
0x07F6	0x241D      	ADDWF       _nKeyPressed, 0 
0x07F8	0x6EF6      	MOVWF       4086 
0x07FA	0x0E09      	MOVLW       hi_addr(_activationCode)
0x07FC	0x6EF7      	MOVWF       TBLPTRH 
0x07FE	0x0E00      	MOVLW       0
0x0800	0x22F7      	ADDWFC      TBLPTRH, 1 
0x0802	0x0E00      	MOVLW       higher_addr(_activationCode)
0x0804	0x6EF8      	MOVWF       TBLPTRU 
0x0806	0x0E00      	MOVLW       0
0x0808	0x22F8      	ADDWFC      TBLPTRU, 1 
0x080A	0x0009      	TBLRD*+
0x080C	0xF000CFF5  	MOVFF       TABLAT, R0
0x0810	0x5000      	MOVF        R0, 0 
0x0812	0x1989      	XORWF       keypadHandler_keyPressed_L0, 0, 1
0x0814	0x0E00      	MOVLW       0
0x0816	0xA4D8      	BTFSS       STATUS, 2 
0x0818	0x0E01      	MOVLW       1
0x081A	0x6E01      	MOVWF       R1 
0x081C	0x5001      	MOVF        R1, 0 
0x081E	0x0A00      	XORLW       0
0x0820	0xE103      	BNZ         L_keypadHandler46
0x0822	0x0E01      	MOVLW       1
0x0824	0x6E00      	MOVWF       R0 
0x0826	0xD001      	BRA         L_keypadHandler47
L_keypadHandler46:
0x0828	0x6A00      	CLRF        R0 
L_keypadHandler47:
0x082A	0xFFE1C002  	MOVFF       R2, FSR1L
0x082E	0xFFE2C003  	MOVFF       R3, FSR1H
0x0832	0xFFE6C000  	MOVFF       R0, POSTINC1
;alarme.c,366 :: 		rightKeysDeActivation[nKeyPressed] = (DeActivationCode[nKeyPressed] != keyPressed[0]) == 0 ? 1 : 0;
0x0836	0x0E24      	MOVLW       _rightKeysDeActivation
0x0838	0x6E02      	MOVWF       R2 
0x083A	0x0E00      	MOVLW       hi_addr(_rightKeysDeActivation)
0x083C	0x6E03      	MOVWF       R3 
0x083E	0x501D      	MOVF        _nKeyPressed, 0 
0x0840	0x2602      	ADDWF       R2, 1 
0x0842	0xB0D8      	BTFSC       STATUS, 0 
0x0844	0x2A03      	INCF        R3, 1 
0x0846	0x0ED5      	MOVLW       _deActivationCode
0x0848	0x241D      	ADDWF       _nKeyPressed, 0 
0x084A	0x6EF6      	MOVWF       4086 
0x084C	0x0E09      	MOVLW       hi_addr(_deActivationCode)
0x084E	0x6EF7      	MOVWF       TBLPTRH 
0x0850	0x0E00      	MOVLW       0
0x0852	0x22F7      	ADDWFC      TBLPTRH, 1 
0x0854	0x0E00      	MOVLW       higher_addr(_deActivationCode)
0x0856	0x6EF8      	MOVWF       TBLPTRU 
0x0858	0x0E00      	MOVLW       0
0x085A	0x22F8      	ADDWFC      TBLPTRU, 1 
0x085C	0x0009      	TBLRD*+
0x085E	0xF000CFF5  	MOVFF       TABLAT, R0
0x0862	0x5000      	MOVF        R0, 0 
0x0864	0x1989      	XORWF       keypadHandler_keyPressed_L0, 0, 1
0x0866	0x0E00      	MOVLW       0
0x0868	0xA4D8      	BTFSS       STATUS, 2 
0x086A	0x0E01      	MOVLW       1
0x086C	0x6E01      	MOVWF       R1 
0x086E	0x5001      	MOVF        R1, 0 
0x0870	0x0A00      	XORLW       0
0x0872	0xE103      	BNZ         L_keypadHandler48
0x0874	0x0E01      	MOVLW       1
0x0876	0x6E00      	MOVWF       R0 
0x0878	0xD001      	BRA         L_keypadHandler49
L_keypadHandler48:
0x087A	0x6A00      	CLRF        R0 
L_keypadHandler49:
0x087C	0xFFE1C002  	MOVFF       R2, FSR1L
0x0880	0xFFE2C003  	MOVFF       R3, FSR1H
0x0884	0xFFE6C000  	MOVFF       R0, POSTINC1
;alarme.c,368 :: 		if(nKeyPressed == 6)
0x0888	0x501D      	MOVF        _nKeyPressed, 0 
0x088A	0x0A06      	XORLW       6
0x088C	0xE12D      	BNZ         L_keypadHandler50
;alarme.c,371 :: 		char activationCounter = 0;
0x088E	0x6B8B      	CLRF        keypadHandler_activationCounter_L2, 1
0x0890	0x6B8C      	CLRF        keypadHandler_deActivationCounter_L2, 1
;alarme.c,373 :: 		for(i = 0; i < nKeyPressed; i++)
0x0892	0x6B83      	CLRF        keypadHandler_i_L2, 1
0x0894	0x6B84      	CLRF        keypadHandler_i_L2+1, 1
L_keypadHandler51:
0x0896	0x0E80      	MOVLW       128
0x0898	0x1984      	XORWF       keypadHandler_i_L2+1, 0, 1
0x089A	0x6E00      	MOVWF       R0 
0x089C	0x0E80      	MOVLW       128
0x089E	0x5C00      	SUBWF       R0, 0 
0x08A0	0xE102      	BNZ         L__keypadHandler107
0x08A2	0x501D      	MOVF        _nKeyPressed, 0 
0x08A4	0x5D83      	SUBWF       keypadHandler_i_L2, 0, 1
L__keypadHandler107:
0x08A6	0xE217      	BC          L_keypadHandler52
;alarme.c,375 :: 		activationCounter += rightKeysActivation[i];
0x08A8	0x0E1E      	MOVLW       _rightKeysActivation
0x08AA	0x2583      	ADDWF       keypadHandler_i_L2, 0, 1
0x08AC	0x6ED9      	MOVWF       FSR2L 
0x08AE	0x0E00      	MOVLW       hi_addr(_rightKeysActivation)
0x08B0	0x2184      	ADDWFC      keypadHandler_i_L2+1, 0, 1
0x08B2	0x6EDA      	MOVWF       FSR2H 
0x08B4	0xF000CFDE  	MOVFF       POSTINC2, R0
0x08B8	0x5000      	MOVF        R0, 0 
0x08BA	0x278B      	ADDWF       keypadHandler_activationCounter_L2, 1, 1
;alarme.c,376 :: 		deActivationCounter += rightKeysDeActivation[i];
0x08BC	0x0E24      	MOVLW       _rightKeysDeActivation
0x08BE	0x2583      	ADDWF       keypadHandler_i_L2, 0, 1
0x08C0	0x6ED9      	MOVWF       FSR2L 
0x08C2	0x0E00      	MOVLW       hi_addr(_rightKeysDeActivation)
0x08C4	0x2184      	ADDWFC      keypadHandler_i_L2+1, 0, 1
0x08C6	0x6EDA      	MOVWF       FSR2H 
0x08C8	0xF000CFDE  	MOVFF       POSTINC2, R0
0x08CC	0x5000      	MOVF        R0, 0 
0x08CE	0x278C      	ADDWF       keypadHandler_deActivationCounter_L2, 1, 1
;alarme.c,373 :: 		for(i = 0; i < nKeyPressed; i++)
0x08D0	0x4B83      	INFSNZ      keypadHandler_i_L2, 1, 1
0x08D2	0x2B84      	INCF        keypadHandler_i_L2+1, 1, 1
;alarme.c,377 :: 		}
0x08D4	0xD7E0      	BRA         L_keypadHandler51
L_keypadHandler52:
;alarme.c,379 :: 		if(activationCounter == 6)
0x08D6	0x518B      	MOVF        keypadHandler_activationCounter_L2, 0, 1
0x08D8	0x0A06      	XORLW       6
0x08DA	0xE102      	BNZ         L_keypadHandler54
;alarme.c,381 :: 		isOn = 1;
0x08DC	0x0E01      	MOVLW       1
0x08DE	0x6E2C      	MOVWF       _isOn 
;alarme.c,382 :: 		}
L_keypadHandler54:
;alarme.c,384 :: 		if(deActivationCounter == 6)
0x08E0	0x518C      	MOVF        keypadHandler_deActivationCounter_L2, 0, 1
0x08E2	0x0A06      	XORLW       6
0x08E4	0xB4D8      	BTFSC       STATUS, 2 
;alarme.c,386 :: 		isOn = 0;
0x08E6	0x6A2C      	CLRF        _isOn 
;alarme.c,387 :: 		}
L_keypadHandler55:
;alarme.c,388 :: 		}
L_keypadHandler50:
;alarme.c,390 :: 		nKeyPressed = nKeyPressed == 6 ? 0 : nKeyPressed++;
0x08E8	0x501D      	MOVF        _nKeyPressed, 0 
0x08EA	0x0A06      	XORLW       6
0x08EC	0xE102      	BNZ         L_keypadHandler56
0x08EE	0x6A02      	CLRF        R2 
0x08F0	0xD009      	BRA         L_keypadHandler57
L_keypadHandler56:
0x08F2	0xF001C01D  	MOVFF       _nKeyPressed, R1
0x08F6	0x501D      	MOVF        _nKeyPressed, 0 
0x08F8	0x0F01      	ADDLW       1
0x08FA	0x6E00      	MOVWF       R0 
0x08FC	0xF01DC000  	MOVFF       R0, _nKeyPressed
0x0900	0xF002C001  	MOVFF       R1, R2
L_keypadHandler57:
0x0904	0xF01DC002  	MOVFF       R2, _nKeyPressed
;alarme.c,391 :: 		}
L_keypadHandler30:
;alarme.c,392 :: 		}
L_end_keypadHandler:
0x0908	0x0012      	RETURN      0
; end of _keypadHandler
_main:
0x090A	0xF004ECF2  	CALL        2532, 0
;alarme.c,96 :: 		void main()
;alarme.c,99 :: 		ADCON1 = 0x04;
0x090E	0x0E04      	MOVLW       4
0x0910	0x6EC1      	MOVWF       ADCON1 
;alarme.c,102 :: 		Lcd_Init();
0x0912	0xDE1F      	RCALL       _Lcd_Init
;alarme.c,105 :: 		T0CON.T08BIT = 0;       // 16 bits
0x0914	0x9CD5      	BCF         T0CON, 6 
;alarme.c,106 :: 		T0CON.T0CS = 0;         // Internal clock => Crystal/4
0x0916	0x9AD5      	BCF         T0CON, 5 
;alarme.c,107 :: 		T0CON.PSA = 0;          // Prescaler ON
0x0918	0x96D5      	BCF         T0CON, 3 
;alarme.c,109 :: 		T0CON.T0PS2 = 1;
0x091A	0x84D5      	BSF         T0CON, 2 
;alarme.c,110 :: 		T0CON.T0PS1 = 1;
0x091C	0x82D5      	BSF         T0CON, 1 
;alarme.c,111 :: 		T0CON.T0PS0 = 1;
0x091E	0x80D5      	BSF         T0CON, 0 
;alarme.c,113 :: 		TMR0H = COUNTER >> 8;  // Load Timer 0 counter - 1st TMR0H
0x0920	0x0EFF      	MOVLW       255
0x0922	0x6ED7      	MOVWF       TMR0H 
;alarme.c,114 :: 		TMR0L = COUNTER;       // Load Timer 0 counter - 2nd TMR0L
0x0924	0x0E37      	MOVLW       55
0x0926	0x6ED6      	MOVWF       TMR0L 
;alarme.c,117 :: 		INTCON2.TMR0IP=0;
0x0928	0x94F1      	BCF         INTCON2, 2 
;alarme.c,118 :: 		INTCON.TMR0IF=0;
0x092A	0x94F2      	BCF         INTCON, 2 
;alarme.c,119 :: 		INTCON.TMR0IE=1;
0x092C	0x8AF2      	BSF         INTCON, 5 
;alarme.c,120 :: 		INTCON.GIE=1;
0x092E	0x8EF2      	BSF         INTCON, 7 
;alarme.c,122 :: 		T0CON.TMR0ON=1;
0x0930	0x8ED5      	BSF         T0CON, 7 
;alarme.c,125 :: 		INTCON3.INT1IP = 1;
0x0932	0x8CF0      	BSF         INTCON3, 6 
;alarme.c,126 :: 		INTCON3.INT1IE = 1;
0x0934	0x86F0      	BSF         INTCON3, 3 
;alarme.c,127 :: 		INTCON3.INT1IF = 0;
0x0936	0x90F0      	BCF         INTCON3, 0 
;alarme.c,130 :: 		TRISB.RB1 = 1;
0x0938	0x8293      	BSF         TRISB, 1 
;alarme.c,134 :: 		TRISC.RC4 = 1;
0x093A	0x8894      	BSF         TRISC, 4 
;alarme.c,135 :: 		TRISC.RC5 = 1;
0x093C	0x8A94      	BSF         TRISC, 5 
;alarme.c,136 :: 		TRISC.RC6 = 1;
0x093E	0x8C94      	BSF         TRISC, 6 
;alarme.c,137 :: 		TRISC.RC7 = 1;
0x0940	0x8E94      	BSF         TRISC, 7 
;alarme.c,139 :: 		TRISA.RA0 = 1;
0x0942	0x8092      	BSF         TRISA, 0 
;alarme.c,140 :: 		TRISA.RA1 = 1;
0x0944	0x8292      	BSF         TRISA, 1 
;alarme.c,144 :: 		TRISB.RB4 = 0;
0x0946	0x9893      	BCF         TRISB, 4 
;alarme.c,145 :: 		TRISB.RB5 = 0;
0x0948	0x9A93      	BCF         TRISB, 5 
;alarme.c,146 :: 		TRISB.RB6 = 0;
0x094A	0x9C93      	BCF         TRISB, 6 
;alarme.c,147 :: 		TRISB.RB7 = 0;
0x094C	0x9E93      	BCF         TRISB, 7 
;alarme.c,149 :: 		PORTB.RB4 = 0;
0x094E	0x9881      	BCF         PORTB, 4 
;alarme.c,150 :: 		PORTB.RB5 = 0;
0x0950	0x9A81      	BCF         PORTB, 5 
;alarme.c,151 :: 		PORTB.RB6 = 0;
0x0952	0x9C81      	BCF         PORTB, 6 
;alarme.c,152 :: 		PORTB.RB7 = 0;
0x0954	0x9E81      	BCF         PORTB, 7 
;alarme.c,156 :: 		TRISA.RA2 = 1;
0x0956	0x8492      	BSF         TRISA, 2 
;alarme.c,157 :: 		TRISA.RA3 = 1;
0x0958	0x8692      	BSF         TRISA, 3 
;alarme.c,158 :: 		TRISA.RA5 = 1;
0x095A	0x8A92      	BSF         TRISA, 5 
;alarme.c,159 :: 		TRISB.RB3 = 1;
0x095C	0x8693      	BSF         TRISB, 3 
;alarme.c,162 :: 		TRISC.RC0 = 0;
0x095E	0x9094      	BCF         TRISC, 0 
;alarme.c,163 :: 		TRISC.RC1 = 0;
0x0960	0x9294      	BCF         TRISC, 1 
;alarme.c,164 :: 		TRISC.RC2 = 0;
0x0962	0x9494      	BCF         TRISC, 2 
;alarme.c,165 :: 		TRISC.RC3 = 0;
0x0964	0x9694      	BCF         TRISC, 3 
;alarme.c,167 :: 		PORTC.RC0 = 0;
0x0966	0x9082      	BCF         PORTC, 0 
;alarme.c,168 :: 		PORTC.RC1 = 0;
0x0968	0x9282      	BCF         PORTC, 1 
;alarme.c,169 :: 		PORTC.RC2 = 0;
0x096A	0x9482      	BCF         PORTC, 2 
;alarme.c,170 :: 		PORTC.RC3 = 0;
0x096C	0x9682      	BCF         PORTC, 3 
;alarme.c,171 :: 		}
L_end_main:
0x096E	0xD7FF      	BRA         $+0
; end of _main
0x09E4	0xF01DEE10  	LFSR        1, 29
0x09E8	0x0E65      	MOVLW       101
0x09EA	0x6E00      	MOVWF       R0 
0x09EC	0x0E01      	MOVLW       1
0x09EE	0x6E01      	MOVWF       R1 
0x09F0	0x0E70      	MOVLW       112
0x09F2	0x6EF6      	MOVWF       4086 
0x09F4	0x0E09      	MOVLW       9
0x09F6	0x6EF7      	MOVWF       TBLPTRH 
0x09F8	0x0E00      	MOVLW       0
0x09FA	0x6EF8      	MOVWF       TBLPTRU 
0x09FC	0xF002ECA1  	CALL        1346, 0
0x0A00	0x0012      	RETURN      0
;alarme.c,0 :: ?ICS_nKeyPressed
0x0970	0x00 ;?ICS_nKeyPressed+0
; end of ?ICS_nKeyPressed
;alarme.c,0 :: ?ICS_rightKeysActivation
0x0971	0x0000 ;?ICS_rightKeysActivation+0
0x0973	0x0000 ;?ICS_rightKeysActivation+2
0x0975	0x0000 ;?ICS_rightKeysActivation+4
; end of ?ICS_rightKeysActivation
;alarme.c,0 :: ?ICS_rightKeysDeActivation
0x0977	0x0000 ;?ICS_rightKeysDeActivation+0
0x0979	0x0000 ;?ICS_rightKeysDeActivation+2
0x097B	0x0000 ;?ICS_rightKeysDeActivation+4
; end of ?ICS_rightKeysDeActivation
;alarme.c,0 :: ?ICS_canTypeAgain
0x097D	0x0000 ;?ICS_canTypeAgain+0
; end of ?ICS_canTypeAgain
;alarme.c,0 :: ?ICS_isOn
0x097F	0x00 ;?ICS_isOn+0
; end of ?ICS_isOn
;alarme.c,0 :: ?ICS_columnCode
0x0980	0x00 ;?ICS_columnCode+0
; end of ?ICS_columnCode
;alarme.c,0 :: ?ICS_edge
0x0981	0x01 ;?ICS_edge+0
; end of ?ICS_edge
;alarme.c,0 :: ?ICS?lstr9_alarme
0x0982	0x696F ;?ICS?lstr9_alarme+0
0x0984	0x00 ;?ICS?lstr9_alarme+2
; end of ?ICS?lstr9_alarme
;alarme.c,0 :: ?ICS_lastText
0x0985	0x0000 ;?ICS_lastText+0
0x0987	0x0000 ;?ICS_lastText+2
0x0989	0x0000 ;?ICS_lastText+4
0x098B	0x0000 ;?ICS_lastText+6
0x098D	0x0000 ;?ICS_lastText+8
0x098F	0x0000 ;?ICS_lastText+10
0x0991	0x0000 ;?ICS_lastText+12
0x0993	0x0000 ;?ICS_lastText+14
0x0995	0x0000 ;?ICS_lastText+16
0x0997	0x0000 ;?ICS_lastText+18
0x0999	0x0000 ;?ICS_lastText+20
0x099B	0x0000 ;?ICS_lastText+22
0x099D	0x0000 ;?ICS_lastText+24
0x099F	0x0000 ;?ICS_lastText+26
0x09A1	0x0000 ;?ICS_lastText+28
0x09A3	0x0000 ;?ICS_lastText+30
0x09A5	0x0000 ;?ICS_lastText+32
0x09A7	0x0000 ;?ICS_lastText+34
0x09A9	0x0000 ;?ICS_lastText+36
0x09AB	0x0000 ;?ICS_lastText+38
0x09AD	0x0000 ;?ICS_lastText+40
0x09AF	0x0000 ;?ICS_lastText+42
0x09B1	0x0000 ;?ICS_lastText+44
0x09B3	0x0000 ;?ICS_lastText+46
0x09B5	0x0000 ;?ICS_lastText+48
0x09B7	0x0000 ;?ICS_lastText+50
0x09B9	0x0000 ;?ICS_lastText+52
0x09BB	0x0000 ;?ICS_lastText+54
0x09BD	0x0000 ;?ICS_lastText+56
0x09BF	0x0000 ;?ICS_lastText+58
0x09C1	0x0000 ;?ICS_lastText+60
0x09C3	0x0000 ;?ICS_lastText+62
0x09C5	0x0000 ;?ICS_lastText+64
0x09C7	0x0000 ;?ICS_lastText+66
0x09C9	0x0000 ;?ICS_lastText+68
0x09CB	0x0000 ;?ICS_lastText+70
0x09CD	0x0000 ;?ICS_lastText+72
0x09CF	0x0000 ;?ICS_lastText+74
0x09D1	0x0000 ;?ICS_lastText+76
0x09D3	0x0000 ;?ICS_lastText+78
; end of ?ICS_lastText
;alarme.c,36 :: _deActivationCode
0x09D5	0x312B ;_deActivationCode+0
0x09D7	0x3338 ;_deActivationCode+2
0x09D9	0x2B30 ;_deActivationCode+4
0x09DB	0x00 ;_deActivationCode+6
; end of _deActivationCode
;alarme.c,35 :: _activationCode
0x09DC	0x322A ;_activationCode+0
0x09DE	0x3230 ;_activationCode+2
0x09E0	0x2A35 ;_activationCode+4
0x09E2	0x00 ;_activationCode+6
; end of _activationCode
Symbol List:
//** Routines locations **
//ADDRESS    SIZE    PROCEDURE
//----------------------------------------------
0x0008      [78]    _interrupt
0x0056      [22]    _Delay_5500us
0x006C       [6]    _Delay_1us
0x0072      [10]    _Delay_50us
0x007C      [54]    _Div_16x16_U
0x00B2     [126]    _Lcd_Cmd
0x0130     [146]    _WordToStr
0x01C2      [14]    _Lcd_Chr_CP
0x01D0     [126]    _Lcd_Out
0x024E     [538]    _keyHandler
0x0468     [218]    _IntToStr
0x0542      [16]    ___CC2DW
0x0552     [152]    _Lcd_Init
0x05EA     [800]    _keypadHandler
0x090A     [102]    _main
//** Variables locations ** 
//ADDRESS    SIZE    VARIABLE
//----------------------------------------------
0x0000       [1]    R0
0x0000       [1]    UART1_Init_tmp_L0
0x0000       [1]    FLASH_Erase_64_SaveINTCON_L0
0x0000       [1]    EEPROM_Write_SaveINTCON_L0
0x0000       [1]    __Lib_SoftI2C_PutZerosToLATScl_temp_scl_L0
0x0000       [1]    SPI1_Write_tmp_L0
0x0000       [1]    __Lib_SoftI2C_PutZerosToLATSda_temp_sda_L0
0x0001       [1]    I2C1_Rd_tmp_L0
0x0001       [1]    FLASH_Write_8_i_L0
0x0001       [1]    R1
0x0001       [1]    UART1_Read___tmp_UART1_Read_L0
0x0001       [2]    FLASH_Read_N_Bytes_i_L0
0x0001       [1]    FLASH_Erase_Write_64_i_L0
0x0001       [1]    ispunct_rslt_L0
0x0001       [1]    __Lib_TFT_JPEG_FileRead_i_L0
0x0001       [1]    __Lib_TFT_16bit_JPEG_FileReadBytes_Result_L0
0x0001       [1]    __Lib_TFT_16bit_JPEG_FileRead_i_L0
0x0001       [1]    __Lib_PS2_Wait_Falling_nsample_L0
0x0001       [1]    __Lib_TFT_JPEG_FileReadBytes_Result_L0
0x0002       [2]    memset_pp_L0
0x0002       [1]    R2
0x0002       [1]    FLASH_Write_8_SaveINTCON_L0
0x0002       [2]    strlen_cp_L0
0x0002       [2]    memchr_s_L0
0x0002       [1]    FLASH_Erase_Write_64_j_L0
0x0002       [2]    memcpy_dd_L0
0x0003       [2]    MM_TotalFreeMemSize_Tot_L0
0x0003       [1]    MM_Init_i_L0
0x0003       [2]    memmove_tt_L0
0x0003       [2]    __Lib_MmcFat16_f16_toInt_l_L0
0x0003       [1]    FLASH_Erase_Write_64_SaveINTCON_L0
0x0003       [1]    R3
0x0003       [2]    Ltrim_original_L0
0x0004       [2]    strncpy_cp_L0
0x0004       [2]    memcpy_ss_L0
0x0004       [1]    R4
0x0004       [2]    __Lib_MemManager_MM_GetMemAlign_P_L0
0x0004       [2]    frexp_pom_L0
0x0004       [2]    strncat_cp_L0
0x0004       [2]    strcpy_cp_L0
0x0004       [2]    strcat_cp_L0
0x0005       [2]    Ltrim_p_L0
0x0005       [1]    R5
0x0005       [1]    MM_TotalFreeMemSize_i_L0
0x0005       [2]    LongIntToHex_input_half_L0
0x0005       [2]    memmove_ff_L0
0x0005       [2]    LongWordToHex_input_half_L0
0x0006       [1]    __Lib_MemManager_MM_GetMemAlign_i_L0
0x0006       [1]    R6
0x0007       [1]    __Lib_TFT_JPEG_GenerateHuffmanTables_bLength_L0
0x0007       [1]    __Lib_TFT_16bit_JPEG_GenerateHuffmanTables_bLength_L0
0x0007       [1]    R7
0x0008       [1]    __Lib_TFT_JPEG_GenerateHuffmanTables_bTable_L0
0x0008       [1]    __Lib_TFT_16bit_JPEG_GenerateHuffmanTables_bTable_L0
0x0008       [1]    R8
0x0009       [4]    __Lib_MmcFat16_f16_toLong_l_L0
0x0009       [1]    R9
0x000A       [1]    R10
0x000B       [1]    R11
0x000C       [1]    R12
0x000D       [1]    R13
0x000E       [1]    R14
0x000F       [1]    R15
0x0010       [1]    R16
0x0011       [1]    R17
0x0012       [1]    R18
0x0013       [1]    R19
0x0014       [1]    R20
0x001D       [1]    _nKeyPressed
0x001E       [6]    _rightKeysActivation
0x0024       [6]    _rightKeysDeActivation
0x002A       [2]    _canTypeAgain
0x002C       [1]    _isOn
0x002D       [1]    _columnCode
0x002E       [1]    _edge
0x002F       [3]    ?lstr9_alarme
0x0032      [80]    _lastText
0x0082       [0]    __Lib_Lcd_cmd_status
0x0083       [2]    keypadHandler_i_L2
0x0085       [1]    keypadHandler_i_L0
0x0086       [1]    keypadHandler_type_L0
0x0087       [2]    keypadHandler_result_L0
0x0089       [2]    keypadHandler_keyPressed_L0
0x008B       [1]    keypadHandler_activationCounter_L2
0x008C       [1]    keypadHandler_deActivationCounter_L2
0x008D       [2]    keypadHandler_rowCode_L0
0x008F       [2]    FARG_IntToStr_input
0x008F       [1]    FARG_Lcd_Out_row
0x008F       [2]    FARG_keyHandler_key
0x0090       [1]    FARG_Lcd_Out_column
0x0091       [2]    FARG_Lcd_Out_text
0x0091       [2]    FARG_keyHandler_type
0x0091       [2]    FARG_IntToStr_output
0x0093       [1]    Lcd_Out_i_L0
0x0093       [2]    IntToStr_i_L0
0x0093       [2]    keyHandler_result_L0
0x0095       [2]    IntToStr_negative_L0
0x0097       [2]    IntToStr_inword_L0
0x0099       [2]    FARG_WordToStr_input
0x0099       [1]    FARG_Lcd_Chr_CP_out_char
0x009B       [2]    FARG_WordToStr_output
0x009D       [1]    WordToStr_len_L0
0x009E       [2]    FLOC__WordToStr
0x00A0       [1]    FARG_Lcd_Cmd_out_char
0x0F80       [1]    PORTA
0x0F81       [1]    PORTB
0x0F82       [1]    PORTC
0x0F83       [0]    RD7_bit
0x0F83       [0]    RD6_bit
0x0F83       [0]    RD5_bit
0x0F83       [0]    RD4_bit
0x0F83       [0]    LCD_D7
0x0F83       [0]    LCD_D4
0x0F83       [0]    LCD_D5
0x0F83       [0]    LCD_D6
0x0F84       [0]    LCD_EN
0x0F84       [0]    LCD_RS
0x0F84       [0]    RE2_bit
0x0F84       [0]    RE1_bit
0x0F92       [1]    TRISA
0x0F93       [1]    TRISB
0x0F94       [1]    TRISC
0x0F95       [0]    TRISD4_bit
0x0F95       [0]    TRISD5_bit
0x0F95       [0]    LCD_D5_Direction
0x0F95       [0]    LCD_D4_Direction
0x0F95       [0]    TRISD7_bit
0x0F95       [0]    TRISD6_bit
0x0F95       [0]    LCD_D6_Direction
0x0F95       [0]    LCD_D7_Direction
0x0F96       [0]    TRISE1_bit
0x0F96       [0]    LCD_EN_Direction
0x0F96       [0]    LCD_RS_Direction
0x0F96       [0]    TRISE2_bit
0x0FC1       [1]    ADCON1
0x0FD5       [1]    T0CON
0x0FD6       [1]    TMR0L
0x0FD7       [1]    TMR0H
0x0FD8       [1]    STATUS
0x0FD9       [1]    FSR2L
0x0FDA       [1]    FSR2H
0x0FDE       [1]    POSTINC2
0x0FE0       [1]    BSR
0x0FE1       [1]    FSR1L
0x0FE2       [1]    FSR1H
0x0FE4       [1]    PREINC1
0x0FE6       [1]    POSTINC1
0x0FE7       [1]    INDF1
0x0FE8       [1]    WREG
0x0FE9       [1]    FSR0L
0x0FEA       [1]    FSR0H
0x0FEE       [1]    POSTINC0
0x0FF0       [1]    INTCON3
0x0FF1       [1]    INTCON2
0x0FF2       [1]    INTCON
0x0FF3       [1]    PRODL
0x0FF4       [1]    PRODH
0x0FF5       [1]    TABLAT
0x0FF6       [1]    TBLPTRL
0x0FF7       [1]    TBLPTRH
0x0FF8       [1]    TBLPTRU
//** Constants locations ** 
//ADDRESS    SIZE    CONSTANT
//----------------------------------------------
0x0970       [1]    ?ICS_nKeyPressed
0x0971       [6]    ?ICS_rightKeysActivation
0x0977       [6]    ?ICS_rightKeysDeActivation
0x097D       [2]    ?ICS_canTypeAgain
0x097F       [1]    ?ICS_isOn
0x0980       [1]    ?ICS_columnCode
0x0981       [1]    ?ICS_edge
0x0982       [3]    ?ICS?lstr9_alarme
0x0985      [80]    ?ICS_lastText
0x09D5       [7]    _deActivationCode
0x09DC       [7]    _activationCode
//** Label List: ** 
//----------------------------------------------
  L_interrupt0
  L_interrupt1
  L_alarm2
  L_alarm3
  L_alarm4
  L_alarm5
  L_alarm6
  L_alarm7
  L_alarm8
  L_alarm9
  L_alarm10
  L_alarm11
  L_alarm12
  L_alarm13
  L_alarm14
  L_alarm15
  L_alarm16
  L_alarm17
  L_alarm18
  L_alarm19
  L_alarm20
  L_keypadHandler21
  L_keypadHandler22
  L_keypadHandler23
  L_keypadHandler24
  L_keypadHandler25
  L_keypadHandler26
  L_keypadHandler27
  L_keypadHandler28
  L_keypadHandler29
  L_keypadHandler30
  L_keypadHandler31
  L_keypadHandler32
  L_keypadHandler33
  L_keypadHandler34
  L_keypadHandler35
  L_keypadHandler36
  L_keypadHandler37
  L_keypadHandler38
  L_keypadHandler39
  L_keypadHandler40
  L_keypadHandler41
  L_keypadHandler42
  L_keypadHandler43
  L_keypadHandler44
  L_keypadHandler45
  L_keypadHandler46
  L_keypadHandler47
  L_keypadHandler48
  L_keypadHandler49
  L_keypadHandler50
  L_keypadHandler51
  L_keypadHandler52
  L_keypadHandler53
  L_keypadHandler54
  L_keypadHandler55
  L_keypadHandler56
  L_keypadHandler57
  L_keyHandler58
  L_keyHandler59
  L_keyHandler60
  L_keyHandler61
  L_keyHandler62
  L_keyHandler63
  L_keyHandler64
  L_keyHandler65
  L_keyHandler66
  L_keyHandler67
  L_keyHandler68
  L_keyHandler69
  L_keyHandler70
  L_keyHandler71
  L_keyHandler72
  L_keyHandler73
  L_keyHandler74
  L_keyHandler75
  L__keypadHandler76
  L_end_interrupt
  _interrupt
  L__interrupt78
  L_end_main
  _main
  L_end_alarm
  _alarm
  L__alarm81
  L__alarm82
  L__alarm83
  L__alarm84
  L__alarm85
  L__alarm86
  L__alarm87
  L__alarm88
  L__alarm89
  L_end_keypadHandler
  _keypadHandler
  L__keypadHandler91
  L__keypadHandler92
  L__keypadHandler93
  L__keypadHandler94
  L__keypadHandler95
  L__keypadHandler96
  L__keypadHandler97
  L__keypadHandler98
  L__keypadHandler99
  L__keypadHandler100
  L__keypadHandler101
  L__keypadHandler102
  L__keypadHandler103
  L__keypadHandler104
  L__keypadHandler105
  L__keypadHandler106
  L__keypadHandler107
  L_end_keyHandler
  _keyHandler
  L__keyHandler109
  L__keyHandler110
  L__keyHandler111
  L__keyHandler112
  L__keyHandler113
  L__keyHandler114
  L__keyHandler115
  L__keyHandler116
  L__keyHandler117
  L__keyHandler118
  L__keyHandler119
  L__keyHandler120
  L__keyHandler121
  L__keyHandler122
  L__keyHandler123
  L__keyHandler124
  L_Delay_10us0
  L_Delay_22us1
  L_Delay_50us2
  L_Delay_80us3
  L_Delay_500us4
  L_Delay_5500us5
  L_Delay_1ms6
  L_Delay_5ms7
  L_Delay_8ms8
  L_Delay_100ms9
  L_Delay_10ms10
  L_Delay_1sec11
  L____Boot_Delay4k12
  L____Boot_Delay8k13
  L____Boot_Delay12k14
  L____Boot_Delay16k15
  L____Boot_Delay24k16
  L____Boot_Delay32k17
  L____Boot_Delay48k18
  L____Boot_Delay64k19
  L____Boot_Delay128k20
  L_Delay_Cyc21
  L_Delay_Cyc22
  L_VDelay_ms23
  L_VDelay_ms24
  L_VDelay_ms25
  L_VDelay_Advanced_ms26
  L_VDelay_Advanced_ms27
  L_VDelay_Advanced_ms28
  L_end_Get_Fosc_kHz
  _Get_Fosc_kHz
  L_end_Delay_1us
  _Delay_1us
  L_end_Delay_10us
  _Delay_10us
  L_end_Delay_22us
  _Delay_22us
  L_end_Delay_50us
  _Delay_50us
  L_end_Delay_80us
  _Delay_80us
  L_end_Delay_500us
  _Delay_500us
  L_end_Delay_5500us
  _Delay_5500us
  L_end_Delay_1ms
  _Delay_1ms
  L_end_Delay_5ms
  _Delay_5ms
  L_end_Delay_8ms
  _Delay_8ms
  L_end_Delay_100ms
  _Delay_100ms
  L_end_Delay_10ms
  _Delay_10ms
  L_end_Delay_1sec
  _Delay_1sec
  L_end____Boot_Delay4k
  ____Boot_Delay4k
  L_end____Boot_Delay8k
  ____Boot_Delay8k
  L_end____Boot_Delay12k
  ____Boot_Delay12k
  L_end____Boot_Delay16k
  ____Boot_Delay16k
  L_end____Boot_Delay24k
  ____Boot_Delay24k
  L_end____Boot_Delay32k
  ____Boot_Delay32k
  L_end____Boot_Delay48k
  ____Boot_Delay48k
  L_end____Boot_Delay64k
  ____Boot_Delay64k
  L_end____Boot_Delay128k
  ____Boot_Delay128k
  L_end_Delay_Cyc
  _Delay_Cyc
  L_end_VDelay_ms
  _VDelay_ms
  L__VDelay_ms54
  L__VDelay_ms55
  L__VDelay_ms56
  L_end_VDelay_Advanced_ms
  _VDelay_Advanced_ms
  L__VDelay_Advanced_ms58
  L__VDelay_Advanced_ms59
  L__VDelay_Advanced_ms60
  L_Lcd_Cmd0
  L_Lcd_Cmd1
  L_Lcd_Out_CP2
  L_Lcd_Out_CP3
  L_Lcd_Chr4
  L_Lcd_Chr5
  L_Lcd_Chr6
  L_Lcd_Chr7
  L_Lcd_Chr8
  L_Lcd_Chr9
  L_Lcd_Chr10
  L_Lcd_Out11
  L_Lcd_Out12
  L_Lcd_Out13
  L_Lcd_Out14
  L_Lcd_Out15
  L_Lcd_Out16
  L_Lcd_Out17
  L_Lcd_Out18
  L_Lcd_Out19
  L_end_Lcd_Cmd
  _Lcd_Cmd
  L__Lcd_Cmd21
  L__Lcd_Cmd22
  L__Lcd_Cmd23
  L__Lcd_Cmd24
  L__Lcd_Cmd25
  L__Lcd_Cmd26
  L__Lcd_Cmd27
  L__Lcd_Cmd28
  L__Lcd_Cmd29
  L__Lcd_Cmd30
  L__Lcd_Cmd31
  L__Lcd_Cmd32
  L__Lcd_Cmd33
  L__Lcd_Cmd34
  L__Lcd_Cmd35
  L__Lcd_Cmd36
  L__Lcd_Cmd37
  L__Lcd_Cmd38
  L__Lcd_Cmd39
  L__Lcd_Cmd40
  L_end_Lcd_Chr_CP
  _Lcd_Chr_CP
  L_end_Lcd_Out_CP
  _Lcd_Out_CP
  L_end_Lcd_Chr
  _Lcd_Chr
  L_end_Lcd_Init
  _Lcd_Init
  L_end_Lcd_Out
  _Lcd_Out
  _CC2D_Loop1
  _CC2DL_Loop1
  L_loopCA2AWs
  L_loopCCA2AWs
  L_loopCS2Ss
  L_CS2Send
  L_loopCCS2Ss
  L_CCS2Send
  L_loopFZinSWs
  L_longjmp7
  L_end___CC2D
  ___CC2D
  L_end___CC2DW
  ___CC2DW
  L_end___CA2AW
  ___CA2AW
  L_end___CCA2AW
  ___CCA2AW
  L_end___CS2S
  ___CS2S
  L_end___CCS2S
  ___CCS2S
  L_end___FZinS
  ___FZinS
  L_end_____DoIFC
  _____DoIFC
  L_end_Swap
  _Swap
  L_end_setjmp
  _setjmp
  L_end_longjmp
  _longjmp
  L_interrupt0
  L_interrupt1
  L_alarm2
  L_alarm3
  L_alarm4
  L_alarm5
  L_alarm6
  L_alarm7
  L_alarm8
  L_alarm9
  L_alarm10
  L_alarm11
  L_alarm12
  L_alarm13
  L_alarm14
  L_alarm15
  L_alarm16
  L_alarm17
  L_alarm18
  L_alarm19
  L_alarm20
  L_keypadHandler21
  L_keypadHandler22
  L_keypadHandler23
  L_keypadHandler24
  L_keypadHandler25
  L_keypadHandler26
  L_keypadHandler27
  L_keypadHandler28
  L_keypadHandler29
  L_keypadHandler30
  L_keypadHandler31
  L_keypadHandler32
  L_keypadHandler33
  L_keypadHandler34
  L_keypadHandler35
  L_keypadHandler36
  L_keypadHandler37
  L_keypadHandler38
  L_keypadHandler39
  L_keypadHandler40
  L_keypadHandler41
  L_keypadHandler42
  L_keypadHandler43
  L_keypadHandler44
  L_keypadHandler45
  L_keypadHandler46
  L_keypadHandler47
  L_keypadHandler48
  L_keypadHandler49
  L_keypadHandler50
  L_keypadHandler51
  L_keypadHandler52
  L_keypadHandler53
  L_keypadHandler54
  L_keypadHandler55
  L_keypadHandler56
  L_keypadHandler57
  L_keyHandler58
  L_keyHandler59
  L_keyHandler60
  L_keyHandler61
  L_keyHandler62
  L_keyHandler63
  L_keyHandler64
  L_keyHandler65
  L_keyHandler66
  L_keyHandler67
  L_keyHandler68
  L_keyHandler69
  L_keyHandler70
  L_keyHandler71
  L_keyHandler72
  L_keyHandler73
  L_keyHandler74
  L_keyHandler75
  L__keypadHandler76
  L_end_interrupt
  _interrupt
  L__interrupt78
  L_end_main
  _main
  L_end_alarm
  _alarm
  L__alarm81
  L__alarm82
  L__alarm83
  L__alarm84
  L__alarm85
  L__alarm86
  L__alarm87
  L__alarm88
  L__alarm89
  L_end_keypadHandler
  _keypadHandler
  L__keypadHandler91
  L__keypadHandler92
  L__keypadHandler93
  L__keypadHandler94
  L__keypadHandler95
  L__keypadHandler96
  L__keypadHandler97
  L__keypadHandler98
  L__keypadHandler99
  L__keypadHandler100
  L__keypadHandler101
  L__keypadHandler102
  L__keypadHandler103
  L__keypadHandler104
  L__keypadHandler105
  L__keypadHandler106
  L__keypadHandler107
  L_end_keyHandler
  _keyHandler
  L__keyHandler109
  L__keyHandler110
  L__keyHandler111
  L__keyHandler112
  L__keyHandler113
  L__keyHandler114
  L__keyHandler115
  L__keyHandler116
  L__keyHandler117
  L__keyHandler118
  L__keyHandler119
  L__keyHandler120
  L__keyHandler121
  L__keyHandler122
  L__keyHandler123
  L__keyHandler124
  L_ByteToStr0
  L_ByteToStr1
  L_ByteToStr2
  L_ByteToStr3
  L_ByteToStr4
  L_ByteToStr5
  L_WordToStr6
  L_WordToStr7
  L_WordToStr8
  L_WordToStr9
  L_WordToStr10
  L_WordToStr11
  L_WordToStrWithZeros12
  L_WordToStrWithZeros13
  L_WordToStrWithZeros14
  L_WordToStrWithZeros15
  L_WordToStrWithZeros16
  L_ShortToStr17
  L_ShortToStr18
  L_ShortToStr19
  L_ShortToStr20
  L_ShortToStr21
  L_ShortToStr22
  L_IntToStr23
  L_IntToStr24
  L_IntToStr25
  L_IntToStr26
  L_IntToStr27
  L_IntToStr28
  L_IntToStrWithZeros29
  L_IntToStrWithZeros30
  L_IntToStrWithZeros31
  L_IntToStrWithZeros32
  L_IntToStrWithZeros33
  L_IntToStrWithZeros34
  L_IntToStrWithZeros35
  L_IntToStrWithZeros36
  L_IntToStrWithZeros37
  L_LongWordToStr38
  L_LongWordToStr39
  L_LongWordToStr40
  L_LongWordToStr41
  L_LongWordToStr42
  L_LongWordToStr43
  L_LongWordToStrWithZeros44
  L_LongWordToStrWithZeros45
  L_LongWordToStrWithZeros46
  L_LongWordToStrWithZeros47
  L_LongWordToStrWithZeros48
  L_LongToStr49
  L_LongToStr50
  L_LongToStr51
  L_LongToStr52
  L_LongToStr53
  L_LongToStr54
  L_LongIntToStrWithZeros55
  L_LongIntToStrWithZeros56
  L_LongIntToStrWithZeros57
  L_LongIntToStrWithZeros58
  L_LongIntToStrWithZeros59
  L_LongIntToStrWithZeros60
  L_LongIntToStrWithZeros61
  L_LongIntToStrWithZeros62
  L_LongIntToStrWithZeros63
  L_Dec2Bcd64
  L_Dec2Bcd65
  L_Rtrim66
  L_Rtrim67
  L_Rtrim68
  L_Rtrim69
  L_Ltrim70
  L_Ltrim71
  L_Ltrim72
  L_Ltrim73
  L_Ltrim74
  L_Ltrim75
  L_FloatToStr76
  L_FloatToStr77
  L_FloatToStr78
  L_FloatToStr79
  L_FloatToStr80
  L_FloatToStr81
  L_FloatToStr82
  L_FloatToStr83
  L_FloatToStr84
  L_FloatToStr85
  L_FloatToStr86
  L_FloatToStr87
  L_FloatToStr88
  L_FloatToStr89
  L_FloatToStr90
  L_FloatToStr91
  L_FloatToStr92
  L_FloatToStr93
  L_FloatToStr94
  L_FloatToStr95
  L_FloatToStr96
  L_FloatToStr97
  L__Rtrim98
  L__Ltrim99
  L__FloatToStr100
  L_end_ByteToHex
  _ByteToHex
  L_end_ShortToHex
  _ShortToHex
  L_end_WordToHex
  _WordToHex
  L_end_IntToHex
  _IntToHex
  L_end_LongWordToHex
  _LongWordToHex
  L_end_LongIntToHex
  _LongIntToHex
  L_end_ByteToStr
  _ByteToStr
  L_end_WordToStr
  _WordToStr
  L__WordToStr109
  L_end_WordToStrWithZeros
  _WordToStrWithZeros
  L__WordToStrWithZeros111
  L_end_ShortToStr
  _ShortToStr
  L__ShortToStr113
  L_end_IntToStr
  _IntToStr
  L__IntToStr115
  L__IntToStr116
  L_end_IntToStrWithZeros
  _IntToStrWithZeros
  L__IntToStrWithZeros118
  L__IntToStrWithZeros119
  L__IntToStrWithZeros120
  L_end_LongWordToStr
  _LongWordToStr
  L__LongWordToStr122
  L__LongWordToStr123
  L_end_LongWordToStrWithZeros
  _LongWordToStrWithZeros
  L__LongWordToStrWithZeros125
  L_end_LongToStr
  _LongToStr
  L__LongToStr127
  L__LongToStr128
  L_end_LongIntToStrWithZeros
  _LongIntToStrWithZeros
  L__LongIntToStrWithZeros130
  L__LongIntToStrWithZeros131
  L__LongIntToStrWithZeros132
  L_end_Dec2Bcd
  _Dec2Bcd
  L_end_Bcd2Dec
  _Bcd2Dec
  L_end_Bcd2Dec16
  _Bcd2Dec16
  L__Bcd2Dec16136
  L__Bcd2Dec16137
  L_end_Dec2Bcd16
  _Dec2Bcd16
  L__Dec2Bcd16139
  L__Dec2Bcd16140
  L_end_Rtrim
  _Rtrim
  L__Rtrim142
  L_end_Ltrim
  _Ltrim
  L_end_FloatToStr
  _FloatToStr
  L__FloatToStr145
  L__FloatToStr146
  L__FloatToStr147
  L__FloatToStr148
  L__FloatToStr149
  L_Delay_10us0
  L_Delay_22us1
  L_Delay_50us2
  L_Delay_80us3
  L_Delay_500us4
  L_Delay_5500us5
  L_Delay_1ms6
  L_Delay_5ms7
  L_Delay_8ms8
  L_Delay_100ms9
  L_Delay_10ms10
  L_Delay_1sec11
  L____Boot_Delay4k12
  L____Boot_Delay8k13
  L____Boot_Delay12k14
  L____Boot_Delay16k15
  L____Boot_Delay24k16
  L____Boot_Delay32k17
  L____Boot_Delay48k18
  L____Boot_Delay64k19
  L____Boot_Delay128k20
  L_Delay_Cyc21
  L_Delay_Cyc22
  L_VDelay_ms23
  L_VDelay_ms24
  L_VDelay_ms25
  L_VDelay_Advanced_ms26
  L_VDelay_Advanced_ms27
  L_VDelay_Advanced_ms28
  L_end_Get_Fosc_kHz
  _Get_Fosc_kHz
  L_end_Delay_1us
  _Delay_1us
  L_end_Delay_10us
  _Delay_10us
  L_end_Delay_22us
  _Delay_22us
  L_end_Delay_50us
  _Delay_50us
  L_end_Delay_80us
  _Delay_80us
  L_end_Delay_500us
  _Delay_500us
  L_end_Delay_5500us
  _Delay_5500us
  L_end_Delay_1ms
  _Delay_1ms
  L_end_Delay_5ms
  _Delay_5ms
  L_end_Delay_8ms
  _Delay_8ms
  L_end_Delay_100ms
  _Delay_100ms
  L_end_Delay_10ms
  _Delay_10ms
  L_end_Delay_1sec
  _Delay_1sec
  L_end____Boot_Delay4k
  ____Boot_Delay4k
  L_end____Boot_Delay8k
  ____Boot_Delay8k
  L_end____Boot_Delay12k
  ____Boot_Delay12k
  L_end____Boot_Delay16k
  ____Boot_Delay16k
  L_end____Boot_Delay24k
  ____Boot_Delay24k
  L_end____Boot_Delay32k
  ____Boot_Delay32k
  L_end____Boot_Delay48k
  ____Boot_Delay48k
  L_end____Boot_Delay64k
  ____Boot_Delay64k
  L_end____Boot_Delay128k
  ____Boot_Delay128k
  L_end_Delay_Cyc
  _Delay_Cyc
  L_end_VDelay_ms
  _VDelay_ms
  L__VDelay_ms54
  L__VDelay_ms55
  L__VDelay_ms56
  L_end_VDelay_Advanced_ms
  _VDelay_Advanced_ms
  L__VDelay_Advanced_ms58
  L__VDelay_Advanced_ms59
  L__VDelay_Advanced_ms60
  L_Lcd_Cmd0
  L_Lcd_Cmd1
  L_Lcd_Out_CP2
  L_Lcd_Out_CP3
  L_Lcd_Chr4
  L_Lcd_Chr5
  L_Lcd_Chr6
  L_Lcd_Chr7
  L_Lcd_Chr8
  L_Lcd_Chr9
  L_Lcd_Chr10
  L_Lcd_Out11
  L_Lcd_Out12
  L_Lcd_Out13
  L_Lcd_Out14
  L_Lcd_Out15
  L_Lcd_Out16
  L_Lcd_Out17
  L_Lcd_Out18
  L_Lcd_Out19
  L_end_Lcd_Cmd
  _Lcd_Cmd
  L__Lcd_Cmd21
  L__Lcd_Cmd22
  L__Lcd_Cmd23
  L__Lcd_Cmd24
  L__Lcd_Cmd25
  L__Lcd_Cmd26
  L__Lcd_Cmd27
  L__Lcd_Cmd28
  L__Lcd_Cmd29
  L__Lcd_Cmd30
  L__Lcd_Cmd31
  L__Lcd_Cmd32
  L__Lcd_Cmd33
  L__Lcd_Cmd34
  L__Lcd_Cmd35
  L__Lcd_Cmd36
  L__Lcd_Cmd37
  L__Lcd_Cmd38
  L__Lcd_Cmd39
  L__Lcd_Cmd40
  L_end_Lcd_Chr_CP
  _Lcd_Chr_CP
  L_end_Lcd_Out_CP
  _Lcd_Out_CP
  L_end_Lcd_Chr
  _Lcd_Chr
  L_end_Lcd_Init
  _Lcd_Init
  L_end_Lcd_Out
  _Lcd_Out
  L_Div_16x16_S0
  L_Div_16x16_S1
  LOOPS3232A
  SADD22LA
  SOK22LA
  SADD22L8
  SOK22L8
  LOOPS3232B
  SADD22LB
  SOK22LB
  SADD22L16
  SOK22L16
  LOOPS3232C
  SADD22LC
  SOK22LC
  SADD22L24
  SOK22L24
  LOOPS3232D
  SADD22LD
  SOK22LD
  SOK22L
  L_Div_32x32_S6
  L_Div_32x32_S7
  L_Div_32x32_S8
  L_Div_32x32_S9
  FXD3232S
  END_ALL
  CA3232S
  C3232SX
  C3232SX1
  C3232S
  C3232S2
  C3232SX4
  C3232SOK
  C3232SX3
  C3232SX2
  avoid_comfrem
  LOOPU3232A
  UADD22LA
  UOK22LA
  UADD22L8
  UOK22L8
  LOOPU3232B
  UADD22LB
  UOK22LB
  UADD22L16
  UOK22L16
  LOOPU3232C
  UADD22LC
  UOK22LC
  UADD22L24
  UOK22L24
  LOOPU3232D
  UADD22LD
  UOK22LD
  UOK22L
  _NEXT
  _EXIT2
  _LOOP
  _EXIT1
  _IF_FIRST
  _IF_SECOND
  _INVERCE_FIRST
  _MULT
  _INBERSE_SECOND
  _EXIT
  L_end_Div_8x8_U
  _Div_8x8_U
  L_end_Div_16x16_U
  _Div_16x16_U
  L_end_Div_16x16_S_L
  _Div_16x16_S_L
  L_end_Div_16x16_S
  _Div_16x16_S
  L_end_Div_8x8_S
  _Div_8x8_S
  L_end_Mul_8x8_S
  _Mul_8x8_S
  L_end_Mul_16x16_U
  _Mul_16x16_U
  L_end_Mul_16x16_S
  _Mul_16x16_S
  L_end_SDIV3232L
  _SDIV3232L
  L_end_COMFREM
  _COMFREM
  L_end_Div_32x32_S
  _Div_32x32_S
  L_end_Div_32x32_U
  _Div_32x32_U
  L_end_Mul_32x32_U
  _Mul_32x32_U
  L_end_Mul_32x32_S
  _Mul_32x32_S
